[1.334s] Invoking command in '/home/px/arduino_ws/build/arduino_control': PYTHONPATH=/home/px/arduino_ws/build/arduino_control/prefix_override:/home/px/arduino_ws/install/arduino_control/lib/python3.10/site-packages:${PYTHONPATH} /usr/bin/python3 -W ignore:setup.py install is deprecated setup.py develop --editable --build-directory /home/px/arduino_ws/build/arduino_control/build --no-deps symlink_data
[1.941s] running develop
[2.394s] running egg_info
[2.394s] writing arduino_control.egg-info/PKG-INFO
[2.395s] writing dependency_links to arduino_control.egg-info/dependency_links.txt
[2.395s] writing entry points to arduino_control.egg-info/entry_points.txt
[2.396s] writing requirements to arduino_control.egg-info/requires.txt
[2.396s] writing top-level names to arduino_control.egg-info/top_level.txt
[2.400s] reading manifest file 'arduino_control.egg-info/SOURCES.txt'
[2.401s] writing manifest file 'arduino_control.egg-info/SOURCES.txt'
[2.404s] running build_ext
[2.404s] Creating /home/px/arduino_ws/install/arduino_control/lib/python3.10/site-packages/arduino-control.egg-link (link to .)
[2.406s] Installing autonomous_control script to /home/px/arduino_ws/install/arduino_control/lib/arduino_control
[2.406s] Installing find_obstacle script to /home/px/arduino_ws/install/arduino_control/lib/arduino_control
[2.406s] Installing imu script to /home/px/arduino_ws/install/arduino_control/lib/arduino_control
[2.406s] Installing joystick script to /home/px/arduino_ws/install/arduino_control/lib/arduino_control
[2.407s] Installing joystick_control script to /home/px/arduino_ws/install/arduino_control/lib/arduino_control
[2.407s] Installing lidar script to /home/px/arduino_ws/install/arduino_control/lib/arduino_control
[2.407s] Installing locomotion_control script to /home/px/arduino_ws/install/arduino_control/lib/arduino_control
[2.407s] Installing minimal_publisher script to /home/px/arduino_ws/install/arduino_control/lib/arduino_control
[2.407s] Installing obstacle_avoidance script to /home/px/arduino_ws/install/arduino_control/lib/arduino_control
[2.408s] Installing realsense script to /home/px/arduino_ws/install/arduino_control/lib/arduino_control
[2.408s] 
[2.408s] Installed /home/px/arduino_ws/build/arduino_control
[2.408s] running symlink_data
[2.456s] Invoked command in '/home/px/arduino_ws/build/arduino_control' returned '0': PYTHONPATH=/home/px/arduino_ws/build/arduino_control/prefix_override:/home/px/arduino_ws/install/arduino_control/lib/python3.10/site-packages:${PYTHONPATH} /usr/bin/python3 -W ignore:setup.py install is deprecated setup.py develop --editable --build-directory /home/px/arduino_ws/build/arduino_control/build --no-deps symlink_data
