[1.337s] Invoking command in '/home/px/arduino_ws/build/arduino_control': PYTHONPATH=/home/px/arduino_ws/build/arduino_control/prefix_override:/home/px/arduino_ws/install/arduino_control/lib/python3.10/site-packages:${PYTHONPATH} /usr/bin/python3 -W ignore:setup.py install is deprecated setup.py develop --editable --build-directory /home/px/arduino_ws/build/arduino_control/build --no-deps symlink_data
[1.880s] running develop
[2.226s] running egg_info
[2.226s] writing arduino_control.egg-info/PKG-INFO
[2.226s] writing dependency_links to arduino_control.egg-info/dependency_links.txt
[2.227s] writing entry points to arduino_control.egg-info/entry_points.txt
[2.227s] writing requirements to arduino_control.egg-info/requires.txt
[2.227s] writing top-level names to arduino_control.egg-info/top_level.txt
[2.230s] reading manifest file 'arduino_control.egg-info/SOURCES.txt'
[2.231s] writing manifest file 'arduino_control.egg-info/SOURCES.txt'
[2.234s] running build_ext
[2.234s] Creating /home/px/arduino_ws/install/arduino_control/lib/python3.10/site-packages/arduino-control.egg-link (link to .)
[2.235s] Installing autonomous_control script to /home/px/arduino_ws/install/arduino_control/lib/arduino_control
[2.235s] Installing find_obstacle script to /home/px/arduino_ws/install/arduino_control/lib/arduino_control
[2.236s] Installing fruit_harvest script to /home/px/arduino_ws/install/arduino_control/lib/arduino_control
[2.236s] Installing imu script to /home/px/arduino_ws/install/arduino_control/lib/arduino_control
[2.236s] Installing joystick script to /home/px/arduino_ws/install/arduino_control/lib/arduino_control
[2.236s] Installing joystick_control script to /home/px/arduino_ws/install/arduino_control/lib/arduino_control
[2.236s] Installing lidar script to /home/px/arduino_ws/install/arduino_control/lib/arduino_control
[2.236s] Installing locomotion_control script to /home/px/arduino_ws/install/arduino_control/lib/arduino_control
[2.237s] Installing minimal_publisher script to /home/px/arduino_ws/install/arduino_control/lib/arduino_control
[2.237s] Installing obstacle_avoidance script to /home/px/arduino_ws/install/arduino_control/lib/arduino_control
[2.237s] Installing realsense script to /home/px/arduino_ws/install/arduino_control/lib/arduino_control
[2.237s] 
[2.238s] Installed /home/px/arduino_ws/build/arduino_control
[2.238s] running symlink_data
[2.286s] Invoked command in '/home/px/arduino_ws/build/arduino_control' returned '0': PYTHONPATH=/home/px/arduino_ws/build/arduino_control/prefix_override:/home/px/arduino_ws/install/arduino_control/lib/python3.10/site-packages:${PYTHONPATH} /usr/bin/python3 -W ignore:setup.py install is deprecated setup.py develop --editable --build-directory /home/px/arduino_ws/build/arduino_control/build --no-deps symlink_data
