[2.372s] Invoking command in '/home/px/arduino_ws/build/arduino_control': PYTHONPATH=/home/px/arduino_ws/build/arduino_control/prefix_override:/home/px/arduino_ws/install/arduino_control/lib/python3.10/site-packages:${PYTHONPATH} /usr/bin/python3 setup.py develop --editable --build-directory /home/px/arduino_ws/build/arduino_control/build --no-deps install_data
[2.851s] running develop
[3.155s] running egg_info
[3.155s] writing arduino_control.egg-info/PKG-INFO
[3.155s] writing dependency_links to arduino_control.egg-info/dependency_links.txt
[3.155s] writing entry points to arduino_control.egg-info/entry_points.txt
[3.156s] writing requirements to arduino_control.egg-info/requires.txt
[3.156s] writing top-level names to arduino_control.egg-info/top_level.txt
[3.159s] reading manifest file 'arduino_control.egg-info/SOURCES.txt'
[3.160s] writing manifest file 'arduino_control.egg-info/SOURCES.txt'
[3.162s] running build_ext
[3.162s] Creating /home/px/arduino_ws/install/arduino_control/lib/python3.10/site-packages/arduino-control.egg-link (link to .)
[3.163s] Installing joystick script to /home/px/arduino_ws/install/arduino_control/lib/arduino_control
[3.164s] Installing joystick_control script to /home/px/arduino_ws/install/arduino_control/lib/arduino_control
[3.164s] Installing lidar script to /home/px/arduino_ws/install/arduino_control/lib/arduino_control
[3.164s] Installing locomotion_control script to /home/px/arduino_ws/install/arduino_control/lib/arduino_control
[3.164s] Installing minimal_publisher script to /home/px/arduino_ws/install/arduino_control/lib/arduino_control
[3.164s] Installing obstacle_avoidance script to /home/px/arduino_ws/install/arduino_control/lib/arduino_control
[3.165s] Installing realsense script to /home/px/arduino_ws/install/arduino_control/lib/arduino_control
[3.165s] 
[3.165s] Installed /home/px/arduino_ws/build/arduino_control
[3.165s] running install_data
[3.215s] Invoked command in '/home/px/arduino_ws/build/arduino_control' returned '0': PYTHONPATH=/home/px/arduino_ws/build/arduino_control/prefix_override:/home/px/arduino_ws/install/arduino_control/lib/python3.10/site-packages:${PYTHONPATH} /usr/bin/python3 setup.py develop --editable --build-directory /home/px/arduino_ws/build/arduino_control/build --no-deps install_data
