[0.019s] Invoking command in '/home/px/arduino_ws/build/my_robot_interfaces': CMAKE_PREFIX_PATH=${CMAKE_PREFIX_PATH}:/home/px/arduino_ws/install/py_launch_example:/home/px/arduino_ws/install/arduino_control:/opt/ros/humble /usr/bin/cmake --build /home/px/arduino_ws/build/my_robot_interfaces -- -j8 -l8
[0.054s] -- Found ament_cmake: 1.3.8 (/opt/ros/humble/share/ament_cmake/cmake)
[0.205s] -- Override CMake install command with custom implementation using symlinks instead of copying resources
[0.213s] -- Found geometry_msgs: 4.2.3 (/opt/ros/humble/share/geometry_msgs/cmake)
[0.245s] -- Found rosidl_generator_c: 3.1.5 (/opt/ros/humble/share/rosidl_generator_c/cmake)
[0.248s] -- Found rosidl_adapter: 3.1.5 (/opt/ros/humble/share/rosidl_adapter/cmake)
[0.254s] -- Found rosidl_generator_cpp: 3.1.5 (/opt/ros/humble/share/rosidl_generator_cpp/cmake)
[0.265s] -- Using all available rosidl_typesupport_c: rosidl_typesupport_fastrtps_c;rosidl_typesupport_introspection_c
[0.281s] -- Using all available rosidl_typesupport_cpp: rosidl_typesupport_fastrtps_cpp;rosidl_typesupport_introspection_cpp
[0.407s] -- Found rosidl_default_generators: 1.2.0 (/opt/ros/humble/share/rosidl_default_generators/cmake)
[0.885s] -- Found ament_cmake_ros: 0.10.0 (/opt/ros/humble/share/ament_cmake_ros/cmake)
[1.346s] -- Using all available rosidl_typesupport_c: rosidl_typesupport_fastrtps_c;rosidl_typesupport_introspection_c
[1.527s] -- Using all available rosidl_typesupport_cpp: rosidl_typesupport_fastrtps_cpp;rosidl_typesupport_introspection_cpp
[1.552s] -- Found python_cmake_module: 0.10.0 (/opt/ros/humble/share/python_cmake_module/cmake)
[1.583s] -- Using PYTHON_EXECUTABLE: /usr/bin/python3
[1.583s] -- Using PYTHON_INCLUDE_DIRS: /usr/include/python3.10
[1.583s] -- Using PYTHON_LIBRARIES: /usr/lib/x86_64-linux-gnu/libpython3.10.so
[1.637s] -- Found ament_lint_auto: 0.12.10 (/opt/ros/humble/share/ament_lint_auto/cmake)
[1.647s] -- Added test 'lint_cmake' to check CMake code style
[1.648s] -- Added test 'xmllint' to check XML markup files
[1.651s] -- Configuring done
[1.708s] -- Generating done
[1.711s] -- Build files have been written to: /home/px/arduino_ws/build/my_robot_interfaces
[1.743s] [  1%] [34m[1mGenerating C code for ROS interfaces[0m
[1.754s] [  1%] [34m[1mGenerating C++ code for ROS interfaces[0m
[1.761s] [  1%] Built target ament_cmake_python_symlink_my_robot_interfaces
[2.094s] running egg_info
[2.095s] writing my_robot_interfaces.egg-info/PKG-INFO
[2.095s] writing dependency_links to my_robot_interfaces.egg-info/dependency_links.txt
[2.095s] writing top-level names to my_robot_interfaces.egg-info/top_level.txt
[2.098s] reading manifest file 'my_robot_interfaces.egg-info/SOURCES.txt'
[2.099s] writing manifest file 'my_robot_interfaces.egg-info/SOURCES.txt'
[2.127s] [  1%] Built target ament_cmake_python_build_my_robot_interfaces_egg
[3.414s] [35m[1mConsolidate compiler generated dependencies of target my_robot_interfaces__rosidl_generator_c[0m
[3.444s] [  2%] [32mBuilding C object CMakeFiles/my_robot_interfaces__rosidl_generator_c.dir/rosidl_generator_c/my_robot_interfaces/msg/detail/laser_scan__functions.c.o[0m
[3.449s] [  3%] [32mBuilding C object CMakeFiles/my_robot_interfaces__rosidl_generator_c.dir/rosidl_generator_c/my_robot_interfaces/msg/detail/fruit_depth__functions.c.o[0m
[3.455s] [  4%] [32mBuilding C object CMakeFiles/my_robot_interfaces__rosidl_generator_c.dir/rosidl_generator_c/my_robot_interfaces/msg/detail/lidar_scan__functions.c.o[0m
[3.520s] [  4%] [32mBuilding C object CMakeFiles/my_robot_interfaces__rosidl_generator_c.dir/rosidl_generator_c/my_robot_interfaces/msg/detail/joystick__functions.c.o[0m
[3.532s] [  5%] [32mBuilding C object CMakeFiles/my_robot_interfaces__rosidl_generator_c.dir/rosidl_generator_c/my_robot_interfaces/msg/detail/motor_command__functions.c.o[0m
[3.543s] [  6%] [32mBuilding C object CMakeFiles/my_robot_interfaces__rosidl_generator_c.dir/rosidl_generator_c/my_robot_interfaces/msg/detail/find_obstacle__functions.c.o[0m
[3.620s] [  7%] [32mBuilding C object CMakeFiles/my_robot_interfaces__rosidl_generator_c.dir/rosidl_generator_c/my_robot_interfaces/msg/detail/real_sense__functions.c.o[0m
[3.621s] [  8%] [32mBuilding C object CMakeFiles/my_robot_interfaces__rosidl_generator_c.dir/rosidl_generator_c/my_robot_interfaces/msg/detail/imu_data__functions.c.o[0m
[3.636s] [  9%] [32mBuilding C object CMakeFiles/my_robot_interfaces__rosidl_generator_c.dir/rosidl_generator_c/my_robot_interfaces/msg/detail/harvest__functions.c.o[0m
[3.657s] [  9%] [32mBuilding C object CMakeFiles/my_robot_interfaces__rosidl_generator_c.dir/rosidl_generator_c/my_robot_interfaces/msg/detail/harvest_confirmation__functions.c.o[0m
[3.686s] [ 10%] [32mBuilding C object CMakeFiles/my_robot_interfaces__rosidl_generator_c.dir/rosidl_generator_c/my_robot_interfaces/msg/detail/realsense_imu__functions.c.o[0m
[3.759s] [ 11%] [32mBuilding C object CMakeFiles/my_robot_interfaces__rosidl_generator_c.dir/rosidl_generator_c/my_robot_interfaces/action/detail/detection__functions.c.o[0m
[3.824s] [ 11%] Built target my_robot_interfaces__cpp
[3.843s] [ 11%] [34m[1mGenerating C++ type support for eProsima Fast-RTPS[0m
[3.846s] [ 12%] [34m[1mGenerating C++ introspection for ROS interfaces[0m
[3.850s] [ 13%] [34m[1mGenerating C++ type support dispatch for ROS interfaces[0m
[3.994s] [ 14%] [32m[1mLinking C shared library libmy_robot_interfaces__rosidl_generator_c.so[0m
[4.077s] [ 14%] Built target my_robot_interfaces__rosidl_generator_c
[4.094s] [ 15%] [34m[1mGenerating C introspection for ROS interfaces[0m
[4.095s] [ 16%] [34m[1mGenerating C type support dispatch for ROS interfaces[0m
[4.099s] [ 17%] [34m[1mGenerating C type support for eProsima Fast-RTPS[0m
[5.368s] [35m[1mConsolidate compiler generated dependencies of target my_robot_interfaces__rosidl_typesupport_cpp[0m
[5.402s] [ 18%] [32mBuilding CXX object CMakeFiles/my_robot_interfaces__rosidl_typesupport_cpp.dir/rosidl_typesupport_cpp/my_robot_interfaces/msg/laser_scan__type_support.cpp.o[0m
[5.405s] [ 19%] [32mBuilding CXX object CMakeFiles/my_robot_interfaces__rosidl_typesupport_cpp.dir/rosidl_typesupport_cpp/my_robot_interfaces/msg/lidar_scan__type_support.cpp.o[0m
[5.408s] [ 20%] [32mBuilding CXX object CMakeFiles/my_robot_interfaces__rosidl_typesupport_cpp.dir/rosidl_typesupport_cpp/my_robot_interfaces/msg/fruit_depth__type_support.cpp.o[0m
[5.920s] [ 21%] [32mBuilding CXX object CMakeFiles/my_robot_interfaces__rosidl_typesupport_cpp.dir/rosidl_typesupport_cpp/my_robot_interfaces/msg/joystick__type_support.cpp.o[0m
[5.922s] [35m[1mConsolidate compiler generated dependencies of target my_robot_interfaces__rosidl_typesupport_c[0m
[5.945s] [ 22%] [32mBuilding CXX object CMakeFiles/my_robot_interfaces__rosidl_typesupport_c.dir/rosidl_typesupport_c/my_robot_interfaces/msg/lidar_scan__type_support.cpp.o[0m
[5.946s] [ 22%] [32mBuilding CXX object CMakeFiles/my_robot_interfaces__rosidl_typesupport_cpp.dir/rosidl_typesupport_cpp/my_robot_interfaces/msg/motor_command__type_support.cpp.o[0m
[5.984s] [ 22%] [32mBuilding CXX object CMakeFiles/my_robot_interfaces__rosidl_typesupport_c.dir/rosidl_typesupport_c/my_robot_interfaces/msg/laser_scan__type_support.cpp.o[0m
[6.003s] [35m[1mConsolidate compiler generated dependencies of target my_robot_interfaces__rosidl_typesupport_introspection_cpp[0m
[6.022s] [ 23%] [32mBuilding CXX object CMakeFiles/my_robot_interfaces__rosidl_typesupport_c.dir/rosidl_typesupport_c/my_robot_interfaces/msg/fruit_depth__type_support.cpp.o[0m
[6.037s] [ 23%] [32mBuilding CXX object CMakeFiles/my_robot_interfaces__rosidl_typesupport_introspection_cpp.dir/rosidl_typesupport_introspection_cpp/my_robot_interfaces/msg/detail/lidar_scan__type_support.cpp.o[0m
[6.059s] [ 24%] [32mBuilding CXX object CMakeFiles/my_robot_interfaces__rosidl_typesupport_introspection_cpp.dir/rosidl_typesupport_introspection_cpp/my_robot_interfaces/msg/detail/laser_scan__type_support.cpp.o[0m
[6.098s] [ 25%] [32mBuilding CXX object CMakeFiles/my_robot_interfaces__rosidl_typesupport_c.dir/rosidl_typesupport_c/my_robot_interfaces/msg/joystick__type_support.cpp.o[0m
[6.186s] [ 26%] [32mBuilding CXX object CMakeFiles/my_robot_interfaces__rosidl_typesupport_c.dir/rosidl_typesupport_c/my_robot_interfaces/msg/motor_command__type_support.cpp.o[0m
[6.239s] [ 27%] [32mBuilding CXX object CMakeFiles/my_robot_interfaces__rosidl_typesupport_c.dir/rosidl_typesupport_c/my_robot_interfaces/msg/find_obstacle__type_support.cpp.o[0m
[6.305s] [35m[1mConsolidate compiler generated dependencies of target my_robot_interfaces__rosidl_typesupport_introspection_c[0m
[6.326s] [ 28%] [32mBuilding C object CMakeFiles/my_robot_interfaces__rosidl_typesupport_introspection_c.dir/rosidl_typesupport_introspection_c/my_robot_interfaces/msg/detail/lidar_scan__type_support.c.o[0m
[6.349s] [ 29%] [32mBuilding CXX object CMakeFiles/my_robot_interfaces__rosidl_typesupport_c.dir/rosidl_typesupport_c/my_robot_interfaces/msg/real_sense__type_support.cpp.o[0m
[6.390s] [35m[1mConsolidate compiler generated dependencies of target my_robot_interfaces__rosidl_typesupport_fastrtps_cpp[0m
[6.421s] [ 29%] [32mBuilding CXX object CMakeFiles/my_robot_interfaces__rosidl_typesupport_c.dir/rosidl_typesupport_c/my_robot_interfaces/msg/imu_data__type_support.cpp.o[0m
[6.422s] [ 30%] [32mBuilding CXX object CMakeFiles/my_robot_interfaces__rosidl_typesupport_introspection_cpp.dir/rosidl_typesupport_introspection_cpp/my_robot_interfaces/msg/detail/fruit_depth__type_support.cpp.o[0m
[6.430s] [ 31%] [32mBuilding C object CMakeFiles/my_robot_interfaces__rosidl_typesupport_introspection_c.dir/rosidl_typesupport_introspection_c/my_robot_interfaces/msg/detail/laser_scan__type_support.c.o[0m
[6.442s] [ 32%] [32mBuilding CXX object CMakeFiles/my_robot_interfaces__rosidl_typesupport_fastrtps_cpp.dir/rosidl_typesupport_fastrtps_cpp/my_robot_interfaces/msg/detail/dds_fastrtps/lidar_scan__type_support.cpp.o[0m
[6.482s] [ 33%] [32mBuilding CXX object CMakeFiles/my_robot_interfaces__rosidl_typesupport_c.dir/rosidl_typesupport_c/my_robot_interfaces/msg/harvest__type_support.cpp.o[0m
[6.518s] [ 34%] [32mBuilding CXX object CMakeFiles/my_robot_interfaces__rosidl_typesupport_cpp.dir/rosidl_typesupport_cpp/my_robot_interfaces/msg/find_obstacle__type_support.cpp.o[0m
[6.528s] [ 35%] [32mBuilding C object CMakeFiles/my_robot_interfaces__rosidl_typesupport_introspection_c.dir/rosidl_typesupport_introspection_c/my_robot_interfaces/msg/detail/fruit_depth__type_support.c.o[0m
[6.536s] [ 36%] [32mBuilding CXX object CMakeFiles/my_robot_interfaces__rosidl_typesupport_c.dir/rosidl_typesupport_c/my_robot_interfaces/msg/harvest_confirmation__type_support.cpp.o[0m
[6.635s] [ 36%] [32mBuilding C object CMakeFiles/my_robot_interfaces__rosidl_typesupport_introspection_c.dir/rosidl_typesupport_introspection_c/my_robot_interfaces/msg/detail/joystick__type_support.c.o[0m
[6.641s] [ 37%] [32mBuilding CXX object CMakeFiles/my_robot_interfaces__rosidl_typesupport_c.dir/rosidl_typesupport_c/my_robot_interfaces/msg/realsense_imu__type_support.cpp.o[0m
[6.767s] [ 38%] [32mBuilding CXX object CMakeFiles/my_robot_interfaces__rosidl_typesupport_c.dir/rosidl_typesupport_c/my_robot_interfaces/action/detection__type_support.cpp.o[0m
[6.782s] [ 39%] [32mBuilding C object CMakeFiles/my_robot_interfaces__rosidl_typesupport_introspection_c.dir/rosidl_typesupport_introspection_c/my_robot_interfaces/msg/detail/motor_command__type_support.c.o[0m
[6.916s] [ 40%] [32m[1mLinking CXX shared library libmy_robot_interfaces__rosidl_typesupport_c.so[0m
[6.942s] [ 41%] [32mBuilding C object CMakeFiles/my_robot_interfaces__rosidl_typesupport_introspection_c.dir/rosidl_typesupport_introspection_c/my_robot_interfaces/msg/detail/find_obstacle__type_support.c.o[0m
[7.032s] [ 41%] Built target my_robot_interfaces__rosidl_typesupport_c
[7.046s] [ 42%] [32mBuilding CXX object CMakeFiles/my_robot_interfaces__rosidl_typesupport_introspection_cpp.dir/rosidl_typesupport_introspection_cpp/my_robot_interfaces/msg/detail/joystick__type_support.cpp.o[0m
[7.049s] [35m[1mConsolidate compiler generated dependencies of target my_robot_interfaces__rosidl_typesupport_fastrtps_c[0m
[7.070s] [ 43%] [32mBuilding CXX object CMakeFiles/my_robot_interfaces__rosidl_typesupport_fastrtps_cpp.dir/rosidl_typesupport_fastrtps_cpp/my_robot_interfaces/msg/detail/dds_fastrtps/laser_scan__type_support.cpp.o[0m
[7.103s] [ 44%] [32mBuilding CXX object CMakeFiles/my_robot_interfaces__rosidl_typesupport_fastrtps_c.dir/rosidl_typesupport_fastrtps_c/my_robot_interfaces/msg/detail/lidar_scan__type_support_c.cpp.o[0m
[7.104s] [ 45%] [32mBuilding CXX object CMakeFiles/my_robot_interfaces__rosidl_typesupport_cpp.dir/rosidl_typesupport_cpp/my_robot_interfaces/msg/real_sense__type_support.cpp.o[0m
[7.119s] [ 46%] [32mBuilding C object CMakeFiles/my_robot_interfaces__rosidl_typesupport_introspection_c.dir/rosidl_typesupport_introspection_c/my_robot_interfaces/msg/detail/real_sense__type_support.c.o[0m
[7.332s] [ 47%] [32mBuilding CXX object CMakeFiles/my_robot_interfaces__rosidl_typesupport_fastrtps_cpp.dir/rosidl_typesupport_fastrtps_cpp/my_robot_interfaces/msg/detail/dds_fastrtps/fruit_depth__type_support.cpp.o[0m
[7.346s] [ 48%] [32mBuilding C object CMakeFiles/my_robot_interfaces__rosidl_typesupport_introspection_c.dir/rosidl_typesupport_introspection_c/my_robot_interfaces/msg/detail/imu_data__type_support.c.o[0m
[7.518s] [ 49%] [32mBuilding CXX object CMakeFiles/my_robot_interfaces__rosidl_typesupport_introspection_cpp.dir/rosidl_typesupport_introspection_cpp/my_robot_interfaces/msg/detail/motor_command__type_support.cpp.o[0m
[7.540s] [ 50%] [32mBuilding C object CMakeFiles/my_robot_interfaces__rosidl_typesupport_introspection_c.dir/rosidl_typesupport_introspection_c/my_robot_interfaces/msg/detail/harvest__type_support.c.o[0m
[7.642s] [ 51%] [32mBuilding CXX object CMakeFiles/my_robot_interfaces__rosidl_typesupport_fastrtps_cpp.dir/rosidl_typesupport_fastrtps_cpp/my_robot_interfaces/msg/detail/dds_fastrtps/joystick__type_support.cpp.o[0m
[7.645s] [ 52%] [32mBuilding C object CMakeFiles/my_robot_interfaces__rosidl_typesupport_introspection_c.dir/rosidl_typesupport_introspection_c/my_robot_interfaces/msg/detail/harvest_confirmation__type_support.c.o[0m
[7.748s] [ 52%] [32mBuilding C object CMakeFiles/my_robot_interfaces__rosidl_typesupport_introspection_c.dir/rosidl_typesupport_introspection_c/my_robot_interfaces/msg/detail/realsense_imu__type_support.c.o[0m
[7.867s] [ 53%] [32mBuilding C object CMakeFiles/my_robot_interfaces__rosidl_typesupport_introspection_c.dir/rosidl_typesupport_introspection_c/my_robot_interfaces/action/detail/detection__type_support.c.o[0m
[7.983s] [ 54%] [32m[1mLinking C shared library libmy_robot_interfaces__rosidl_typesupport_introspection_c.so[0m
[8.014s] [ 55%] [32mBuilding CXX object CMakeFiles/my_robot_interfaces__rosidl_typesupport_cpp.dir/rosidl_typesupport_cpp/my_robot_interfaces/msg/imu_data__type_support.cpp.o[0m
[8.035s] [ 56%] [32mBuilding CXX object CMakeFiles/my_robot_interfaces__rosidl_typesupport_fastrtps_c.dir/rosidl_typesupport_fastrtps_c/my_robot_interfaces/msg/detail/laser_scan__type_support_c.cpp.o[0m
[8.109s] [ 56%] Built target my_robot_interfaces__rosidl_typesupport_introspection_c
[8.130s] [ 57%] [32mBuilding CXX object CMakeFiles/my_robot_interfaces__rosidl_typesupport_introspection_cpp.dir/rosidl_typesupport_introspection_cpp/my_robot_interfaces/msg/detail/find_obstacle__type_support.cpp.o[0m
[8.219s] [ 57%] [32mBuilding CXX object CMakeFiles/my_robot_interfaces__rosidl_typesupport_introspection_cpp.dir/rosidl_typesupport_introspection_cpp/my_robot_interfaces/msg/detail/real_sense__type_support.cpp.o[0m
[8.393s] [ 58%] [32mBuilding CXX object CMakeFiles/my_robot_interfaces__rosidl_typesupport_fastrtps_cpp.dir/rosidl_typesupport_fastrtps_cpp/my_robot_interfaces/msg/detail/dds_fastrtps/motor_command__type_support.cpp.o[0m
[8.481s] [ 59%] [32mBuilding CXX object CMakeFiles/my_robot_interfaces__rosidl_typesupport_introspection_cpp.dir/rosidl_typesupport_introspection_cpp/my_robot_interfaces/msg/detail/imu_data__type_support.cpp.o[0m
[8.534s] [ 60%] [32mBuilding CXX object CMakeFiles/my_robot_interfaces__rosidl_typesupport_cpp.dir/rosidl_typesupport_cpp/my_robot_interfaces/msg/harvest__type_support.cpp.o[0m
[8.547s] [ 60%] [32mBuilding CXX object CMakeFiles/my_robot_interfaces__rosidl_typesupport_fastrtps_cpp.dir/rosidl_typesupport_fastrtps_cpp/my_robot_interfaces/msg/detail/dds_fastrtps/find_obstacle__type_support.cpp.o[0m
[8.828s] [ 61%] [32mBuilding CXX object CMakeFiles/my_robot_interfaces__rosidl_typesupport_fastrtps_cpp.dir/rosidl_typesupport_fastrtps_cpp/my_robot_interfaces/msg/detail/dds_fastrtps/real_sense__type_support.cpp.o[0m
[9.029s] [ 61%] [32mBuilding CXX object CMakeFiles/my_robot_interfaces__rosidl_typesupport_fastrtps_c.dir/rosidl_typesupport_fastrtps_c/my_robot_interfaces/msg/detail/fruit_depth__type_support_c.cpp.o[0m
[9.047s] [ 62%] [32mBuilding CXX object CMakeFiles/my_robot_interfaces__rosidl_typesupport_introspection_cpp.dir/rosidl_typesupport_introspection_cpp/my_robot_interfaces/msg/detail/harvest__type_support.cpp.o[0m
[9.243s] [ 63%] [32mBuilding CXX object CMakeFiles/my_robot_interfaces__rosidl_typesupport_cpp.dir/rosidl_typesupport_cpp/my_robot_interfaces/msg/harvest_confirmation__type_support.cpp.o[0m
[9.336s] [ 64%] [32mBuilding CXX object CMakeFiles/my_robot_interfaces__rosidl_typesupport_fastrtps_cpp.dir/rosidl_typesupport_fastrtps_cpp/my_robot_interfaces/msg/detail/dds_fastrtps/imu_data__type_support.cpp.o[0m
[9.471s] [ 65%] [32mBuilding CXX object CMakeFiles/my_robot_interfaces__rosidl_typesupport_introspection_cpp.dir/rosidl_typesupport_introspection_cpp/my_robot_interfaces/msg/detail/harvest_confirmation__type_support.cpp.o[0m
[9.582s] [ 66%] [32mBuilding CXX object CMakeFiles/my_robot_interfaces__rosidl_typesupport_introspection_cpp.dir/rosidl_typesupport_introspection_cpp/my_robot_interfaces/msg/detail/realsense_imu__type_support.cpp.o[0m
[9.636s] [ 67%] [32mBuilding CXX object CMakeFiles/my_robot_interfaces__rosidl_typesupport_introspection_cpp.dir/rosidl_typesupport_introspection_cpp/my_robot_interfaces/action/detail/detection__type_support.cpp.o[0m
[9.945s] [ 67%] [32mBuilding CXX object CMakeFiles/my_robot_interfaces__rosidl_typesupport_cpp.dir/rosidl_typesupport_cpp/my_robot_interfaces/msg/realsense_imu__type_support.cpp.o[0m
[9.979s] [ 68%] [32mBuilding CXX object CMakeFiles/my_robot_interfaces__rosidl_typesupport_fastrtps_c.dir/rosidl_typesupport_fastrtps_c/my_robot_interfaces/msg/detail/joystick__type_support_c.cpp.o[0m
[10.180s] [ 69%] [32mBuilding CXX object CMakeFiles/my_robot_interfaces__rosidl_typesupport_fastrtps_c.dir/rosidl_typesupport_fastrtps_c/my_robot_interfaces/msg/detail/motor_command__type_support_c.cpp.o[0m
[10.237s] [ 70%] [32mBuilding CXX object CMakeFiles/my_robot_interfaces__rosidl_typesupport_fastrtps_cpp.dir/rosidl_typesupport_fastrtps_cpp/my_robot_interfaces/msg/detail/dds_fastrtps/harvest__type_support.cpp.o[0m
[10.480s] [ 71%] [32mBuilding CXX object CMakeFiles/my_robot_interfaces__rosidl_typesupport_fastrtps_cpp.dir/rosidl_typesupport_fastrtps_cpp/my_robot_interfaces/msg/detail/dds_fastrtps/harvest_confirmation__type_support.cpp.o[0m
[10.640s] [ 72%] [32mBuilding CXX object CMakeFiles/my_robot_interfaces__rosidl_typesupport_cpp.dir/rosidl_typesupport_cpp/my_robot_interfaces/action/detection__type_support.cpp.o[0m
[10.651s] [ 73%] [32mBuilding CXX object CMakeFiles/my_robot_interfaces__rosidl_typesupport_fastrtps_cpp.dir/rosidl_typesupport_fastrtps_cpp/my_robot_interfaces/msg/detail/dds_fastrtps/realsense_imu__type_support.cpp.o[0m
[10.661s] [ 73%] [32mBuilding CXX object CMakeFiles/my_robot_interfaces__rosidl_typesupport_fastrtps_cpp.dir/rosidl_typesupport_fastrtps_cpp/my_robot_interfaces/action/detail/dds_fastrtps/detection__type_support.cpp.o[0m
[11.114s] [ 74%] [32mBuilding CXX object CMakeFiles/my_robot_interfaces__rosidl_typesupport_fastrtps_c.dir/rosidl_typesupport_fastrtps_c/my_robot_interfaces/msg/detail/find_obstacle__type_support_c.cpp.o[0m
[11.156s] [ 75%] [32mBuilding CXX object CMakeFiles/my_robot_interfaces__rosidl_typesupport_fastrtps_c.dir/rosidl_typesupport_fastrtps_c/my_robot_interfaces/msg/detail/real_sense__type_support_c.cpp.o[0m
[11.396s] [ 76%] [32m[1mLinking CXX shared library libmy_robot_interfaces__rosidl_typesupport_introspection_cpp.so[0m
[11.431s] [ 77%] [32mBuilding CXX object CMakeFiles/my_robot_interfaces__rosidl_typesupport_fastrtps_c.dir/rosidl_typesupport_fastrtps_c/my_robot_interfaces/msg/detail/imu_data__type_support_c.cpp.o[0m
[11.469s] [ 77%] [32mBuilding CXX object CMakeFiles/my_robot_interfaces__rosidl_typesupport_fastrtps_c.dir/rosidl_typesupport_fastrtps_c/my_robot_interfaces/msg/detail/harvest__type_support_c.cpp.o[0m
[11.493s] [ 78%] [32mBuilding CXX object CMakeFiles/my_robot_interfaces__rosidl_typesupport_fastrtps_c.dir/rosidl_typesupport_fastrtps_c/my_robot_interfaces/msg/detail/harvest_confirmation__type_support_c.cpp.o[0m
[11.558s] [ 78%] Built target my_robot_interfaces__rosidl_typesupport_introspection_cpp
[11.597s] [ 79%] [32mBuilding CXX object CMakeFiles/my_robot_interfaces__rosidl_typesupport_fastrtps_c.dir/rosidl_typesupport_fastrtps_c/my_robot_interfaces/msg/detail/realsense_imu__type_support_c.cpp.o[0m
[11.796s] [ 80%] [32m[1mLinking CXX shared library libmy_robot_interfaces__rosidl_typesupport_cpp.so[0m
[11.888s] [ 80%] Built target my_robot_interfaces__rosidl_typesupport_cpp
[11.909s] [ 81%] [32mBuilding CXX object CMakeFiles/my_robot_interfaces__rosidl_typesupport_fastrtps_c.dir/rosidl_typesupport_fastrtps_c/my_robot_interfaces/action/detail/detection__type_support_c.cpp.o[0m
[12.111s] [ 82%] [32m[1mLinking CXX shared library libmy_robot_interfaces__rosidl_typesupport_fastrtps_cpp.so[0m
[12.225s] [ 82%] Built target my_robot_interfaces__rosidl_typesupport_fastrtps_cpp
[12.400s] [ 83%] [32m[1mLinking CXX shared library libmy_robot_interfaces__rosidl_typesupport_fastrtps_c.so[0m
[12.510s] [ 83%] Built target my_robot_interfaces__rosidl_typesupport_fastrtps_c
[12.532s] [ 83%] Built target my_robot_interfaces
[12.555s] [ 84%] [34m[1mGenerating Python code for ROS interfaces[0m
[14.949s] [ 84%] Built target my_robot_interfaces__py
[14.965s] [35m[1mConsolidate compiler generated dependencies of target my_robot_interfaces__rosidl_generator_py[0m
[14.993s] [ 85%] [32mBuilding C object CMakeFiles/my_robot_interfaces__rosidl_generator_py.dir/rosidl_generator_py/my_robot_interfaces/msg/_lidar_scan_s.c.o[0m
[14.993s] [ 87%] [32mBuilding C object CMakeFiles/my_robot_interfaces__rosidl_generator_py.dir/rosidl_generator_py/my_robot_interfaces/msg/_laser_scan_s.c.o[0m
[14.994s] [ 87%] [32mBuilding C object CMakeFiles/my_robot_interfaces__rosidl_generator_py.dir/rosidl_generator_py/my_robot_interfaces/msg/_joystick_s.c.o[0m
[14.995s] [ 89%] [32mBuilding C object CMakeFiles/my_robot_interfaces__rosidl_generator_py.dir/rosidl_generator_py/my_robot_interfaces/msg/_find_obstacle_s.c.o[0m
[14.995s] [ 89%] [32mBuilding C object CMakeFiles/my_robot_interfaces__rosidl_generator_py.dir/rosidl_generator_py/my_robot_interfaces/msg/_real_sense_s.c.o[0m
[14.995s] [ 90%] [32mBuilding C object CMakeFiles/my_robot_interfaces__rosidl_generator_py.dir/rosidl_generator_py/my_robot_interfaces/msg/_imu_data_s.c.o[0m
[14.996s] [ 91%] [32mBuilding C object CMakeFiles/my_robot_interfaces__rosidl_generator_py.dir/rosidl_generator_py/my_robot_interfaces/msg/_motor_command_s.c.o[0m
[14.996s] [ 91%] [32mBuilding C object CMakeFiles/my_robot_interfaces__rosidl_generator_py.dir/rosidl_generator_py/my_robot_interfaces/msg/_fruit_depth_s.c.o[0m
[15.189s] [ 92%] [32mBuilding C object CMakeFiles/my_robot_interfaces__rosidl_generator_py.dir/rosidl_generator_py/my_robot_interfaces/msg/_harvest_s.c.o[0m
[15.197s] [ 92%] [32mBuilding C object CMakeFiles/my_robot_interfaces__rosidl_generator_py.dir/rosidl_generator_py/my_robot_interfaces/msg/_harvest_confirmation_s.c.o[0m
[15.200s] [ 93%] [32mBuilding C object CMakeFiles/my_robot_interfaces__rosidl_generator_py.dir/rosidl_generator_py/my_robot_interfaces/msg/_realsense_imu_s.c.o[0m
[15.212s] [ 94%] [32mBuilding C object CMakeFiles/my_robot_interfaces__rosidl_generator_py.dir/rosidl_generator_py/my_robot_interfaces/action/_detection_s.c.o[0m
[15.421s] [ 95%] [32m[1mLinking C shared library rosidl_generator_py/my_robot_interfaces/libmy_robot_interfaces__rosidl_generator_py.so[0m
[15.489s] [ 95%] Built target my_robot_interfaces__rosidl_generator_py
[15.505s] [35m[1mConsolidate compiler generated dependencies of target my_robot_interfaces__rosidl_typesupport_introspection_c__pyext[0m
[15.506s] [35m[1mConsolidate compiler generated dependencies of target my_robot_interfaces__rosidl_typesupport_c__pyext[0m
[15.507s] [35m[1mConsolidate compiler generated dependencies of target my_robot_interfaces__rosidl_typesupport_fastrtps_c__pyext[0m
[15.521s] [ 95%] [32mBuilding C object CMakeFiles/my_robot_interfaces__rosidl_typesupport_c__pyext.dir/rosidl_generator_py/my_robot_interfaces/_my_robot_interfaces_s.ep.rosidl_typesupport_c.c.o[0m
[15.521s] [ 96%] [32mBuilding C object CMakeFiles/my_robot_interfaces__rosidl_typesupport_introspection_c__pyext.dir/rosidl_generator_py/my_robot_interfaces/_my_robot_interfaces_s.ep.rosidl_typesupport_introspection_c.c.o[0m
[15.524s] [ 97%] [32mBuilding C object CMakeFiles/my_robot_interfaces__rosidl_typesupport_fastrtps_c__pyext.dir/rosidl_generator_py/my_robot_interfaces/_my_robot_interfaces_s.ep.rosidl_typesupport_fastrtps_c.c.o[0m
[15.693s] [ 98%] [32m[1mLinking C shared library rosidl_generator_py/my_robot_interfaces/my_robot_interfaces_s__rosidl_typesupport_c.cpython-310-x86_64-linux-gnu.so[0m
[15.694s] [ 99%] [32m[1mLinking C shared library rosidl_generator_py/my_robot_interfaces/my_robot_interfaces_s__rosidl_typesupport_fastrtps_c.cpython-310-x86_64-linux-gnu.so[0m
[15.725s] [100%] [32m[1mLinking C shared library rosidl_generator_py/my_robot_interfaces/my_robot_interfaces_s__rosidl_typesupport_introspection_c.cpython-310-x86_64-linux-gnu.so[0m
[15.739s] [100%] Built target my_robot_interfaces__rosidl_typesupport_fastrtps_c__pyext
[15.743s] [100%] Built target my_robot_interfaces__rosidl_typesupport_c__pyext
[15.782s] [100%] Built target my_robot_interfaces__rosidl_typesupport_introspection_c__pyext
[15.796s] Invoked command in '/home/px/arduino_ws/build/my_robot_interfaces' returned '0': CMAKE_PREFIX_PATH=${CMAKE_PREFIX_PATH}:/home/px/arduino_ws/install/py_launch_example:/home/px/arduino_ws/install/arduino_control:/opt/ros/humble /usr/bin/cmake --build /home/px/arduino_ws/build/my_robot_interfaces -- -j8 -l8
[16.114s] Invoking command in '/home/px/arduino_ws/build/my_robot_interfaces': CMAKE_PREFIX_PATH=${CMAKE_PREFIX_PATH}:/home/px/arduino_ws/install/py_launch_example:/home/px/arduino_ws/install/arduino_control:/opt/ros/humble /usr/bin/cmake --install /home/px/arduino_ws/build/my_robot_interfaces
[16.121s] -- Install configuration: ""
[16.122s] -- Execute custom install script
[16.122s] -- Up-to-date symlink: /home/px/arduino_ws/install/my_robot_interfaces/share/ament_index/resource_index/rosidl_interfaces/my_robot_interfaces
[16.123s] -- Up-to-date symlink: /home/px/arduino_ws/install/my_robot_interfaces/include/my_robot_interfaces/my_robot_interfaces/action/detail/detection__functions.h
[16.123s] -- Up-to-date symlink: /home/px/arduino_ws/install/my_robot_interfaces/include/my_robot_interfaces/my_robot_interfaces/action/detail/detection__struct.h
[16.123s] -- Up-to-date symlink: /home/px/arduino_ws/install/my_robot_interfaces/include/my_robot_interfaces/my_robot_interfaces/action/detail/detection__type_support.h
[16.123s] -- Up-to-date symlink: /home/px/arduino_ws/install/my_robot_interfaces/include/my_robot_interfaces/my_robot_interfaces/action/detection.h
[16.123s] -- Up-to-date symlink: /home/px/arduino_ws/install/my_robot_interfaces/include/my_robot_interfaces/my_robot_interfaces/msg/detail/find_obstacle__functions.h
[16.123s] -- Up-to-date symlink: /home/px/arduino_ws/install/my_robot_interfaces/include/my_robot_interfaces/my_robot_interfaces/msg/detail/find_obstacle__struct.h
[16.123s] -- Up-to-date symlink: /home/px/arduino_ws/install/my_robot_interfaces/include/my_robot_interfaces/my_robot_interfaces/msg/detail/find_obstacle__type_support.h
[16.124s] -- Up-to-date symlink: /home/px/arduino_ws/install/my_robot_interfaces/include/my_robot_interfaces/my_robot_interfaces/msg/detail/fruit_depth__functions.h
[16.124s] -- Up-to-date symlink: /home/px/arduino_ws/install/my_robot_interfaces/include/my_robot_interfaces/my_robot_interfaces/msg/detail/fruit_depth__struct.h
[16.124s] -- Up-to-date symlink: /home/px/arduino_ws/install/my_robot_interfaces/include/my_robot_interfaces/my_robot_interfaces/msg/detail/fruit_depth__type_support.h
[16.124s] -- Up-to-date symlink: /home/px/arduino_ws/install/my_robot_interfaces/include/my_robot_interfaces/my_robot_interfaces/msg/detail/harvest__functions.h
[16.124s] -- Up-to-date symlink: /home/px/arduino_ws/install/my_robot_interfaces/include/my_robot_interfaces/my_robot_interfaces/msg/detail/harvest__struct.h
[16.124s] -- Up-to-date symlink: /home/px/arduino_ws/install/my_robot_interfaces/include/my_robot_interfaces/my_robot_interfaces/msg/detail/harvest__type_support.h
[16.124s] -- Up-to-date symlink: /home/px/arduino_ws/install/my_robot_interfaces/include/my_robot_interfaces/my_robot_interfaces/msg/detail/harvest_confirmation__functions.h
[16.124s] -- Up-to-date symlink: /home/px/arduino_ws/install/my_robot_interfaces/include/my_robot_interfaces/my_robot_interfaces/msg/detail/harvest_confirmation__struct.h
[16.124s] -- Up-to-date symlink: /home/px/arduino_ws/install/my_robot_interfaces/include/my_robot_interfaces/my_robot_interfaces/msg/detail/harvest_confirmation__type_support.h
[16.124s] -- Up-to-date symlink: /home/px/arduino_ws/install/my_robot_interfaces/include/my_robot_interfaces/my_robot_interfaces/msg/detail/imu__functions.h
[16.124s] -- Up-to-date symlink: /home/px/arduino_ws/install/my_robot_interfaces/include/my_robot_interfaces/my_robot_interfaces/msg/detail/imu__struct.h
[16.124s] -- Up-to-date symlink: /home/px/arduino_ws/install/my_robot_interfaces/include/my_robot_interfaces/my_robot_interfaces/msg/detail/imu__type_support.h
[16.124s] -- Up-to-date symlink: /home/px/arduino_ws/install/my_robot_interfaces/include/my_robot_interfaces/my_robot_interfaces/msg/detail/imu_data__functions.h
[16.125s] -- Up-to-date symlink: /home/px/arduino_ws/install/my_robot_interfaces/include/my_robot_interfaces/my_robot_interfaces/msg/detail/imu_data__struct.h
[16.125s] -- Up-to-date symlink: /home/px/arduino_ws/install/my_robot_interfaces/include/my_robot_interfaces/my_robot_interfaces/msg/detail/imu_data__type_support.h
[16.125s] -- Up-to-date symlink: /home/px/arduino_ws/install/my_robot_interfaces/include/my_robot_interfaces/my_robot_interfaces/msg/detail/joystick__functions.h
[16.125s] -- Up-to-date symlink: /home/px/arduino_ws/install/my_robot_interfaces/include/my_robot_interfaces/my_robot_interfaces/msg/detail/joystick__struct.h
[16.125s] -- Up-to-date symlink: /home/px/arduino_ws/install/my_robot_interfaces/include/my_robot_interfaces/my_robot_interfaces/msg/detail/joystick__type_support.h
[16.125s] -- Up-to-date symlink: /home/px/arduino_ws/install/my_robot_interfaces/include/my_robot_interfaces/my_robot_interfaces/msg/detail/laser_scan__functions.h
[16.125s] -- Up-to-date symlink: /home/px/arduino_ws/install/my_robot_interfaces/include/my_robot_interfaces/my_robot_interfaces/msg/detail/laser_scan__struct.h
[16.125s] -- Up-to-date symlink: /home/px/arduino_ws/install/my_robot_interfaces/include/my_robot_interfaces/my_robot_interfaces/msg/detail/laser_scan__type_support.h
[16.125s] -- Up-to-date symlink: /home/px/arduino_ws/install/my_robot_interfaces/include/my_robot_interfaces/my_robot_interfaces/msg/detail/lidar_scan__functions.h
[16.125s] -- Up-to-date symlink: /home/px/arduino_ws/install/my_robot_interfaces/include/my_robot_interfaces/my_robot_interfaces/msg/detail/lidar_scan__struct.h
[16.125s] -- Up-to-date symlink: /home/px/arduino_ws/install/my_robot_interfaces/include/my_robot_interfaces/my_robot_interfaces/msg/detail/lidar_scan__type_support.h
[16.125s] -- Up-to-date symlink: /home/px/arduino_ws/install/my_robot_interfaces/include/my_robot_interfaces/my_robot_interfaces/msg/detail/motor_command__functions.h
[16.126s] -- Up-to-date symlink: /home/px/arduino_ws/install/my_robot_interfaces/include/my_robot_interfaces/my_robot_interfaces/msg/detail/motor_command__struct.h
[16.126s] -- Up-to-date symlink: /home/px/arduino_ws/install/my_robot_interfaces/include/my_robot_interfaces/my_robot_interfaces/msg/detail/motor_command__type_support.h
[16.126s] -- Up-to-date symlink: /home/px/arduino_ws/install/my_robot_interfaces/include/my_robot_interfaces/my_robot_interfaces/msg/detail/real_sense__functions.h
[16.126s] -- Up-to-date symlink: /home/px/arduino_ws/install/my_robot_interfaces/include/my_robot_interfaces/my_robot_interfaces/msg/detail/real_sense__struct.h
[16.126s] -- Up-to-date symlink: /home/px/arduino_ws/install/my_robot_interfaces/include/my_robot_interfaces/my_robot_interfaces/msg/detail/real_sense__type_support.h
[16.126s] -- Symlinking: /home/px/arduino_ws/install/my_robot_interfaces/include/my_robot_interfaces/my_robot_interfaces/msg/detail/realsense_imu__functions.h
[16.135s] -- Symlinking: /home/px/arduino_ws/install/my_robot_interfaces/include/my_robot_interfaces/my_robot_interfaces/msg/detail/realsense_imu__struct.h
[16.144s] -- Symlinking: /home/px/arduino_ws/install/my_robot_interfaces/include/my_robot_interfaces/my_robot_interfaces/msg/detail/realsense_imu__type_support.h
[16.152s] -- Up-to-date symlink: /home/px/arduino_ws/install/my_robot_interfaces/include/my_robot_interfaces/my_robot_interfaces/msg/find_obstacle.h
[16.152s] -- Up-to-date symlink: /home/px/arduino_ws/install/my_robot_interfaces/include/my_robot_interfaces/my_robot_interfaces/msg/fruit_depth.h
[16.152s] -- Up-to-date symlink: /home/px/arduino_ws/install/my_robot_interfaces/include/my_robot_interfaces/my_robot_interfaces/msg/harvest.h
[16.152s] -- Up-to-date symlink: /home/px/arduino_ws/install/my_robot_interfaces/include/my_robot_interfaces/my_robot_interfaces/msg/harvest_confirmation.h
[16.152s] -- Up-to-date symlink: /home/px/arduino_ws/install/my_robot_interfaces/include/my_robot_interfaces/my_robot_interfaces/msg/imu.h
[16.152s] -- Up-to-date symlink: /home/px/arduino_ws/install/my_robot_interfaces/include/my_robot_interfaces/my_robot_interfaces/msg/imu_data.h
[16.152s] -- Up-to-date symlink: /home/px/arduino_ws/install/my_robot_interfaces/include/my_robot_interfaces/my_robot_interfaces/msg/joystick.h
[16.152s] -- Up-to-date symlink: /home/px/arduino_ws/install/my_robot_interfaces/include/my_robot_interfaces/my_robot_interfaces/msg/laser_scan.h
[16.153s] -- Up-to-date symlink: /home/px/arduino_ws/install/my_robot_interfaces/include/my_robot_interfaces/my_robot_interfaces/msg/lidar_scan.h
[16.153s] -- Up-to-date symlink: /home/px/arduino_ws/install/my_robot_interfaces/include/my_robot_interfaces/my_robot_interfaces/msg/motor_command.h
[16.153s] -- Up-to-date symlink: /home/px/arduino_ws/install/my_robot_interfaces/include/my_robot_interfaces/my_robot_interfaces/msg/real_sense.h
[16.153s] -- Symlinking: /home/px/arduino_ws/install/my_robot_interfaces/include/my_robot_interfaces/my_robot_interfaces/msg/realsense_imu.h
[16.161s] -- Up-to-date symlink: /home/px/arduino_ws/install/my_robot_interfaces/include/my_robot_interfaces/my_robot_interfaces/msg/rosidl_generator_c__visibility_control.h
[16.161s] -- Up-to-date symlink: /home/px/arduino_ws/install/my_robot_interfaces/share/my_robot_interfaces/environment/library_path.sh
[16.162s] -- Up-to-date symlink: /home/px/arduino_ws/install/my_robot_interfaces/share/my_robot_interfaces/environment/library_path.dsv
[16.163s] -- Up-to-date symlink: /home/px/arduino_ws/install/my_robot_interfaces/include/my_robot_interfaces/my_robot_interfaces/action/detail/detection__rosidl_typesupport_fastrtps_c.h
[16.163s] -- Up-to-date symlink: /home/px/arduino_ws/install/my_robot_interfaces/include/my_robot_interfaces/my_robot_interfaces/msg/detail/find_obstacle__rosidl_typesupport_fastrtps_c.h
[16.163s] -- Up-to-date symlink: /home/px/arduino_ws/install/my_robot_interfaces/include/my_robot_interfaces/my_robot_interfaces/msg/detail/fruit_depth__rosidl_typesupport_fastrtps_c.h
[16.163s] -- Up-to-date symlink: /home/px/arduino_ws/install/my_robot_interfaces/include/my_robot_interfaces/my_robot_interfaces/msg/detail/harvest__rosidl_typesupport_fastrtps_c.h
[16.163s] -- Up-to-date symlink: /home/px/arduino_ws/install/my_robot_interfaces/include/my_robot_interfaces/my_robot_interfaces/msg/detail/harvest_confirmation__rosidl_typesupport_fastrtps_c.h
[16.164s] -- Up-to-date symlink: /home/px/arduino_ws/install/my_robot_interfaces/include/my_robot_interfaces/my_robot_interfaces/msg/detail/imu__rosidl_typesupport_fastrtps_c.h
[16.164s] -- Up-to-date symlink: /home/px/arduino_ws/install/my_robot_interfaces/include/my_robot_interfaces/my_robot_interfaces/msg/detail/imu_data__rosidl_typesupport_fastrtps_c.h
[16.164s] -- Up-to-date symlink: /home/px/arduino_ws/install/my_robot_interfaces/include/my_robot_interfaces/my_robot_interfaces/msg/detail/joystick__rosidl_typesupport_fastrtps_c.h
[16.164s] -- Up-to-date symlink: /home/px/arduino_ws/install/my_robot_interfaces/include/my_robot_interfaces/my_robot_interfaces/msg/detail/laser_scan__rosidl_typesupport_fastrtps_c.h
[16.164s] -- Up-to-date symlink: /home/px/arduino_ws/install/my_robot_interfaces/include/my_robot_interfaces/my_robot_interfaces/msg/detail/lidar_scan__rosidl_typesupport_fastrtps_c.h
[16.165s] -- Up-to-date symlink: /home/px/arduino_ws/install/my_robot_interfaces/include/my_robot_interfaces/my_robot_interfaces/msg/detail/motor_command__rosidl_typesupport_fastrtps_c.h
[16.165s] -- Up-to-date symlink: /home/px/arduino_ws/install/my_robot_interfaces/include/my_robot_interfaces/my_robot_interfaces/msg/detail/real_sense__rosidl_typesupport_fastrtps_c.h
[16.165s] -- Symlinking: /home/px/arduino_ws/install/my_robot_interfaces/include/my_robot_interfaces/my_robot_interfaces/msg/detail/realsense_imu__rosidl_typesupport_fastrtps_c.h
[16.176s] -- Up-to-date symlink: /home/px/arduino_ws/install/my_robot_interfaces/include/my_robot_interfaces/my_robot_interfaces/msg/rosidl_typesupport_fastrtps_c__visibility_control.h
[16.176s] -- Up-to-date symlink: /home/px/arduino_ws/install/my_robot_interfaces/include/my_robot_interfaces/my_robot_interfaces/action/detail/detection__builder.hpp
[16.176s] -- Up-to-date symlink: /home/px/arduino_ws/install/my_robot_interfaces/include/my_robot_interfaces/my_robot_interfaces/action/detail/detection__struct.hpp
[16.176s] -- Up-to-date symlink: /home/px/arduino_ws/install/my_robot_interfaces/include/my_robot_interfaces/my_robot_interfaces/action/detail/detection__traits.hpp
[16.177s] -- Up-to-date symlink: /home/px/arduino_ws/install/my_robot_interfaces/include/my_robot_interfaces/my_robot_interfaces/action/detection.hpp
[16.177s] -- Up-to-date symlink: /home/px/arduino_ws/install/my_robot_interfaces/include/my_robot_interfaces/my_robot_interfaces/msg/detail/find_obstacle__builder.hpp
[16.177s] -- Up-to-date symlink: /home/px/arduino_ws/install/my_robot_interfaces/include/my_robot_interfaces/my_robot_interfaces/msg/detail/find_obstacle__struct.hpp
[16.177s] -- Up-to-date symlink: /home/px/arduino_ws/install/my_robot_interfaces/include/my_robot_interfaces/my_robot_interfaces/msg/detail/find_obstacle__traits.hpp
[16.177s] -- Up-to-date symlink: /home/px/arduino_ws/install/my_robot_interfaces/include/my_robot_interfaces/my_robot_interfaces/msg/detail/fruit_depth__builder.hpp
[16.177s] -- Up-to-date symlink: /home/px/arduino_ws/install/my_robot_interfaces/include/my_robot_interfaces/my_robot_interfaces/msg/detail/fruit_depth__struct.hpp
[16.177s] -- Up-to-date symlink: /home/px/arduino_ws/install/my_robot_interfaces/include/my_robot_interfaces/my_robot_interfaces/msg/detail/fruit_depth__traits.hpp
[16.177s] -- Up-to-date symlink: /home/px/arduino_ws/install/my_robot_interfaces/include/my_robot_interfaces/my_robot_interfaces/msg/detail/harvest__builder.hpp
[16.177s] -- Up-to-date symlink: /home/px/arduino_ws/install/my_robot_interfaces/include/my_robot_interfaces/my_robot_interfaces/msg/detail/harvest__struct.hpp
[16.177s] -- Up-to-date symlink: /home/px/arduino_ws/install/my_robot_interfaces/include/my_robot_interfaces/my_robot_interfaces/msg/detail/harvest__traits.hpp
[16.178s] -- Up-to-date symlink: /home/px/arduino_ws/install/my_robot_interfaces/include/my_robot_interfaces/my_robot_interfaces/msg/detail/harvest_confirmation__builder.hpp
[16.178s] -- Up-to-date symlink: /home/px/arduino_ws/install/my_robot_interfaces/include/my_robot_interfaces/my_robot_interfaces/msg/detail/harvest_confirmation__struct.hpp
[16.178s] -- Up-to-date symlink: /home/px/arduino_ws/install/my_robot_interfaces/include/my_robot_interfaces/my_robot_interfaces/msg/detail/harvest_confirmation__traits.hpp
[16.178s] -- Up-to-date symlink: /home/px/arduino_ws/install/my_robot_interfaces/include/my_robot_interfaces/my_robot_interfaces/msg/detail/imu__builder.hpp
[16.178s] -- Up-to-date symlink: /home/px/arduino_ws/install/my_robot_interfaces/include/my_robot_interfaces/my_robot_interfaces/msg/detail/imu__struct.hpp
[16.178s] -- Up-to-date symlink: /home/px/arduino_ws/install/my_robot_interfaces/include/my_robot_interfaces/my_robot_interfaces/msg/detail/imu__traits.hpp
[16.178s] -- Up-to-date symlink: /home/px/arduino_ws/install/my_robot_interfaces/include/my_robot_interfaces/my_robot_interfaces/msg/detail/imu_data__builder.hpp
[16.178s] -- Up-to-date symlink: /home/px/arduino_ws/install/my_robot_interfaces/include/my_robot_interfaces/my_robot_interfaces/msg/detail/imu_data__struct.hpp
[16.178s] -- Up-to-date symlink: /home/px/arduino_ws/install/my_robot_interfaces/include/my_robot_interfaces/my_robot_interfaces/msg/detail/imu_data__traits.hpp
[16.178s] -- Up-to-date symlink: /home/px/arduino_ws/install/my_robot_interfaces/include/my_robot_interfaces/my_robot_interfaces/msg/detail/joystick__builder.hpp
[16.179s] -- Up-to-date symlink: /home/px/arduino_ws/install/my_robot_interfaces/include/my_robot_interfaces/my_robot_interfaces/msg/detail/joystick__struct.hpp
[16.179s] -- Up-to-date symlink: /home/px/arduino_ws/install/my_robot_interfaces/include/my_robot_interfaces/my_robot_interfaces/msg/detail/joystick__traits.hpp
[16.179s] -- Up-to-date symlink: /home/px/arduino_ws/install/my_robot_interfaces/include/my_robot_interfaces/my_robot_interfaces/msg/detail/laser_scan__builder.hpp
[16.179s] -- Up-to-date symlink: /home/px/arduino_ws/install/my_robot_interfaces/include/my_robot_interfaces/my_robot_interfaces/msg/detail/laser_scan__struct.hpp
[16.179s] -- Up-to-date symlink: /home/px/arduino_ws/install/my_robot_interfaces/include/my_robot_interfaces/my_robot_interfaces/msg/detail/laser_scan__traits.hpp
[16.179s] -- Up-to-date symlink: /home/px/arduino_ws/install/my_robot_interfaces/include/my_robot_interfaces/my_robot_interfaces/msg/detail/lidar_scan__builder.hpp
[16.179s] -- Up-to-date symlink: /home/px/arduino_ws/install/my_robot_interfaces/include/my_robot_interfaces/my_robot_interfaces/msg/detail/lidar_scan__struct.hpp
[16.179s] -- Up-to-date symlink: /home/px/arduino_ws/install/my_robot_interfaces/include/my_robot_interfaces/my_robot_interfaces/msg/detail/lidar_scan__traits.hpp
[16.179s] -- Up-to-date symlink: /home/px/arduino_ws/install/my_robot_interfaces/include/my_robot_interfaces/my_robot_interfaces/msg/detail/motor_command__builder.hpp
[16.179s] -- Up-to-date symlink: /home/px/arduino_ws/install/my_robot_interfaces/include/my_robot_interfaces/my_robot_interfaces/msg/detail/motor_command__struct.hpp
[16.179s] -- Up-to-date symlink: /home/px/arduino_ws/install/my_robot_interfaces/include/my_robot_interfaces/my_robot_interfaces/msg/detail/motor_command__traits.hpp
[16.180s] -- Up-to-date symlink: /home/px/arduino_ws/install/my_robot_interfaces/include/my_robot_interfaces/my_robot_interfaces/msg/detail/real_sense__builder.hpp
[16.180s] -- Up-to-date symlink: /home/px/arduino_ws/install/my_robot_interfaces/include/my_robot_interfaces/my_robot_interfaces/msg/detail/real_sense__struct.hpp
[16.180s] -- Up-to-date symlink: /home/px/arduino_ws/install/my_robot_interfaces/include/my_robot_interfaces/my_robot_interfaces/msg/detail/real_sense__traits.hpp
[16.180s] -- Symlinking: /home/px/arduino_ws/install/my_robot_interfaces/include/my_robot_interfaces/my_robot_interfaces/msg/detail/realsense_imu__builder.hpp
[16.189s] -- Symlinking: /home/px/arduino_ws/install/my_robot_interfaces/include/my_robot_interfaces/my_robot_interfaces/msg/detail/realsense_imu__struct.hpp
[16.198s] -- Symlinking: /home/px/arduino_ws/install/my_robot_interfaces/include/my_robot_interfaces/my_robot_interfaces/msg/detail/realsense_imu__traits.hpp
[16.206s] -- Up-to-date symlink: /home/px/arduino_ws/install/my_robot_interfaces/include/my_robot_interfaces/my_robot_interfaces/msg/find_obstacle.hpp
[16.206s] -- Up-to-date symlink: /home/px/arduino_ws/install/my_robot_interfaces/include/my_robot_interfaces/my_robot_interfaces/msg/fruit_depth.hpp
[16.206s] -- Up-to-date symlink: /home/px/arduino_ws/install/my_robot_interfaces/include/my_robot_interfaces/my_robot_interfaces/msg/harvest.hpp
[16.207s] -- Up-to-date symlink: /home/px/arduino_ws/install/my_robot_interfaces/include/my_robot_interfaces/my_robot_interfaces/msg/harvest_confirmation.hpp
[16.207s] -- Up-to-date symlink: /home/px/arduino_ws/install/my_robot_interfaces/include/my_robot_interfaces/my_robot_interfaces/msg/imu.hpp
[16.207s] -- Up-to-date symlink: /home/px/arduino_ws/install/my_robot_interfaces/include/my_robot_interfaces/my_robot_interfaces/msg/imu_data.hpp
[16.207s] -- Up-to-date symlink: /home/px/arduino_ws/install/my_robot_interfaces/include/my_robot_interfaces/my_robot_interfaces/msg/joystick.hpp
[16.207s] -- Up-to-date symlink: /home/px/arduino_ws/install/my_robot_interfaces/include/my_robot_interfaces/my_robot_interfaces/msg/laser_scan.hpp
[16.207s] -- Up-to-date symlink: /home/px/arduino_ws/install/my_robot_interfaces/include/my_robot_interfaces/my_robot_interfaces/msg/lidar_scan.hpp
[16.207s] -- Up-to-date symlink: /home/px/arduino_ws/install/my_robot_interfaces/include/my_robot_interfaces/my_robot_interfaces/msg/motor_command.hpp
[16.207s] -- Up-to-date symlink: /home/px/arduino_ws/install/my_robot_interfaces/include/my_robot_interfaces/my_robot_interfaces/msg/real_sense.hpp
[16.207s] -- Symlinking: /home/px/arduino_ws/install/my_robot_interfaces/include/my_robot_interfaces/my_robot_interfaces/msg/realsense_imu.hpp
[16.216s] -- Up-to-date symlink: /home/px/arduino_ws/install/my_robot_interfaces/include/my_robot_interfaces/my_robot_interfaces/action/detail/detection__rosidl_typesupport_fastrtps_cpp.hpp
[16.217s] -- Up-to-date symlink: /home/px/arduino_ws/install/my_robot_interfaces/include/my_robot_interfaces/my_robot_interfaces/msg/detail/find_obstacle__rosidl_typesupport_fastrtps_cpp.hpp
[16.217s] -- Up-to-date symlink: /home/px/arduino_ws/install/my_robot_interfaces/include/my_robot_interfaces/my_robot_interfaces/msg/detail/fruit_depth__rosidl_typesupport_fastrtps_cpp.hpp
[16.217s] -- Up-to-date symlink: /home/px/arduino_ws/install/my_robot_interfaces/include/my_robot_interfaces/my_robot_interfaces/msg/detail/harvest__rosidl_typesupport_fastrtps_cpp.hpp
[16.217s] -- Up-to-date symlink: /home/px/arduino_ws/install/my_robot_interfaces/include/my_robot_interfaces/my_robot_interfaces/msg/detail/harvest_confirmation__rosidl_typesupport_fastrtps_cpp.hpp
[16.217s] -- Up-to-date symlink: /home/px/arduino_ws/install/my_robot_interfaces/include/my_robot_interfaces/my_robot_interfaces/msg/detail/imu__rosidl_typesupport_fastrtps_cpp.hpp
[16.217s] -- Up-to-date symlink: /home/px/arduino_ws/install/my_robot_interfaces/include/my_robot_interfaces/my_robot_interfaces/msg/detail/imu_data__rosidl_typesupport_fastrtps_cpp.hpp
[16.217s] -- Up-to-date symlink: /home/px/arduino_ws/install/my_robot_interfaces/include/my_robot_interfaces/my_robot_interfaces/msg/detail/joystick__rosidl_typesupport_fastrtps_cpp.hpp
[16.217s] -- Up-to-date symlink: /home/px/arduino_ws/install/my_robot_interfaces/include/my_robot_interfaces/my_robot_interfaces/msg/detail/laser_scan__rosidl_typesupport_fastrtps_cpp.hpp
[16.218s] -- Up-to-date symlink: /home/px/arduino_ws/install/my_robot_interfaces/include/my_robot_interfaces/my_robot_interfaces/msg/detail/lidar_scan__rosidl_typesupport_fastrtps_cpp.hpp
[16.218s] -- Up-to-date symlink: /home/px/arduino_ws/install/my_robot_interfaces/include/my_robot_interfaces/my_robot_interfaces/msg/detail/motor_command__rosidl_typesupport_fastrtps_cpp.hpp
[16.218s] -- Up-to-date symlink: /home/px/arduino_ws/install/my_robot_interfaces/include/my_robot_interfaces/my_robot_interfaces/msg/detail/real_sense__rosidl_typesupport_fastrtps_cpp.hpp
[16.218s] -- Symlinking: /home/px/arduino_ws/install/my_robot_interfaces/include/my_robot_interfaces/my_robot_interfaces/msg/detail/realsense_imu__rosidl_typesupport_fastrtps_cpp.hpp
[16.226s] -- Up-to-date symlink: /home/px/arduino_ws/install/my_robot_interfaces/include/my_robot_interfaces/my_robot_interfaces/msg/rosidl_typesupport_fastrtps_cpp__visibility_control.h
[16.227s] -- Up-to-date symlink: /home/px/arduino_ws/install/my_robot_interfaces/include/my_robot_interfaces/my_robot_interfaces/action/detail/detection__rosidl_typesupport_introspection_c.h
[16.227s] -- Up-to-date symlink: /home/px/arduino_ws/install/my_robot_interfaces/include/my_robot_interfaces/my_robot_interfaces/msg/detail/find_obstacle__rosidl_typesupport_introspection_c.h
[16.227s] -- Up-to-date symlink: /home/px/arduino_ws/install/my_robot_interfaces/include/my_robot_interfaces/my_robot_interfaces/msg/detail/fruit_depth__rosidl_typesupport_introspection_c.h
[16.227s] -- Up-to-date symlink: /home/px/arduino_ws/install/my_robot_interfaces/include/my_robot_interfaces/my_robot_interfaces/msg/detail/harvest__rosidl_typesupport_introspection_c.h
[16.227s] -- Up-to-date symlink: /home/px/arduino_ws/install/my_robot_interfaces/include/my_robot_interfaces/my_robot_interfaces/msg/detail/harvest_confirmation__rosidl_typesupport_introspection_c.h
[16.227s] -- Up-to-date symlink: /home/px/arduino_ws/install/my_robot_interfaces/include/my_robot_interfaces/my_robot_interfaces/msg/detail/imu__rosidl_typesupport_introspection_c.h
[16.228s] -- Up-to-date symlink: /home/px/arduino_ws/install/my_robot_interfaces/include/my_robot_interfaces/my_robot_interfaces/msg/detail/imu_data__rosidl_typesupport_introspection_c.h
[16.228s] -- Up-to-date symlink: /home/px/arduino_ws/install/my_robot_interfaces/include/my_robot_interfaces/my_robot_interfaces/msg/detail/joystick__rosidl_typesupport_introspection_c.h
[16.228s] -- Up-to-date symlink: /home/px/arduino_ws/install/my_robot_interfaces/include/my_robot_interfaces/my_robot_interfaces/msg/detail/laser_scan__rosidl_typesupport_introspection_c.h
[16.228s] -- Up-to-date symlink: /home/px/arduino_ws/install/my_robot_interfaces/include/my_robot_interfaces/my_robot_interfaces/msg/detail/lidar_scan__rosidl_typesupport_introspection_c.h
[16.228s] -- Up-to-date symlink: /home/px/arduino_ws/install/my_robot_interfaces/include/my_robot_interfaces/my_robot_interfaces/msg/detail/motor_command__rosidl_typesupport_introspection_c.h
[16.228s] -- Up-to-date symlink: /home/px/arduino_ws/install/my_robot_interfaces/include/my_robot_interfaces/my_robot_interfaces/msg/detail/real_sense__rosidl_typesupport_introspection_c.h
[16.228s] -- Symlinking: /home/px/arduino_ws/install/my_robot_interfaces/include/my_robot_interfaces/my_robot_interfaces/msg/detail/realsense_imu__rosidl_typesupport_introspection_c.h
[16.238s] -- Up-to-date symlink: /home/px/arduino_ws/install/my_robot_interfaces/include/my_robot_interfaces/my_robot_interfaces/msg/rosidl_typesupport_introspection_c__visibility_control.h
[16.239s] -- Up-to-date symlink: /home/px/arduino_ws/install/my_robot_interfaces/include/my_robot_interfaces/my_robot_interfaces/action/detail/detection__rosidl_typesupport_introspection_cpp.hpp
[16.239s] -- Up-to-date symlink: /home/px/arduino_ws/install/my_robot_interfaces/include/my_robot_interfaces/my_robot_interfaces/msg/detail/find_obstacle__rosidl_typesupport_introspection_cpp.hpp
[16.239s] -- Up-to-date symlink: /home/px/arduino_ws/install/my_robot_interfaces/include/my_robot_interfaces/my_robot_interfaces/msg/detail/fruit_depth__rosidl_typesupport_introspection_cpp.hpp
[16.239s] -- Up-to-date symlink: /home/px/arduino_ws/install/my_robot_interfaces/include/my_robot_interfaces/my_robot_interfaces/msg/detail/harvest__rosidl_typesupport_introspection_cpp.hpp
[16.239s] -- Up-to-date symlink: /home/px/arduino_ws/install/my_robot_interfaces/include/my_robot_interfaces/my_robot_interfaces/msg/detail/harvest_confirmation__rosidl_typesupport_introspection_cpp.hpp
[16.239s] -- Up-to-date symlink: /home/px/arduino_ws/install/my_robot_interfaces/include/my_robot_interfaces/my_robot_interfaces/msg/detail/imu__rosidl_typesupport_introspection_cpp.hpp
[16.240s] -- Up-to-date symlink: /home/px/arduino_ws/install/my_robot_interfaces/include/my_robot_interfaces/my_robot_interfaces/msg/detail/imu_data__rosidl_typesupport_introspection_cpp.hpp
[16.240s] -- Up-to-date symlink: /home/px/arduino_ws/install/my_robot_interfaces/include/my_robot_interfaces/my_robot_interfaces/msg/detail/joystick__rosidl_typesupport_introspection_cpp.hpp
[16.240s] -- Up-to-date symlink: /home/px/arduino_ws/install/my_robot_interfaces/include/my_robot_interfaces/my_robot_interfaces/msg/detail/laser_scan__rosidl_typesupport_introspection_cpp.hpp
[16.240s] -- Up-to-date symlink: /home/px/arduino_ws/install/my_robot_interfaces/include/my_robot_interfaces/my_robot_interfaces/msg/detail/lidar_scan__rosidl_typesupport_introspection_cpp.hpp
[16.240s] -- Up-to-date symlink: /home/px/arduino_ws/install/my_robot_interfaces/include/my_robot_interfaces/my_robot_interfaces/msg/detail/motor_command__rosidl_typesupport_introspection_cpp.hpp
[16.240s] -- Up-to-date symlink: /home/px/arduino_ws/install/my_robot_interfaces/include/my_robot_interfaces/my_robot_interfaces/msg/detail/real_sense__rosidl_typesupport_introspection_cpp.hpp
[16.240s] -- Symlinking: /home/px/arduino_ws/install/my_robot_interfaces/include/my_robot_interfaces/my_robot_interfaces/msg/detail/realsense_imu__rosidl_typesupport_introspection_cpp.hpp
[16.250s] -- Up-to-date symlink: /home/px/arduino_ws/install/my_robot_interfaces/share/my_robot_interfaces/environment/pythonpath.sh
[16.250s] -- Up-to-date symlink: /home/px/arduino_ws/install/my_robot_interfaces/share/my_robot_interfaces/environment/pythonpath.dsv
[16.250s] -- Up-to-date symlink: /home/px/arduino_ws/install/my_robot_interfaces/local/lib/python3.10/dist-packages/my_robot_interfaces-0.0.0-py3.10.egg-info/PKG-INFO
[16.250s] -- Up-to-date symlink: /home/px/arduino_ws/install/my_robot_interfaces/local/lib/python3.10/dist-packages/my_robot_interfaces-0.0.0-py3.10.egg-info/SOURCES.txt
[16.250s] -- Up-to-date symlink: /home/px/arduino_ws/install/my_robot_interfaces/local/lib/python3.10/dist-packages/my_robot_interfaces-0.0.0-py3.10.egg-info/dependency_links.txt
[16.250s] -- Up-to-date symlink: /home/px/arduino_ws/install/my_robot_interfaces/local/lib/python3.10/dist-packages/my_robot_interfaces-0.0.0-py3.10.egg-info/top_level.txt
[16.252s] -- Up-to-date symlink: /home/px/arduino_ws/install/my_robot_interfaces/local/lib/python3.10/dist-packages/my_robot_interfaces/__init__.py
[16.252s] -- Up-to-date symlink: /home/px/arduino_ws/install/my_robot_interfaces/local/lib/python3.10/dist-packages/my_robot_interfaces/_my_robot_interfaces_s.ep.rosidl_typesupport_c.c
[16.252s] -- Up-to-date symlink: /home/px/arduino_ws/install/my_robot_interfaces/local/lib/python3.10/dist-packages/my_robot_interfaces/_my_robot_interfaces_s.ep.rosidl_typesupport_fastrtps_c.c
[16.252s] -- Up-to-date symlink: /home/px/arduino_ws/install/my_robot_interfaces/local/lib/python3.10/dist-packages/my_robot_interfaces/_my_robot_interfaces_s.ep.rosidl_typesupport_introspection_c.c
[16.252s] -- Up-to-date symlink: /home/px/arduino_ws/install/my_robot_interfaces/local/lib/python3.10/dist-packages/my_robot_interfaces/action/__init__.py
[16.252s] -- Up-to-date symlink: /home/px/arduino_ws/install/my_robot_interfaces/local/lib/python3.10/dist-packages/my_robot_interfaces/action/_detection.py
[16.252s] -- Up-to-date symlink: /home/px/arduino_ws/install/my_robot_interfaces/local/lib/python3.10/dist-packages/my_robot_interfaces/action/_detection_s.c
[16.253s] -- Up-to-date symlink: /home/px/arduino_ws/install/my_robot_interfaces/local/lib/python3.10/dist-packages/my_robot_interfaces/libmy_robot_interfaces__rosidl_generator_py.so
[16.253s] -- Up-to-date symlink: /home/px/arduino_ws/install/my_robot_interfaces/local/lib/python3.10/dist-packages/my_robot_interfaces/msg/__init__.py
[16.253s] -- Up-to-date symlink: /home/px/arduino_ws/install/my_robot_interfaces/local/lib/python3.10/dist-packages/my_robot_interfaces/msg/_find_obstacle.py
[16.253s] -- Up-to-date symlink: /home/px/arduino_ws/install/my_robot_interfaces/local/lib/python3.10/dist-packages/my_robot_interfaces/msg/_find_obstacle_s.c
[16.253s] -- Up-to-date symlink: /home/px/arduino_ws/install/my_robot_interfaces/local/lib/python3.10/dist-packages/my_robot_interfaces/msg/_fruit_depth.py
[16.253s] -- Up-to-date symlink: /home/px/arduino_ws/install/my_robot_interfaces/local/lib/python3.10/dist-packages/my_robot_interfaces/msg/_fruit_depth_s.c
[16.253s] -- Up-to-date symlink: /home/px/arduino_ws/install/my_robot_interfaces/local/lib/python3.10/dist-packages/my_robot_interfaces/msg/_harvest.py
[16.253s] -- Up-to-date symlink: /home/px/arduino_ws/install/my_robot_interfaces/local/lib/python3.10/dist-packages/my_robot_interfaces/msg/_harvest_confirmation.py
[16.254s] -- Up-to-date symlink: /home/px/arduino_ws/install/my_robot_interfaces/local/lib/python3.10/dist-packages/my_robot_interfaces/msg/_harvest_confirmation_s.c
[16.254s] -- Up-to-date symlink: /home/px/arduino_ws/install/my_robot_interfaces/local/lib/python3.10/dist-packages/my_robot_interfaces/msg/_harvest_s.c
[16.254s] -- Up-to-date symlink: /home/px/arduino_ws/install/my_robot_interfaces/local/lib/python3.10/dist-packages/my_robot_interfaces/msg/_imu.py
[16.254s] -- Up-to-date symlink: /home/px/arduino_ws/install/my_robot_interfaces/local/lib/python3.10/dist-packages/my_robot_interfaces/msg/_imu_data.py
[16.254s] -- Up-to-date symlink: /home/px/arduino_ws/install/my_robot_interfaces/local/lib/python3.10/dist-packages/my_robot_interfaces/msg/_imu_data_s.c
[16.255s] -- Up-to-date symlink: /home/px/arduino_ws/install/my_robot_interfaces/local/lib/python3.10/dist-packages/my_robot_interfaces/msg/_imu_s.c
[16.255s] -- Up-to-date symlink: /home/px/arduino_ws/install/my_robot_interfaces/local/lib/python3.10/dist-packages/my_robot_interfaces/msg/_joystick.py
[16.255s] -- Up-to-date symlink: /home/px/arduino_ws/install/my_robot_interfaces/local/lib/python3.10/dist-packages/my_robot_interfaces/msg/_joystick_s.c
[16.255s] -- Up-to-date symlink: /home/px/arduino_ws/install/my_robot_interfaces/local/lib/python3.10/dist-packages/my_robot_interfaces/msg/_laser_scan.py
[16.255s] -- Up-to-date symlink: /home/px/arduino_ws/install/my_robot_interfaces/local/lib/python3.10/dist-packages/my_robot_interfaces/msg/_laser_scan_s.c
[16.255s] -- Up-to-date symlink: /home/px/arduino_ws/install/my_robot_interfaces/local/lib/python3.10/dist-packages/my_robot_interfaces/msg/_lidar_scan.py
[16.255s] -- Up-to-date symlink: /home/px/arduino_ws/install/my_robot_interfaces/local/lib/python3.10/dist-packages/my_robot_interfaces/msg/_lidar_scan_s.c
[16.255s] -- Up-to-date symlink: /home/px/arduino_ws/install/my_robot_interfaces/local/lib/python3.10/dist-packages/my_robot_interfaces/msg/_motor_command.py
[16.255s] -- Up-to-date symlink: /home/px/arduino_ws/install/my_robot_interfaces/local/lib/python3.10/dist-packages/my_robot_interfaces/msg/_motor_command_s.c
[16.256s] -- Up-to-date symlink: /home/px/arduino_ws/install/my_robot_interfaces/local/lib/python3.10/dist-packages/my_robot_interfaces/msg/_real_sense.py
[16.256s] -- Up-to-date symlink: /home/px/arduino_ws/install/my_robot_interfaces/local/lib/python3.10/dist-packages/my_robot_interfaces/msg/_real_sense_s.c
[16.256s] -- Symlinking: /home/px/arduino_ws/install/my_robot_interfaces/local/lib/python3.10/dist-packages/my_robot_interfaces/msg/_realsense_imu.py
[16.266s] -- Symlinking: /home/px/arduino_ws/install/my_robot_interfaces/local/lib/python3.10/dist-packages/my_robot_interfaces/msg/_realsense_imu_s.c
[16.277s] -- Up-to-date symlink: /home/px/arduino_ws/install/my_robot_interfaces/local/lib/python3.10/dist-packages/my_robot_interfaces/my_robot_interfaces_s__rosidl_typesupport_c.cpython-310-x86_64-linux-gnu.so
[16.277s] -- Up-to-date symlink: /home/px/arduino_ws/install/my_robot_interfaces/local/lib/python3.10/dist-packages/my_robot_interfaces/my_robot_interfaces_s__rosidl_typesupport_fastrtps_c.cpython-310-x86_64-linux-gnu.so
[16.277s] -- Up-to-date symlink: /home/px/arduino_ws/install/my_robot_interfaces/local/lib/python3.10/dist-packages/my_robot_interfaces/my_robot_interfaces_s__rosidl_typesupport_introspection_c.cpython-310-x86_64-linux-gnu.so
[16.277s] -- Up-to-date symlink: /home/px/arduino_ws/install/my_robot_interfaces/local/lib/python3.10/dist-packages/my_robot_interfaces/my_robot_interfaces_s__rosidl_typesupport_fastrtps_c.cpython-310-x86_64-linux-gnu.so
[16.278s] -- Up-to-date symlink: /home/px/arduino_ws/install/my_robot_interfaces/local/lib/python3.10/dist-packages/my_robot_interfaces/my_robot_interfaces_s__rosidl_typesupport_introspection_c.cpython-310-x86_64-linux-gnu.so
[16.281s] -- Up-to-date symlink: /home/px/arduino_ws/install/my_robot_interfaces/local/lib/python3.10/dist-packages/my_robot_interfaces/my_robot_interfaces_s__rosidl_typesupport_c.cpython-310-x86_64-linux-gnu.so
[16.281s] -- Up-to-date symlink: /home/px/arduino_ws/install/my_robot_interfaces/share/my_robot_interfaces/msg/LidarScan.idl
[16.281s] -- Up-to-date symlink: /home/px/arduino_ws/install/my_robot_interfaces/share/my_robot_interfaces/msg/LaserScan.idl
[16.281s] -- Up-to-date symlink: /home/px/arduino_ws/install/my_robot_interfaces/share/my_robot_interfaces/msg/FruitDepth.idl
[16.281s] -- Up-to-date symlink: /home/px/arduino_ws/install/my_robot_interfaces/share/my_robot_interfaces/msg/Joystick.idl
[16.281s] -- Up-to-date symlink: /home/px/arduino_ws/install/my_robot_interfaces/share/my_robot_interfaces/msg/MotorCommand.idl
[16.281s] -- Up-to-date symlink: /home/px/arduino_ws/install/my_robot_interfaces/share/my_robot_interfaces/msg/FindObstacle.idl
[16.281s] -- Up-to-date symlink: /home/px/arduino_ws/install/my_robot_interfaces/share/my_robot_interfaces/msg/RealSense.idl
[16.282s] -- Up-to-date symlink: /home/px/arduino_ws/install/my_robot_interfaces/share/my_robot_interfaces/msg/ImuData.idl
[16.282s] -- Up-to-date symlink: /home/px/arduino_ws/install/my_robot_interfaces/share/my_robot_interfaces/msg/Harvest.idl
[16.282s] -- Up-to-date symlink: /home/px/arduino_ws/install/my_robot_interfaces/share/my_robot_interfaces/msg/HarvestConfirmation.idl
[16.282s] -- Symlinking: /home/px/arduino_ws/install/my_robot_interfaces/share/my_robot_interfaces/msg/RealsenseImu.idl
[16.291s] -- Up-to-date symlink: /home/px/arduino_ws/install/my_robot_interfaces/share/my_robot_interfaces/action/Detection.idl
[16.291s] -- Up-to-date symlink: /home/px/arduino_ws/install/my_robot_interfaces/share/my_robot_interfaces/msg/LidarScan.msg
[16.291s] -- Up-to-date symlink: /home/px/arduino_ws/install/my_robot_interfaces/share/my_robot_interfaces/msg/LaserScan.msg
[16.292s] -- Up-to-date symlink: /home/px/arduino_ws/install/my_robot_interfaces/share/my_robot_interfaces/msg/FruitDepth.msg
[16.292s] -- Up-to-date symlink: /home/px/arduino_ws/install/my_robot_interfaces/share/my_robot_interfaces/msg/Joystick.msg
[16.292s] -- Up-to-date symlink: /home/px/arduino_ws/install/my_robot_interfaces/share/my_robot_interfaces/msg/MotorCommand.msg
[16.292s] -- Up-to-date symlink: /home/px/arduino_ws/install/my_robot_interfaces/share/my_robot_interfaces/msg/FindObstacle.msg
[16.292s] -- Up-to-date symlink: /home/px/arduino_ws/install/my_robot_interfaces/share/my_robot_interfaces/msg/RealSense.msg
[16.292s] -- Up-to-date symlink: /home/px/arduino_ws/install/my_robot_interfaces/share/my_robot_interfaces/msg/ImuData.msg
[16.292s] -- Up-to-date symlink: /home/px/arduino_ws/install/my_robot_interfaces/share/my_robot_interfaces/msg/Harvest.msg
[16.292s] -- Up-to-date symlink: /home/px/arduino_ws/install/my_robot_interfaces/share/my_robot_interfaces/msg/HarvestConfirmation.msg
[16.292s] -- Symlinking: /home/px/arduino_ws/install/my_robot_interfaces/share/my_robot_interfaces/msg/RealsenseImu.msg
[16.302s] -- Up-to-date symlink: /home/px/arduino_ws/install/my_robot_interfaces/share/my_robot_interfaces/action/Detection.action
[16.302s] -- Up-to-date symlink: /home/px/arduino_ws/install/my_robot_interfaces/share/ament_index/resource_index/package_run_dependencies/my_robot_interfaces
[16.303s] -- Up-to-date symlink: /home/px/arduino_ws/install/my_robot_interfaces/share/ament_index/resource_index/parent_prefix_path/my_robot_interfaces
[16.303s] -- Up-to-date symlink: /home/px/arduino_ws/install/my_robot_interfaces/share/my_robot_interfaces/environment/ament_prefix_path.sh
[16.303s] -- Up-to-date symlink: /home/px/arduino_ws/install/my_robot_interfaces/share/my_robot_interfaces/environment/ament_prefix_path.dsv
[16.303s] -- Up-to-date symlink: /home/px/arduino_ws/install/my_robot_interfaces/share/my_robot_interfaces/environment/path.sh
[16.303s] -- Up-to-date symlink: /home/px/arduino_ws/install/my_robot_interfaces/share/my_robot_interfaces/environment/path.dsv
[16.303s] -- Up-to-date symlink: /home/px/arduino_ws/install/my_robot_interfaces/share/my_robot_interfaces/local_setup.bash
[16.304s] -- Up-to-date symlink: /home/px/arduino_ws/install/my_robot_interfaces/share/my_robot_interfaces/local_setup.sh
[16.304s] -- Up-to-date symlink: /home/px/arduino_ws/install/my_robot_interfaces/share/my_robot_interfaces/local_setup.zsh
[16.304s] -- Up-to-date symlink: /home/px/arduino_ws/install/my_robot_interfaces/share/my_robot_interfaces/local_setup.dsv
[16.304s] -- Symlinking: /home/px/arduino_ws/install/my_robot_interfaces/share/my_robot_interfaces/package.dsv
[16.313s] -- Up-to-date symlink: /home/px/arduino_ws/install/my_robot_interfaces/share/ament_index/resource_index/packages/my_robot_interfaces
[16.313s] -- Up-to-date symlink: /home/px/arduino_ws/install/my_robot_interfaces/share/my_robot_interfaces/cmake/rosidl_cmake-extras.cmake
[16.313s] -- Up-to-date symlink: /home/px/arduino_ws/install/my_robot_interfaces/share/my_robot_interfaces/cmake/ament_cmake_export_dependencies-extras.cmake
[16.313s] -- Up-to-date symlink: /home/px/arduino_ws/install/my_robot_interfaces/share/my_robot_interfaces/cmake/ament_cmake_export_include_directories-extras.cmake
[16.313s] -- Up-to-date symlink: /home/px/arduino_ws/install/my_robot_interfaces/share/my_robot_interfaces/cmake/ament_cmake_export_libraries-extras.cmake
[16.313s] -- Up-to-date symlink: /home/px/arduino_ws/install/my_robot_interfaces/share/my_robot_interfaces/cmake/ament_cmake_export_targets-extras.cmake
[16.313s] -- Up-to-date symlink: /home/px/arduino_ws/install/my_robot_interfaces/share/my_robot_interfaces/cmake/rosidl_cmake_export_typesupport_targets-extras.cmake
[16.314s] -- Up-to-date symlink: /home/px/arduino_ws/install/my_robot_interfaces/share/my_robot_interfaces/cmake/rosidl_cmake_export_typesupport_libraries-extras.cmake
[16.314s] -- Up-to-date symlink: /home/px/arduino_ws/install/my_robot_interfaces/share/my_robot_interfaces/cmake/my_robot_interfacesConfig.cmake
[16.314s] -- Up-to-date symlink: /home/px/arduino_ws/install/my_robot_interfaces/share/my_robot_interfaces/cmake/my_robot_interfacesConfig-version.cmake
[16.314s] -- Up-to-date symlink: /home/px/arduino_ws/install/my_robot_interfaces/share/my_robot_interfaces/package.xml
[16.314s] -- Installing: /home/px/arduino_ws/install/my_robot_interfaces/lib/libmy_robot_interfaces__rosidl_generator_c.so
[16.315s] -- Set runtime path of "/home/px/arduino_ws/install/my_robot_interfaces/lib/libmy_robot_interfaces__rosidl_generator_c.so" to ""
[16.315s] -- Installing: /home/px/arduino_ws/install/my_robot_interfaces/lib/libmy_robot_interfaces__rosidl_typesupport_fastrtps_c.so
[16.316s] -- Set runtime path of "/home/px/arduino_ws/install/my_robot_interfaces/lib/libmy_robot_interfaces__rosidl_typesupport_fastrtps_c.so" to ""
[16.316s] -- Installing: /home/px/arduino_ws/install/my_robot_interfaces/lib/libmy_robot_interfaces__rosidl_typesupport_fastrtps_cpp.so
[16.316s] -- Set runtime path of "/home/px/arduino_ws/install/my_robot_interfaces/lib/libmy_robot_interfaces__rosidl_typesupport_fastrtps_cpp.so" to ""
[16.316s] -- Installing: /home/px/arduino_ws/install/my_robot_interfaces/lib/libmy_robot_interfaces__rosidl_typesupport_introspection_c.so
[16.317s] -- Set runtime path of "/home/px/arduino_ws/install/my_robot_interfaces/lib/libmy_robot_interfaces__rosidl_typesupport_introspection_c.so" to ""
[16.317s] -- Installing: /home/px/arduino_ws/install/my_robot_interfaces/lib/libmy_robot_interfaces__rosidl_typesupport_c.so
[16.317s] -- Set runtime path of "/home/px/arduino_ws/install/my_robot_interfaces/lib/libmy_robot_interfaces__rosidl_typesupport_c.so" to ""
[16.317s] -- Installing: /home/px/arduino_ws/install/my_robot_interfaces/lib/libmy_robot_interfaces__rosidl_typesupport_introspection_cpp.so
[16.318s] -- Set runtime path of "/home/px/arduino_ws/install/my_robot_interfaces/lib/libmy_robot_interfaces__rosidl_typesupport_introspection_cpp.so" to ""
[16.318s] -- Installing: /home/px/arduino_ws/install/my_robot_interfaces/lib/libmy_robot_interfaces__rosidl_typesupport_cpp.so
[16.318s] -- Set runtime path of "/home/px/arduino_ws/install/my_robot_interfaces/lib/libmy_robot_interfaces__rosidl_typesupport_cpp.so" to ""
[16.377s] Listing '/home/px/arduino_ws/install/my_robot_interfaces/local/lib/python3.10/dist-packages/my_robot_interfaces'...
[16.377s] Compiling '/home/px/arduino_ws/install/my_robot_interfaces/local/lib/python3.10/dist-packages/my_robot_interfaces/__init__.py'...
[16.377s] Listing '/home/px/arduino_ws/install/my_robot_interfaces/local/lib/python3.10/dist-packages/my_robot_interfaces/action'...
[16.377s] Compiling '/home/px/arduino_ws/install/my_robot_interfaces/local/lib/python3.10/dist-packages/my_robot_interfaces/action/__init__.py'...
[16.377s] Compiling '/home/px/arduino_ws/install/my_robot_interfaces/local/lib/python3.10/dist-packages/my_robot_interfaces/action/_detection.py'...
[16.377s] Listing '/home/px/arduino_ws/install/my_robot_interfaces/local/lib/python3.10/dist-packages/my_robot_interfaces/msg'...
[16.377s] Compiling '/home/px/arduino_ws/install/my_robot_interfaces/local/lib/python3.10/dist-packages/my_robot_interfaces/msg/__init__.py'...
[16.377s] Compiling '/home/px/arduino_ws/install/my_robot_interfaces/local/lib/python3.10/dist-packages/my_robot_interfaces/msg/_find_obstacle.py'...
[16.378s] Compiling '/home/px/arduino_ws/install/my_robot_interfaces/local/lib/python3.10/dist-packages/my_robot_interfaces/msg/_fruit_depth.py'...
[16.378s] Compiling '/home/px/arduino_ws/install/my_robot_interfaces/local/lib/python3.10/dist-packages/my_robot_interfaces/msg/_harvest.py'...
[16.378s] Compiling '/home/px/arduino_ws/install/my_robot_interfaces/local/lib/python3.10/dist-packages/my_robot_interfaces/msg/_harvest_confirmation.py'...
[16.378s] Compiling '/home/px/arduino_ws/install/my_robot_interfaces/local/lib/python3.10/dist-packages/my_robot_interfaces/msg/_imu_data.py'...
[16.378s] Compiling '/home/px/arduino_ws/install/my_robot_interfaces/local/lib/python3.10/dist-packages/my_robot_interfaces/msg/_joystick.py'...
[16.378s] Compiling '/home/px/arduino_ws/install/my_robot_interfaces/local/lib/python3.10/dist-packages/my_robot_interfaces/msg/_laser_scan.py'...
[16.378s] Compiling '/home/px/arduino_ws/install/my_robot_interfaces/local/lib/python3.10/dist-packages/my_robot_interfaces/msg/_lidar_scan.py'...
[16.378s] Compiling '/home/px/arduino_ws/install/my_robot_interfaces/local/lib/python3.10/dist-packages/my_robot_interfaces/msg/_motor_command.py'...
[16.378s] Compiling '/home/px/arduino_ws/install/my_robot_interfaces/local/lib/python3.10/dist-packages/my_robot_interfaces/msg/_real_sense.py'...
[16.378s] Compiling '/home/px/arduino_ws/install/my_robot_interfaces/local/lib/python3.10/dist-packages/my_robot_interfaces/msg/_realsense_imu.py'...
[16.379s] Listing '/home/px/arduino_ws/install/my_robot_interfaces/local/lib/python3.10/dist-packages/my_robot_interfaces/srv'...
[16.382s] -- Installing: /home/px/arduino_ws/install/my_robot_interfaces/lib/libmy_robot_interfaces__rosidl_generator_py.so
[16.383s] -- Set runtime path of "/home/px/arduino_ws/install/my_robot_interfaces/lib/libmy_robot_interfaces__rosidl_generator_py.so" to ""
[16.383s] -- Up-to-date: /home/px/arduino_ws/install/my_robot_interfaces/share/my_robot_interfaces/cmake/export_my_robot_interfaces__rosidl_generator_cExport.cmake
[16.383s] -- Up-to-date: /home/px/arduino_ws/install/my_robot_interfaces/share/my_robot_interfaces/cmake/export_my_robot_interfaces__rosidl_generator_cExport-noconfig.cmake
[16.383s] -- Up-to-date: /home/px/arduino_ws/install/my_robot_interfaces/share/my_robot_interfaces/cmake/export_my_robot_interfaces__rosidl_typesupport_fastrtps_cExport.cmake
[16.383s] -- Up-to-date: /home/px/arduino_ws/install/my_robot_interfaces/share/my_robot_interfaces/cmake/export_my_robot_interfaces__rosidl_typesupport_fastrtps_cExport-noconfig.cmake
[16.383s] -- Up-to-date: /home/px/arduino_ws/install/my_robot_interfaces/share/my_robot_interfaces/cmake/export_my_robot_interfaces__rosidl_generator_cppExport.cmake
[16.383s] -- Up-to-date: /home/px/arduino_ws/install/my_robot_interfaces/share/my_robot_interfaces/cmake/export_my_robot_interfaces__rosidl_typesupport_fastrtps_cppExport.cmake
[16.383s] -- Up-to-date: /home/px/arduino_ws/install/my_robot_interfaces/share/my_robot_interfaces/cmake/export_my_robot_interfaces__rosidl_typesupport_fastrtps_cppExport-noconfig.cmake
[16.383s] -- Up-to-date: /home/px/arduino_ws/install/my_robot_interfaces/share/my_robot_interfaces/cmake/my_robot_interfaces__rosidl_typesupport_introspection_cExport.cmake
[16.383s] -- Up-to-date: /home/px/arduino_ws/install/my_robot_interfaces/share/my_robot_interfaces/cmake/my_robot_interfaces__rosidl_typesupport_introspection_cExport-noconfig.cmake
[16.384s] -- Up-to-date: /home/px/arduino_ws/install/my_robot_interfaces/share/my_robot_interfaces/cmake/my_robot_interfaces__rosidl_typesupport_cExport.cmake
[16.384s] -- Up-to-date: /home/px/arduino_ws/install/my_robot_interfaces/share/my_robot_interfaces/cmake/my_robot_interfaces__rosidl_typesupport_cExport-noconfig.cmake
[16.384s] -- Up-to-date: /home/px/arduino_ws/install/my_robot_interfaces/share/my_robot_interfaces/cmake/my_robot_interfaces__rosidl_typesupport_introspection_cppExport.cmake
[16.384s] -- Up-to-date: /home/px/arduino_ws/install/my_robot_interfaces/share/my_robot_interfaces/cmake/my_robot_interfaces__rosidl_typesupport_introspection_cppExport-noconfig.cmake
[16.384s] -- Up-to-date: /home/px/arduino_ws/install/my_robot_interfaces/share/my_robot_interfaces/cmake/my_robot_interfaces__rosidl_typesupport_cppExport.cmake
[16.384s] -- Up-to-date: /home/px/arduino_ws/install/my_robot_interfaces/share/my_robot_interfaces/cmake/my_robot_interfaces__rosidl_typesupport_cppExport-noconfig.cmake
[16.384s] -- Up-to-date: /home/px/arduino_ws/install/my_robot_interfaces/share/my_robot_interfaces/cmake/export_my_robot_interfaces__rosidl_generator_pyExport.cmake
[16.384s] -- Up-to-date: /home/px/arduino_ws/install/my_robot_interfaces/share/my_robot_interfaces/cmake/export_my_robot_interfaces__rosidl_generator_pyExport-noconfig.cmake
[16.387s] Invoked command in '/home/px/arduino_ws/build/my_robot_interfaces' returned '0': CMAKE_PREFIX_PATH=${CMAKE_PREFIX_PATH}:/home/px/arduino_ws/install/py_launch_example:/home/px/arduino_ws/install/arduino_control:/opt/ros/humble /usr/bin/cmake --install /home/px/arduino_ws/build/my_robot_interfaces
