[0.108s] DEBUG:colcon:Command line arguments: ['/usr/bin/colcon', 'build', '--symlink-install']
[0.108s] DEBUG:colcon:Parsed command line arguments: Namespace(log_base=None, log_level=None, verb_name='build', build_base='build', install_base='install', merge_install=False, symlink_install=True, test_result_base=None, continue_on_error=False, executor='parallel', parallel_workers=8, event_handlers=None, ignore_user_meta=False, metas=['./colcon.meta'], base_paths=['.'], packages_ignore=None, packages_ignore_regex=None, paths=None, packages_up_to=None, packages_up_to_regex=None, packages_above=None, packages_above_and_dependencies=None, packages_above_depth=None, packages_select_by_dep=None, packages_skip_by_dep=None, packages_skip_up_to=None, packages_select_build_failed=False, packages_skip_build_finished=False, packages_select_test_failures=False, packages_skip_test_passed=False, packages_select=None, packages_skip=None, packages_select_regex=None, packages_skip_regex=None, packages_start=None, packages_end=None, allow_overriding=[], cmake_args=None, cmake_target=None, cmake_target_skip_unavailable=False, cmake_clean_cache=False, cmake_clean_first=False, cmake_force_configure=False, ament_cmake_args=None, catkin_cmake_args=None, catkin_skip_building_tests=False, verb_parser=<colcon_defaults.argument_parser.defaults.DefaultArgumentsDecorator object at 0x7db9b403f070>, verb_extension=<colcon_core.verb.build.BuildVerb object at 0x7db9b403e080>, main=<bound method BuildVerb.main of <colcon_core.verb.build.BuildVerb object at 0x7db9b403e080>>)
[0.323s] Level 1:colcon.colcon_core.package_discovery:discover_packages(colcon_meta) check parameters
[0.323s] Level 1:colcon.colcon_core.package_discovery:discover_packages(recursive) check parameters
[0.323s] Level 1:colcon.colcon_core.package_discovery:discover_packages(ignore) check parameters
[0.323s] Level 1:colcon.colcon_core.package_discovery:discover_packages(path) check parameters
[0.323s] Level 1:colcon.colcon_core.package_discovery:discover_packages(colcon_meta) discover
[0.323s] Level 1:colcon.colcon_core.package_discovery:discover_packages(recursive) discover
[0.323s] INFO:colcon.colcon_core.package_discovery:Crawling recursively for packages in '/home/px/arduino_ws'
[0.323s] Level 1:colcon.colcon_core.package_identification:_identify(.) by extensions ['ignore', 'ignore_ament_install']
[0.323s] Level 1:colcon.colcon_core.package_identification:_identify(.) by extension 'ignore'
[0.323s] Level 1:colcon.colcon_core.package_identification:_identify(.) by extension 'ignore_ament_install'
[0.323s] Level 1:colcon.colcon_core.package_identification:_identify(.) by extensions ['colcon_pkg']
[0.323s] Level 1:colcon.colcon_core.package_identification:_identify(.) by extension 'colcon_pkg'
[0.323s] Level 1:colcon.colcon_core.package_identification:_identify(.) by extensions ['colcon_meta']
[0.323s] Level 1:colcon.colcon_core.package_identification:_identify(.) by extension 'colcon_meta'
[0.323s] Level 1:colcon.colcon_core.package_identification:_identify(.) by extensions ['ros']
[0.324s] Level 1:colcon.colcon_core.package_identification:_identify(.) by extension 'ros'
[0.343s] Level 1:colcon.colcon_core.package_identification:_identify(.) by extensions ['cmake', 'python']
[0.343s] Level 1:colcon.colcon_core.package_identification:_identify(.) by extension 'cmake'
[0.343s] Level 1:colcon.colcon_core.package_identification:_identify(.) by extension 'python'
[0.343s] Level 1:colcon.colcon_core.package_identification:_identify(.) by extensions ['python_setup_py']
[0.343s] Level 1:colcon.colcon_core.package_identification:_identify(.) by extension 'python_setup_py'
[0.343s] Level 1:colcon.colcon_core.package_identification:_identify(build) by extensions ['ignore', 'ignore_ament_install']
[0.343s] Level 1:colcon.colcon_core.package_identification:_identify(build) by extension 'ignore'
[0.344s] Level 1:colcon.colcon_core.package_identification:_identify(build) ignored
[0.344s] Level 1:colcon.colcon_core.package_identification:_identify(install) by extensions ['ignore', 'ignore_ament_install']
[0.344s] Level 1:colcon.colcon_core.package_identification:_identify(install) by extension 'ignore'
[0.344s] Level 1:colcon.colcon_core.package_identification:_identify(install) ignored
[0.344s] Level 1:colcon.colcon_core.package_identification:_identify(log) by extensions ['ignore', 'ignore_ament_install']
[0.344s] Level 1:colcon.colcon_core.package_identification:_identify(log) by extension 'ignore'
[0.344s] Level 1:colcon.colcon_core.package_identification:_identify(log) ignored
[0.344s] Level 1:colcon.colcon_core.package_identification:_identify(src) by extensions ['ignore', 'ignore_ament_install']
[0.344s] Level 1:colcon.colcon_core.package_identification:_identify(src) by extension 'ignore'
[0.344s] Level 1:colcon.colcon_core.package_identification:_identify(src) by extension 'ignore_ament_install'
[0.344s] Level 1:colcon.colcon_core.package_identification:_identify(src) by extensions ['colcon_pkg']
[0.344s] Level 1:colcon.colcon_core.package_identification:_identify(src) by extension 'colcon_pkg'
[0.344s] Level 1:colcon.colcon_core.package_identification:_identify(src) by extensions ['colcon_meta']
[0.344s] Level 1:colcon.colcon_core.package_identification:_identify(src) by extension 'colcon_meta'
[0.344s] Level 1:colcon.colcon_core.package_identification:_identify(src) by extensions ['ros']
[0.344s] Level 1:colcon.colcon_core.package_identification:_identify(src) by extension 'ros'
[0.344s] Level 1:colcon.colcon_core.package_identification:_identify(src) by extensions ['cmake', 'python']
[0.344s] Level 1:colcon.colcon_core.package_identification:_identify(src) by extension 'cmake'
[0.345s] Level 1:colcon.colcon_core.package_identification:_identify(src) by extension 'python'
[0.345s] Level 1:colcon.colcon_core.package_identification:_identify(src) by extensions ['python_setup_py']
[0.345s] Level 1:colcon.colcon_core.package_identification:_identify(src) by extension 'python_setup_py'
[0.345s] Level 1:colcon.colcon_core.package_identification:_identify(src/arduino_control) by extensions ['ignore', 'ignore_ament_install']
[0.345s] Level 1:colcon.colcon_core.package_identification:_identify(src/arduino_control) by extension 'ignore'
[0.345s] Level 1:colcon.colcon_core.package_identification:_identify(src/arduino_control) by extension 'ignore_ament_install'
[0.345s] Level 1:colcon.colcon_core.package_identification:_identify(src/arduino_control) by extensions ['colcon_pkg']
[0.345s] Level 1:colcon.colcon_core.package_identification:_identify(src/arduino_control) by extension 'colcon_pkg'
[0.345s] Level 1:colcon.colcon_core.package_identification:_identify(src/arduino_control) by extensions ['colcon_meta']
[0.345s] Level 1:colcon.colcon_core.package_identification:_identify(src/arduino_control) by extension 'colcon_meta'
[0.345s] Level 1:colcon.colcon_core.package_identification:_identify(src/arduino_control) by extensions ['ros']
[0.345s] Level 1:colcon.colcon_core.package_identification:_identify(src/arduino_control) by extension 'ros'
[0.348s] DEBUG:colcon.colcon_core.package_identification:Package 'src/arduino_control' with type 'ros.ament_python' and name 'arduino_control'
[0.348s] Level 1:colcon.colcon_core.package_identification:_identify(src/my_robot_interfaces) by extensions ['ignore', 'ignore_ament_install']
[0.348s] Level 1:colcon.colcon_core.package_identification:_identify(src/my_robot_interfaces) by extension 'ignore'
[0.348s] Level 1:colcon.colcon_core.package_identification:_identify(src/my_robot_interfaces) by extension 'ignore_ament_install'
[0.348s] Level 1:colcon.colcon_core.package_identification:_identify(src/my_robot_interfaces) by extensions ['colcon_pkg']
[0.348s] Level 1:colcon.colcon_core.package_identification:_identify(src/my_robot_interfaces) by extension 'colcon_pkg'
[0.348s] Level 1:colcon.colcon_core.package_identification:_identify(src/my_robot_interfaces) by extensions ['colcon_meta']
[0.348s] Level 1:colcon.colcon_core.package_identification:_identify(src/my_robot_interfaces) by extension 'colcon_meta'
[0.348s] Level 1:colcon.colcon_core.package_identification:_identify(src/my_robot_interfaces) by extensions ['ros']
[0.348s] Level 1:colcon.colcon_core.package_identification:_identify(src/my_robot_interfaces) by extension 'ros'
[0.349s] DEBUG:colcon.colcon_core.package_identification:Package 'src/my_robot_interfaces' with type 'ros.ament_cmake' and name 'my_robot_interfaces'
[0.349s] Level 1:colcon.colcon_core.package_identification:_identify(src/px_bot_description) by extensions ['ignore', 'ignore_ament_install']
[0.349s] Level 1:colcon.colcon_core.package_identification:_identify(src/px_bot_description) by extension 'ignore'
[0.349s] Level 1:colcon.colcon_core.package_identification:_identify(src/px_bot_description) by extension 'ignore_ament_install'
[0.349s] Level 1:colcon.colcon_core.package_identification:_identify(src/px_bot_description) by extensions ['colcon_pkg']
[0.349s] Level 1:colcon.colcon_core.package_identification:_identify(src/px_bot_description) by extension 'colcon_pkg'
[0.349s] Level 1:colcon.colcon_core.package_identification:_identify(src/px_bot_description) by extensions ['colcon_meta']
[0.349s] Level 1:colcon.colcon_core.package_identification:_identify(src/px_bot_description) by extension 'colcon_meta'
[0.349s] Level 1:colcon.colcon_core.package_identification:_identify(src/px_bot_description) by extensions ['ros']
[0.349s] Level 1:colcon.colcon_core.package_identification:_identify(src/px_bot_description) by extension 'ros'
[0.350s] DEBUG:colcon.colcon_core.package_identification:Package 'src/px_bot_description' with type 'ros.ament_cmake' and name 'px_bot_description'
[0.350s] Level 1:colcon.colcon_core.package_discovery:discover_packages(recursive) using defaults
[0.350s] Level 1:colcon.colcon_core.package_discovery:discover_packages(ignore) discover
[0.350s] Level 1:colcon.colcon_core.package_discovery:discover_packages(ignore) using defaults
[0.350s] Level 1:colcon.colcon_core.package_discovery:discover_packages(path) discover
[0.350s] Level 1:colcon.colcon_core.package_discovery:discover_packages(path) using defaults
[0.370s] Level 1:colcon.colcon_core.package_discovery:discover_packages(prefix_path) check parameters
[0.370s] Level 1:colcon.colcon_core.package_discovery:discover_packages(prefix_path) discover
[0.371s] DEBUG:colcon.colcon_installed_package_information.package_discovery:Found 1 installed packages in /home/px/ydlidar_ros2_ws/install
[0.372s] DEBUG:colcon.colcon_installed_package_information.package_discovery:Found 4 installed packages in /home/px/arduino_ws/install
[0.374s] DEBUG:colcon.colcon_installed_package_information.package_discovery:Found 409 installed packages in /opt/ros/humble
[0.376s] Level 1:colcon.colcon_core.package_discovery:discover_packages(prefix_path) using defaults
[0.428s] Level 5:colcon.colcon_core.verb:set package 'my_robot_interfaces' build argument 'cmake_args' from command line to 'None'
[0.428s] Level 5:colcon.colcon_core.verb:set package 'my_robot_interfaces' build argument 'cmake_target' from command line to 'None'
[0.428s] Level 5:colcon.colcon_core.verb:set package 'my_robot_interfaces' build argument 'cmake_target_skip_unavailable' from command line to 'False'
[0.428s] Level 5:colcon.colcon_core.verb:set package 'my_robot_interfaces' build argument 'cmake_clean_cache' from command line to 'False'
[0.428s] Level 5:colcon.colcon_core.verb:set package 'my_robot_interfaces' build argument 'cmake_clean_first' from command line to 'False'
[0.428s] Level 5:colcon.colcon_core.verb:set package 'my_robot_interfaces' build argument 'cmake_force_configure' from command line to 'False'
[0.428s] Level 5:colcon.colcon_core.verb:set package 'my_robot_interfaces' build argument 'ament_cmake_args' from command line to 'None'
[0.428s] Level 5:colcon.colcon_core.verb:set package 'my_robot_interfaces' build argument 'catkin_cmake_args' from command line to 'None'
[0.428s] Level 5:colcon.colcon_core.verb:set package 'my_robot_interfaces' build argument 'catkin_skip_building_tests' from command line to 'False'
[0.428s] DEBUG:colcon.colcon_core.verb:Building package 'my_robot_interfaces' with the following arguments: {'ament_cmake_args': None, 'build_base': '/home/px/arduino_ws/build/my_robot_interfaces', 'catkin_cmake_args': None, 'catkin_skip_building_tests': False, 'cmake_args': None, 'cmake_clean_cache': False, 'cmake_clean_first': False, 'cmake_force_configure': False, 'cmake_target': None, 'cmake_target_skip_unavailable': False, 'install_base': '/home/px/arduino_ws/install/my_robot_interfaces', 'merge_install': False, 'path': '/home/px/arduino_ws/src/my_robot_interfaces', 'symlink_install': True, 'test_result_base': None}
[0.428s] Level 5:colcon.colcon_core.verb:set package 'px_bot_description' build argument 'cmake_args' from command line to 'None'
[0.428s] Level 5:colcon.colcon_core.verb:set package 'px_bot_description' build argument 'cmake_target' from command line to 'None'
[0.428s] Level 5:colcon.colcon_core.verb:set package 'px_bot_description' build argument 'cmake_target_skip_unavailable' from command line to 'False'
[0.428s] Level 5:colcon.colcon_core.verb:set package 'px_bot_description' build argument 'cmake_clean_cache' from command line to 'False'
[0.428s] Level 5:colcon.colcon_core.verb:set package 'px_bot_description' build argument 'cmake_clean_first' from command line to 'False'
[0.428s] Level 5:colcon.colcon_core.verb:set package 'px_bot_description' build argument 'cmake_force_configure' from command line to 'False'
[0.428s] Level 5:colcon.colcon_core.verb:set package 'px_bot_description' build argument 'ament_cmake_args' from command line to 'None'
[0.428s] Level 5:colcon.colcon_core.verb:set package 'px_bot_description' build argument 'catkin_cmake_args' from command line to 'None'
[0.428s] Level 5:colcon.colcon_core.verb:set package 'px_bot_description' build argument 'catkin_skip_building_tests' from command line to 'False'
[0.428s] DEBUG:colcon.colcon_core.verb:Building package 'px_bot_description' with the following arguments: {'ament_cmake_args': None, 'build_base': '/home/px/arduino_ws/build/px_bot_description', 'catkin_cmake_args': None, 'catkin_skip_building_tests': False, 'cmake_args': None, 'cmake_clean_cache': False, 'cmake_clean_first': False, 'cmake_force_configure': False, 'cmake_target': None, 'cmake_target_skip_unavailable': False, 'install_base': '/home/px/arduino_ws/install/px_bot_description', 'merge_install': False, 'path': '/home/px/arduino_ws/src/px_bot_description', 'symlink_install': True, 'test_result_base': None}
[0.429s] Level 5:colcon.colcon_core.verb:set package 'arduino_control' build argument 'cmake_args' from command line to 'None'
[0.429s] Level 5:colcon.colcon_core.verb:set package 'arduino_control' build argument 'cmake_target' from command line to 'None'
[0.429s] Level 5:colcon.colcon_core.verb:set package 'arduino_control' build argument 'cmake_target_skip_unavailable' from command line to 'False'
[0.429s] Level 5:colcon.colcon_core.verb:set package 'arduino_control' build argument 'cmake_clean_cache' from command line to 'False'
[0.429s] Level 5:colcon.colcon_core.verb:set package 'arduino_control' build argument 'cmake_clean_first' from command line to 'False'
[0.429s] Level 5:colcon.colcon_core.verb:set package 'arduino_control' build argument 'cmake_force_configure' from command line to 'False'
[0.429s] Level 5:colcon.colcon_core.verb:set package 'arduino_control' build argument 'ament_cmake_args' from command line to 'None'
[0.429s] Level 5:colcon.colcon_core.verb:set package 'arduino_control' build argument 'catkin_cmake_args' from command line to 'None'
[0.429s] Level 5:colcon.colcon_core.verb:set package 'arduino_control' build argument 'catkin_skip_building_tests' from command line to 'False'
[0.429s] DEBUG:colcon.colcon_core.verb:Building package 'arduino_control' with the following arguments: {'ament_cmake_args': None, 'build_base': '/home/px/arduino_ws/build/arduino_control', 'catkin_cmake_args': None, 'catkin_skip_building_tests': False, 'cmake_args': None, 'cmake_clean_cache': False, 'cmake_clean_first': False, 'cmake_force_configure': False, 'cmake_target': None, 'cmake_target_skip_unavailable': False, 'install_base': '/home/px/arduino_ws/install/arduino_control', 'merge_install': False, 'path': '/home/px/arduino_ws/src/arduino_control', 'symlink_install': True, 'test_result_base': None}
[0.429s] INFO:colcon.colcon_core.executor:Executing jobs using 'parallel' executor
[0.430s] DEBUG:colcon.colcon_parallel_executor.executor.parallel:run_until_complete
[0.431s] INFO:colcon.colcon_ros.task.ament_cmake.build:Building ROS package in '/home/px/arduino_ws/src/my_robot_interfaces' with build type 'ament_cmake'
[0.431s] INFO:colcon.colcon_cmake.task.cmake.build:Building CMake package in '/home/px/arduino_ws/src/my_robot_interfaces'
[0.433s] INFO:colcon.colcon_core.plugin_system:Skipping extension 'colcon_core.shell.bat': Not used on non-Windows systems
[0.433s] INFO:colcon.colcon_core.shell:Skip shell extension 'powershell' for command environment: Not usable outside of PowerShell
[0.433s] DEBUG:colcon.colcon_core.shell:Skip shell extension 'dsv' for command environment
[0.437s] INFO:colcon.colcon_ros.task.ament_cmake.build:Building ROS package in '/home/px/arduino_ws/src/px_bot_description' with build type 'ament_cmake'
[0.437s] INFO:colcon.colcon_cmake.task.cmake.build:Building CMake package in '/home/px/arduino_ws/src/px_bot_description'
[0.437s] INFO:colcon.colcon_core.shell:Skip shell extension 'powershell' for command environment: Not usable outside of PowerShell
[0.437s] DEBUG:colcon.colcon_core.shell:Skip shell extension 'dsv' for command environment
[0.446s] DEBUG:colcon.colcon_core.event_handler.log_command:Invoking command in '/home/px/arduino_ws/build/my_robot_interfaces': CMAKE_PREFIX_PATH=${CMAKE_PREFIX_PATH}:/home/px/arduino_ws/install/py_launch_example:/home/px/arduino_ws/install/arduino_control:/opt/ros/humble /usr/bin/cmake --build /home/px/arduino_ws/build/my_robot_interfaces -- -j8 -l8
[0.451s] DEBUG:colcon.colcon_core.event_handler.log_command:Invoking command in '/home/px/arduino_ws/build/px_bot_description': CMAKE_PREFIX_PATH=${CMAKE_PREFIX_PATH}:/home/px/arduino_ws/install/py_launch_example:/home/px/arduino_ws/install/arduino_control:/opt/ros/humble /usr/bin/cmake --build /home/px/arduino_ws/build/px_bot_description -- -j8 -l8
[0.504s] DEBUG:colcon.colcon_core.event_handler.log_command:Invoked command in '/home/px/arduino_ws/build/px_bot_description' returned '0': CMAKE_PREFIX_PATH=${CMAKE_PREFIX_PATH}:/home/px/arduino_ws/install/py_launch_example:/home/px/arduino_ws/install/arduino_control:/opt/ros/humble /usr/bin/cmake --build /home/px/arduino_ws/build/px_bot_description -- -j8 -l8
[0.557s] DEBUG:colcon.colcon_core.event_handler.log_command:Invoking command in '/home/px/arduino_ws/build/px_bot_description': CMAKE_PREFIX_PATH=${CMAKE_PREFIX_PATH}:/home/px/arduino_ws/install/py_launch_example:/home/px/arduino_ws/install/arduino_control:/opt/ros/humble /usr/bin/cmake --install /home/px/arduino_ws/build/px_bot_description
[0.586s] Level 1:colcon.colcon_core.environment:create_environment_scripts_only(px_bot_description)
[0.587s] DEBUG:colcon.colcon_core.event_handler.log_command:Invoked command in '/home/px/arduino_ws/build/px_bot_description' returned '0': CMAKE_PREFIX_PATH=${CMAKE_PREFIX_PATH}:/home/px/arduino_ws/install/py_launch_example:/home/px/arduino_ws/install/arduino_control:/opt/ros/humble /usr/bin/cmake --install /home/px/arduino_ws/build/px_bot_description
[0.589s] Level 1:colcon.colcon_core.environment:checking '/home/px/arduino_ws/install/px_bot_description' for CMake module files
[0.589s] Level 1:colcon.colcon_core.environment:checking '/home/px/arduino_ws/install/px_bot_description' for CMake config files
[0.590s] Level 1:colcon.colcon_core.shell:create_environment_hook('px_bot_description', 'cmake_prefix_path')
[0.590s] INFO:colcon.colcon_core.shell:Creating environment hook '/home/px/arduino_ws/install/px_bot_description/share/px_bot_description/hook/cmake_prefix_path.ps1'
[0.590s] INFO:colcon.colcon_core.shell:Creating environment descriptor '/home/px/arduino_ws/install/px_bot_description/share/px_bot_description/hook/cmake_prefix_path.dsv'
[0.591s] INFO:colcon.colcon_core.shell:Creating environment hook '/home/px/arduino_ws/install/px_bot_description/share/px_bot_description/hook/cmake_prefix_path.sh'
[0.592s] Level 1:colcon.colcon_core.environment:checking '/home/px/arduino_ws/install/px_bot_description/bin'
[0.592s] Level 1:colcon.colcon_core.environment:checking '/home/px/arduino_ws/install/px_bot_description/lib/pkgconfig/px_bot_description.pc'
[0.592s] Level 1:colcon.colcon_core.environment:checking '/home/px/arduino_ws/install/px_bot_description/lib/python3.10/site-packages'
[0.593s] Level 1:colcon.colcon_core.environment:checking '/home/px/arduino_ws/install/px_bot_description/bin'
[0.593s] INFO:colcon.colcon_core.shell:Creating package script '/home/px/arduino_ws/install/px_bot_description/share/px_bot_description/package.ps1'
[0.594s] INFO:colcon.colcon_core.shell:Creating package descriptor '/home/px/arduino_ws/install/px_bot_description/share/px_bot_description/package.dsv'
[0.594s] INFO:colcon.colcon_core.shell:Creating package script '/home/px/arduino_ws/install/px_bot_description/share/px_bot_description/package.sh'
[0.595s] INFO:colcon.colcon_core.shell:Creating package script '/home/px/arduino_ws/install/px_bot_description/share/px_bot_description/package.bash'
[0.595s] INFO:colcon.colcon_core.shell:Creating package script '/home/px/arduino_ws/install/px_bot_description/share/px_bot_description/package.zsh'
[0.596s] Level 1:colcon.colcon_core.environment:create_file_with_runtime_dependencies(/home/px/arduino_ws/install/px_bot_description/share/colcon-core/packages/px_bot_description)
[0.616s] Level 1:colcon.colcon_core.environment:create_environment_scripts_only(px_bot_description)
[0.616s] Level 1:colcon.colcon_core.environment:checking '/home/px/arduino_ws/install/px_bot_description' for CMake module files
[0.617s] Level 1:colcon.colcon_core.environment:checking '/home/px/arduino_ws/install/px_bot_description' for CMake config files
[0.617s] Level 1:colcon.colcon_core.shell:create_environment_hook('px_bot_description', 'cmake_prefix_path')
[0.618s] INFO:colcon.colcon_core.shell:Creating environment hook '/home/px/arduino_ws/install/px_bot_description/share/px_bot_description/hook/cmake_prefix_path.ps1'
[0.618s] INFO:colcon.colcon_core.shell:Creating environment descriptor '/home/px/arduino_ws/install/px_bot_description/share/px_bot_description/hook/cmake_prefix_path.dsv'
[0.618s] INFO:colcon.colcon_core.shell:Creating environment hook '/home/px/arduino_ws/install/px_bot_description/share/px_bot_description/hook/cmake_prefix_path.sh'
[0.619s] Level 1:colcon.colcon_core.environment:checking '/home/px/arduino_ws/install/px_bot_description/bin'
[0.619s] Level 1:colcon.colcon_core.environment:checking '/home/px/arduino_ws/install/px_bot_description/lib/pkgconfig/px_bot_description.pc'
[0.619s] Level 1:colcon.colcon_core.environment:checking '/home/px/arduino_ws/install/px_bot_description/lib/python3.10/site-packages'
[0.619s] Level 1:colcon.colcon_core.environment:checking '/home/px/arduino_ws/install/px_bot_description/bin'
[0.619s] INFO:colcon.colcon_core.shell:Creating package script '/home/px/arduino_ws/install/px_bot_description/share/px_bot_description/package.ps1'
[0.621s] INFO:colcon.colcon_core.shell:Creating package descriptor '/home/px/arduino_ws/install/px_bot_description/share/px_bot_description/package.dsv'
[0.621s] INFO:colcon.colcon_core.shell:Creating package script '/home/px/arduino_ws/install/px_bot_description/share/px_bot_description/package.sh'
[0.621s] INFO:colcon.colcon_core.shell:Creating package script '/home/px/arduino_ws/install/px_bot_description/share/px_bot_description/package.bash'
[0.622s] INFO:colcon.colcon_core.shell:Creating package script '/home/px/arduino_ws/install/px_bot_description/share/px_bot_description/package.zsh'
[0.622s] Level 1:colcon.colcon_core.environment:create_file_with_runtime_dependencies(/home/px/arduino_ws/install/px_bot_description/share/colcon-core/packages/px_bot_description)
[0.905s] DEBUG:colcon.colcon_core.event_handler.log_command:Invoked command in '/home/px/arduino_ws/build/my_robot_interfaces' returned '0': CMAKE_PREFIX_PATH=${CMAKE_PREFIX_PATH}:/home/px/arduino_ws/install/py_launch_example:/home/px/arduino_ws/install/arduino_control:/opt/ros/humble /usr/bin/cmake --build /home/px/arduino_ws/build/my_robot_interfaces -- -j8 -l8
[1.133s] DEBUG:colcon.colcon_core.event_handler.log_command:Invoking command in '/home/px/arduino_ws/build/my_robot_interfaces': CMAKE_PREFIX_PATH=${CMAKE_PREFIX_PATH}:/home/px/arduino_ws/install/py_launch_example:/home/px/arduino_ws/install/arduino_control:/opt/ros/humble /usr/bin/cmake --install /home/px/arduino_ws/build/my_robot_interfaces
[1.220s] Level 1:colcon.colcon_core.environment:create_environment_scripts_only(my_robot_interfaces)
[1.220s] Level 1:colcon.colcon_core.environment:checking '/home/px/arduino_ws/install/my_robot_interfaces' for CMake module files
[1.220s] DEBUG:colcon.colcon_core.event_handler.log_command:Invoked command in '/home/px/arduino_ws/build/my_robot_interfaces' returned '0': CMAKE_PREFIX_PATH=${CMAKE_PREFIX_PATH}:/home/px/arduino_ws/install/py_launch_example:/home/px/arduino_ws/install/arduino_control:/opt/ros/humble /usr/bin/cmake --install /home/px/arduino_ws/build/my_robot_interfaces
[1.221s] Level 1:colcon.colcon_core.environment:checking '/home/px/arduino_ws/install/my_robot_interfaces' for CMake config files
[1.221s] Level 1:colcon.colcon_core.shell:create_environment_hook('my_robot_interfaces', 'cmake_prefix_path')
[1.221s] INFO:colcon.colcon_core.shell:Creating environment hook '/home/px/arduino_ws/install/my_robot_interfaces/share/my_robot_interfaces/hook/cmake_prefix_path.ps1'
[1.222s] INFO:colcon.colcon_core.shell:Creating environment descriptor '/home/px/arduino_ws/install/my_robot_interfaces/share/my_robot_interfaces/hook/cmake_prefix_path.dsv'
[1.222s] INFO:colcon.colcon_core.shell:Creating environment hook '/home/px/arduino_ws/install/my_robot_interfaces/share/my_robot_interfaces/hook/cmake_prefix_path.sh'
[1.223s] Level 1:colcon.colcon_core.environment:checking '/home/px/arduino_ws/install/my_robot_interfaces/lib'
[1.223s] Level 1:colcon.colcon_core.shell:create_environment_hook('my_robot_interfaces', 'ld_library_path_lib')
[1.223s] INFO:colcon.colcon_core.shell:Creating environment hook '/home/px/arduino_ws/install/my_robot_interfaces/share/my_robot_interfaces/hook/ld_library_path_lib.ps1'
[1.223s] INFO:colcon.colcon_core.shell:Creating environment descriptor '/home/px/arduino_ws/install/my_robot_interfaces/share/my_robot_interfaces/hook/ld_library_path_lib.dsv'
[1.224s] INFO:colcon.colcon_core.shell:Creating environment hook '/home/px/arduino_ws/install/my_robot_interfaces/share/my_robot_interfaces/hook/ld_library_path_lib.sh'
[1.224s] Level 1:colcon.colcon_core.environment:checking '/home/px/arduino_ws/install/my_robot_interfaces/bin'
[1.224s] Level 1:colcon.colcon_core.environment:checking '/home/px/arduino_ws/install/my_robot_interfaces/lib/pkgconfig/my_robot_interfaces.pc'
[1.224s] Level 1:colcon.colcon_core.environment:checking '/home/px/arduino_ws/install/my_robot_interfaces/lib/python3.10/site-packages'
[1.224s] Level 1:colcon.colcon_core.environment:checking '/home/px/arduino_ws/install/my_robot_interfaces/bin'
[1.225s] INFO:colcon.colcon_core.shell:Creating package script '/home/px/arduino_ws/install/my_robot_interfaces/share/my_robot_interfaces/package.ps1'
[1.225s] INFO:colcon.colcon_core.shell:Creating package descriptor '/home/px/arduino_ws/install/my_robot_interfaces/share/my_robot_interfaces/package.dsv'
[1.225s] INFO:colcon.colcon_core.shell:Creating package script '/home/px/arduino_ws/install/my_robot_interfaces/share/my_robot_interfaces/package.sh'
[1.226s] INFO:colcon.colcon_core.shell:Creating package script '/home/px/arduino_ws/install/my_robot_interfaces/share/my_robot_interfaces/package.bash'
[1.226s] INFO:colcon.colcon_core.shell:Creating package script '/home/px/arduino_ws/install/my_robot_interfaces/share/my_robot_interfaces/package.zsh'
[1.226s] Level 1:colcon.colcon_core.environment:create_file_with_runtime_dependencies(/home/px/arduino_ws/install/my_robot_interfaces/share/colcon-core/packages/my_robot_interfaces)
[1.452s] Level 1:colcon.colcon_core.environment:create_environment_scripts_only(my_robot_interfaces)
[1.452s] Level 1:colcon.colcon_core.environment:checking '/home/px/arduino_ws/install/my_robot_interfaces' for CMake module files
[1.453s] Level 1:colcon.colcon_core.environment:checking '/home/px/arduino_ws/install/my_robot_interfaces' for CMake config files
[1.453s] Level 1:colcon.colcon_core.shell:create_environment_hook('my_robot_interfaces', 'cmake_prefix_path')
[1.454s] INFO:colcon.colcon_core.shell:Creating environment hook '/home/px/arduino_ws/install/my_robot_interfaces/share/my_robot_interfaces/hook/cmake_prefix_path.ps1'
[1.454s] INFO:colcon.colcon_core.shell:Creating environment descriptor '/home/px/arduino_ws/install/my_robot_interfaces/share/my_robot_interfaces/hook/cmake_prefix_path.dsv'
[1.454s] INFO:colcon.colcon_core.shell:Creating environment hook '/home/px/arduino_ws/install/my_robot_interfaces/share/my_robot_interfaces/hook/cmake_prefix_path.sh'
[1.455s] Level 1:colcon.colcon_core.environment:checking '/home/px/arduino_ws/install/my_robot_interfaces/lib'
[1.455s] Level 1:colcon.colcon_core.shell:create_environment_hook('my_robot_interfaces', 'ld_library_path_lib')
[1.455s] INFO:colcon.colcon_core.shell:Creating environment hook '/home/px/arduino_ws/install/my_robot_interfaces/share/my_robot_interfaces/hook/ld_library_path_lib.ps1'
[1.456s] INFO:colcon.colcon_core.shell:Creating environment descriptor '/home/px/arduino_ws/install/my_robot_interfaces/share/my_robot_interfaces/hook/ld_library_path_lib.dsv'
[1.456s] INFO:colcon.colcon_core.shell:Creating environment hook '/home/px/arduino_ws/install/my_robot_interfaces/share/my_robot_interfaces/hook/ld_library_path_lib.sh'
[1.456s] Level 1:colcon.colcon_core.environment:checking '/home/px/arduino_ws/install/my_robot_interfaces/bin'
[1.456s] Level 1:colcon.colcon_core.environment:checking '/home/px/arduino_ws/install/my_robot_interfaces/lib/pkgconfig/my_robot_interfaces.pc'
[1.456s] Level 1:colcon.colcon_core.environment:checking '/home/px/arduino_ws/install/my_robot_interfaces/lib/python3.10/site-packages'
[1.457s] Level 1:colcon.colcon_core.environment:checking '/home/px/arduino_ws/install/my_robot_interfaces/bin'
[1.457s] INFO:colcon.colcon_core.shell:Creating package script '/home/px/arduino_ws/install/my_robot_interfaces/share/my_robot_interfaces/package.ps1'
[1.457s] INFO:colcon.colcon_core.shell:Creating package descriptor '/home/px/arduino_ws/install/my_robot_interfaces/share/my_robot_interfaces/package.dsv'
[1.458s] INFO:colcon.colcon_core.shell:Creating package script '/home/px/arduino_ws/install/my_robot_interfaces/share/my_robot_interfaces/package.sh'
[1.458s] INFO:colcon.colcon_core.shell:Creating package script '/home/px/arduino_ws/install/my_robot_interfaces/share/my_robot_interfaces/package.bash'
[1.459s] INFO:colcon.colcon_core.shell:Creating package script '/home/px/arduino_ws/install/my_robot_interfaces/share/my_robot_interfaces/package.zsh'
[1.459s] Level 1:colcon.colcon_core.environment:create_file_with_runtime_dependencies(/home/px/arduino_ws/install/my_robot_interfaces/share/colcon-core/packages/my_robot_interfaces)
[1.459s] INFO:colcon.colcon_ros.task.ament_python.build:Building ROS package in '/home/px/arduino_ws/src/arduino_control' with build type 'ament_python'
[1.459s] Level 1:colcon.colcon_core.shell:create_environment_hook('arduino_control', 'ament_prefix_path')
[1.460s] INFO:colcon.colcon_core.shell:Creating environment hook '/home/px/arduino_ws/install/arduino_control/share/arduino_control/hook/ament_prefix_path.ps1'
[1.460s] INFO:colcon.colcon_core.shell:Creating environment descriptor '/home/px/arduino_ws/install/arduino_control/share/arduino_control/hook/ament_prefix_path.dsv'
[1.461s] INFO:colcon.colcon_core.shell:Creating environment hook '/home/px/arduino_ws/install/arduino_control/share/arduino_control/hook/ament_prefix_path.sh'
[1.461s] INFO:colcon.colcon_core.shell:Skip shell extension 'powershell' for command environment: Not usable outside of PowerShell
[1.461s] DEBUG:colcon.colcon_core.shell:Skip shell extension 'dsv' for command environment
[1.803s] INFO:colcon.colcon_core.task.python.build:Building Python package in '/home/px/arduino_ws/src/arduino_control'
[1.803s] INFO:colcon.colcon_core.shell:Skip shell extension 'powershell' for command environment: Not usable outside of PowerShell
[1.803s] DEBUG:colcon.colcon_core.shell:Skip shell extension 'dsv' for command environment
[2.220s] DEBUG:colcon.colcon_core.event_handler.log_command:Invoking command in '/home/px/arduino_ws/build/arduino_control': CMAKE_PREFIX_PATH=/home/px/arduino_ws/install/my_robot_interfaces:/home/px/arduino_ws/install/px_bot_description:/home/px/ydlidar_ros2_ws/install/ydlidar_ros2_driver PYTHONPATH=/home/px/arduino_ws/build/arduino_control/prefix_override:/home/px/arduino_ws/install/arduino_control/lib/python3.10/site-packages:${PYTHONPATH} /usr/bin/python3 -W ignore:setup.py install is deprecated setup.py develop --editable --build-directory /home/px/arduino_ws/build/arduino_control/build --no-deps symlink_data
[2.801s] Level 1:colcon.colcon_core.shell:create_environment_hook('arduino_control', 'pythonpath_develop')
[2.801s] INFO:colcon.colcon_core.shell:Creating environment hook '/home/px/arduino_ws/build/arduino_control/share/arduino_control/hook/pythonpath_develop.ps1'
[2.802s] DEBUG:colcon.colcon_core.event_handler.log_command:Invoked command in '/home/px/arduino_ws/build/arduino_control' returned '0': CMAKE_PREFIX_PATH=/home/px/arduino_ws/install/my_robot_interfaces:/home/px/arduino_ws/install/px_bot_description:/home/px/ydlidar_ros2_ws/install/ydlidar_ros2_driver PYTHONPATH=/home/px/arduino_ws/build/arduino_control/prefix_override:/home/px/arduino_ws/install/arduino_control/lib/python3.10/site-packages:${PYTHONPATH} /usr/bin/python3 -W ignore:setup.py install is deprecated setup.py develop --editable --build-directory /home/px/arduino_ws/build/arduino_control/build --no-deps symlink_data
[2.802s] INFO:colcon.colcon_core.shell:Creating environment descriptor '/home/px/arduino_ws/build/arduino_control/share/arduino_control/hook/pythonpath_develop.dsv'
[2.802s] INFO:colcon.colcon_core.shell:Creating environment hook '/home/px/arduino_ws/build/arduino_control/share/arduino_control/hook/pythonpath_develop.sh'
[2.803s] Level 1:colcon.colcon_core.environment:checking '/home/px/arduino_ws/install/arduino_control' for CMake module files
[2.803s] Level 1:colcon.colcon_core.environment:checking '/home/px/arduino_ws/install/arduino_control' for CMake config files
[2.804s] Level 1:colcon.colcon_core.environment:checking '/home/px/arduino_ws/install/arduino_control/lib'
[2.804s] Level 1:colcon.colcon_core.environment:checking '/home/px/arduino_ws/install/arduino_control/bin'
[2.804s] Level 1:colcon.colcon_core.environment:checking '/home/px/arduino_ws/install/arduino_control/lib/pkgconfig/arduino_control.pc'
[2.804s] Level 1:colcon.colcon_core.environment:checking '/home/px/arduino_ws/install/arduino_control/lib/python3.10/site-packages'
[2.804s] Level 1:colcon.colcon_core.shell:create_environment_hook('arduino_control', 'pythonpath')
[2.804s] INFO:colcon.colcon_core.shell:Creating environment hook '/home/px/arduino_ws/install/arduino_control/share/arduino_control/hook/pythonpath.ps1'
[2.805s] INFO:colcon.colcon_core.shell:Creating environment descriptor '/home/px/arduino_ws/install/arduino_control/share/arduino_control/hook/pythonpath.dsv'
[2.805s] INFO:colcon.colcon_core.shell:Creating environment hook '/home/px/arduino_ws/install/arduino_control/share/arduino_control/hook/pythonpath.sh'
[2.805s] Level 1:colcon.colcon_core.environment:checking '/home/px/arduino_ws/install/arduino_control/bin'
[2.806s] Level 1:colcon.colcon_core.environment:create_environment_scripts_only(arduino_control)
[2.806s] INFO:colcon.colcon_core.shell:Creating package script '/home/px/arduino_ws/install/arduino_control/share/arduino_control/package.ps1'
[2.806s] INFO:colcon.colcon_core.shell:Creating package descriptor '/home/px/arduino_ws/install/arduino_control/share/arduino_control/package.dsv'
[2.807s] INFO:colcon.colcon_core.shell:Creating package script '/home/px/arduino_ws/install/arduino_control/share/arduino_control/package.sh'
[2.807s] INFO:colcon.colcon_core.shell:Creating package script '/home/px/arduino_ws/install/arduino_control/share/arduino_control/package.bash'
[2.807s] INFO:colcon.colcon_core.shell:Creating package script '/home/px/arduino_ws/install/arduino_control/share/arduino_control/package.zsh'
[2.807s] Level 1:colcon.colcon_core.environment:create_file_with_runtime_dependencies(/home/px/arduino_ws/install/arduino_control/share/colcon-core/packages/arduino_control)
[2.808s] DEBUG:colcon.colcon_parallel_executor.executor.parallel:closing loop
[2.808s] DEBUG:colcon.colcon_parallel_executor.executor.parallel:loop closed
[2.808s] DEBUG:colcon.colcon_parallel_executor.executor.parallel:run_until_complete finished with '0'
[2.808s] DEBUG:colcon.colcon_core.event_reactor:joining thread
[2.813s] INFO:colcon.colcon_core.plugin_system:Skipping extension 'colcon_notification.desktop_notification.terminal_notifier': Not used on non-Darwin systems
[2.813s] INFO:colcon.colcon_core.plugin_system:Skipping extension 'colcon_notification.desktop_notification.win32': Not used on non-Windows systems
[2.813s] INFO:colcon.colcon_notification.desktop_notification:Sending desktop notification using 'notify2'
[2.825s] DEBUG:colcon.colcon_core.event_reactor:joined thread
[2.826s] INFO:colcon.colcon_core.shell:Creating prefix script '/home/px/arduino_ws/install/local_setup.ps1'
[2.827s] INFO:colcon.colcon_core.shell:Creating prefix util module '/home/px/arduino_ws/install/_local_setup_util_ps1.py'
[2.829s] INFO:colcon.colcon_core.shell:Creating prefix chain script '/home/px/arduino_ws/install/setup.ps1'
[2.831s] INFO:colcon.colcon_core.shell:Creating prefix script '/home/px/arduino_ws/install/local_setup.sh'
[2.832s] INFO:colcon.colcon_core.shell:Creating prefix util module '/home/px/arduino_ws/install/_local_setup_util_sh.py'
[2.832s] INFO:colcon.colcon_core.shell:Creating prefix chain script '/home/px/arduino_ws/install/setup.sh'
[2.834s] INFO:colcon.colcon_core.shell:Creating prefix script '/home/px/arduino_ws/install/local_setup.bash'
[2.835s] INFO:colcon.colcon_core.shell:Creating prefix chain script '/home/px/arduino_ws/install/setup.bash'
[2.837s] INFO:colcon.colcon_core.shell:Creating prefix script '/home/px/arduino_ws/install/local_setup.zsh'
[2.838s] INFO:colcon.colcon_core.shell:Creating prefix chain script '/home/px/arduino_ws/install/setup.zsh'
