[0.019s] Invoking command in '/home/px/arduino_ws/build/my_robot_interfaces': CMAKE_PREFIX_PATH=${CMAKE_PREFIX_PATH}:/home/px/arduino_ws/install/py_launch_example:/home/px/arduino_ws/install/arduino_control:/opt/ros/humble /usr/bin/cmake --build /home/px/arduino_ws/build/my_robot_interfaces -- -j8 -l8
[0.073s] -- Found ament_cmake: 1.3.8 (/opt/ros/humble/share/ament_cmake/cmake)
[0.327s] -- Override CMake install command with custom implementation using symlinks instead of copying resources
[0.347s] -- Found geometry_msgs: 4.2.3 (/opt/ros/humble/share/geometry_msgs/cmake)
[0.407s] -- Found rosidl_generator_c: 3.1.5 (/opt/ros/humble/share/rosidl_generator_c/cmake)
[0.413s] -- Found rosidl_adapter: 3.1.5 (/opt/ros/humble/share/rosidl_adapter/cmake)
[0.425s] -- Found rosidl_generator_cpp: 3.1.5 (/opt/ros/humble/share/rosidl_generator_cpp/cmake)
[0.447s] -- Using all available rosidl_typesupport_c: rosidl_typesupport_fastrtps_c;rosidl_typesupport_introspection_c
[0.474s] -- Using all available rosidl_typesupport_cpp: rosidl_typesupport_fastrtps_cpp;rosidl_typesupport_introspection_cpp
[0.685s] -- Found rosidl_default_generators: 1.2.0 (/opt/ros/humble/share/rosidl_default_generators/cmake)
[1.284s] -- Found ament_cmake_ros: 0.10.0 (/opt/ros/humble/share/ament_cmake_ros/cmake)
[2.034s] -- Using all available rosidl_typesupport_c: rosidl_typesupport_fastrtps_c;rosidl_typesupport_introspection_c
[2.332s] -- Using all available rosidl_typesupport_cpp: rosidl_typesupport_fastrtps_cpp;rosidl_typesupport_introspection_cpp
[2.378s] -- Found python_cmake_module: 0.10.0 (/opt/ros/humble/share/python_cmake_module/cmake)
[2.420s] -- Using PYTHON_EXECUTABLE: /usr/bin/python3
[2.420s] -- Using PYTHON_INCLUDE_DIRS: /usr/include/python3.10
[2.420s] -- Using PYTHON_LIBRARIES: /usr/lib/x86_64-linux-gnu/libpython3.10.so
[2.496s] -- Found ament_lint_auto: 0.12.10 (/opt/ros/humble/share/ament_lint_auto/cmake)
[2.519s] -- Added test 'lint_cmake' to check CMake code style
[2.521s] -- Added test 'xmllint' to check XML markup files
[2.526s] -- Configuring done
[2.607s] -- Generating done
[2.612s] -- Build files have been written to: /home/px/arduino_ws/build/my_robot_interfaces
[2.663s] [  1%] [34m[1mGenerating C code for ROS interfaces[0m
[2.682s] [  2%] [34m[1mGenerating C++ code for ROS interfaces[0m
[2.706s] [  2%] Built target ament_cmake_python_symlink_my_robot_interfaces
[3.423s] running egg_info
[3.425s] writing my_robot_interfaces.egg-info/PKG-INFO
[3.425s] writing dependency_links to my_robot_interfaces.egg-info/dependency_links.txt
[3.425s] writing top-level names to my_robot_interfaces.egg-info/top_level.txt
[3.430s] reading manifest file 'my_robot_interfaces.egg-info/SOURCES.txt'
[3.432s] writing manifest file 'my_robot_interfaces.egg-info/SOURCES.txt'
[3.492s] [  2%] Built target ament_cmake_python_build_my_robot_interfaces_egg
[5.434s] [  2%] Built target my_robot_interfaces__cpp
[5.467s] [  3%] [34m[1mGenerating C++ type support dispatch for ROS interfaces[0m
[5.475s] [  4%] [34m[1mGenerating C++ introspection for ROS interfaces[0m
[5.488s] [  5%] [34m[1mGenerating C++ type support for eProsima Fast-RTPS[0m
[5.677s] [35m[1mConsolidate compiler generated dependencies of target my_robot_interfaces__rosidl_generator_c[0m
[5.722s] [  6%] [32mBuilding C object CMakeFiles/my_robot_interfaces__rosidl_generator_c.dir/rosidl_generator_c/my_robot_interfaces/msg/detail/laser_scan__functions.c.o[0m
[5.739s] [  8%] [32mBuilding C object CMakeFiles/my_robot_interfaces__rosidl_generator_c.dir/rosidl_generator_c/my_robot_interfaces/msg/detail/lidar_scan__functions.c.o[0m
[5.750s] [  9%] [32mBuilding C object CMakeFiles/my_robot_interfaces__rosidl_generator_c.dir/rosidl_generator_c/my_robot_interfaces/msg/detail/motor_command__functions.c.o[0m
[5.754s] [ 10%] [32mBuilding C object CMakeFiles/my_robot_interfaces__rosidl_generator_c.dir/rosidl_generator_c/my_robot_interfaces/msg/detail/joystick__functions.c.o[0m
[5.783s] [ 11%] [32mBuilding C object CMakeFiles/my_robot_interfaces__rosidl_generator_c.dir/rosidl_generator_c/my_robot_interfaces/msg/detail/fruit_depth__functions.c.o[0m
[6.018s] [ 12%] [32mBuilding C object CMakeFiles/my_robot_interfaces__rosidl_generator_c.dir/rosidl_generator_c/my_robot_interfaces/msg/detail/find_obstacle__functions.c.o[0m
[6.036s] [ 13%] [32mBuilding C object CMakeFiles/my_robot_interfaces__rosidl_generator_c.dir/rosidl_generator_c/my_robot_interfaces/msg/detail/real_sense__functions.c.o[0m
[6.044s] [ 14%] [32mBuilding C object CMakeFiles/my_robot_interfaces__rosidl_generator_c.dir/rosidl_generator_c/my_robot_interfaces/msg/detail/imu__functions.c.o[0m
[6.457s] [ 16%] [32m[1mLinking C shared library libmy_robot_interfaces__rosidl_generator_c.so[0m
[6.727s] [ 16%] Built target my_robot_interfaces__rosidl_generator_c
[6.809s] [ 17%] [34m[1mGenerating C type support for eProsima Fast-RTPS[0m
[6.814s] [ 18%] [34m[1mGenerating C introspection for ROS interfaces[0m
[6.842s] [ 19%] [34m[1mGenerating C type support dispatch for ROS interfaces[0m
[7.853s] [35m[1mConsolidate compiler generated dependencies of target my_robot_interfaces__rosidl_typesupport_cpp[0m
[7.904s] [ 20%] [32mBuilding CXX object CMakeFiles/my_robot_interfaces__rosidl_typesupport_cpp.dir/rosidl_typesupport_cpp/my_robot_interfaces/msg/laser_scan__type_support.cpp.o[0m
[7.918s] [ 21%] [32mBuilding CXX object CMakeFiles/my_robot_interfaces__rosidl_typesupport_cpp.dir/rosidl_typesupport_cpp/my_robot_interfaces/msg/fruit_depth__type_support.cpp.o[0m
[7.923s] [ 22%] [32mBuilding CXX object CMakeFiles/my_robot_interfaces__rosidl_typesupport_cpp.dir/rosidl_typesupport_cpp/my_robot_interfaces/msg/lidar_scan__type_support.cpp.o[0m
[8.882s] [35m[1mConsolidate compiler generated dependencies of target my_robot_interfaces__rosidl_typesupport_introspection_cpp[0m
[9.060s] [ 24%] [32mBuilding CXX object CMakeFiles/my_robot_interfaces__rosidl_typesupport_introspection_cpp.dir/rosidl_typesupport_introspection_cpp/my_robot_interfaces/msg/detail/lidar_scan__type_support.cpp.o[0m
[9.246s] [35m[1mConsolidate compiler generated dependencies of target my_robot_interfaces__rosidl_typesupport_fastrtps_cpp[0m
[9.319s] [ 25%] [32mBuilding CXX object CMakeFiles/my_robot_interfaces__rosidl_typesupport_introspection_cpp.dir/rosidl_typesupport_introspection_cpp/my_robot_interfaces/msg/detail/laser_scan__type_support.cpp.o[0m
[9.355s] [ 26%] [32mBuilding CXX object CMakeFiles/my_robot_interfaces__rosidl_typesupport_cpp.dir/rosidl_typesupport_cpp/my_robot_interfaces/msg/joystick__type_support.cpp.o[0m
[9.357s] [ 27%] [32mBuilding CXX object CMakeFiles/my_robot_interfaces__rosidl_typesupport_introspection_cpp.dir/rosidl_typesupport_introspection_cpp/my_robot_interfaces/msg/detail/fruit_depth__type_support.cpp.o[0m
[9.405s] [ 28%] [32mBuilding CXX object CMakeFiles/my_robot_interfaces__rosidl_typesupport_fastrtps_cpp.dir/rosidl_typesupport_fastrtps_cpp/my_robot_interfaces/msg/detail/dds_fastrtps/lidar_scan__type_support.cpp.o[0m
[10.128s] [35m[1mConsolidate compiler generated dependencies of target my_robot_interfaces__rosidl_typesupport_c[0m
[10.218s] [ 29%] [32mBuilding CXX object CMakeFiles/my_robot_interfaces__rosidl_typesupport_c.dir/rosidl_typesupport_c/my_robot_interfaces/msg/lidar_scan__type_support.cpp.o[0m
[10.245s] [ 31%] [32mBuilding CXX object CMakeFiles/my_robot_interfaces__rosidl_typesupport_cpp.dir/rosidl_typesupport_cpp/my_robot_interfaces/msg/motor_command__type_support.cpp.o[0m
[10.480s] [ 32%] [32mBuilding CXX object CMakeFiles/my_robot_interfaces__rosidl_typesupport_c.dir/rosidl_typesupport_c/my_robot_interfaces/msg/laser_scan__type_support.cpp.o[0m
[10.733s] [ 33%] [32mBuilding CXX object CMakeFiles/my_robot_interfaces__rosidl_typesupport_c.dir/rosidl_typesupport_c/my_robot_interfaces/msg/fruit_depth__type_support.cpp.o[0m
[10.898s] [ 34%] [32mBuilding CXX object CMakeFiles/my_robot_interfaces__rosidl_typesupport_c.dir/rosidl_typesupport_c/my_robot_interfaces/msg/joystick__type_support.cpp.o[0m
[11.158s] [ 35%] [32mBuilding CXX object CMakeFiles/my_robot_interfaces__rosidl_typesupport_c.dir/rosidl_typesupport_c/my_robot_interfaces/msg/motor_command__type_support.cpp.o[0m
[11.215s] [35m[1mConsolidate compiler generated dependencies of target my_robot_interfaces__rosidl_typesupport_introspection_c[0m
[11.295s] [35m[1mConsolidate compiler generated dependencies of target my_robot_interfaces__rosidl_typesupport_fastrtps_c[0m
[11.315s] [ 36%] [32mBuilding CXX object CMakeFiles/my_robot_interfaces__rosidl_typesupport_introspection_cpp.dir/rosidl_typesupport_introspection_cpp/my_robot_interfaces/msg/detail/joystick__type_support.cpp.o[0m
[11.316s] [ 37%] [32mBuilding C object CMakeFiles/my_robot_interfaces__rosidl_typesupport_introspection_c.dir/rosidl_typesupport_introspection_c/my_robot_interfaces/msg/detail/lidar_scan__type_support.c.o[0m
[11.347s] [ 39%] [32mBuilding CXX object CMakeFiles/my_robot_interfaces__rosidl_typesupport_c.dir/rosidl_typesupport_c/my_robot_interfaces/msg/find_obstacle__type_support.cpp.o[0m
[11.355s] [ 40%] [32mBuilding C object CMakeFiles/my_robot_interfaces__rosidl_typesupport_introspection_c.dir/rosidl_typesupport_introspection_c/my_robot_interfaces/msg/detail/laser_scan__type_support.c.o[0m
[11.433s] [ 41%] [32mBuilding CXX object CMakeFiles/my_robot_interfaces__rosidl_typesupport_fastrtps_c.dir/rosidl_typesupport_fastrtps_c/my_robot_interfaces/msg/detail/lidar_scan__type_support_c.cpp.o[0m
[11.527s] [ 42%] [32mBuilding CXX object CMakeFiles/my_robot_interfaces__rosidl_typesupport_c.dir/rosidl_typesupport_c/my_robot_interfaces/msg/real_sense__type_support.cpp.o[0m
[11.555s] [ 43%] [32mBuilding CXX object CMakeFiles/my_robot_interfaces__rosidl_typesupport_introspection_cpp.dir/rosidl_typesupport_introspection_cpp/my_robot_interfaces/msg/detail/motor_command__type_support.cpp.o[0m
[11.562s] [ 44%] [32mBuilding CXX object CMakeFiles/my_robot_interfaces__rosidl_typesupport_cpp.dir/rosidl_typesupport_cpp/my_robot_interfaces/msg/find_obstacle__type_support.cpp.o[0m
[11.581s] [ 45%] [32mBuilding C object CMakeFiles/my_robot_interfaces__rosidl_typesupport_introspection_c.dir/rosidl_typesupport_introspection_c/my_robot_interfaces/msg/detail/fruit_depth__type_support.c.o[0m
[11.722s] [ 47%] [32mBuilding CXX object CMakeFiles/my_robot_interfaces__rosidl_typesupport_c.dir/rosidl_typesupport_c/my_robot_interfaces/msg/imu__type_support.cpp.o[0m
[11.781s] [ 48%] [32mBuilding C object CMakeFiles/my_robot_interfaces__rosidl_typesupport_introspection_c.dir/rosidl_typesupport_introspection_c/my_robot_interfaces/msg/detail/joystick__type_support.c.o[0m
[11.859s] [ 49%] [32mBuilding C object CMakeFiles/my_robot_interfaces__rosidl_typesupport_introspection_c.dir/rosidl_typesupport_introspection_c/my_robot_interfaces/msg/detail/motor_command__type_support.c.o[0m
[11.961s] [ 50%] [32m[1mLinking CXX shared library libmy_robot_interfaces__rosidl_typesupport_c.so[0m
[12.066s] [ 51%] [32mBuilding C object CMakeFiles/my_robot_interfaces__rosidl_typesupport_introspection_c.dir/rosidl_typesupport_introspection_c/my_robot_interfaces/msg/detail/find_obstacle__type_support.c.o[0m
[12.095s] [ 52%] [32mBuilding CXX object CMakeFiles/my_robot_interfaces__rosidl_typesupport_fastrtps_cpp.dir/rosidl_typesupport_fastrtps_cpp/my_robot_interfaces/msg/detail/dds_fastrtps/laser_scan__type_support.cpp.o[0m
[12.263s] [ 52%] Built target my_robot_interfaces__rosidl_typesupport_c
[12.286s] [ 54%] [32mBuilding C object CMakeFiles/my_robot_interfaces__rosidl_typesupport_introspection_c.dir/rosidl_typesupport_introspection_c/my_robot_interfaces/msg/detail/real_sense__type_support.c.o[0m
[12.295s] [ 55%] [32mBuilding C object CMakeFiles/my_robot_interfaces__rosidl_typesupport_introspection_c.dir/rosidl_typesupport_introspection_c/my_robot_interfaces/msg/detail/imu__type_support.c.o[0m
[12.413s] [ 56%] [32mBuilding CXX object CMakeFiles/my_robot_interfaces__rosidl_typesupport_fastrtps_cpp.dir/rosidl_typesupport_fastrtps_cpp/my_robot_interfaces/msg/detail/dds_fastrtps/fruit_depth__type_support.cpp.o[0m
[12.488s] [ 57%] [32mBuilding CXX object CMakeFiles/my_robot_interfaces__rosidl_typesupport_cpp.dir/rosidl_typesupport_cpp/my_robot_interfaces/msg/imu__type_support.cpp.o[0m
[12.561s] [ 58%] [32mBuilding CXX object CMakeFiles/my_robot_interfaces__rosidl_typesupport_cpp.dir/rosidl_typesupport_cpp/my_robot_interfaces/msg/real_sense__type_support.cpp.o[0m
[12.639s] [ 59%] [32m[1mLinking C shared library libmy_robot_interfaces__rosidl_typesupport_introspection_c.so[0m
[12.919s] [ 59%] Built target my_robot_interfaces__rosidl_typesupport_introspection_c
[12.952s] [ 60%] [32mBuilding CXX object CMakeFiles/my_robot_interfaces__rosidl_typesupport_fastrtps_cpp.dir/rosidl_typesupport_fastrtps_cpp/my_robot_interfaces/msg/detail/dds_fastrtps/joystick__type_support.cpp.o[0m
[13.602s] [ 62%] [32mBuilding CXX object CMakeFiles/my_robot_interfaces__rosidl_typesupport_fastrtps_cpp.dir/rosidl_typesupport_fastrtps_cpp/my_robot_interfaces/msg/detail/dds_fastrtps/motor_command__type_support.cpp.o[0m
[13.674s] [ 63%] [32mBuilding CXX object CMakeFiles/my_robot_interfaces__rosidl_typesupport_fastrtps_c.dir/rosidl_typesupport_fastrtps_c/my_robot_interfaces/msg/detail/laser_scan__type_support_c.cpp.o[0m
[14.042s] [ 64%] [32mBuilding CXX object CMakeFiles/my_robot_interfaces__rosidl_typesupport_introspection_cpp.dir/rosidl_typesupport_introspection_cpp/my_robot_interfaces/msg/detail/find_obstacle__type_support.cpp.o[0m
[14.298s] [ 65%] [32mBuilding CXX object CMakeFiles/my_robot_interfaces__rosidl_typesupport_fastrtps_c.dir/rosidl_typesupport_fastrtps_c/my_robot_interfaces/msg/detail/fruit_depth__type_support_c.cpp.o[0m
[14.477s] [ 66%] [32mBuilding CXX object CMakeFiles/my_robot_interfaces__rosidl_typesupport_fastrtps_c.dir/rosidl_typesupport_fastrtps_c/my_robot_interfaces/msg/detail/joystick__type_support_c.cpp.o[0m
[14.794s] [ 67%] [32m[1mLinking CXX shared library libmy_robot_interfaces__rosidl_typesupport_cpp.so[0m
[14.871s] [ 68%] [32mBuilding CXX object CMakeFiles/my_robot_interfaces__rosidl_typesupport_fastrtps_cpp.dir/rosidl_typesupport_fastrtps_cpp/my_robot_interfaces/msg/detail/dds_fastrtps/find_obstacle__type_support.cpp.o[0m
[15.174s] [ 68%] Built target my_robot_interfaces__rosidl_typesupport_cpp
[15.269s] [ 70%] [32mBuilding CXX object CMakeFiles/my_robot_interfaces__rosidl_typesupport_fastrtps_cpp.dir/rosidl_typesupport_fastrtps_cpp/my_robot_interfaces/msg/detail/dds_fastrtps/real_sense__type_support.cpp.o[0m
[15.365s] [ 71%] [32mBuilding CXX object CMakeFiles/my_robot_interfaces__rosidl_typesupport_fastrtps_cpp.dir/rosidl_typesupport_fastrtps_cpp/my_robot_interfaces/msg/detail/dds_fastrtps/imu__type_support.cpp.o[0m
[15.471s] [ 72%] [32mBuilding CXX object CMakeFiles/my_robot_interfaces__rosidl_typesupport_fastrtps_c.dir/rosidl_typesupport_fastrtps_c/my_robot_interfaces/msg/detail/motor_command__type_support_c.cpp.o[0m
[15.743s] [ 73%] [32mBuilding CXX object CMakeFiles/my_robot_interfaces__rosidl_typesupport_fastrtps_c.dir/rosidl_typesupport_fastrtps_c/my_robot_interfaces/msg/detail/find_obstacle__type_support_c.cpp.o[0m
[16.296s] [ 74%] [32mBuilding CXX object CMakeFiles/my_robot_interfaces__rosidl_typesupport_fastrtps_c.dir/rosidl_typesupport_fastrtps_c/my_robot_interfaces/msg/detail/real_sense__type_support_c.cpp.o[0m
[16.312s] [ 75%] [32mBuilding CXX object CMakeFiles/my_robot_interfaces__rosidl_typesupport_introspection_cpp.dir/rosidl_typesupport_introspection_cpp/my_robot_interfaces/msg/detail/real_sense__type_support.cpp.o[0m
[16.475s] [ 77%] [32mBuilding CXX object CMakeFiles/my_robot_interfaces__rosidl_typesupport_fastrtps_c.dir/rosidl_typesupport_fastrtps_c/my_robot_interfaces/msg/detail/imu__type_support_c.cpp.o[0m
[16.640s] [ 78%] [32mBuilding CXX object CMakeFiles/my_robot_interfaces__rosidl_typesupport_introspection_cpp.dir/rosidl_typesupport_introspection_cpp/my_robot_interfaces/msg/detail/imu__type_support.cpp.o[0m
[17.529s] [ 79%] [32m[1mLinking CXX shared library libmy_robot_interfaces__rosidl_typesupport_fastrtps_cpp.so[0m
[17.728s] [ 79%] Built target my_robot_interfaces__rosidl_typesupport_fastrtps_cpp
[17.869s] [ 80%] [32m[1mLinking CXX shared library libmy_robot_interfaces__rosidl_typesupport_fastrtps_c.so[0m
[17.957s] [ 81%] [32m[1mLinking CXX shared library libmy_robot_interfaces__rosidl_typesupport_introspection_cpp.so[0m
[18.059s] [ 81%] Built target my_robot_interfaces__rosidl_typesupport_fastrtps_c
[18.135s] [ 81%] Built target my_robot_interfaces__rosidl_typesupport_introspection_cpp
[18.176s] [ 81%] Built target my_robot_interfaces
[18.224s] [ 82%] [34m[1mGenerating Python code for ROS interfaces[0m
[20.856s] [ 82%] Built target my_robot_interfaces__py
[20.877s] [35m[1mConsolidate compiler generated dependencies of target my_robot_interfaces__rosidl_generator_py[0m
[20.914s] [ 83%] [32mBuilding C object CMakeFiles/my_robot_interfaces__rosidl_generator_py.dir/rosidl_generator_py/my_robot_interfaces/msg/_laser_scan_s.c.o[0m
[20.914s] [ 85%] [32mBuilding C object CMakeFiles/my_robot_interfaces__rosidl_generator_py.dir/rosidl_generator_py/my_robot_interfaces/msg/_fruit_depth_s.c.o[0m
[20.917s] [ 87%] [32mBuilding C object CMakeFiles/my_robot_interfaces__rosidl_generator_py.dir/rosidl_generator_py/my_robot_interfaces/msg/_motor_command_s.c.o[0m
[20.918s] [ 88%] [32mBuilding C object CMakeFiles/my_robot_interfaces__rosidl_generator_py.dir/rosidl_generator_py/my_robot_interfaces/msg/_find_obstacle_s.c.o[0m
[20.919s] [ 88%] [32mBuilding C object CMakeFiles/my_robot_interfaces__rosidl_generator_py.dir/rosidl_generator_py/my_robot_interfaces/msg/_lidar_scan_s.c.o[0m
[20.920s] [ 89%] [32mBuilding C object CMakeFiles/my_robot_interfaces__rosidl_generator_py.dir/rosidl_generator_py/my_robot_interfaces/msg/_joystick_s.c.o[0m
[20.931s] [ 90%] [32mBuilding C object CMakeFiles/my_robot_interfaces__rosidl_generator_py.dir/rosidl_generator_py/my_robot_interfaces/msg/_imu_s.c.o[0m
[20.937s] [ 91%] [32mBuilding C object CMakeFiles/my_robot_interfaces__rosidl_generator_py.dir/rosidl_generator_py/my_robot_interfaces/msg/_real_sense_s.c.o[0m
[21.413s] [ 93%] [32m[1mLinking C shared library rosidl_generator_py/my_robot_interfaces/libmy_robot_interfaces__rosidl_generator_py.so[0m
[21.499s] [ 93%] Built target my_robot_interfaces__rosidl_generator_py
[21.521s] [35m[1mConsolidate compiler generated dependencies of target my_robot_interfaces__rosidl_typesupport_introspection_c__pyext[0m
[21.526s] [35m[1mConsolidate compiler generated dependencies of target my_robot_interfaces__rosidl_typesupport_c__pyext[0m
[21.527s] [35m[1mConsolidate compiler generated dependencies of target my_robot_interfaces__rosidl_typesupport_fastrtps_c__pyext[0m
[21.555s] [ 94%] [32mBuilding C object CMakeFiles/my_robot_interfaces__rosidl_typesupport_introspection_c__pyext.dir/rosidl_generator_py/my_robot_interfaces/_my_robot_interfaces_s.ep.rosidl_typesupport_introspection_c.c.o[0m
[21.562s] [ 95%] [32mBuilding C object CMakeFiles/my_robot_interfaces__rosidl_typesupport_fastrtps_c__pyext.dir/rosidl_generator_py/my_robot_interfaces/_my_robot_interfaces_s.ep.rosidl_typesupport_fastrtps_c.c.o[0m
[21.564s] [ 96%] [32mBuilding C object CMakeFiles/my_robot_interfaces__rosidl_typesupport_c__pyext.dir/rosidl_generator_py/my_robot_interfaces/_my_robot_interfaces_s.ep.rosidl_typesupport_c.c.o[0m
[21.872s] [ 97%] [32m[1mLinking C shared library rosidl_generator_py/my_robot_interfaces/my_robot_interfaces_s__rosidl_typesupport_fastrtps_c.cpython-310-x86_64-linux-gnu.so[0m
[21.886s] [ 98%] [32m[1mLinking C shared library rosidl_generator_py/my_robot_interfaces/my_robot_interfaces_s__rosidl_typesupport_introspection_c.cpython-310-x86_64-linux-gnu.so[0m
[21.890s] [100%] [32m[1mLinking C shared library rosidl_generator_py/my_robot_interfaces/my_robot_interfaces_s__rosidl_typesupport_c.cpython-310-x86_64-linux-gnu.so[0m
[21.945s] [100%] Built target my_robot_interfaces__rosidl_typesupport_fastrtps_c__pyext
[21.968s] [100%] Built target my_robot_interfaces__rosidl_typesupport_introspection_c__pyext
[21.974s] [100%] Built target my_robot_interfaces__rosidl_typesupport_c__pyext
[21.999s] Invoked command in '/home/px/arduino_ws/build/my_robot_interfaces' returned '0': CMAKE_PREFIX_PATH=${CMAKE_PREFIX_PATH}:/home/px/arduino_ws/install/py_launch_example:/home/px/arduino_ws/install/arduino_control:/opt/ros/humble /usr/bin/cmake --build /home/px/arduino_ws/build/my_robot_interfaces -- -j8 -l8
[22.316s] Invoking command in '/home/px/arduino_ws/build/my_robot_interfaces': CMAKE_PREFIX_PATH=${CMAKE_PREFIX_PATH}:/home/px/arduino_ws/install/py_launch_example:/home/px/arduino_ws/install/arduino_control:/opt/ros/humble /usr/bin/cmake --install /home/px/arduino_ws/build/my_robot_interfaces
[22.330s] -- Install configuration: ""
[22.332s] -- Execute custom install script
[22.332s] -- Up-to-date symlink: /home/px/arduino_ws/install/my_robot_interfaces/share/ament_index/resource_index/rosidl_interfaces/my_robot_interfaces
[22.334s] -- Up-to-date symlink: /home/px/arduino_ws/install/my_robot_interfaces/include/my_robot_interfaces/my_robot_interfaces/msg/detail/find_obstacle__functions.h
[22.335s] -- Up-to-date symlink: /home/px/arduino_ws/install/my_robot_interfaces/include/my_robot_interfaces/my_robot_interfaces/msg/detail/find_obstacle__struct.h
[22.335s] -- Up-to-date symlink: /home/px/arduino_ws/install/my_robot_interfaces/include/my_robot_interfaces/my_robot_interfaces/msg/detail/find_obstacle__type_support.h
[22.335s] -- Up-to-date symlink: /home/px/arduino_ws/install/my_robot_interfaces/include/my_robot_interfaces/my_robot_interfaces/msg/detail/fruit_depth__functions.h
[22.336s] -- Up-to-date symlink: /home/px/arduino_ws/install/my_robot_interfaces/include/my_robot_interfaces/my_robot_interfaces/msg/detail/fruit_depth__struct.h
[22.336s] -- Up-to-date symlink: /home/px/arduino_ws/install/my_robot_interfaces/include/my_robot_interfaces/my_robot_interfaces/msg/detail/fruit_depth__type_support.h
[22.336s] -- Up-to-date symlink: /home/px/arduino_ws/install/my_robot_interfaces/include/my_robot_interfaces/my_robot_interfaces/msg/detail/imu__functions.h
[22.336s] -- Up-to-date symlink: /home/px/arduino_ws/install/my_robot_interfaces/include/my_robot_interfaces/my_robot_interfaces/msg/detail/imu__struct.h
[22.337s] -- Up-to-date symlink: /home/px/arduino_ws/install/my_robot_interfaces/include/my_robot_interfaces/my_robot_interfaces/msg/detail/imu__type_support.h
[22.337s] -- Up-to-date symlink: /home/px/arduino_ws/install/my_robot_interfaces/include/my_robot_interfaces/my_robot_interfaces/msg/detail/joystick__functions.h
[22.338s] -- Up-to-date symlink: /home/px/arduino_ws/install/my_robot_interfaces/include/my_robot_interfaces/my_robot_interfaces/msg/detail/joystick__struct.h
[22.338s] -- Up-to-date symlink: /home/px/arduino_ws/install/my_robot_interfaces/include/my_robot_interfaces/my_robot_interfaces/msg/detail/joystick__type_support.h
[22.338s] -- Up-to-date symlink: /home/px/arduino_ws/install/my_robot_interfaces/include/my_robot_interfaces/my_robot_interfaces/msg/detail/laser_scan__functions.h
[22.338s] -- Up-to-date symlink: /home/px/arduino_ws/install/my_robot_interfaces/include/my_robot_interfaces/my_robot_interfaces/msg/detail/laser_scan__struct.h
[22.339s] -- Up-to-date symlink: /home/px/arduino_ws/install/my_robot_interfaces/include/my_robot_interfaces/my_robot_interfaces/msg/detail/laser_scan__type_support.h
[22.339s] -- Up-to-date symlink: /home/px/arduino_ws/install/my_robot_interfaces/include/my_robot_interfaces/my_robot_interfaces/msg/detail/lidar_scan__functions.h
[22.339s] -- Up-to-date symlink: /home/px/arduino_ws/install/my_robot_interfaces/include/my_robot_interfaces/my_robot_interfaces/msg/detail/lidar_scan__struct.h
[22.339s] -- Up-to-date symlink: /home/px/arduino_ws/install/my_robot_interfaces/include/my_robot_interfaces/my_robot_interfaces/msg/detail/lidar_scan__type_support.h
[22.339s] -- Up-to-date symlink: /home/px/arduino_ws/install/my_robot_interfaces/include/my_robot_interfaces/my_robot_interfaces/msg/detail/motor_command__functions.h
[22.339s] -- Up-to-date symlink: /home/px/arduino_ws/install/my_robot_interfaces/include/my_robot_interfaces/my_robot_interfaces/msg/detail/motor_command__struct.h
[22.339s] -- Up-to-date symlink: /home/px/arduino_ws/install/my_robot_interfaces/include/my_robot_interfaces/my_robot_interfaces/msg/detail/motor_command__type_support.h
[22.340s] -- Up-to-date symlink: /home/px/arduino_ws/install/my_robot_interfaces/include/my_robot_interfaces/my_robot_interfaces/msg/detail/real_sense__functions.h
[22.340s] -- Up-to-date symlink: /home/px/arduino_ws/install/my_robot_interfaces/include/my_robot_interfaces/my_robot_interfaces/msg/detail/real_sense__struct.h
[22.340s] -- Up-to-date symlink: /home/px/arduino_ws/install/my_robot_interfaces/include/my_robot_interfaces/my_robot_interfaces/msg/detail/real_sense__type_support.h
[22.340s] -- Up-to-date symlink: /home/px/arduino_ws/install/my_robot_interfaces/include/my_robot_interfaces/my_robot_interfaces/msg/find_obstacle.h
[22.340s] -- Up-to-date symlink: /home/px/arduino_ws/install/my_robot_interfaces/include/my_robot_interfaces/my_robot_interfaces/msg/fruit_depth.h
[22.341s] -- Up-to-date symlink: /home/px/arduino_ws/install/my_robot_interfaces/include/my_robot_interfaces/my_robot_interfaces/msg/imu.h
[22.341s] -- Up-to-date symlink: /home/px/arduino_ws/install/my_robot_interfaces/include/my_robot_interfaces/my_robot_interfaces/msg/joystick.h
[22.341s] -- Up-to-date symlink: /home/px/arduino_ws/install/my_robot_interfaces/include/my_robot_interfaces/my_robot_interfaces/msg/laser_scan.h
[22.342s] -- Up-to-date symlink: /home/px/arduino_ws/install/my_robot_interfaces/include/my_robot_interfaces/my_robot_interfaces/msg/lidar_scan.h
[22.342s] -- Up-to-date symlink: /home/px/arduino_ws/install/my_robot_interfaces/include/my_robot_interfaces/my_robot_interfaces/msg/motor_command.h
[22.342s] -- Up-to-date symlink: /home/px/arduino_ws/install/my_robot_interfaces/include/my_robot_interfaces/my_robot_interfaces/msg/real_sense.h
[22.342s] -- Up-to-date symlink: /home/px/arduino_ws/install/my_robot_interfaces/include/my_robot_interfaces/my_robot_interfaces/msg/rosidl_generator_c__visibility_control.h
[22.343s] -- Up-to-date symlink: /home/px/arduino_ws/install/my_robot_interfaces/share/my_robot_interfaces/environment/library_path.sh
[22.343s] -- Up-to-date symlink: /home/px/arduino_ws/install/my_robot_interfaces/share/my_robot_interfaces/environment/library_path.dsv
[22.344s] -- Up-to-date symlink: /home/px/arduino_ws/install/my_robot_interfaces/include/my_robot_interfaces/my_robot_interfaces/msg/detail/find_obstacle__rosidl_typesupport_fastrtps_c.h
[22.344s] -- Up-to-date symlink: /home/px/arduino_ws/install/my_robot_interfaces/include/my_robot_interfaces/my_robot_interfaces/msg/detail/fruit_depth__rosidl_typesupport_fastrtps_c.h
[22.345s] -- Up-to-date symlink: /home/px/arduino_ws/install/my_robot_interfaces/include/my_robot_interfaces/my_robot_interfaces/msg/detail/imu__rosidl_typesupport_fastrtps_c.h
[22.345s] -- Up-to-date symlink: /home/px/arduino_ws/install/my_robot_interfaces/include/my_robot_interfaces/my_robot_interfaces/msg/detail/joystick__rosidl_typesupport_fastrtps_c.h
[22.346s] -- Up-to-date symlink: /home/px/arduino_ws/install/my_robot_interfaces/include/my_robot_interfaces/my_robot_interfaces/msg/detail/laser_scan__rosidl_typesupport_fastrtps_c.h
[22.346s] -- Up-to-date symlink: /home/px/arduino_ws/install/my_robot_interfaces/include/my_robot_interfaces/my_robot_interfaces/msg/detail/lidar_scan__rosidl_typesupport_fastrtps_c.h
[22.346s] -- Up-to-date symlink: /home/px/arduino_ws/install/my_robot_interfaces/include/my_robot_interfaces/my_robot_interfaces/msg/detail/motor_command__rosidl_typesupport_fastrtps_c.h
[22.346s] -- Up-to-date symlink: /home/px/arduino_ws/install/my_robot_interfaces/include/my_robot_interfaces/my_robot_interfaces/msg/detail/real_sense__rosidl_typesupport_fastrtps_c.h
[22.346s] -- Up-to-date symlink: /home/px/arduino_ws/install/my_robot_interfaces/include/my_robot_interfaces/my_robot_interfaces/msg/rosidl_typesupport_fastrtps_c__visibility_control.h
[22.347s] -- Up-to-date symlink: /home/px/arduino_ws/install/my_robot_interfaces/include/my_robot_interfaces/my_robot_interfaces/msg/detail/find_obstacle__builder.hpp
[22.348s] -- Up-to-date symlink: /home/px/arduino_ws/install/my_robot_interfaces/include/my_robot_interfaces/my_robot_interfaces/msg/detail/find_obstacle__struct.hpp
[22.348s] -- Up-to-date symlink: /home/px/arduino_ws/install/my_robot_interfaces/include/my_robot_interfaces/my_robot_interfaces/msg/detail/find_obstacle__traits.hpp
[22.348s] -- Up-to-date symlink: /home/px/arduino_ws/install/my_robot_interfaces/include/my_robot_interfaces/my_robot_interfaces/msg/detail/fruit_depth__builder.hpp
[22.348s] -- Up-to-date symlink: /home/px/arduino_ws/install/my_robot_interfaces/include/my_robot_interfaces/my_robot_interfaces/msg/detail/fruit_depth__struct.hpp
[22.349s] -- Up-to-date symlink: /home/px/arduino_ws/install/my_robot_interfaces/include/my_robot_interfaces/my_robot_interfaces/msg/detail/fruit_depth__traits.hpp
[22.349s] -- Up-to-date symlink: /home/px/arduino_ws/install/my_robot_interfaces/include/my_robot_interfaces/my_robot_interfaces/msg/detail/imu__builder.hpp
[22.349s] -- Up-to-date symlink: /home/px/arduino_ws/install/my_robot_interfaces/include/my_robot_interfaces/my_robot_interfaces/msg/detail/imu__struct.hpp
[22.349s] -- Up-to-date symlink: /home/px/arduino_ws/install/my_robot_interfaces/include/my_robot_interfaces/my_robot_interfaces/msg/detail/imu__traits.hpp
[22.350s] -- Up-to-date symlink: /home/px/arduino_ws/install/my_robot_interfaces/include/my_robot_interfaces/my_robot_interfaces/msg/detail/joystick__builder.hpp
[22.350s] -- Up-to-date symlink: /home/px/arduino_ws/install/my_robot_interfaces/include/my_robot_interfaces/my_robot_interfaces/msg/detail/joystick__struct.hpp
[22.350s] -- Up-to-date symlink: /home/px/arduino_ws/install/my_robot_interfaces/include/my_robot_interfaces/my_robot_interfaces/msg/detail/joystick__traits.hpp
[22.350s] -- Up-to-date symlink: /home/px/arduino_ws/install/my_robot_interfaces/include/my_robot_interfaces/my_robot_interfaces/msg/detail/laser_scan__builder.hpp
[22.351s] -- Up-to-date symlink: /home/px/arduino_ws/install/my_robot_interfaces/include/my_robot_interfaces/my_robot_interfaces/msg/detail/laser_scan__struct.hpp
[22.351s] -- Up-to-date symlink: /home/px/arduino_ws/install/my_robot_interfaces/include/my_robot_interfaces/my_robot_interfaces/msg/detail/laser_scan__traits.hpp
[22.351s] -- Up-to-date symlink: /home/px/arduino_ws/install/my_robot_interfaces/include/my_robot_interfaces/my_robot_interfaces/msg/detail/lidar_scan__builder.hpp
[22.351s] -- Up-to-date symlink: /home/px/arduino_ws/install/my_robot_interfaces/include/my_robot_interfaces/my_robot_interfaces/msg/detail/lidar_scan__struct.hpp
[22.351s] -- Up-to-date symlink: /home/px/arduino_ws/install/my_robot_interfaces/include/my_robot_interfaces/my_robot_interfaces/msg/detail/lidar_scan__traits.hpp
[22.352s] -- Up-to-date symlink: /home/px/arduino_ws/install/my_robot_interfaces/include/my_robot_interfaces/my_robot_interfaces/msg/detail/motor_command__builder.hpp
[22.352s] -- Up-to-date symlink: /home/px/arduino_ws/install/my_robot_interfaces/include/my_robot_interfaces/my_robot_interfaces/msg/detail/motor_command__struct.hpp
[22.352s] -- Up-to-date symlink: /home/px/arduino_ws/install/my_robot_interfaces/include/my_robot_interfaces/my_robot_interfaces/msg/detail/motor_command__traits.hpp
[22.353s] -- Up-to-date symlink: /home/px/arduino_ws/install/my_robot_interfaces/include/my_robot_interfaces/my_robot_interfaces/msg/detail/real_sense__builder.hpp
[22.353s] -- Up-to-date symlink: /home/px/arduino_ws/install/my_robot_interfaces/include/my_robot_interfaces/my_robot_interfaces/msg/detail/real_sense__struct.hpp
[22.353s] -- Up-to-date symlink: /home/px/arduino_ws/install/my_robot_interfaces/include/my_robot_interfaces/my_robot_interfaces/msg/detail/real_sense__traits.hpp
[22.353s] -- Up-to-date symlink: /home/px/arduino_ws/install/my_robot_interfaces/include/my_robot_interfaces/my_robot_interfaces/msg/find_obstacle.hpp
[22.353s] -- Up-to-date symlink: /home/px/arduino_ws/install/my_robot_interfaces/include/my_robot_interfaces/my_robot_interfaces/msg/fruit_depth.hpp
[22.354s] -- Up-to-date symlink: /home/px/arduino_ws/install/my_robot_interfaces/include/my_robot_interfaces/my_robot_interfaces/msg/imu.hpp
[22.354s] -- Up-to-date symlink: /home/px/arduino_ws/install/my_robot_interfaces/include/my_robot_interfaces/my_robot_interfaces/msg/joystick.hpp
[22.354s] -- Up-to-date symlink: /home/px/arduino_ws/install/my_robot_interfaces/include/my_robot_interfaces/my_robot_interfaces/msg/laser_scan.hpp
[22.354s] -- Up-to-date symlink: /home/px/arduino_ws/install/my_robot_interfaces/include/my_robot_interfaces/my_robot_interfaces/msg/lidar_scan.hpp
[22.355s] -- Up-to-date symlink: /home/px/arduino_ws/install/my_robot_interfaces/include/my_robot_interfaces/my_robot_interfaces/msg/motor_command.hpp
[22.355s] -- Up-to-date symlink: /home/px/arduino_ws/install/my_robot_interfaces/include/my_robot_interfaces/my_robot_interfaces/msg/real_sense.hpp
[22.355s] -- Up-to-date symlink: /home/px/arduino_ws/install/my_robot_interfaces/include/my_robot_interfaces/my_robot_interfaces/msg/detail/find_obstacle__rosidl_typesupport_fastrtps_cpp.hpp
[22.355s] -- Up-to-date symlink: /home/px/arduino_ws/install/my_robot_interfaces/include/my_robot_interfaces/my_robot_interfaces/msg/detail/fruit_depth__rosidl_typesupport_fastrtps_cpp.hpp
[22.355s] -- Up-to-date symlink: /home/px/arduino_ws/install/my_robot_interfaces/include/my_robot_interfaces/my_robot_interfaces/msg/detail/imu__rosidl_typesupport_fastrtps_cpp.hpp
[22.355s] -- Up-to-date symlink: /home/px/arduino_ws/install/my_robot_interfaces/include/my_robot_interfaces/my_robot_interfaces/msg/detail/joystick__rosidl_typesupport_fastrtps_cpp.hpp
[22.356s] -- Up-to-date symlink: /home/px/arduino_ws/install/my_robot_interfaces/include/my_robot_interfaces/my_robot_interfaces/msg/detail/laser_scan__rosidl_typesupport_fastrtps_cpp.hpp
[22.356s] -- Up-to-date symlink: /home/px/arduino_ws/install/my_robot_interfaces/include/my_robot_interfaces/my_robot_interfaces/msg/detail/lidar_scan__rosidl_typesupport_fastrtps_cpp.hpp
[22.356s] -- Up-to-date symlink: /home/px/arduino_ws/install/my_robot_interfaces/include/my_robot_interfaces/my_robot_interfaces/msg/detail/motor_command__rosidl_typesupport_fastrtps_cpp.hpp
[22.357s] -- Up-to-date symlink: /home/px/arduino_ws/install/my_robot_interfaces/include/my_robot_interfaces/my_robot_interfaces/msg/detail/real_sense__rosidl_typesupport_fastrtps_cpp.hpp
[22.357s] -- Up-to-date symlink: /home/px/arduino_ws/install/my_robot_interfaces/include/my_robot_interfaces/my_robot_interfaces/msg/rosidl_typesupport_fastrtps_cpp__visibility_control.h
[22.357s] -- Up-to-date symlink: /home/px/arduino_ws/install/my_robot_interfaces/include/my_robot_interfaces/my_robot_interfaces/msg/detail/find_obstacle__rosidl_typesupport_introspection_c.h
[22.357s] -- Up-to-date symlink: /home/px/arduino_ws/install/my_robot_interfaces/include/my_robot_interfaces/my_robot_interfaces/msg/detail/fruit_depth__rosidl_typesupport_introspection_c.h
[22.357s] -- Up-to-date symlink: /home/px/arduino_ws/install/my_robot_interfaces/include/my_robot_interfaces/my_robot_interfaces/msg/detail/imu__rosidl_typesupport_introspection_c.h
[22.357s] -- Up-to-date symlink: /home/px/arduino_ws/install/my_robot_interfaces/include/my_robot_interfaces/my_robot_interfaces/msg/detail/joystick__rosidl_typesupport_introspection_c.h
[22.358s] -- Up-to-date symlink: /home/px/arduino_ws/install/my_robot_interfaces/include/my_robot_interfaces/my_robot_interfaces/msg/detail/laser_scan__rosidl_typesupport_introspection_c.h
[22.358s] -- Up-to-date symlink: /home/px/arduino_ws/install/my_robot_interfaces/include/my_robot_interfaces/my_robot_interfaces/msg/detail/lidar_scan__rosidl_typesupport_introspection_c.h
[22.358s] -- Up-to-date symlink: /home/px/arduino_ws/install/my_robot_interfaces/include/my_robot_interfaces/my_robot_interfaces/msg/detail/motor_command__rosidl_typesupport_introspection_c.h
[22.359s] -- Up-to-date symlink: /home/px/arduino_ws/install/my_robot_interfaces/include/my_robot_interfaces/my_robot_interfaces/msg/detail/real_sense__rosidl_typesupport_introspection_c.h
[22.359s] -- Up-to-date symlink: /home/px/arduino_ws/install/my_robot_interfaces/include/my_robot_interfaces/my_robot_interfaces/msg/rosidl_typesupport_introspection_c__visibility_control.h
[22.359s] -- Up-to-date symlink: /home/px/arduino_ws/install/my_robot_interfaces/include/my_robot_interfaces/my_robot_interfaces/msg/detail/find_obstacle__rosidl_typesupport_introspection_cpp.hpp
[22.359s] -- Up-to-date symlink: /home/px/arduino_ws/install/my_robot_interfaces/include/my_robot_interfaces/my_robot_interfaces/msg/detail/fruit_depth__rosidl_typesupport_introspection_cpp.hpp
[22.360s] -- Up-to-date symlink: /home/px/arduino_ws/install/my_robot_interfaces/include/my_robot_interfaces/my_robot_interfaces/msg/detail/imu__rosidl_typesupport_introspection_cpp.hpp
[22.360s] -- Up-to-date symlink: /home/px/arduino_ws/install/my_robot_interfaces/include/my_robot_interfaces/my_robot_interfaces/msg/detail/joystick__rosidl_typesupport_introspection_cpp.hpp
[22.360s] -- Up-to-date symlink: /home/px/arduino_ws/install/my_robot_interfaces/include/my_robot_interfaces/my_robot_interfaces/msg/detail/laser_scan__rosidl_typesupport_introspection_cpp.hpp
[22.360s] -- Up-to-date symlink: /home/px/arduino_ws/install/my_robot_interfaces/include/my_robot_interfaces/my_robot_interfaces/msg/detail/lidar_scan__rosidl_typesupport_introspection_cpp.hpp
[22.360s] -- Up-to-date symlink: /home/px/arduino_ws/install/my_robot_interfaces/include/my_robot_interfaces/my_robot_interfaces/msg/detail/motor_command__rosidl_typesupport_introspection_cpp.hpp
[22.360s] -- Up-to-date symlink: /home/px/arduino_ws/install/my_robot_interfaces/include/my_robot_interfaces/my_robot_interfaces/msg/detail/real_sense__rosidl_typesupport_introspection_cpp.hpp
[22.361s] -- Up-to-date symlink: /home/px/arduino_ws/install/my_robot_interfaces/share/my_robot_interfaces/environment/pythonpath.sh
[22.361s] -- Up-to-date symlink: /home/px/arduino_ws/install/my_robot_interfaces/share/my_robot_interfaces/environment/pythonpath.dsv
[22.361s] -- Up-to-date symlink: /home/px/arduino_ws/install/my_robot_interfaces/local/lib/python3.10/dist-packages/my_robot_interfaces-0.0.0-py3.10.egg-info/PKG-INFO
[22.361s] -- Up-to-date symlink: /home/px/arduino_ws/install/my_robot_interfaces/local/lib/python3.10/dist-packages/my_robot_interfaces-0.0.0-py3.10.egg-info/SOURCES.txt
[22.361s] -- Up-to-date symlink: /home/px/arduino_ws/install/my_robot_interfaces/local/lib/python3.10/dist-packages/my_robot_interfaces-0.0.0-py3.10.egg-info/dependency_links.txt
[22.361s] -- Up-to-date symlink: /home/px/arduino_ws/install/my_robot_interfaces/local/lib/python3.10/dist-packages/my_robot_interfaces-0.0.0-py3.10.egg-info/top_level.txt
[22.362s] -- Up-to-date symlink: /home/px/arduino_ws/install/my_robot_interfaces/local/lib/python3.10/dist-packages/my_robot_interfaces/__init__.py
[22.362s] -- Up-to-date symlink: /home/px/arduino_ws/install/my_robot_interfaces/local/lib/python3.10/dist-packages/my_robot_interfaces/_my_robot_interfaces_s.ep.rosidl_typesupport_c.c
[22.363s] -- Up-to-date symlink: /home/px/arduino_ws/install/my_robot_interfaces/local/lib/python3.10/dist-packages/my_robot_interfaces/_my_robot_interfaces_s.ep.rosidl_typesupport_fastrtps_c.c
[22.363s] -- Up-to-date symlink: /home/px/arduino_ws/install/my_robot_interfaces/local/lib/python3.10/dist-packages/my_robot_interfaces/_my_robot_interfaces_s.ep.rosidl_typesupport_introspection_c.c
[22.363s] -- Up-to-date symlink: /home/px/arduino_ws/install/my_robot_interfaces/local/lib/python3.10/dist-packages/my_robot_interfaces/libmy_robot_interfaces__rosidl_generator_py.so
[22.363s] -- Up-to-date symlink: /home/px/arduino_ws/install/my_robot_interfaces/local/lib/python3.10/dist-packages/my_robot_interfaces/msg/__init__.py
[22.364s] -- Up-to-date symlink: /home/px/arduino_ws/install/my_robot_interfaces/local/lib/python3.10/dist-packages/my_robot_interfaces/msg/_find_obstacle.py
[22.364s] -- Up-to-date symlink: /home/px/arduino_ws/install/my_robot_interfaces/local/lib/python3.10/dist-packages/my_robot_interfaces/msg/_find_obstacle_s.c
[22.364s] -- Up-to-date symlink: /home/px/arduino_ws/install/my_robot_interfaces/local/lib/python3.10/dist-packages/my_robot_interfaces/msg/_fruit_depth.py
[22.364s] -- Up-to-date symlink: /home/px/arduino_ws/install/my_robot_interfaces/local/lib/python3.10/dist-packages/my_robot_interfaces/msg/_fruit_depth_s.c
[22.364s] -- Up-to-date symlink: /home/px/arduino_ws/install/my_robot_interfaces/local/lib/python3.10/dist-packages/my_robot_interfaces/msg/_imu.py
[22.365s] -- Up-to-date symlink: /home/px/arduino_ws/install/my_robot_interfaces/local/lib/python3.10/dist-packages/my_robot_interfaces/msg/_imu_s.c
[22.365s] -- Up-to-date symlink: /home/px/arduino_ws/install/my_robot_interfaces/local/lib/python3.10/dist-packages/my_robot_interfaces/msg/_joystick.py
[22.365s] -- Up-to-date symlink: /home/px/arduino_ws/install/my_robot_interfaces/local/lib/python3.10/dist-packages/my_robot_interfaces/msg/_joystick_s.c
[22.365s] -- Up-to-date symlink: /home/px/arduino_ws/install/my_robot_interfaces/local/lib/python3.10/dist-packages/my_robot_interfaces/msg/_laser_scan.py
[22.365s] -- Up-to-date symlink: /home/px/arduino_ws/install/my_robot_interfaces/local/lib/python3.10/dist-packages/my_robot_interfaces/msg/_laser_scan_s.c
[22.366s] -- Up-to-date symlink: /home/px/arduino_ws/install/my_robot_interfaces/local/lib/python3.10/dist-packages/my_robot_interfaces/msg/_lidar_scan.py
[22.366s] -- Up-to-date symlink: /home/px/arduino_ws/install/my_robot_interfaces/local/lib/python3.10/dist-packages/my_robot_interfaces/msg/_lidar_scan_s.c
[22.366s] -- Up-to-date symlink: /home/px/arduino_ws/install/my_robot_interfaces/local/lib/python3.10/dist-packages/my_robot_interfaces/msg/_motor_command.py
[22.366s] -- Up-to-date symlink: /home/px/arduino_ws/install/my_robot_interfaces/local/lib/python3.10/dist-packages/my_robot_interfaces/msg/_motor_command_s.c
[22.366s] -- Up-to-date symlink: /home/px/arduino_ws/install/my_robot_interfaces/local/lib/python3.10/dist-packages/my_robot_interfaces/msg/_real_sense.py
[22.366s] -- Up-to-date symlink: /home/px/arduino_ws/install/my_robot_interfaces/local/lib/python3.10/dist-packages/my_robot_interfaces/msg/_real_sense_s.c
[22.367s] -- Up-to-date symlink: /home/px/arduino_ws/install/my_robot_interfaces/local/lib/python3.10/dist-packages/my_robot_interfaces/my_robot_interfaces_s__rosidl_typesupport_c.cpython-310-x86_64-linux-gnu.so
[22.367s] -- Up-to-date symlink: /home/px/arduino_ws/install/my_robot_interfaces/local/lib/python3.10/dist-packages/my_robot_interfaces/my_robot_interfaces_s__rosidl_typesupport_fastrtps_c.cpython-310-x86_64-linux-gnu.so
[22.367s] -- Up-to-date symlink: /home/px/arduino_ws/install/my_robot_interfaces/local/lib/python3.10/dist-packages/my_robot_interfaces/my_robot_interfaces_s__rosidl_typesupport_introspection_c.cpython-310-x86_64-linux-gnu.so
[22.367s] -- Up-to-date symlink: /home/px/arduino_ws/install/my_robot_interfaces/local/lib/python3.10/dist-packages/my_robot_interfaces/my_robot_interfaces_s__rosidl_typesupport_fastrtps_c.cpython-310-x86_64-linux-gnu.so
[22.367s] -- Up-to-date symlink: /home/px/arduino_ws/install/my_robot_interfaces/local/lib/python3.10/dist-packages/my_robot_interfaces/my_robot_interfaces_s__rosidl_typesupport_introspection_c.cpython-310-x86_64-linux-gnu.so
[22.368s] -- Up-to-date symlink: /home/px/arduino_ws/install/my_robot_interfaces/local/lib/python3.10/dist-packages/my_robot_interfaces/my_robot_interfaces_s__rosidl_typesupport_c.cpython-310-x86_64-linux-gnu.so
[22.368s] -- Up-to-date symlink: /home/px/arduino_ws/install/my_robot_interfaces/share/my_robot_interfaces/msg/LidarScan.idl
[22.368s] -- Up-to-date symlink: /home/px/arduino_ws/install/my_robot_interfaces/share/my_robot_interfaces/msg/LaserScan.idl
[22.369s] -- Up-to-date symlink: /home/px/arduino_ws/install/my_robot_interfaces/share/my_robot_interfaces/msg/FruitDepth.idl
[22.369s] -- Up-to-date symlink: /home/px/arduino_ws/install/my_robot_interfaces/share/my_robot_interfaces/msg/Joystick.idl
[22.369s] -- Up-to-date symlink: /home/px/arduino_ws/install/my_robot_interfaces/share/my_robot_interfaces/msg/MotorCommand.idl
[22.370s] -- Up-to-date symlink: /home/px/arduino_ws/install/my_robot_interfaces/share/my_robot_interfaces/msg/FindObstacle.idl
[22.370s] -- Up-to-date symlink: /home/px/arduino_ws/install/my_robot_interfaces/share/my_robot_interfaces/msg/RealSense.idl
[22.370s] -- Up-to-date symlink: /home/px/arduino_ws/install/my_robot_interfaces/share/my_robot_interfaces/msg/Imu.idl
[22.370s] -- Up-to-date symlink: /home/px/arduino_ws/install/my_robot_interfaces/share/my_robot_interfaces/msg/LidarScan.msg
[22.370s] -- Up-to-date symlink: /home/px/arduino_ws/install/my_robot_interfaces/share/my_robot_interfaces/msg/LaserScan.msg
[22.370s] -- Up-to-date symlink: /home/px/arduino_ws/install/my_robot_interfaces/share/my_robot_interfaces/msg/FruitDepth.msg
[22.371s] -- Up-to-date symlink: /home/px/arduino_ws/install/my_robot_interfaces/share/my_robot_interfaces/msg/Joystick.msg
[22.371s] -- Up-to-date symlink: /home/px/arduino_ws/install/my_robot_interfaces/share/my_robot_interfaces/msg/MotorCommand.msg
[22.371s] -- Up-to-date symlink: /home/px/arduino_ws/install/my_robot_interfaces/share/my_robot_interfaces/msg/FindObstacle.msg
[22.371s] -- Up-to-date symlink: /home/px/arduino_ws/install/my_robot_interfaces/share/my_robot_interfaces/msg/RealSense.msg
[22.371s] -- Up-to-date symlink: /home/px/arduino_ws/install/my_robot_interfaces/share/my_robot_interfaces/msg/Imu.msg
[22.372s] -- Up-to-date symlink: /home/px/arduino_ws/install/my_robot_interfaces/share/ament_index/resource_index/package_run_dependencies/my_robot_interfaces
[22.372s] -- Up-to-date symlink: /home/px/arduino_ws/install/my_robot_interfaces/share/ament_index/resource_index/parent_prefix_path/my_robot_interfaces
[22.373s] -- Up-to-date symlink: /home/px/arduino_ws/install/my_robot_interfaces/share/my_robot_interfaces/environment/ament_prefix_path.sh
[22.373s] -- Up-to-date symlink: /home/px/arduino_ws/install/my_robot_interfaces/share/my_robot_interfaces/environment/ament_prefix_path.dsv
[22.373s] -- Up-to-date symlink: /home/px/arduino_ws/install/my_robot_interfaces/share/my_robot_interfaces/environment/path.sh
[22.374s] -- Up-to-date symlink: /home/px/arduino_ws/install/my_robot_interfaces/share/my_robot_interfaces/environment/path.dsv
[22.374s] -- Up-to-date symlink: /home/px/arduino_ws/install/my_robot_interfaces/share/my_robot_interfaces/local_setup.bash
[22.374s] -- Up-to-date symlink: /home/px/arduino_ws/install/my_robot_interfaces/share/my_robot_interfaces/local_setup.sh
[22.374s] -- Up-to-date symlink: /home/px/arduino_ws/install/my_robot_interfaces/share/my_robot_interfaces/local_setup.zsh
[22.375s] -- Up-to-date symlink: /home/px/arduino_ws/install/my_robot_interfaces/share/my_robot_interfaces/local_setup.dsv
[22.375s] -- Symlinking: /home/px/arduino_ws/install/my_robot_interfaces/share/my_robot_interfaces/package.dsv
[22.390s] -- Up-to-date symlink: /home/px/arduino_ws/install/my_robot_interfaces/share/ament_index/resource_index/packages/my_robot_interfaces
[22.391s] -- Up-to-date symlink: /home/px/arduino_ws/install/my_robot_interfaces/share/my_robot_interfaces/cmake/rosidl_cmake-extras.cmake
[22.391s] -- Up-to-date symlink: /home/px/arduino_ws/install/my_robot_interfaces/share/my_robot_interfaces/cmake/ament_cmake_export_dependencies-extras.cmake
[22.391s] -- Up-to-date symlink: /home/px/arduino_ws/install/my_robot_interfaces/share/my_robot_interfaces/cmake/ament_cmake_export_include_directories-extras.cmake
[22.391s] -- Up-to-date symlink: /home/px/arduino_ws/install/my_robot_interfaces/share/my_robot_interfaces/cmake/ament_cmake_export_libraries-extras.cmake
[22.392s] -- Up-to-date symlink: /home/px/arduino_ws/install/my_robot_interfaces/share/my_robot_interfaces/cmake/ament_cmake_export_targets-extras.cmake
[22.392s] -- Up-to-date symlink: /home/px/arduino_ws/install/my_robot_interfaces/share/my_robot_interfaces/cmake/rosidl_cmake_export_typesupport_targets-extras.cmake
[22.392s] -- Up-to-date symlink: /home/px/arduino_ws/install/my_robot_interfaces/share/my_robot_interfaces/cmake/rosidl_cmake_export_typesupport_libraries-extras.cmake
[22.393s] -- Up-to-date symlink: /home/px/arduino_ws/install/my_robot_interfaces/share/my_robot_interfaces/cmake/my_robot_interfacesConfig.cmake
[22.393s] -- Up-to-date symlink: /home/px/arduino_ws/install/my_robot_interfaces/share/my_robot_interfaces/cmake/my_robot_interfacesConfig-version.cmake
[22.393s] -- Up-to-date symlink: /home/px/arduino_ws/install/my_robot_interfaces/share/my_robot_interfaces/package.xml
[22.393s] -- Installing: /home/px/arduino_ws/install/my_robot_interfaces/lib/libmy_robot_interfaces__rosidl_generator_c.so
[22.394s] -- Set runtime path of "/home/px/arduino_ws/install/my_robot_interfaces/lib/libmy_robot_interfaces__rosidl_generator_c.so" to ""
[22.394s] -- Installing: /home/px/arduino_ws/install/my_robot_interfaces/lib/libmy_robot_interfaces__rosidl_typesupport_fastrtps_c.so
[22.395s] -- Set runtime path of "/home/px/arduino_ws/install/my_robot_interfaces/lib/libmy_robot_interfaces__rosidl_typesupport_fastrtps_c.so" to ""
[22.395s] -- Installing: /home/px/arduino_ws/install/my_robot_interfaces/lib/libmy_robot_interfaces__rosidl_typesupport_fastrtps_cpp.so
[22.396s] -- Set runtime path of "/home/px/arduino_ws/install/my_robot_interfaces/lib/libmy_robot_interfaces__rosidl_typesupport_fastrtps_cpp.so" to ""
[22.396s] -- Installing: /home/px/arduino_ws/install/my_robot_interfaces/lib/libmy_robot_interfaces__rosidl_typesupport_introspection_c.so
[22.397s] -- Set runtime path of "/home/px/arduino_ws/install/my_robot_interfaces/lib/libmy_robot_interfaces__rosidl_typesupport_introspection_c.so" to ""
[22.397s] -- Installing: /home/px/arduino_ws/install/my_robot_interfaces/lib/libmy_robot_interfaces__rosidl_typesupport_c.so
[22.397s] -- Set runtime path of "/home/px/arduino_ws/install/my_robot_interfaces/lib/libmy_robot_interfaces__rosidl_typesupport_c.so" to ""
[22.397s] -- Installing: /home/px/arduino_ws/install/my_robot_interfaces/lib/libmy_robot_interfaces__rosidl_typesupport_introspection_cpp.so
[22.399s] -- Set runtime path of "/home/px/arduino_ws/install/my_robot_interfaces/lib/libmy_robot_interfaces__rosidl_typesupport_introspection_cpp.so" to ""
[22.399s] -- Installing: /home/px/arduino_ws/install/my_robot_interfaces/lib/libmy_robot_interfaces__rosidl_typesupport_cpp.so
[22.399s] -- Set runtime path of "/home/px/arduino_ws/install/my_robot_interfaces/lib/libmy_robot_interfaces__rosidl_typesupport_cpp.so" to ""
[22.489s] Listing '/home/px/arduino_ws/install/my_robot_interfaces/local/lib/python3.10/dist-packages/my_robot_interfaces'...
[22.489s] Compiling '/home/px/arduino_ws/install/my_robot_interfaces/local/lib/python3.10/dist-packages/my_robot_interfaces/__init__.py'...
[22.489s] Listing '/home/px/arduino_ws/install/my_robot_interfaces/local/lib/python3.10/dist-packages/my_robot_interfaces/msg'...
[22.490s] Compiling '/home/px/arduino_ws/install/my_robot_interfaces/local/lib/python3.10/dist-packages/my_robot_interfaces/msg/__init__.py'...
[22.490s] Compiling '/home/px/arduino_ws/install/my_robot_interfaces/local/lib/python3.10/dist-packages/my_robot_interfaces/msg/_find_obstacle.py'...
[22.490s] Compiling '/home/px/arduino_ws/install/my_robot_interfaces/local/lib/python3.10/dist-packages/my_robot_interfaces/msg/_fruit_depth.py'...
[22.490s] Compiling '/home/px/arduino_ws/install/my_robot_interfaces/local/lib/python3.10/dist-packages/my_robot_interfaces/msg/_imu.py'...
[22.490s] Compiling '/home/px/arduino_ws/install/my_robot_interfaces/local/lib/python3.10/dist-packages/my_robot_interfaces/msg/_joystick.py'...
[22.490s] Compiling '/home/px/arduino_ws/install/my_robot_interfaces/local/lib/python3.10/dist-packages/my_robot_interfaces/msg/_laser_scan.py'...
[22.490s] Compiling '/home/px/arduino_ws/install/my_robot_interfaces/local/lib/python3.10/dist-packages/my_robot_interfaces/msg/_lidar_scan.py'...
[22.490s] Compiling '/home/px/arduino_ws/install/my_robot_interfaces/local/lib/python3.10/dist-packages/my_robot_interfaces/msg/_motor_command.py'...
[22.490s] Compiling '/home/px/arduino_ws/install/my_robot_interfaces/local/lib/python3.10/dist-packages/my_robot_interfaces/msg/_real_sense.py'...
[22.497s] -- Installing: /home/px/arduino_ws/install/my_robot_interfaces/lib/libmy_robot_interfaces__rosidl_generator_py.so
[22.498s] -- Set runtime path of "/home/px/arduino_ws/install/my_robot_interfaces/lib/libmy_robot_interfaces__rosidl_generator_py.so" to ""
[22.498s] -- Up-to-date: /home/px/arduino_ws/install/my_robot_interfaces/share/my_robot_interfaces/cmake/export_my_robot_interfaces__rosidl_generator_cExport.cmake
[22.498s] -- Up-to-date: /home/px/arduino_ws/install/my_robot_interfaces/share/my_robot_interfaces/cmake/export_my_robot_interfaces__rosidl_generator_cExport-noconfig.cmake
[22.499s] -- Up-to-date: /home/px/arduino_ws/install/my_robot_interfaces/share/my_robot_interfaces/cmake/export_my_robot_interfaces__rosidl_typesupport_fastrtps_cExport.cmake
[22.499s] -- Up-to-date: /home/px/arduino_ws/install/my_robot_interfaces/share/my_robot_interfaces/cmake/export_my_robot_interfaces__rosidl_typesupport_fastrtps_cExport-noconfig.cmake
[22.499s] -- Up-to-date: /home/px/arduino_ws/install/my_robot_interfaces/share/my_robot_interfaces/cmake/export_my_robot_interfaces__rosidl_generator_cppExport.cmake
[22.499s] -- Up-to-date: /home/px/arduino_ws/install/my_robot_interfaces/share/my_robot_interfaces/cmake/export_my_robot_interfaces__rosidl_typesupport_fastrtps_cppExport.cmake
[22.499s] -- Up-to-date: /home/px/arduino_ws/install/my_robot_interfaces/share/my_robot_interfaces/cmake/export_my_robot_interfaces__rosidl_typesupport_fastrtps_cppExport-noconfig.cmake
[22.500s] -- Up-to-date: /home/px/arduino_ws/install/my_robot_interfaces/share/my_robot_interfaces/cmake/my_robot_interfaces__rosidl_typesupport_introspection_cExport.cmake
[22.500s] -- Up-to-date: /home/px/arduino_ws/install/my_robot_interfaces/share/my_robot_interfaces/cmake/my_robot_interfaces__rosidl_typesupport_introspection_cExport-noconfig.cmake
[22.500s] -- Up-to-date: /home/px/arduino_ws/install/my_robot_interfaces/share/my_robot_interfaces/cmake/my_robot_interfaces__rosidl_typesupport_cExport.cmake
[22.500s] -- Up-to-date: /home/px/arduino_ws/install/my_robot_interfaces/share/my_robot_interfaces/cmake/my_robot_interfaces__rosidl_typesupport_cExport-noconfig.cmake
[22.500s] -- Up-to-date: /home/px/arduino_ws/install/my_robot_interfaces/share/my_robot_interfaces/cmake/my_robot_interfaces__rosidl_typesupport_introspection_cppExport.cmake
[22.500s] -- Up-to-date: /home/px/arduino_ws/install/my_robot_interfaces/share/my_robot_interfaces/cmake/my_robot_interfaces__rosidl_typesupport_introspection_cppExport-noconfig.cmake
[22.500s] -- Up-to-date: /home/px/arduino_ws/install/my_robot_interfaces/share/my_robot_interfaces/cmake/my_robot_interfaces__rosidl_typesupport_cppExport.cmake
[22.501s] -- Up-to-date: /home/px/arduino_ws/install/my_robot_interfaces/share/my_robot_interfaces/cmake/my_robot_interfaces__rosidl_typesupport_cppExport-noconfig.cmake
[22.501s] -- Up-to-date: /home/px/arduino_ws/install/my_robot_interfaces/share/my_robot_interfaces/cmake/export_my_robot_interfaces__rosidl_generator_pyExport.cmake
[22.501s] -- Up-to-date: /home/px/arduino_ws/install/my_robot_interfaces/share/my_robot_interfaces/cmake/export_my_robot_interfaces__rosidl_generator_pyExport-noconfig.cmake
[22.503s] Invoked command in '/home/px/arduino_ws/build/my_robot_interfaces' returned '0': CMAKE_PREFIX_PATH=${CMAKE_PREFIX_PATH}:/home/px/arduino_ws/install/py_launch_example:/home/px/arduino_ws/install/arduino_control:/opt/ros/humble /usr/bin/cmake --install /home/px/arduino_ws/build/my_robot_interfaces
