[2.077s] Invoking command in '/home/px/arduino_ws/build/arduino_control': PYTHONPATH=/home/px/arduino_ws/build/arduino_control/prefix_override:/home/px/arduino_ws/install/arduino_control/lib/python3.10/site-packages:${PYTHONPATH} /usr/bin/python3 setup.py develop --editable --build-directory /home/px/arduino_ws/build/arduino_control/build --no-deps install_data
[2.547s] running develop
[2.854s] running egg_info
[2.854s] writing arduino_control.egg-info/PKG-INFO
[2.854s] writing dependency_links to arduino_control.egg-info/dependency_links.txt
[2.854s] writing entry points to arduino_control.egg-info/entry_points.txt
[2.854s] writing requirements to arduino_control.egg-info/requires.txt
[2.855s] writing top-level names to arduino_control.egg-info/top_level.txt
[2.857s] reading manifest file 'arduino_control.egg-info/SOURCES.txt'
[2.858s] writing manifest file 'arduino_control.egg-info/SOURCES.txt'
[2.860s] running build_ext
[2.861s] Creating /home/px/arduino_ws/install/arduino_control/lib/python3.10/site-packages/arduino-control.egg-link (link to .)
[2.862s] Installing joystick script to /home/px/arduino_ws/install/arduino_control/lib/arduino_control
[2.862s] Installing joystick_control script to /home/px/arduino_ws/install/arduino_control/lib/arduino_control
[2.862s] Installing lidar script to /home/px/arduino_ws/install/arduino_control/lib/arduino_control
[2.863s] Installing locomotion_control script to /home/px/arduino_ws/install/arduino_control/lib/arduino_control
[2.863s] Installing minimal_publisher script to /home/px/arduino_ws/install/arduino_control/lib/arduino_control
[2.863s] Installing obstacle_avoidance script to /home/px/arduino_ws/install/arduino_control/lib/arduino_control
[2.863s] Installing realsense script to /home/px/arduino_ws/install/arduino_control/lib/arduino_control
[2.863s] 
[2.864s] Installed /home/px/arduino_ws/build/arduino_control
[2.864s] running install_data
[2.864s] copying launch/arduino_control_launch.py -> /home/px/arduino_ws/install/arduino_control/share/arduino_control/launch
[2.912s] Invoked command in '/home/px/arduino_ws/build/arduino_control' returned '0': PYTHONPATH=/home/px/arduino_ws/build/arduino_control/prefix_override:/home/px/arduino_ws/install/arduino_control/lib/python3.10/site-packages:${PYTHONPATH} /usr/bin/python3 setup.py develop --editable --build-directory /home/px/arduino_ws/build/arduino_control/build --no-deps install_data
