[1.691s] Invoking command in '/home/px/arduino_ws/build/arduino_control': PYTHONPATH=/home/px/arduino_ws/build/arduino_control/prefix_override:/home/px/arduino_ws/install/arduino_control/lib/python3.10/site-packages:${PYTHONPATH} /usr/bin/python3 setup.py develop --uninstall --editable --build-directory /home/px/arduino_ws/build/arduino_control/build
[2.146s] running develop
[2.423s] Removing /home/px/arduino_ws/install/arduino_control/lib/python3.10/site-packages/arduino-control.egg-link (link to .)
[2.465s] Invoked command in '/home/px/arduino_ws/build/arduino_control' returned '0': PYTHONPATH=/home/px/arduino_ws/build/arduino_control/prefix_override:/home/px/arduino_ws/install/arduino_control/lib/python3.10/site-packages:${PYTHONPATH} /usr/bin/python3 setup.py develop --uninstall --editable --build-directory /home/px/arduino_ws/build/arduino_control/build
[2.467s] Invoking command in '/home/px/arduino_ws/src/arduino_control': PYTHONPATH=/home/px/arduino_ws/build/arduino_control/prefix_override:/home/px/arduino_ws/install/arduino_control/lib/python3.10/site-packages:${PYTHONPATH} /usr/bin/python3 setup.py egg_info --egg-base ../../build/arduino_control build --build-base /home/px/arduino_ws/build/arduino_control/build install --record /home/px/arduino_ws/build/arduino_control/install.log --single-version-externally-managed
[2.906s] running egg_info
[2.906s] writing ../../build/arduino_control/arduino_control.egg-info/PKG-INFO
[2.907s] writing dependency_links to ../../build/arduino_control/arduino_control.egg-info/dependency_links.txt
[2.907s] writing entry points to ../../build/arduino_control/arduino_control.egg-info/entry_points.txt
[2.907s] writing requirements to ../../build/arduino_control/arduino_control.egg-info/requires.txt
[2.907s] writing top-level names to ../../build/arduino_control/arduino_control.egg-info/top_level.txt
[2.910s] reading manifest file '../../build/arduino_control/arduino_control.egg-info/SOURCES.txt'
[2.910s] adding license file 'LICENSE'
[2.911s] writing manifest file '../../build/arduino_control/arduino_control.egg-info/SOURCES.txt'
[2.912s] running build
[2.912s] running build_py
[2.912s] copying arduino_control/publisher.py -> /home/px/arduino_ws/build/arduino_control/build/lib/arduino_control
[2.912s] copying arduino_control/test.py -> /home/px/arduino_ws/build/arduino_control/build/lib/arduino_control
[2.912s] copying arduino_control/arduino_led_node.py -> /home/px/arduino_ws/build/arduino_control/build/lib/arduino_control
[2.913s] running install
[2.913s] running install_lib
[2.914s] creating /home/px/arduino_ws/install/arduino_control/lib/python3.10/site-packages/arduino_control
[2.914s] copying /home/px/arduino_ws/build/arduino_control/build/lib/arduino_control/publisher.py -> /home/px/arduino_ws/install/arduino_control/lib/python3.10/site-packages/arduino_control
[2.915s] copying /home/px/arduino_ws/build/arduino_control/build/lib/arduino_control/__init__.py -> /home/px/arduino_ws/install/arduino_control/lib/python3.10/site-packages/arduino_control
[2.915s] copying /home/px/arduino_ws/build/arduino_control/build/lib/arduino_control/realsense.py -> /home/px/arduino_ws/install/arduino_control/lib/python3.10/site-packages/arduino_control
[2.915s] copying /home/px/arduino_ws/build/arduino_control/build/lib/arduino_control/lidar.py -> /home/px/arduino_ws/install/arduino_control/lib/python3.10/site-packages/arduino_control
[2.915s] copying /home/px/arduino_ws/build/arduino_control/build/lib/arduino_control/lidar_scan_x4.py -> /home/px/arduino_ws/install/arduino_control/lib/python3.10/site-packages/arduino_control
[2.915s] copying /home/px/arduino_ws/build/arduino_control/build/lib/arduino_control/test.py -> /home/px/arduino_ws/install/arduino_control/lib/python3.10/site-packages/arduino_control
[2.915s] copying /home/px/arduino_ws/build/arduino_control/build/lib/arduino_control/arduino_led_node.py -> /home/px/arduino_ws/install/arduino_control/lib/python3.10/site-packages/arduino_control
[2.916s] byte-compiling /home/px/arduino_ws/install/arduino_control/lib/python3.10/site-packages/arduino_control/publisher.py to publisher.cpython-310.pyc
[2.917s] byte-compiling /home/px/arduino_ws/install/arduino_control/lib/python3.10/site-packages/arduino_control/__init__.py to __init__.cpython-310.pyc
[2.917s] byte-compiling /home/px/arduino_ws/install/arduino_control/lib/python3.10/site-packages/arduino_control/realsense.py to realsense.cpython-310.pyc
[2.918s] byte-compiling /home/px/arduino_ws/install/arduino_control/lib/python3.10/site-packages/arduino_control/lidar.py to lidar.cpython-310.pyc
[2.919s] byte-compiling /home/px/arduino_ws/install/arduino_control/lib/python3.10/site-packages/arduino_control/lidar_scan_x4.py to lidar_scan_x4.cpython-310.pyc
[2.922s] byte-compiling /home/px/arduino_ws/install/arduino_control/lib/python3.10/site-packages/arduino_control/test.py to test.cpython-310.pyc
[2.922s] byte-compiling /home/px/arduino_ws/install/arduino_control/lib/python3.10/site-packages/arduino_control/arduino_led_node.py to arduino_led_node.cpython-310.pyc
[2.923s] running install_data
[2.924s] running install_egg_info
[2.926s] Copying ../../build/arduino_control/arduino_control.egg-info to /home/px/arduino_ws/install/arduino_control/lib/python3.10/site-packages/arduino_control-0.0.0-py3.10.egg-info
[2.928s] running install_scripts
[2.957s] Installing arduino_control_node script to /home/px/arduino_ws/install/arduino_control/lib/arduino_control
[2.957s] Installing lidar script to /home/px/arduino_ws/install/arduino_control/lib/arduino_control
[2.957s] Installing minimal_publisher script to /home/px/arduino_ws/install/arduino_control/lib/arduino_control
[2.958s] Installing realsense script to /home/px/arduino_ws/install/arduino_control/lib/arduino_control
[2.958s] writing list of installed files to '/home/px/arduino_ws/build/arduino_control/install.log'
[3.004s] Invoked command in '/home/px/arduino_ws/src/arduino_control' returned '0': PYTHONPATH=/home/px/arduino_ws/build/arduino_control/prefix_override:/home/px/arduino_ws/install/arduino_control/lib/python3.10/site-packages:${PYTHONPATH} /usr/bin/python3 setup.py egg_info --egg-base ../../build/arduino_control build --build-base /home/px/arduino_ws/build/arduino_control/build install --record /home/px/arduino_ws/build/arduino_control/install.log --single-version-externally-managed
