[0.743s] Invoking command in '/home/px/arduino_ws/build/arduino_control': CMAKE_PREFIX_PATH=/home/px/arduino_ws/install/my_robot_interfaces:/home/px/arduino_ws/install/px_bot_description:/home/px/ydlidar_ros2_ws/install/ydlidar_ros2_driver PYTHONPATH=/home/px/arduino_ws/build/arduino_control/prefix_override:/home/px/arduino_ws/install/arduino_control/lib/python3.10/site-packages:${PYTHONPATH} /usr/bin/python3 -W ignore:setup.py install is deprecated setup.py develop --editable --build-directory /home/px/arduino_ws/build/arduino_control/build --no-deps symlink_data
[1.093s] running develop
[1.347s] running egg_info
[1.347s] writing arduino_control.egg-info/PKG-INFO
[1.347s] writing dependency_links to arduino_control.egg-info/dependency_links.txt
[1.347s] writing entry points to arduino_control.egg-info/entry_points.txt
[1.347s] writing requirements to arduino_control.egg-info/requires.txt
[1.347s] writing top-level names to arduino_control.egg-info/top_level.txt
[1.350s] reading manifest file 'arduino_control.egg-info/SOURCES.txt'
[1.351s] writing manifest file 'arduino_control.egg-info/SOURCES.txt'
[1.353s] running build_ext
[1.353s] Creating /home/px/arduino_ws/install/arduino_control/lib/python3.10/site-packages/arduino-control.egg-link (link to .)
[1.354s] Installing autonomous_control script to /home/px/arduino_ws/install/arduino_control/lib/arduino_control
[1.354s] Installing detection script to /home/px/arduino_ws/install/arduino_control/lib/arduino_control
[1.354s] Installing find_obstacle script to /home/px/arduino_ws/install/arduino_control/lib/arduino_control
[1.354s] Installing fruit_harvest script to /home/px/arduino_ws/install/arduino_control/lib/arduino_control
[1.354s] Installing harvest_fruit script to /home/px/arduino_ws/install/arduino_control/lib/arduino_control
[1.354s] Installing imu script to /home/px/arduino_ws/install/arduino_control/lib/arduino_control
[1.354s] Installing joystick script to /home/px/arduino_ws/install/arduino_control/lib/arduino_control
[1.355s] Installing joystick_control script to /home/px/arduino_ws/install/arduino_control/lib/arduino_control
[1.355s] Installing lidar script to /home/px/arduino_ws/install/arduino_control/lib/arduino_control
[1.355s] Installing locomotion_control script to /home/px/arduino_ws/install/arduino_control/lib/arduino_control
[1.355s] Installing minimal_publisher script to /home/px/arduino_ws/install/arduino_control/lib/arduino_control
[1.355s] Installing obstacle_avoidance script to /home/px/arduino_ws/install/arduino_control/lib/arduino_control
[1.355s] Installing realsense script to /home/px/arduino_ws/install/arduino_control/lib/arduino_control
[1.355s] Installing realsense_imu script to /home/px/arduino_ws/install/arduino_control/lib/arduino_control
[1.355s] 
[1.355s] Installed /home/px/arduino_ws/build/arduino_control
[1.355s] running symlink_data
[1.355s] symbolically linking /home/px/arduino_ws/build/arduino_control/launch/test1_launch.py -> /home/px/arduino_ws/install/arduino_control/share/arduino_control/launch
[1.394s] Invoked command in '/home/px/arduino_ws/build/arduino_control' returned '0': CMAKE_PREFIX_PATH=/home/px/arduino_ws/install/my_robot_interfaces:/home/px/arduino_ws/install/px_bot_description:/home/px/ydlidar_ros2_ws/install/ydlidar_ros2_driver PYTHONPATH=/home/px/arduino_ws/build/arduino_control/prefix_override:/home/px/arduino_ws/install/arduino_control/lib/python3.10/site-packages:${PYTHONPATH} /usr/bin/python3 -W ignore:setup.py install is deprecated setup.py develop --editable --build-directory /home/px/arduino_ws/build/arduino_control/build --no-deps symlink_data
