[0.765s] Invoking command in '/home/px/arduino_ws/build/arduino_control': CMAKE_PREFIX_PATH=/home/px/arduino_ws/install/my_robot_interfaces:/home/px/arduino_ws/install/px_bot_description:/home/px/ydlidar_ros2_ws/install/ydlidar_ros2_driver PYTHONPATH=/home/px/arduino_ws/build/arduino_control/prefix_override:/home/px/arduino_ws/install/arduino_control/lib/python3.10/site-packages:${PYTHONPATH} /usr/bin/python3 -W ignore:setup.py install is deprecated setup.py develop --editable --build-directory /home/px/arduino_ws/build/arduino_control/build --no-deps symlink_data
[1.079s] running develop
[1.299s] running egg_info
[1.299s] writing arduino_control.egg-info/PKG-INFO
[1.299s] writing dependency_links to arduino_control.egg-info/dependency_links.txt
[1.300s] writing entry points to arduino_control.egg-info/entry_points.txt
[1.300s] writing requirements to arduino_control.egg-info/requires.txt
[1.300s] writing top-level names to arduino_control.egg-info/top_level.txt
[1.302s] reading manifest file 'arduino_control.egg-info/SOURCES.txt'
[1.303s] writing manifest file 'arduino_control.egg-info/SOURCES.txt'
[1.305s] running build_ext
[1.305s] Creating /home/px/arduino_ws/install/arduino_control/lib/python3.10/site-packages/arduino-control.egg-link (link to .)
[1.306s] Installing autonomous_control script to /home/px/arduino_ws/install/arduino_control/lib/arduino_control
[1.306s] Installing detection script to /home/px/arduino_ws/install/arduino_control/lib/arduino_control
[1.306s] Installing find_obstacle script to /home/px/arduino_ws/install/arduino_control/lib/arduino_control
[1.306s] Installing fruit_harvest script to /home/px/arduino_ws/install/arduino_control/lib/arduino_control
[1.306s] Installing imu script to /home/px/arduino_ws/install/arduino_control/lib/arduino_control
[1.306s] Installing joystick script to /home/px/arduino_ws/install/arduino_control/lib/arduino_control
[1.306s] Installing joystick_control script to /home/px/arduino_ws/install/arduino_control/lib/arduino_control
[1.307s] Installing lidar script to /home/px/arduino_ws/install/arduino_control/lib/arduino_control
[1.307s] Installing locomotion_control script to /home/px/arduino_ws/install/arduino_control/lib/arduino_control
[1.307s] Installing minimal_publisher script to /home/px/arduino_ws/install/arduino_control/lib/arduino_control
[1.307s] Installing obstacle_avoidance script to /home/px/arduino_ws/install/arduino_control/lib/arduino_control
[1.307s] Installing realsense script to /home/px/arduino_ws/install/arduino_control/lib/arduino_control
[1.307s] Installing realsense_imu script to /home/px/arduino_ws/install/arduino_control/lib/arduino_control
[1.307s] 
[1.308s] Installed /home/px/arduino_ws/build/arduino_control
[1.308s] running symlink_data
[1.358s] Invoked command in '/home/px/arduino_ws/build/arduino_control' returned '0': CMAKE_PREFIX_PATH=/home/px/arduino_ws/install/my_robot_interfaces:/home/px/arduino_ws/install/px_bot_description:/home/px/ydlidar_ros2_ws/install/ydlidar_ros2_driver PYTHONPATH=/home/px/arduino_ws/build/arduino_control/prefix_override:/home/px/arduino_ws/install/arduino_control/lib/python3.10/site-packages:${PYTHONPATH} /usr/bin/python3 -W ignore:setup.py install is deprecated setup.py develop --editable --build-directory /home/px/arduino_ws/build/arduino_control/build --no-deps symlink_data
