[0.595s] Invoking command in '/home/px/arduino_ws/build/my_robot_interfaces': CMAKE_PREFIX_PATH=${CMAKE_PREFIX_PATH}:/home/px/arduino_ws/install/py_launch_example:/home/px/arduino_ws/install/arduino_control:/opt/ros/humble /usr/bin/cmake --build /home/px/arduino_ws/build/my_robot_interfaces -- -j8 -l8
[0.675s] [  1%] Built target my_robot_interfaces__cpp
[0.678s] [ 12%] Built target my_robot_interfaces__rosidl_generator_c
[0.721s] [ 12%] Built target ament_cmake_python_symlink_my_robot_interfaces
[0.726s] [ 23%] Built target my_robot_interfaces__rosidl_typesupport_c
[0.729s] [ 34%] Built target my_robot_interfaces__rosidl_typesupport_cpp
[0.734s] [ 52%] Built target my_robot_interfaces__rosidl_typesupport_introspection_c
[0.735s] [ 57%] Built target my_robot_interfaces__rosidl_typesupport_fastrtps_cpp
[0.736s] [ 68%] Built target my_robot_interfaces__rosidl_typesupport_fastrtps_c
[0.760s] [ 79%] Built target my_robot_interfaces__rosidl_typesupport_introspection_cpp
[0.818s] [ 79%] Built target my_robot_interfaces
[0.851s] [ 80%] Built target my_robot_interfaces__py
[0.894s] [ 90%] Built target my_robot_interfaces__rosidl_generator_py
[0.937s] [ 93%] Built target my_robot_interfaces__rosidl_typesupport_fastrtps_c__pyext
[0.938s] [ 96%] Built target my_robot_interfaces__rosidl_typesupport_c__pyext
[0.951s] [100%] Built target my_robot_interfaces__rosidl_typesupport_introspection_c__pyext
[1.219s] running egg_info
[1.219s] writing my_robot_interfaces.egg-info/PKG-INFO
[1.219s] writing dependency_links to my_robot_interfaces.egg-info/dependency_links.txt
[1.220s] writing top-level names to my_robot_interfaces.egg-info/top_level.txt
[1.224s] reading manifest file 'my_robot_interfaces.egg-info/SOURCES.txt'
[1.225s] writing manifest file 'my_robot_interfaces.egg-info/SOURCES.txt'
[1.265s] [100%] Built target ament_cmake_python_build_my_robot_interfaces_egg
[1.330s] Invoked command in '/home/px/arduino_ws/build/my_robot_interfaces' returned '0': CMAKE_PREFIX_PATH=${CMAKE_PREFIX_PATH}:/home/px/arduino_ws/install/py_launch_example:/home/px/arduino_ws/install/arduino_control:/opt/ros/humble /usr/bin/cmake --build /home/px/arduino_ws/build/my_robot_interfaces -- -j8 -l8
[1.578s] Invoking command in '/home/px/arduino_ws/build/my_robot_interfaces': CMAKE_PREFIX_PATH=${CMAKE_PREFIX_PATH}:/home/px/arduino_ws/install/py_launch_example:/home/px/arduino_ws/install/arduino_control:/opt/ros/humble /usr/bin/cmake --install /home/px/arduino_ws/build/my_robot_interfaces
[1.595s] -- Install configuration: ""
[1.596s] -- Execute custom install script
[1.597s] -- Up-to-date symlink: /home/px/arduino_ws/install/my_robot_interfaces/share/ament_index/resource_index/rosidl_interfaces/my_robot_interfaces
[1.598s] -- Up-to-date symlink: /home/px/arduino_ws/install/my_robot_interfaces/include/my_robot_interfaces/my_robot_interfaces/msg/detail/fruit_depth__functions.h
[1.598s] -- Up-to-date symlink: /home/px/arduino_ws/install/my_robot_interfaces/include/my_robot_interfaces/my_robot_interfaces/msg/detail/fruit_depth__struct.h
[1.598s] -- Up-to-date symlink: /home/px/arduino_ws/install/my_robot_interfaces/include/my_robot_interfaces/my_robot_interfaces/msg/detail/fruit_depth__type_support.h
[1.598s] -- Up-to-date symlink: /home/px/arduino_ws/install/my_robot_interfaces/include/my_robot_interfaces/my_robot_interfaces/msg/detail/joystick__functions.h
[1.599s] -- Up-to-date symlink: /home/px/arduino_ws/install/my_robot_interfaces/include/my_robot_interfaces/my_robot_interfaces/msg/detail/joystick__struct.h
[1.599s] -- Up-to-date symlink: /home/px/arduino_ws/install/my_robot_interfaces/include/my_robot_interfaces/my_robot_interfaces/msg/detail/joystick__type_support.h
[1.599s] -- Up-to-date symlink: /home/px/arduino_ws/install/my_robot_interfaces/include/my_robot_interfaces/my_robot_interfaces/msg/detail/laser_scan__functions.h
[1.599s] -- Up-to-date symlink: /home/px/arduino_ws/install/my_robot_interfaces/include/my_robot_interfaces/my_robot_interfaces/msg/detail/laser_scan__struct.h
[1.599s] -- Up-to-date symlink: /home/px/arduino_ws/install/my_robot_interfaces/include/my_robot_interfaces/my_robot_interfaces/msg/detail/laser_scan__type_support.h
[1.600s] -- Up-to-date symlink: /home/px/arduino_ws/install/my_robot_interfaces/include/my_robot_interfaces/my_robot_interfaces/msg/detail/lidar_scan__functions.h
[1.600s] -- Up-to-date symlink: /home/px/arduino_ws/install/my_robot_interfaces/include/my_robot_interfaces/my_robot_interfaces/msg/detail/lidar_scan__struct.h
[1.600s] -- Up-to-date symlink: /home/px/arduino_ws/install/my_robot_interfaces/include/my_robot_interfaces/my_robot_interfaces/msg/detail/lidar_scan__type_support.h
[1.600s] -- Up-to-date symlink: /home/px/arduino_ws/install/my_robot_interfaces/include/my_robot_interfaces/my_robot_interfaces/msg/detail/motor_command__functions.h
[1.600s] -- Up-to-date symlink: /home/px/arduino_ws/install/my_robot_interfaces/include/my_robot_interfaces/my_robot_interfaces/msg/detail/motor_command__struct.h
[1.601s] -- Up-to-date symlink: /home/px/arduino_ws/install/my_robot_interfaces/include/my_robot_interfaces/my_robot_interfaces/msg/detail/motor_command__type_support.h
[1.601s] -- Up-to-date symlink: /home/px/arduino_ws/install/my_robot_interfaces/include/my_robot_interfaces/my_robot_interfaces/msg/fruit_depth.h
[1.601s] -- Up-to-date symlink: /home/px/arduino_ws/install/my_robot_interfaces/include/my_robot_interfaces/my_robot_interfaces/msg/joystick.h
[1.601s] -- Up-to-date symlink: /home/px/arduino_ws/install/my_robot_interfaces/include/my_robot_interfaces/my_robot_interfaces/msg/laser_scan.h
[1.601s] -- Up-to-date symlink: /home/px/arduino_ws/install/my_robot_interfaces/include/my_robot_interfaces/my_robot_interfaces/msg/lidar_scan.h
[1.602s] -- Up-to-date symlink: /home/px/arduino_ws/install/my_robot_interfaces/include/my_robot_interfaces/my_robot_interfaces/msg/motor_command.h
[1.602s] -- Up-to-date symlink: /home/px/arduino_ws/install/my_robot_interfaces/include/my_robot_interfaces/my_robot_interfaces/msg/rosidl_generator_c__visibility_control.h
[1.602s] -- Up-to-date symlink: /home/px/arduino_ws/install/my_robot_interfaces/share/my_robot_interfaces/environment/library_path.sh
[1.602s] -- Up-to-date symlink: /home/px/arduino_ws/install/my_robot_interfaces/share/my_robot_interfaces/environment/library_path.dsv
[1.603s] -- Up-to-date symlink: /home/px/arduino_ws/install/my_robot_interfaces/include/my_robot_interfaces/my_robot_interfaces/msg/detail/fruit_depth__rosidl_typesupport_fastrtps_c.h
[1.604s] -- Up-to-date symlink: /home/px/arduino_ws/install/my_robot_interfaces/include/my_robot_interfaces/my_robot_interfaces/msg/detail/joystick__rosidl_typesupport_fastrtps_c.h
[1.604s] -- Up-to-date symlink: /home/px/arduino_ws/install/my_robot_interfaces/include/my_robot_interfaces/my_robot_interfaces/msg/detail/laser_scan__rosidl_typesupport_fastrtps_c.h
[1.604s] -- Up-to-date symlink: /home/px/arduino_ws/install/my_robot_interfaces/include/my_robot_interfaces/my_robot_interfaces/msg/detail/lidar_scan__rosidl_typesupport_fastrtps_c.h
[1.605s] -- Up-to-date symlink: /home/px/arduino_ws/install/my_robot_interfaces/include/my_robot_interfaces/my_robot_interfaces/msg/detail/motor_command__rosidl_typesupport_fastrtps_c.h
[1.606s] -- Up-to-date symlink: /home/px/arduino_ws/install/my_robot_interfaces/include/my_robot_interfaces/my_robot_interfaces/msg/rosidl_typesupport_fastrtps_c__visibility_control.h
[1.607s] -- Up-to-date symlink: /home/px/arduino_ws/install/my_robot_interfaces/include/my_robot_interfaces/my_robot_interfaces/msg/detail/fruit_depth__builder.hpp
[1.608s] -- Up-to-date symlink: /home/px/arduino_ws/install/my_robot_interfaces/include/my_robot_interfaces/my_robot_interfaces/msg/detail/fruit_depth__struct.hpp
[1.608s] -- Up-to-date symlink: /home/px/arduino_ws/install/my_robot_interfaces/include/my_robot_interfaces/my_robot_interfaces/msg/detail/fruit_depth__traits.hpp
[1.609s] -- Up-to-date symlink: /home/px/arduino_ws/install/my_robot_interfaces/include/my_robot_interfaces/my_robot_interfaces/msg/detail/joystick__builder.hpp
[1.610s] -- Up-to-date symlink: /home/px/arduino_ws/install/my_robot_interfaces/include/my_robot_interfaces/my_robot_interfaces/msg/detail/joystick__struct.hpp
[1.610s] -- Up-to-date symlink: /home/px/arduino_ws/install/my_robot_interfaces/include/my_robot_interfaces/my_robot_interfaces/msg/detail/joystick__traits.hpp
[1.611s] -- Up-to-date symlink: /home/px/arduino_ws/install/my_robot_interfaces/include/my_robot_interfaces/my_robot_interfaces/msg/detail/laser_scan__builder.hpp
[1.611s] -- Up-to-date symlink: /home/px/arduino_ws/install/my_robot_interfaces/include/my_robot_interfaces/my_robot_interfaces/msg/detail/laser_scan__struct.hpp
[1.611s] -- Up-to-date symlink: /home/px/arduino_ws/install/my_robot_interfaces/include/my_robot_interfaces/my_robot_interfaces/msg/detail/laser_scan__traits.hpp
[1.611s] -- Up-to-date symlink: /home/px/arduino_ws/install/my_robot_interfaces/include/my_robot_interfaces/my_robot_interfaces/msg/detail/lidar_scan__builder.hpp
[1.611s] -- Up-to-date symlink: /home/px/arduino_ws/install/my_robot_interfaces/include/my_robot_interfaces/my_robot_interfaces/msg/detail/lidar_scan__struct.hpp
[1.612s] -- Up-to-date symlink: /home/px/arduino_ws/install/my_robot_interfaces/include/my_robot_interfaces/my_robot_interfaces/msg/detail/lidar_scan__traits.hpp
[1.612s] -- Up-to-date symlink: /home/px/arduino_ws/install/my_robot_interfaces/include/my_robot_interfaces/my_robot_interfaces/msg/detail/motor_command__builder.hpp
[1.612s] -- Up-to-date symlink: /home/px/arduino_ws/install/my_robot_interfaces/include/my_robot_interfaces/my_robot_interfaces/msg/detail/motor_command__struct.hpp
[1.612s] -- Up-to-date symlink: /home/px/arduino_ws/install/my_robot_interfaces/include/my_robot_interfaces/my_robot_interfaces/msg/detail/motor_command__traits.hpp
[1.612s] -- Up-to-date symlink: /home/px/arduino_ws/install/my_robot_interfaces/include/my_robot_interfaces/my_robot_interfaces/msg/fruit_depth.hpp
[1.612s] -- Up-to-date symlink: /home/px/arduino_ws/install/my_robot_interfaces/include/my_robot_interfaces/my_robot_interfaces/msg/joystick.hpp
[1.612s] -- Up-to-date symlink: /home/px/arduino_ws/install/my_robot_interfaces/include/my_robot_interfaces/my_robot_interfaces/msg/laser_scan.hpp
[1.613s] -- Up-to-date symlink: /home/px/arduino_ws/install/my_robot_interfaces/include/my_robot_interfaces/my_robot_interfaces/msg/lidar_scan.hpp
[1.613s] -- Up-to-date symlink: /home/px/arduino_ws/install/my_robot_interfaces/include/my_robot_interfaces/my_robot_interfaces/msg/motor_command.hpp
[1.613s] -- Up-to-date symlink: /home/px/arduino_ws/install/my_robot_interfaces/include/my_robot_interfaces/my_robot_interfaces/msg/detail/fruit_depth__rosidl_typesupport_fastrtps_cpp.hpp
[1.613s] -- Up-to-date symlink: /home/px/arduino_ws/install/my_robot_interfaces/include/my_robot_interfaces/my_robot_interfaces/msg/detail/joystick__rosidl_typesupport_fastrtps_cpp.hpp
[1.613s] -- Up-to-date symlink: /home/px/arduino_ws/install/my_robot_interfaces/include/my_robot_interfaces/my_robot_interfaces/msg/detail/laser_scan__rosidl_typesupport_fastrtps_cpp.hpp
[1.614s] -- Up-to-date symlink: /home/px/arduino_ws/install/my_robot_interfaces/include/my_robot_interfaces/my_robot_interfaces/msg/detail/lidar_scan__rosidl_typesupport_fastrtps_cpp.hpp
[1.614s] -- Up-to-date symlink: /home/px/arduino_ws/install/my_robot_interfaces/include/my_robot_interfaces/my_robot_interfaces/msg/detail/motor_command__rosidl_typesupport_fastrtps_cpp.hpp
[1.616s] -- Up-to-date symlink: /home/px/arduino_ws/install/my_robot_interfaces/include/my_robot_interfaces/my_robot_interfaces/msg/rosidl_typesupport_fastrtps_cpp__visibility_control.h
[1.617s] -- Up-to-date symlink: /home/px/arduino_ws/install/my_robot_interfaces/include/my_robot_interfaces/my_robot_interfaces/msg/detail/fruit_depth__rosidl_typesupport_introspection_c.h
[1.618s] -- Up-to-date symlink: /home/px/arduino_ws/install/my_robot_interfaces/include/my_robot_interfaces/my_robot_interfaces/msg/detail/joystick__rosidl_typesupport_introspection_c.h
[1.618s] -- Up-to-date symlink: /home/px/arduino_ws/install/my_robot_interfaces/include/my_robot_interfaces/my_robot_interfaces/msg/detail/laser_scan__rosidl_typesupport_introspection_c.h
[1.618s] -- Up-to-date symlink: /home/px/arduino_ws/install/my_robot_interfaces/include/my_robot_interfaces/my_robot_interfaces/msg/detail/lidar_scan__rosidl_typesupport_introspection_c.h
[1.618s] -- Up-to-date symlink: /home/px/arduino_ws/install/my_robot_interfaces/include/my_robot_interfaces/my_robot_interfaces/msg/detail/motor_command__rosidl_typesupport_introspection_c.h
[1.618s] -- Up-to-date symlink: /home/px/arduino_ws/install/my_robot_interfaces/include/my_robot_interfaces/my_robot_interfaces/msg/rosidl_typesupport_introspection_c__visibility_control.h
[1.619s] -- Up-to-date symlink: /home/px/arduino_ws/install/my_robot_interfaces/include/my_robot_interfaces/my_robot_interfaces/msg/detail/fruit_depth__rosidl_typesupport_introspection_cpp.hpp
[1.619s] -- Up-to-date symlink: /home/px/arduino_ws/install/my_robot_interfaces/include/my_robot_interfaces/my_robot_interfaces/msg/detail/joystick__rosidl_typesupport_introspection_cpp.hpp
[1.619s] -- Up-to-date symlink: /home/px/arduino_ws/install/my_robot_interfaces/include/my_robot_interfaces/my_robot_interfaces/msg/detail/laser_scan__rosidl_typesupport_introspection_cpp.hpp
[1.619s] -- Up-to-date symlink: /home/px/arduino_ws/install/my_robot_interfaces/include/my_robot_interfaces/my_robot_interfaces/msg/detail/lidar_scan__rosidl_typesupport_introspection_cpp.hpp
[1.620s] -- Up-to-date symlink: /home/px/arduino_ws/install/my_robot_interfaces/include/my_robot_interfaces/my_robot_interfaces/msg/detail/motor_command__rosidl_typesupport_introspection_cpp.hpp
[1.620s] -- Up-to-date symlink: /home/px/arduino_ws/install/my_robot_interfaces/share/my_robot_interfaces/environment/pythonpath.sh
[1.620s] -- Up-to-date symlink: /home/px/arduino_ws/install/my_robot_interfaces/share/my_robot_interfaces/environment/pythonpath.dsv
[1.620s] -- Up-to-date symlink: /home/px/arduino_ws/install/my_robot_interfaces/local/lib/python3.10/dist-packages/my_robot_interfaces-0.0.0-py3.10.egg-info/PKG-INFO
[1.620s] -- Up-to-date symlink: /home/px/arduino_ws/install/my_robot_interfaces/local/lib/python3.10/dist-packages/my_robot_interfaces-0.0.0-py3.10.egg-info/SOURCES.txt
[1.621s] -- Up-to-date symlink: /home/px/arduino_ws/install/my_robot_interfaces/local/lib/python3.10/dist-packages/my_robot_interfaces-0.0.0-py3.10.egg-info/dependency_links.txt
[1.621s] -- Up-to-date symlink: /home/px/arduino_ws/install/my_robot_interfaces/local/lib/python3.10/dist-packages/my_robot_interfaces-0.0.0-py3.10.egg-info/top_level.txt
[1.623s] -- Up-to-date symlink: /home/px/arduino_ws/install/my_robot_interfaces/local/lib/python3.10/dist-packages/my_robot_interfaces/__init__.py
[1.623s] -- Up-to-date symlink: /home/px/arduino_ws/install/my_robot_interfaces/local/lib/python3.10/dist-packages/my_robot_interfaces/_my_robot_interfaces_s.ep.rosidl_typesupport_c.c
[1.623s] -- Up-to-date symlink: /home/px/arduino_ws/install/my_robot_interfaces/local/lib/python3.10/dist-packages/my_robot_interfaces/_my_robot_interfaces_s.ep.rosidl_typesupport_fastrtps_c.c
[1.624s] -- Up-to-date symlink: /home/px/arduino_ws/install/my_robot_interfaces/local/lib/python3.10/dist-packages/my_robot_interfaces/_my_robot_interfaces_s.ep.rosidl_typesupport_introspection_c.c
[1.624s] -- Up-to-date symlink: /home/px/arduino_ws/install/my_robot_interfaces/local/lib/python3.10/dist-packages/my_robot_interfaces/libmy_robot_interfaces__rosidl_generator_py.so
[1.625s] -- Up-to-date symlink: /home/px/arduino_ws/install/my_robot_interfaces/local/lib/python3.10/dist-packages/my_robot_interfaces/msg/__init__.py
[1.625s] -- Up-to-date symlink: /home/px/arduino_ws/install/my_robot_interfaces/local/lib/python3.10/dist-packages/my_robot_interfaces/msg/_fruit_depth.py
[1.626s] -- Up-to-date symlink: /home/px/arduino_ws/install/my_robot_interfaces/local/lib/python3.10/dist-packages/my_robot_interfaces/msg/_fruit_depth_s.c
[1.626s] -- Up-to-date symlink: /home/px/arduino_ws/install/my_robot_interfaces/local/lib/python3.10/dist-packages/my_robot_interfaces/msg/_joystick.py
[1.627s] -- Up-to-date symlink: /home/px/arduino_ws/install/my_robot_interfaces/local/lib/python3.10/dist-packages/my_robot_interfaces/msg/_joystick_s.c
[1.627s] -- Up-to-date symlink: /home/px/arduino_ws/install/my_robot_interfaces/local/lib/python3.10/dist-packages/my_robot_interfaces/msg/_laser_scan.py
[1.628s] -- Up-to-date symlink: /home/px/arduino_ws/install/my_robot_interfaces/local/lib/python3.10/dist-packages/my_robot_interfaces/msg/_laser_scan_s.c
[1.628s] -- Up-to-date symlink: /home/px/arduino_ws/install/my_robot_interfaces/local/lib/python3.10/dist-packages/my_robot_interfaces/msg/_lidar_scan.py
[1.628s] -- Up-to-date symlink: /home/px/arduino_ws/install/my_robot_interfaces/local/lib/python3.10/dist-packages/my_robot_interfaces/msg/_lidar_scan_s.c
[1.628s] -- Up-to-date symlink: /home/px/arduino_ws/install/my_robot_interfaces/local/lib/python3.10/dist-packages/my_robot_interfaces/msg/_motor_command.py
[1.628s] -- Up-to-date symlink: /home/px/arduino_ws/install/my_robot_interfaces/local/lib/python3.10/dist-packages/my_robot_interfaces/msg/_motor_command_s.c
[1.628s] -- Up-to-date symlink: /home/px/arduino_ws/install/my_robot_interfaces/local/lib/python3.10/dist-packages/my_robot_interfaces/my_robot_interfaces_s__rosidl_typesupport_c.cpython-310-x86_64-linux-gnu.so
[1.629s] -- Up-to-date symlink: /home/px/arduino_ws/install/my_robot_interfaces/local/lib/python3.10/dist-packages/my_robot_interfaces/my_robot_interfaces_s__rosidl_typesupport_fastrtps_c.cpython-310-x86_64-linux-gnu.so
[1.629s] -- Up-to-date symlink: /home/px/arduino_ws/install/my_robot_interfaces/local/lib/python3.10/dist-packages/my_robot_interfaces/my_robot_interfaces_s__rosidl_typesupport_introspection_c.cpython-310-x86_64-linux-gnu.so
[1.629s] -- Up-to-date symlink: /home/px/arduino_ws/install/my_robot_interfaces/local/lib/python3.10/dist-packages/my_robot_interfaces/my_robot_interfaces_s__rosidl_typesupport_fastrtps_c.cpython-310-x86_64-linux-gnu.so
[1.629s] -- Up-to-date symlink: /home/px/arduino_ws/install/my_robot_interfaces/local/lib/python3.10/dist-packages/my_robot_interfaces/my_robot_interfaces_s__rosidl_typesupport_introspection_c.cpython-310-x86_64-linux-gnu.so
[1.630s] -- Up-to-date symlink: /home/px/arduino_ws/install/my_robot_interfaces/local/lib/python3.10/dist-packages/my_robot_interfaces/my_robot_interfaces_s__rosidl_typesupport_c.cpython-310-x86_64-linux-gnu.so
[1.630s] -- Up-to-date symlink: /home/px/arduino_ws/install/my_robot_interfaces/share/my_robot_interfaces/msg/LidarScan.idl
[1.630s] -- Up-to-date symlink: /home/px/arduino_ws/install/my_robot_interfaces/share/my_robot_interfaces/msg/LaserScan.idl
[1.630s] -- Up-to-date symlink: /home/px/arduino_ws/install/my_robot_interfaces/share/my_robot_interfaces/msg/FruitDepth.idl
[1.631s] -- Up-to-date symlink: /home/px/arduino_ws/install/my_robot_interfaces/share/my_robot_interfaces/msg/Joystick.idl
[1.632s] -- Up-to-date symlink: /home/px/arduino_ws/install/my_robot_interfaces/share/my_robot_interfaces/msg/MotorCommand.idl
[1.632s] -- Up-to-date symlink: /home/px/arduino_ws/install/my_robot_interfaces/share/my_robot_interfaces/msg/LidarScan.msg
[1.632s] -- Up-to-date symlink: /home/px/arduino_ws/install/my_robot_interfaces/share/my_robot_interfaces/msg/LaserScan.msg
[1.632s] -- Up-to-date symlink: /home/px/arduino_ws/install/my_robot_interfaces/share/my_robot_interfaces/msg/FruitDepth.msg
[1.633s] -- Up-to-date symlink: /home/px/arduino_ws/install/my_robot_interfaces/share/my_robot_interfaces/msg/Joystick.msg
[1.633s] -- Up-to-date symlink: /home/px/arduino_ws/install/my_robot_interfaces/share/my_robot_interfaces/msg/MotorCommand.msg
[1.633s] -- Up-to-date symlink: /home/px/arduino_ws/install/my_robot_interfaces/share/ament_index/resource_index/package_run_dependencies/my_robot_interfaces
[1.634s] -- Up-to-date symlink: /home/px/arduino_ws/install/my_robot_interfaces/share/ament_index/resource_index/parent_prefix_path/my_robot_interfaces
[1.634s] -- Up-to-date symlink: /home/px/arduino_ws/install/my_robot_interfaces/share/my_robot_interfaces/environment/ament_prefix_path.sh
[1.634s] -- Up-to-date symlink: /home/px/arduino_ws/install/my_robot_interfaces/share/my_robot_interfaces/environment/ament_prefix_path.dsv
[1.635s] -- Up-to-date symlink: /home/px/arduino_ws/install/my_robot_interfaces/share/my_robot_interfaces/environment/path.sh
[1.635s] -- Up-to-date symlink: /home/px/arduino_ws/install/my_robot_interfaces/share/my_robot_interfaces/environment/path.dsv
[1.635s] -- Up-to-date symlink: /home/px/arduino_ws/install/my_robot_interfaces/share/my_robot_interfaces/local_setup.bash
[1.636s] -- Up-to-date symlink: /home/px/arduino_ws/install/my_robot_interfaces/share/my_robot_interfaces/local_setup.sh
[1.636s] -- Up-to-date symlink: /home/px/arduino_ws/install/my_robot_interfaces/share/my_robot_interfaces/local_setup.zsh
[1.636s] -- Up-to-date symlink: /home/px/arduino_ws/install/my_robot_interfaces/share/my_robot_interfaces/local_setup.dsv
[1.637s] -- Symlinking: /home/px/arduino_ws/install/my_robot_interfaces/share/my_robot_interfaces/package.dsv
[1.654s] -- Up-to-date symlink: /home/px/arduino_ws/install/my_robot_interfaces/share/ament_index/resource_index/packages/my_robot_interfaces
[1.654s] -- Up-to-date symlink: /home/px/arduino_ws/install/my_robot_interfaces/share/my_robot_interfaces/cmake/rosidl_cmake-extras.cmake
[1.655s] -- Up-to-date symlink: /home/px/arduino_ws/install/my_robot_interfaces/share/my_robot_interfaces/cmake/ament_cmake_export_dependencies-extras.cmake
[1.655s] -- Up-to-date symlink: /home/px/arduino_ws/install/my_robot_interfaces/share/my_robot_interfaces/cmake/ament_cmake_export_include_directories-extras.cmake
[1.655s] -- Up-to-date symlink: /home/px/arduino_ws/install/my_robot_interfaces/share/my_robot_interfaces/cmake/ament_cmake_export_libraries-extras.cmake
[1.656s] -- Up-to-date symlink: /home/px/arduino_ws/install/my_robot_interfaces/share/my_robot_interfaces/cmake/ament_cmake_export_targets-extras.cmake
[1.656s] -- Up-to-date symlink: /home/px/arduino_ws/install/my_robot_interfaces/share/my_robot_interfaces/cmake/rosidl_cmake_export_typesupport_targets-extras.cmake
[1.657s] -- Up-to-date symlink: /home/px/arduino_ws/install/my_robot_interfaces/share/my_robot_interfaces/cmake/rosidl_cmake_export_typesupport_libraries-extras.cmake
[1.657s] -- Up-to-date symlink: /home/px/arduino_ws/install/my_robot_interfaces/share/my_robot_interfaces/cmake/my_robot_interfacesConfig.cmake
[1.658s] -- Up-to-date symlink: /home/px/arduino_ws/install/my_robot_interfaces/share/my_robot_interfaces/cmake/my_robot_interfacesConfig-version.cmake
[1.658s] -- Up-to-date symlink: /home/px/arduino_ws/install/my_robot_interfaces/share/my_robot_interfaces/package.xml
[1.658s] -- Up-to-date: /home/px/arduino_ws/install/my_robot_interfaces/lib/libmy_robot_interfaces__rosidl_generator_c.so
[1.659s] -- Up-to-date: /home/px/arduino_ws/install/my_robot_interfaces/lib/libmy_robot_interfaces__rosidl_typesupport_fastrtps_c.so
[1.659s] -- Up-to-date: /home/px/arduino_ws/install/my_robot_interfaces/lib/libmy_robot_interfaces__rosidl_typesupport_fastrtps_cpp.so
[1.660s] -- Up-to-date: /home/px/arduino_ws/install/my_robot_interfaces/lib/libmy_robot_interfaces__rosidl_typesupport_introspection_c.so
[1.661s] -- Up-to-date: /home/px/arduino_ws/install/my_robot_interfaces/lib/libmy_robot_interfaces__rosidl_typesupport_c.so
[1.661s] -- Up-to-date: /home/px/arduino_ws/install/my_robot_interfaces/lib/libmy_robot_interfaces__rosidl_typesupport_introspection_cpp.so
[1.663s] -- Up-to-date: /home/px/arduino_ws/install/my_robot_interfaces/lib/libmy_robot_interfaces__rosidl_typesupport_cpp.so
[1.741s] Listing '/home/px/arduino_ws/install/my_robot_interfaces/local/lib/python3.10/dist-packages/my_robot_interfaces'...
[1.742s] Listing '/home/px/arduino_ws/install/my_robot_interfaces/local/lib/python3.10/dist-packages/my_robot_interfaces/msg'...
[1.749s] -- Up-to-date: /home/px/arduino_ws/install/my_robot_interfaces/lib/libmy_robot_interfaces__rosidl_generator_py.so
[1.750s] -- Up-to-date: /home/px/arduino_ws/install/my_robot_interfaces/share/my_robot_interfaces/cmake/export_my_robot_interfaces__rosidl_generator_cExport.cmake
[1.750s] -- Up-to-date: /home/px/arduino_ws/install/my_robot_interfaces/share/my_robot_interfaces/cmake/export_my_robot_interfaces__rosidl_generator_cExport-noconfig.cmake
[1.750s] -- Up-to-date: /home/px/arduino_ws/install/my_robot_interfaces/share/my_robot_interfaces/cmake/export_my_robot_interfaces__rosidl_typesupport_fastrtps_cExport.cmake
[1.751s] -- Up-to-date: /home/px/arduino_ws/install/my_robot_interfaces/share/my_robot_interfaces/cmake/export_my_robot_interfaces__rosidl_typesupport_fastrtps_cExport-noconfig.cmake
[1.751s] -- Up-to-date: /home/px/arduino_ws/install/my_robot_interfaces/share/my_robot_interfaces/cmake/export_my_robot_interfaces__rosidl_generator_cppExport.cmake
[1.752s] -- Up-to-date: /home/px/arduino_ws/install/my_robot_interfaces/share/my_robot_interfaces/cmake/export_my_robot_interfaces__rosidl_typesupport_fastrtps_cppExport.cmake
[1.752s] -- Up-to-date: /home/px/arduino_ws/install/my_robot_interfaces/share/my_robot_interfaces/cmake/export_my_robot_interfaces__rosidl_typesupport_fastrtps_cppExport-noconfig.cmake
[1.752s] -- Up-to-date: /home/px/arduino_ws/install/my_robot_interfaces/share/my_robot_interfaces/cmake/my_robot_interfaces__rosidl_typesupport_introspection_cExport.cmake
[1.753s] -- Up-to-date: /home/px/arduino_ws/install/my_robot_interfaces/share/my_robot_interfaces/cmake/my_robot_interfaces__rosidl_typesupport_introspection_cExport-noconfig.cmake
[1.753s] -- Up-to-date: /home/px/arduino_ws/install/my_robot_interfaces/share/my_robot_interfaces/cmake/my_robot_interfaces__rosidl_typesupport_cExport.cmake
[1.753s] -- Up-to-date: /home/px/arduino_ws/install/my_robot_interfaces/share/my_robot_interfaces/cmake/my_robot_interfaces__rosidl_typesupport_cExport-noconfig.cmake
[1.753s] -- Up-to-date: /home/px/arduino_ws/install/my_robot_interfaces/share/my_robot_interfaces/cmake/my_robot_interfaces__rosidl_typesupport_introspection_cppExport.cmake
[1.753s] -- Up-to-date: /home/px/arduino_ws/install/my_robot_interfaces/share/my_robot_interfaces/cmake/my_robot_interfaces__rosidl_typesupport_introspection_cppExport-noconfig.cmake
[1.753s] -- Up-to-date: /home/px/arduino_ws/install/my_robot_interfaces/share/my_robot_interfaces/cmake/my_robot_interfaces__rosidl_typesupport_cppExport.cmake
[1.753s] -- Up-to-date: /home/px/arduino_ws/install/my_robot_interfaces/share/my_robot_interfaces/cmake/my_robot_interfaces__rosidl_typesupport_cppExport-noconfig.cmake
[1.754s] -- Up-to-date: /home/px/arduino_ws/install/my_robot_interfaces/share/my_robot_interfaces/cmake/export_my_robot_interfaces__rosidl_generator_pyExport.cmake
[1.754s] -- Up-to-date: /home/px/arduino_ws/install/my_robot_interfaces/share/my_robot_interfaces/cmake/export_my_robot_interfaces__rosidl_generator_pyExport-noconfig.cmake
[1.758s] Invoked command in '/home/px/arduino_ws/build/my_robot_interfaces' returned '0': CMAKE_PREFIX_PATH=${CMAKE_PREFIX_PATH}:/home/px/arduino_ws/install/py_launch_example:/home/px/arduino_ws/install/arduino_control:/opt/ros/humble /usr/bin/cmake --install /home/px/arduino_ws/build/my_robot_interfaces
