[1.742s] Invoking command in '/home/px/arduino_ws/src/arduino_control': AMENT_PREFIX_PATH=/home/px/arduino_ws/install/my_robot_interfaces CMAKE_PREFIX_PATH=/home/px/arduino_ws/install/my_robot_interfaces LD_LIBRARY_PATH=/home/px/arduino_ws/install/my_robot_interfaces/lib:/home/px/arduino_ws/install/tutorial_interfaces/lib:/opt/ros/humble/opt/rviz_ogre_vendor/lib:/opt/ros/humble/lib/x86_64-linux-gnu:/opt/ros/humble/lib PYTHONPATH=/home/px/arduino_ws/build/arduino_control/prefix_override:/home/px/arduino_ws/install/arduino_control/lib/python3.10/site-packages:${PYTHONPATH} /usr/bin/python3 setup.py egg_info --egg-base ../../build/arduino_control build --build-base /home/px/arduino_ws/build/arduino_control/build install --record /home/px/arduino_ws/build/arduino_control/install.log --single-version-externally-managed
[2.172s] running egg_info
[2.173s] writing ../../build/arduino_control/arduino_control.egg-info/PKG-INFO
[2.173s] writing dependency_links to ../../build/arduino_control/arduino_control.egg-info/dependency_links.txt
[2.174s] writing entry points to ../../build/arduino_control/arduino_control.egg-info/entry_points.txt
[2.174s] writing requirements to ../../build/arduino_control/arduino_control.egg-info/requires.txt
[2.174s] writing top-level names to ../../build/arduino_control/arduino_control.egg-info/top_level.txt
[2.177s] reading manifest file '../../build/arduino_control/arduino_control.egg-info/SOURCES.txt'
[2.177s] adding license file 'LICENSE'
[2.179s] writing manifest file '../../build/arduino_control/arduino_control.egg-info/SOURCES.txt'
[2.179s] running build
[2.179s] running build_py
[2.180s] running install
[2.181s] running install_lib
[2.183s] running install_data
[2.184s] running install_egg_info
[2.187s] removing '/home/px/arduino_ws/install/arduino_control/lib/python3.10/site-packages/arduino_control-0.0.0-py3.10.egg-info' (and everything under it)
[2.187s] Copying ../../build/arduino_control/arduino_control.egg-info to /home/px/arduino_ws/install/arduino_control/lib/python3.10/site-packages/arduino_control-0.0.0-py3.10.egg-info
[2.188s] running install_scripts
[2.219s] Installing arduino_control_node script to /home/px/arduino_ws/install/arduino_control/lib/arduino_control
[2.220s] Installing lidar script to /home/px/arduino_ws/install/arduino_control/lib/arduino_control
[2.220s] Installing minimal_publisher script to /home/px/arduino_ws/install/arduino_control/lib/arduino_control
[2.220s] Installing realsense script to /home/px/arduino_ws/install/arduino_control/lib/arduino_control
[2.220s] writing list of installed files to '/home/px/arduino_ws/build/arduino_control/install.log'
[2.254s] Invoked command in '/home/px/arduino_ws/src/arduino_control' returned '0': AMENT_PREFIX_PATH=/home/px/arduino_ws/install/my_robot_interfaces CMAKE_PREFIX_PATH=/home/px/arduino_ws/install/my_robot_interfaces LD_LIBRARY_PATH=/home/px/arduino_ws/install/my_robot_interfaces/lib:/home/px/arduino_ws/install/tutorial_interfaces/lib:/opt/ros/humble/opt/rviz_ogre_vendor/lib:/opt/ros/humble/lib/x86_64-linux-gnu:/opt/ros/humble/lib PYTHONPATH=/home/px/arduino_ws/build/arduino_control/prefix_override:/home/px/arduino_ws/install/arduino_control/lib/python3.10/site-packages:${PYTHONPATH} /usr/bin/python3 setup.py egg_info --egg-base ../../build/arduino_control build --build-base /home/px/arduino_ws/build/arduino_control/build install --record /home/px/arduino_ws/build/arduino_control/install.log --single-version-externally-managed
