[0.013s] Invoking command in '/home/px/arduino_ws/build/px_bot_description': CMAKE_PREFIX_PATH=${CMAKE_PREFIX_PATH}:/home/px/arduino_ws/install/py_launch_example:/home/px/arduino_ws/install/arduino_control:/opt/ros/humble /usr/bin/cmake --build /home/px/arduino_ws/build/px_bot_description -- -j8 -l8
[0.054s] Invoked command in '/home/px/arduino_ws/build/px_bot_description' returned '0': CMAKE_PREFIX_PATH=${CMAKE_PREFIX_PATH}:/home/px/arduino_ws/install/py_launch_example:/home/px/arduino_ws/install/arduino_control:/opt/ros/humble /usr/bin/cmake --build /home/px/arduino_ws/build/px_bot_description -- -j8 -l8
[0.090s] Invoking command in '/home/px/arduino_ws/build/px_bot_description': CMAKE_PREFIX_PATH=${CMAKE_PREFIX_PATH}:/home/px/arduino_ws/install/py_launch_example:/home/px/arduino_ws/install/arduino_control:/opt/ros/humble /usr/bin/cmake --install /home/px/arduino_ws/build/px_bot_description
[0.102s] -- Install configuration: ""
[0.105s] -- Execute custom install script
[0.106s] -- Up-to-date symlink: /home/px/arduino_ws/install/px_bot_description/share/px_bot_description/src/description/px_bot_description.urdf
[0.106s] -- Up-to-date symlink: /home/px/arduino_ws/install/px_bot_description/share/px_bot_description/launch/display_launch.py
[0.107s] -- Up-to-date symlink: /home/px/arduino_ws/install/px_bot_description/share/px_bot_description/rviz/urdf_config.rviz
[0.107s] -- Up-to-date symlink: /home/px/arduino_ws/install/px_bot_description/share/ament_index/resource_index/package_run_dependencies/px_bot_description
[0.107s] -- Up-to-date symlink: /home/px/arduino_ws/install/px_bot_description/share/ament_index/resource_index/parent_prefix_path/px_bot_description
[0.107s] -- Up-to-date symlink: /home/px/arduino_ws/install/px_bot_description/share/px_bot_description/environment/ament_prefix_path.sh
[0.108s] -- Up-to-date symlink: /home/px/arduino_ws/install/px_bot_description/share/px_bot_description/environment/ament_prefix_path.dsv
[0.108s] -- Up-to-date symlink: /home/px/arduino_ws/install/px_bot_description/share/px_bot_description/environment/path.sh
[0.110s] -- Up-to-date symlink: /home/px/arduino_ws/install/px_bot_description/share/px_bot_description/environment/path.dsv
[0.110s] -- Up-to-date symlink: /home/px/arduino_ws/install/px_bot_description/share/px_bot_description/local_setup.bash
[0.110s] -- Up-to-date symlink: /home/px/arduino_ws/install/px_bot_description/share/px_bot_description/local_setup.sh
[0.110s] -- Up-to-date symlink: /home/px/arduino_ws/install/px_bot_description/share/px_bot_description/local_setup.zsh
[0.110s] -- Up-to-date symlink: /home/px/arduino_ws/install/px_bot_description/share/px_bot_description/local_setup.dsv
[0.110s] -- Symlinking: /home/px/arduino_ws/install/px_bot_description/share/px_bot_description/package.dsv
[0.125s] -- Up-to-date symlink: /home/px/arduino_ws/install/px_bot_description/share/ament_index/resource_index/packages/px_bot_description
[0.125s] -- Up-to-date symlink: /home/px/arduino_ws/install/px_bot_description/share/px_bot_description/cmake/px_bot_descriptionConfig.cmake
[0.125s] -- Up-to-date symlink: /home/px/arduino_ws/install/px_bot_description/share/px_bot_description/cmake/px_bot_descriptionConfig-version.cmake
[0.125s] -- Up-to-date symlink: /home/px/arduino_ws/install/px_bot_description/share/px_bot_description/package.xml
[0.127s] Invoked command in '/home/px/arduino_ws/build/px_bot_description' returned '0': CMAKE_PREFIX_PATH=${CMAKE_PREFIX_PATH}:/home/px/arduino_ws/install/py_launch_example:/home/px/arduino_ws/install/arduino_control:/opt/ros/humble /usr/bin/cmake --install /home/px/arduino_ws/build/px_bot_description
