[0.292s] Invoking command in '/home/px/arduino_ws/build/my_robot_interfaces': CMAKE_PREFIX_PATH=${CMAKE_PREFIX_PATH}:/home/px/arduino_ws/install/py_launch_example:/home/px/arduino_ws/install/arduino_control:/opt/ros/humble /usr/bin/cmake /home/px/arduino_ws/src/my_robot_interfaces -DAMENT_CMAKE_SYMLINK_INSTALL=1 -DCMAKE_INSTALL_PREFIX=/home/px/arduino_ws/install/my_robot_interfaces
[0.310s] -- Found ament_cmake: 1.3.8 (/opt/ros/humble/share/ament_cmake/cmake)
[0.489s] -- Override CMake install command with custom implementation using symlinks instead of copying resources
[0.499s] -- Found geometry_msgs: 4.2.3 (/opt/ros/humble/share/geometry_msgs/cmake)
[0.540s] -- Found rosidl_generator_c: 3.1.5 (/opt/ros/humble/share/rosidl_generator_c/cmake)
[0.544s] -- Found rosidl_adapter: 3.1.5 (/opt/ros/humble/share/rosidl_adapter/cmake)
[0.553s] -- Found rosidl_generator_cpp: 3.1.5 (/opt/ros/humble/share/rosidl_generator_cpp/cmake)
[0.569s] -- Using all available rosidl_typesupport_c: rosidl_typesupport_fastrtps_c;rosidl_typesupport_introspection_c
[0.592s] -- Using all available rosidl_typesupport_cpp: rosidl_typesupport_fastrtps_cpp;rosidl_typesupport_introspection_cpp
[0.794s] -- Found rosidl_default_generators: 1.2.0 (/opt/ros/humble/share/rosidl_default_generators/cmake)
[1.237s] -- Found ament_cmake_ros: 0.10.0 (/opt/ros/humble/share/ament_cmake_ros/cmake)
[1.886s] -- Using all available rosidl_typesupport_c: rosidl_typesupport_fastrtps_c;rosidl_typesupport_introspection_c
[2.160s] -- Using all available rosidl_typesupport_cpp: rosidl_typesupport_fastrtps_cpp;rosidl_typesupport_introspection_cpp
[2.196s] -- Found python_cmake_module: 0.10.0 (/opt/ros/humble/share/python_cmake_module/cmake)
[2.231s] -- Using PYTHON_EXECUTABLE: /usr/bin/python3
[2.231s] -- Using PYTHON_INCLUDE_DIRS: /usr/include/python3.10
[2.231s] -- Using PYTHON_LIBRARIES: /usr/lib/x86_64-linux-gnu/libpython3.10.so
[2.295s] -- Found ament_lint_auto: 0.12.10 (/opt/ros/humble/share/ament_lint_auto/cmake)
[2.312s] -- Added test 'lint_cmake' to check CMake code style
[2.314s] -- Added test 'xmllint' to check XML markup files
[2.319s] -- Configuring done
[2.381s] -- Generating done
[2.386s] -- Build files have been written to: /home/px/arduino_ws/build/my_robot_interfaces
[2.397s] Invoked command in '/home/px/arduino_ws/build/my_robot_interfaces' returned '0': CMAKE_PREFIX_PATH=${CMAKE_PREFIX_PATH}:/home/px/arduino_ws/install/py_launch_example:/home/px/arduino_ws/install/arduino_control:/opt/ros/humble /usr/bin/cmake /home/px/arduino_ws/src/my_robot_interfaces -DAMENT_CMAKE_SYMLINK_INSTALL=1 -DCMAKE_INSTALL_PREFIX=/home/px/arduino_ws/install/my_robot_interfaces
[2.400s] Invoking command in '/home/px/arduino_ws/build/my_robot_interfaces': CMAKE_PREFIX_PATH=${CMAKE_PREFIX_PATH}:/home/px/arduino_ws/install/py_launch_example:/home/px/arduino_ws/install/arduino_control:/opt/ros/humble /usr/bin/cmake --build /home/px/arduino_ws/build/my_robot_interfaces -- -j8 -l8
[2.466s] [35m[1mConsolidate compiler generated dependencies of target my_robot_interfaces__rosidl_generator_c[0m
[2.478s] [  2%] Built target my_robot_interfaces__cpp
[2.488s] [ 12%] Built target my_robot_interfaces__rosidl_generator_c
[2.497s] [ 12%] Built target ament_cmake_python_symlink_my_robot_interfaces
[2.503s] [35m[1mConsolidate compiler generated dependencies of target my_robot_interfaces__rosidl_typesupport_fastrtps_cpp[0m
[2.503s] [35m[1mConsolidate compiler generated dependencies of target my_robot_interfaces__rosidl_typesupport_introspection_cpp[0m
[2.505s] [35m[1mConsolidate compiler generated dependencies of target my_robot_interfaces__rosidl_typesupport_cpp[0m
[2.511s] [35m[1mConsolidate compiler generated dependencies of target my_robot_interfaces__rosidl_typesupport_c[0m
[2.512s] [35m[1mConsolidate compiler generated dependencies of target my_robot_interfaces__rosidl_typesupport_introspection_c[0m
[2.531s] [35m[1mConsolidate compiler generated dependencies of target my_robot_interfaces__rosidl_typesupport_fastrtps_c[0m
[2.537s] [ 23%] Built target my_robot_interfaces__rosidl_typesupport_cpp
[2.538s] [ 33%] Built target my_robot_interfaces__rosidl_typesupport_fastrtps_cpp
[2.540s] [ 43%] Built target my_robot_interfaces__rosidl_typesupport_c
[2.550s] [ 53%] Built target my_robot_interfaces__rosidl_typesupport_introspection_c
[2.555s] [ 64%] Built target my_robot_interfaces__rosidl_typesupport_introspection_cpp
[2.564s] [ 74%] Built target my_robot_interfaces__rosidl_typesupport_fastrtps_c
[2.612s] [ 74%] Built target my_robot_interfaces
[2.658s] [ 76%] Built target my_robot_interfaces__py
[2.676s] [35m[1mConsolidate compiler generated dependencies of target my_robot_interfaces__rosidl_generator_py[0m
[2.704s] [ 84%] Built target my_robot_interfaces__rosidl_generator_py
[2.723s] [35m[1mConsolidate compiler generated dependencies of target my_robot_interfaces__rosidl_typesupport_introspection_c__pyext[0m
[2.728s] [35m[1mConsolidate compiler generated dependencies of target my_robot_interfaces__rosidl_typesupport_fastrtps_c__pyext[0m
[2.742s] [35m[1mConsolidate compiler generated dependencies of target my_robot_interfaces__rosidl_typesupport_c__pyext[0m
[2.750s] [ 89%] Built target my_robot_interfaces__rosidl_typesupport_introspection_c__pyext
[2.759s] [ 94%] Built target my_robot_interfaces__rosidl_typesupport_fastrtps_c__pyext
[2.770s] [100%] Built target my_robot_interfaces__rosidl_typesupport_c__pyext
[3.026s] running egg_info
[3.026s] writing my_robot_interfaces.egg-info/PKG-INFO
[3.027s] writing dependency_links to my_robot_interfaces.egg-info/dependency_links.txt
[3.027s] writing top-level names to my_robot_interfaces.egg-info/top_level.txt
[3.030s] reading manifest file 'my_robot_interfaces.egg-info/SOURCES.txt'
[3.032s] writing manifest file 'my_robot_interfaces.egg-info/SOURCES.txt'
[3.076s] [100%] Built target ament_cmake_python_build_my_robot_interfaces_egg
[3.094s] Invoked command in '/home/px/arduino_ws/build/my_robot_interfaces' returned '0': CMAKE_PREFIX_PATH=${CMAKE_PREFIX_PATH}:/home/px/arduino_ws/install/py_launch_example:/home/px/arduino_ws/install/arduino_control:/opt/ros/humble /usr/bin/cmake --build /home/px/arduino_ws/build/my_robot_interfaces -- -j8 -l8
[3.249s] Invoking command in '/home/px/arduino_ws/build/my_robot_interfaces': CMAKE_PREFIX_PATH=${CMAKE_PREFIX_PATH}:/home/px/arduino_ws/install/py_launch_example:/home/px/arduino_ws/install/arduino_control:/opt/ros/humble /usr/bin/cmake --install /home/px/arduino_ws/build/my_robot_interfaces
[3.260s] -- Install configuration: ""
[3.261s] -- Execute custom install script
[3.261s] -- Up-to-date symlink: /home/px/arduino_ws/install/my_robot_interfaces/share/ament_index/resource_index/rosidl_interfaces/my_robot_interfaces
[3.262s] -- Up-to-date symlink: /home/px/arduino_ws/install/my_robot_interfaces/include/my_robot_interfaces/my_robot_interfaces/msg/detail/fruit_depth__functions.h
[3.263s] -- Up-to-date symlink: /home/px/arduino_ws/install/my_robot_interfaces/include/my_robot_interfaces/my_robot_interfaces/msg/detail/fruit_depth__struct.h
[3.263s] -- Up-to-date symlink: /home/px/arduino_ws/install/my_robot_interfaces/include/my_robot_interfaces/my_robot_interfaces/msg/detail/fruit_depth__type_support.h
[3.264s] -- Up-to-date symlink: /home/px/arduino_ws/install/my_robot_interfaces/include/my_robot_interfaces/my_robot_interfaces/msg/detail/lidar_scan__functions.h
[3.264s] -- Up-to-date symlink: /home/px/arduino_ws/install/my_robot_interfaces/include/my_robot_interfaces/my_robot_interfaces/msg/detail/lidar_scan__struct.h
[3.264s] -- Up-to-date symlink: /home/px/arduino_ws/install/my_robot_interfaces/include/my_robot_interfaces/my_robot_interfaces/msg/detail/lidar_scan__type_support.h
[3.264s] -- Up-to-date symlink: /home/px/arduino_ws/install/my_robot_interfaces/include/my_robot_interfaces/my_robot_interfaces/msg/fruit_depth.h
[3.264s] -- Up-to-date symlink: /home/px/arduino_ws/install/my_robot_interfaces/include/my_robot_interfaces/my_robot_interfaces/msg/lidar_scan.h
[3.265s] -- Up-to-date symlink: /home/px/arduino_ws/install/my_robot_interfaces/include/my_robot_interfaces/my_robot_interfaces/msg/rosidl_generator_c__visibility_control.h
[3.265s] -- Up-to-date symlink: /home/px/arduino_ws/install/my_robot_interfaces/share/my_robot_interfaces/environment/library_path.sh
[3.265s] -- Up-to-date symlink: /home/px/arduino_ws/install/my_robot_interfaces/share/my_robot_interfaces/environment/library_path.dsv
[3.265s] -- Up-to-date symlink: /home/px/arduino_ws/install/my_robot_interfaces/include/my_robot_interfaces/my_robot_interfaces/msg/detail/fruit_depth__rosidl_typesupport_fastrtps_c.h
[3.265s] -- Up-to-date symlink: /home/px/arduino_ws/install/my_robot_interfaces/include/my_robot_interfaces/my_robot_interfaces/msg/detail/lidar_scan__rosidl_typesupport_fastrtps_c.h
[3.266s] -- Up-to-date symlink: /home/px/arduino_ws/install/my_robot_interfaces/include/my_robot_interfaces/my_robot_interfaces/msg/rosidl_typesupport_fastrtps_c__visibility_control.h
[3.266s] -- Up-to-date symlink: /home/px/arduino_ws/install/my_robot_interfaces/include/my_robot_interfaces/my_robot_interfaces/msg/detail/fruit_depth__builder.hpp
[3.266s] -- Up-to-date symlink: /home/px/arduino_ws/install/my_robot_interfaces/include/my_robot_interfaces/my_robot_interfaces/msg/detail/fruit_depth__struct.hpp
[3.267s] -- Up-to-date symlink: /home/px/arduino_ws/install/my_robot_interfaces/include/my_robot_interfaces/my_robot_interfaces/msg/detail/fruit_depth__traits.hpp
[3.267s] -- Up-to-date symlink: /home/px/arduino_ws/install/my_robot_interfaces/include/my_robot_interfaces/my_robot_interfaces/msg/detail/lidar_scan__builder.hpp
[3.267s] -- Up-to-date symlink: /home/px/arduino_ws/install/my_robot_interfaces/include/my_robot_interfaces/my_robot_interfaces/msg/detail/lidar_scan__struct.hpp
[3.267s] -- Up-to-date symlink: /home/px/arduino_ws/install/my_robot_interfaces/include/my_robot_interfaces/my_robot_interfaces/msg/detail/lidar_scan__traits.hpp
[3.268s] -- Up-to-date symlink: /home/px/arduino_ws/install/my_robot_interfaces/include/my_robot_interfaces/my_robot_interfaces/msg/fruit_depth.hpp
[3.269s] -- Up-to-date symlink: /home/px/arduino_ws/install/my_robot_interfaces/include/my_robot_interfaces/my_robot_interfaces/msg/lidar_scan.hpp
[3.269s] -- Up-to-date symlink: /home/px/arduino_ws/install/my_robot_interfaces/include/my_robot_interfaces/my_robot_interfaces/msg/detail/fruit_depth__rosidl_typesupport_fastrtps_cpp.hpp
[3.269s] -- Up-to-date symlink: /home/px/arduino_ws/install/my_robot_interfaces/include/my_robot_interfaces/my_robot_interfaces/msg/detail/lidar_scan__rosidl_typesupport_fastrtps_cpp.hpp
[3.269s] -- Up-to-date symlink: /home/px/arduino_ws/install/my_robot_interfaces/include/my_robot_interfaces/my_robot_interfaces/msg/rosidl_typesupport_fastrtps_cpp__visibility_control.h
[3.270s] -- Up-to-date symlink: /home/px/arduino_ws/install/my_robot_interfaces/include/my_robot_interfaces/my_robot_interfaces/msg/detail/fruit_depth__rosidl_typesupport_introspection_c.h
[3.270s] -- Up-to-date symlink: /home/px/arduino_ws/install/my_robot_interfaces/include/my_robot_interfaces/my_robot_interfaces/msg/detail/lidar_scan__rosidl_typesupport_introspection_c.h
[3.270s] -- Up-to-date symlink: /home/px/arduino_ws/install/my_robot_interfaces/include/my_robot_interfaces/my_robot_interfaces/msg/rosidl_typesupport_introspection_c__visibility_control.h
[3.271s] -- Up-to-date symlink: /home/px/arduino_ws/install/my_robot_interfaces/include/my_robot_interfaces/my_robot_interfaces/msg/detail/fruit_depth__rosidl_typesupport_introspection_cpp.hpp
[3.271s] -- Up-to-date symlink: /home/px/arduino_ws/install/my_robot_interfaces/include/my_robot_interfaces/my_robot_interfaces/msg/detail/lidar_scan__rosidl_typesupport_introspection_cpp.hpp
[3.272s] -- Up-to-date symlink: /home/px/arduino_ws/install/my_robot_interfaces/share/my_robot_interfaces/environment/pythonpath.sh
[3.272s] -- Up-to-date symlink: /home/px/arduino_ws/install/my_robot_interfaces/share/my_robot_interfaces/environment/pythonpath.dsv
[3.273s] -- Up-to-date symlink: /home/px/arduino_ws/install/my_robot_interfaces/local/lib/python3.10/dist-packages/my_robot_interfaces-0.0.0-py3.10.egg-info/PKG-INFO
[3.273s] -- Up-to-date symlink: /home/px/arduino_ws/install/my_robot_interfaces/local/lib/python3.10/dist-packages/my_robot_interfaces-0.0.0-py3.10.egg-info/SOURCES.txt
[3.273s] -- Up-to-date symlink: /home/px/arduino_ws/install/my_robot_interfaces/local/lib/python3.10/dist-packages/my_robot_interfaces-0.0.0-py3.10.egg-info/dependency_links.txt
[3.274s] -- Up-to-date symlink: /home/px/arduino_ws/install/my_robot_interfaces/local/lib/python3.10/dist-packages/my_robot_interfaces-0.0.0-py3.10.egg-info/top_level.txt
[3.275s] -- Up-to-date symlink: /home/px/arduino_ws/install/my_robot_interfaces/local/lib/python3.10/dist-packages/my_robot_interfaces/__init__.py
[3.275s] -- Up-to-date symlink: /home/px/arduino_ws/install/my_robot_interfaces/local/lib/python3.10/dist-packages/my_robot_interfaces/_my_robot_interfaces_s.ep.rosidl_typesupport_c.c
[3.275s] -- Up-to-date symlink: /home/px/arduino_ws/install/my_robot_interfaces/local/lib/python3.10/dist-packages/my_robot_interfaces/_my_robot_interfaces_s.ep.rosidl_typesupport_fastrtps_c.c
[3.275s] -- Up-to-date symlink: /home/px/arduino_ws/install/my_robot_interfaces/local/lib/python3.10/dist-packages/my_robot_interfaces/_my_robot_interfaces_s.ep.rosidl_typesupport_introspection_c.c
[3.276s] -- Up-to-date symlink: /home/px/arduino_ws/install/my_robot_interfaces/local/lib/python3.10/dist-packages/my_robot_interfaces/libmy_robot_interfaces__rosidl_generator_py.so
[3.276s] -- Up-to-date symlink: /home/px/arduino_ws/install/my_robot_interfaces/local/lib/python3.10/dist-packages/my_robot_interfaces/msg/__init__.py
[3.276s] -- Up-to-date symlink: /home/px/arduino_ws/install/my_robot_interfaces/local/lib/python3.10/dist-packages/my_robot_interfaces/msg/_fruit_depth.py
[3.276s] -- Up-to-date symlink: /home/px/arduino_ws/install/my_robot_interfaces/local/lib/python3.10/dist-packages/my_robot_interfaces/msg/_fruit_depth_s.c
[3.277s] -- Up-to-date symlink: /home/px/arduino_ws/install/my_robot_interfaces/local/lib/python3.10/dist-packages/my_robot_interfaces/msg/_lidar_scan.py
[3.277s] -- Up-to-date symlink: /home/px/arduino_ws/install/my_robot_interfaces/local/lib/python3.10/dist-packages/my_robot_interfaces/msg/_lidar_scan_s.c
[3.277s] -- Up-to-date symlink: /home/px/arduino_ws/install/my_robot_interfaces/local/lib/python3.10/dist-packages/my_robot_interfaces/my_robot_interfaces_s__rosidl_typesupport_c.cpython-310-x86_64-linux-gnu.so
[3.277s] -- Up-to-date symlink: /home/px/arduino_ws/install/my_robot_interfaces/local/lib/python3.10/dist-packages/my_robot_interfaces/my_robot_interfaces_s__rosidl_typesupport_fastrtps_c.cpython-310-x86_64-linux-gnu.so
[3.278s] -- Up-to-date symlink: /home/px/arduino_ws/install/my_robot_interfaces/local/lib/python3.10/dist-packages/my_robot_interfaces/my_robot_interfaces_s__rosidl_typesupport_introspection_c.cpython-310-x86_64-linux-gnu.so
[3.278s] -- Up-to-date symlink: /home/px/arduino_ws/install/my_robot_interfaces/local/lib/python3.10/dist-packages/my_robot_interfaces/my_robot_interfaces_s__rosidl_typesupport_fastrtps_c.cpython-310-x86_64-linux-gnu.so
[3.279s] -- Up-to-date symlink: /home/px/arduino_ws/install/my_robot_interfaces/local/lib/python3.10/dist-packages/my_robot_interfaces/my_robot_interfaces_s__rosidl_typesupport_introspection_c.cpython-310-x86_64-linux-gnu.so
[3.279s] -- Up-to-date symlink: /home/px/arduino_ws/install/my_robot_interfaces/local/lib/python3.10/dist-packages/my_robot_interfaces/my_robot_interfaces_s__rosidl_typesupport_c.cpython-310-x86_64-linux-gnu.so
[3.280s] -- Up-to-date symlink: /home/px/arduino_ws/install/my_robot_interfaces/share/my_robot_interfaces/msg/LidarScan.idl
[3.280s] -- Up-to-date symlink: /home/px/arduino_ws/install/my_robot_interfaces/share/my_robot_interfaces/msg/FruitDepth.idl
[3.281s] -- Up-to-date symlink: /home/px/arduino_ws/install/my_robot_interfaces/share/my_robot_interfaces/msg/LidarScan.msg
[3.281s] -- Up-to-date symlink: /home/px/arduino_ws/install/my_robot_interfaces/share/my_robot_interfaces/msg/FruitDepth.msg
[3.281s] -- Up-to-date symlink: /home/px/arduino_ws/install/my_robot_interfaces/share/ament_index/resource_index/package_run_dependencies/my_robot_interfaces
[3.282s] -- Up-to-date symlink: /home/px/arduino_ws/install/my_robot_interfaces/share/ament_index/resource_index/parent_prefix_path/my_robot_interfaces
[3.282s] -- Up-to-date symlink: /home/px/arduino_ws/install/my_robot_interfaces/share/my_robot_interfaces/environment/ament_prefix_path.sh
[3.282s] -- Up-to-date symlink: /home/px/arduino_ws/install/my_robot_interfaces/share/my_robot_interfaces/environment/ament_prefix_path.dsv
[3.282s] -- Up-to-date symlink: /home/px/arduino_ws/install/my_robot_interfaces/share/my_robot_interfaces/environment/path.sh
[3.283s] -- Up-to-date symlink: /home/px/arduino_ws/install/my_robot_interfaces/share/my_robot_interfaces/environment/path.dsv
[3.283s] -- Up-to-date symlink: /home/px/arduino_ws/install/my_robot_interfaces/share/my_robot_interfaces/local_setup.bash
[3.283s] -- Up-to-date symlink: /home/px/arduino_ws/install/my_robot_interfaces/share/my_robot_interfaces/local_setup.sh
[3.284s] -- Up-to-date symlink: /home/px/arduino_ws/install/my_robot_interfaces/share/my_robot_interfaces/local_setup.zsh
[3.284s] -- Up-to-date symlink: /home/px/arduino_ws/install/my_robot_interfaces/share/my_robot_interfaces/local_setup.dsv
[3.284s] -- Symlinking: /home/px/arduino_ws/install/my_robot_interfaces/share/my_robot_interfaces/package.dsv
[3.298s] -- Up-to-date symlink: /home/px/arduino_ws/install/my_robot_interfaces/share/ament_index/resource_index/packages/my_robot_interfaces
[3.298s] -- Up-to-date symlink: /home/px/arduino_ws/install/my_robot_interfaces/share/my_robot_interfaces/cmake/rosidl_cmake-extras.cmake
[3.298s] -- Up-to-date symlink: /home/px/arduino_ws/install/my_robot_interfaces/share/my_robot_interfaces/cmake/ament_cmake_export_dependencies-extras.cmake
[3.299s] -- Up-to-date symlink: /home/px/arduino_ws/install/my_robot_interfaces/share/my_robot_interfaces/cmake/ament_cmake_export_include_directories-extras.cmake
[3.299s] -- Up-to-date symlink: /home/px/arduino_ws/install/my_robot_interfaces/share/my_robot_interfaces/cmake/ament_cmake_export_libraries-extras.cmake
[3.300s] -- Up-to-date symlink: /home/px/arduino_ws/install/my_robot_interfaces/share/my_robot_interfaces/cmake/ament_cmake_export_targets-extras.cmake
[3.300s] -- Up-to-date symlink: /home/px/arduino_ws/install/my_robot_interfaces/share/my_robot_interfaces/cmake/rosidl_cmake_export_typesupport_targets-extras.cmake
[3.301s] -- Up-to-date symlink: /home/px/arduino_ws/install/my_robot_interfaces/share/my_robot_interfaces/cmake/rosidl_cmake_export_typesupport_libraries-extras.cmake
[3.301s] -- Up-to-date symlink: /home/px/arduino_ws/install/my_robot_interfaces/share/my_robot_interfaces/cmake/my_robot_interfacesConfig.cmake
[3.301s] -- Up-to-date symlink: /home/px/arduino_ws/install/my_robot_interfaces/share/my_robot_interfaces/cmake/my_robot_interfacesConfig-version.cmake
[3.302s] -- Up-to-date symlink: /home/px/arduino_ws/install/my_robot_interfaces/share/my_robot_interfaces/package.xml
[3.302s] -- Up-to-date: /home/px/arduino_ws/install/my_robot_interfaces/lib/libmy_robot_interfaces__rosidl_generator_c.so
[3.303s] -- Up-to-date: /home/px/arduino_ws/install/my_robot_interfaces/lib/libmy_robot_interfaces__rosidl_typesupport_fastrtps_c.so
[3.303s] -- Up-to-date: /home/px/arduino_ws/install/my_robot_interfaces/lib/libmy_robot_interfaces__rosidl_typesupport_fastrtps_cpp.so
[3.304s] -- Up-to-date: /home/px/arduino_ws/install/my_robot_interfaces/lib/libmy_robot_interfaces__rosidl_typesupport_introspection_c.so
[3.304s] -- Up-to-date: /home/px/arduino_ws/install/my_robot_interfaces/lib/libmy_robot_interfaces__rosidl_typesupport_c.so
[3.305s] -- Up-to-date: /home/px/arduino_ws/install/my_robot_interfaces/lib/libmy_robot_interfaces__rosidl_typesupport_introspection_cpp.so
[3.306s] -- Up-to-date: /home/px/arduino_ws/install/my_robot_interfaces/lib/libmy_robot_interfaces__rosidl_typesupport_cpp.so
[3.364s] Listing '/home/px/arduino_ws/install/my_robot_interfaces/local/lib/python3.10/dist-packages/my_robot_interfaces'...
[3.365s] Compiling '/home/px/arduino_ws/install/my_robot_interfaces/local/lib/python3.10/dist-packages/my_robot_interfaces/__init__.py'...
[3.365s] Listing '/home/px/arduino_ws/install/my_robot_interfaces/local/lib/python3.10/dist-packages/my_robot_interfaces/msg'...
[3.371s] -- Up-to-date: /home/px/arduino_ws/install/my_robot_interfaces/lib/libmy_robot_interfaces__rosidl_generator_py.so
[3.371s] -- Up-to-date: /home/px/arduino_ws/install/my_robot_interfaces/share/my_robot_interfaces/cmake/export_my_robot_interfaces__rosidl_generator_cExport.cmake
[3.371s] -- Up-to-date: /home/px/arduino_ws/install/my_robot_interfaces/share/my_robot_interfaces/cmake/export_my_robot_interfaces__rosidl_generator_cExport-noconfig.cmake
[3.372s] -- Up-to-date: /home/px/arduino_ws/install/my_robot_interfaces/share/my_robot_interfaces/cmake/export_my_robot_interfaces__rosidl_typesupport_fastrtps_cExport.cmake
[3.372s] -- Up-to-date: /home/px/arduino_ws/install/my_robot_interfaces/share/my_robot_interfaces/cmake/export_my_robot_interfaces__rosidl_typesupport_fastrtps_cExport-noconfig.cmake
[3.373s] -- Up-to-date: /home/px/arduino_ws/install/my_robot_interfaces/share/my_robot_interfaces/cmake/export_my_robot_interfaces__rosidl_generator_cppExport.cmake
[3.374s] -- Up-to-date: /home/px/arduino_ws/install/my_robot_interfaces/share/my_robot_interfaces/cmake/export_my_robot_interfaces__rosidl_typesupport_fastrtps_cppExport.cmake
[3.374s] -- Up-to-date: /home/px/arduino_ws/install/my_robot_interfaces/share/my_robot_interfaces/cmake/export_my_robot_interfaces__rosidl_typesupport_fastrtps_cppExport-noconfig.cmake
[3.374s] -- Up-to-date: /home/px/arduino_ws/install/my_robot_interfaces/share/my_robot_interfaces/cmake/my_robot_interfaces__rosidl_typesupport_introspection_cExport.cmake
[3.374s] -- Up-to-date: /home/px/arduino_ws/install/my_robot_interfaces/share/my_robot_interfaces/cmake/my_robot_interfaces__rosidl_typesupport_introspection_cExport-noconfig.cmake
[3.374s] -- Up-to-date: /home/px/arduino_ws/install/my_robot_interfaces/share/my_robot_interfaces/cmake/my_robot_interfaces__rosidl_typesupport_cExport.cmake
[3.374s] -- Up-to-date: /home/px/arduino_ws/install/my_robot_interfaces/share/my_robot_interfaces/cmake/my_robot_interfaces__rosidl_typesupport_cExport-noconfig.cmake
[3.375s] -- Up-to-date: /home/px/arduino_ws/install/my_robot_interfaces/share/my_robot_interfaces/cmake/my_robot_interfaces__rosidl_typesupport_introspection_cppExport.cmake
[3.375s] -- Up-to-date: /home/px/arduino_ws/install/my_robot_interfaces/share/my_robot_interfaces/cmake/my_robot_interfaces__rosidl_typesupport_introspection_cppExport-noconfig.cmake
[3.375s] -- Up-to-date: /home/px/arduino_ws/install/my_robot_interfaces/share/my_robot_interfaces/cmake/my_robot_interfaces__rosidl_typesupport_cppExport.cmake
[3.375s] -- Up-to-date: /home/px/arduino_ws/install/my_robot_interfaces/share/my_robot_interfaces/cmake/my_robot_interfaces__rosidl_typesupport_cppExport-noconfig.cmake
[3.375s] -- Up-to-date: /home/px/arduino_ws/install/my_robot_interfaces/share/my_robot_interfaces/cmake/export_my_robot_interfaces__rosidl_generator_pyExport.cmake
[3.375s] -- Up-to-date: /home/px/arduino_ws/install/my_robot_interfaces/share/my_robot_interfaces/cmake/export_my_robot_interfaces__rosidl_generator_pyExport-noconfig.cmake
[3.379s] Invoked command in '/home/px/arduino_ws/build/my_robot_interfaces' returned '0': CMAKE_PREFIX_PATH=${CMAKE_PREFIX_PATH}:/home/px/arduino_ws/install/py_launch_example:/home/px/arduino_ws/install/arduino_control:/opt/ros/humble /usr/bin/cmake --install /home/px/arduino_ws/build/my_robot_interfaces
