[1.657s] Invoking command in '/home/px/arduino_ws/build/arduino_control': PYTHONPATH=/home/px/arduino_ws/build/arduino_control/prefix_override:/home/px/arduino_ws/install/arduino_control/lib/python3.10/site-packages:${PYTHONPATH} /usr/bin/python3 setup.py develop --editable --build-directory /home/px/arduino_ws/build/arduino_control/build --no-deps install_data
[2.086s] running develop
[2.336s] running egg_info
[2.337s] writing arduino_control.egg-info/PKG-INFO
[2.337s] writing dependency_links to arduino_control.egg-info/dependency_links.txt
[2.337s] writing entry points to arduino_control.egg-info/entry_points.txt
[2.337s] writing requirements to arduino_control.egg-info/requires.txt
[2.337s] writing top-level names to arduino_control.egg-info/top_level.txt
[2.340s] reading manifest file 'arduino_control.egg-info/SOURCES.txt'
[2.341s] writing manifest file 'arduino_control.egg-info/SOURCES.txt'
[2.344s] running build_ext
[2.344s] Creating /home/px/arduino_ws/install/arduino_control/lib/python3.10/site-packages/arduino-control.egg-link (link to .)
[2.345s] Installing arduino_control_node script to /home/px/arduino_ws/install/arduino_control/lib/arduino_control
[2.345s] Installing lidar script to /home/px/arduino_ws/install/arduino_control/lib/arduino_control
[2.345s] Installing minimal_publisher script to /home/px/arduino_ws/install/arduino_control/lib/arduino_control
[2.345s] Installing realsense script to /home/px/arduino_ws/install/arduino_control/lib/arduino_control
[2.345s] 
[2.345s] Installed /home/px/arduino_ws/build/arduino_control
[2.346s] running install_data
[2.385s] Invoked command in '/home/px/arduino_ws/build/arduino_control' returned '0': PYTHONPATH=/home/px/arduino_ws/build/arduino_control/prefix_override:/home/px/arduino_ws/install/arduino_control/lib/python3.10/site-packages:${PYTHONPATH} /usr/bin/python3 setup.py develop --editable --build-directory /home/px/arduino_ws/build/arduino_control/build --no-deps install_data
