[2.195s] Invoking command in '/home/px/arduino_ws/build/arduino_control': PYTHONPATH=/home/px/arduino_ws/build/arduino_control/prefix_override:/home/px/arduino_ws/install/arduino_control/lib/python3.10/site-packages:${PYTHONPATH} /usr/bin/python3 setup.py develop --editable --build-directory /home/px/arduino_ws/build/arduino_control/build --no-deps install_data
[2.769s] running develop
[3.072s] running egg_info
[3.072s] writing arduino_control.egg-info/PKG-INFO
[3.072s] writing dependency_links to arduino_control.egg-info/dependency_links.txt
[3.073s] writing entry points to arduino_control.egg-info/entry_points.txt
[3.073s] writing requirements to arduino_control.egg-info/requires.txt
[3.073s] writing top-level names to arduino_control.egg-info/top_level.txt
[3.077s] reading manifest file 'arduino_control.egg-info/SOURCES.txt'
[3.078s] writing manifest file 'arduino_control.egg-info/SOURCES.txt'
[3.080s] running build_ext
[3.081s] Creating /home/px/arduino_ws/install/arduino_control/lib/python3.10/site-packages/arduino-control.egg-link (link to .)
[3.082s] Installing joystick script to /home/px/arduino_ws/install/arduino_control/lib/arduino_control
[3.082s] Installing joystick_control script to /home/px/arduino_ws/install/arduino_control/lib/arduino_control
[3.082s] Installing lidar script to /home/px/arduino_ws/install/arduino_control/lib/arduino_control
[3.083s] Installing locomotion_control script to /home/px/arduino_ws/install/arduino_control/lib/arduino_control
[3.083s] Installing minimal_publisher script to /home/px/arduino_ws/install/arduino_control/lib/arduino_control
[3.083s] Installing obstacle_avoidance script to /home/px/arduino_ws/install/arduino_control/lib/arduino_control
[3.083s] Installing realsense script to /home/px/arduino_ws/install/arduino_control/lib/arduino_control
[3.083s] 
[3.084s] Installed /home/px/arduino_ws/build/arduino_control
[3.084s] running install_data
[3.126s] Invoked command in '/home/px/arduino_ws/build/arduino_control' returned '0': PYTHONPATH=/home/px/arduino_ws/build/arduino_control/prefix_override:/home/px/arduino_ws/install/arduino_control/lib/python3.10/site-packages:${PYTHONPATH} /usr/bin/python3 setup.py develop --editable --build-directory /home/px/arduino_ws/build/arduino_control/build --no-deps install_data
