[1.858s] Invoking command in '/home/px/arduino_ws/build/arduino_control': PYTHONPATH=/home/px/arduino_ws/build/arduino_control/prefix_override:/home/px/arduino_ws/install/arduino_control/lib/python3.10/site-packages:${PYTHONPATH} /usr/bin/python3 setup.py develop --editable --build-directory /home/px/arduino_ws/build/arduino_control/build --no-deps install_data
[2.522s] running develop
[2.967s] running egg_info
[2.967s] writing arduino_control.egg-info/PKG-INFO
[2.967s] writing dependency_links to arduino_control.egg-info/dependency_links.txt
[2.967s] writing entry points to arduino_control.egg-info/entry_points.txt
[2.968s] writing requirements to arduino_control.egg-info/requires.txt
[2.968s] writing top-level names to arduino_control.egg-info/top_level.txt
[2.972s] reading manifest file 'arduino_control.egg-info/SOURCES.txt'
[2.973s] writing manifest file 'arduino_control.egg-info/SOURCES.txt'
[2.976s] running build_ext
[2.976s] Creating /home/px/arduino_ws/install/arduino_control/lib/python3.10/site-packages/arduino-control.egg-link (link to .)
[2.978s] Installing arduino_control_node script to /home/px/arduino_ws/install/arduino_control/lib/arduino_control
[2.978s] Installing lidar script to /home/px/arduino_ws/install/arduino_control/lib/arduino_control
[2.978s] Installing minimal_publisher script to /home/px/arduino_ws/install/arduino_control/lib/arduino_control
[2.979s] Installing realsense script to /home/px/arduino_ws/install/arduino_control/lib/arduino_control
[2.979s] 
[2.979s] Installed /home/px/arduino_ws/build/arduino_control
[2.979s] running install_data
[3.030s] Invoked command in '/home/px/arduino_ws/build/arduino_control' returned '0': PYTHONPATH=/home/px/arduino_ws/build/arduino_control/prefix_override:/home/px/arduino_ws/install/arduino_control/lib/python3.10/site-packages:${PYTHONPATH} /usr/bin/python3 setup.py develop --editable --build-directory /home/px/arduino_ws/build/arduino_control/build --no-deps install_data
