[0.018s] Invoking command in '/home/px/arduino_ws/build/px_bot_description': CMAKE_PREFIX_PATH=${CMAKE_PREFIX_PATH}:/home/px/arduino_ws/install/arduino_control:/opt/ros/humble /usr/bin/cmake --build /home/px/arduino_ws/build/px_bot_description -- -j8 -l8
[0.494s] Invoked command in '/home/px/arduino_ws/build/px_bot_description' returned '0': CMAKE_PREFIX_PATH=${CMAKE_PREFIX_PATH}:/home/px/arduino_ws/install/arduino_control:/opt/ros/humble /usr/bin/cmake --build /home/px/arduino_ws/build/px_bot_description -- -j8 -l8
[0.748s] Invoking command in '/home/px/arduino_ws/build/px_bot_description': CMAKE_PREFIX_PATH=${CMAKE_PREFIX_PATH}:/home/px/arduino_ws/install/arduino_control:/opt/ros/humble /usr/bin/cmake --install /home/px/arduino_ws/build/px_bot_description
[0.760s] -- Install configuration: ""
[0.767s] -- Execute custom install script
[0.773s] -- Up-to-date symlink: /home/px/arduino_ws/install/px_bot_description/share/px_bot_description/src/description/px_bot_description.urdf
[0.773s] -- Up-to-date symlink: /home/px/arduino_ws/install/px_bot_description/share/px_bot_description/launch/display_launch.py
[0.774s] -- Up-to-date symlink: /home/px/arduino_ws/install/px_bot_description/share/px_bot_description/rviz/urdf_config.rviz
[0.774s] -- Up-to-date symlink: /home/px/arduino_ws/install/px_bot_description/share/px_bot_description/config/ekf.yaml
[0.774s] -- Up-to-date symlink: /home/px/arduino_ws/install/px_bot_description/share/px_bot_description/config/nav2_params.yaml
[0.775s] -- Up-to-date symlink: /home/px/arduino_ws/install/px_bot_description/share/px_bot_description/world/my_world.sdf
[0.775s] -- Up-to-date symlink: /home/px/arduino_ws/install/px_bot_description/share/ament_index/resource_index/package_run_dependencies/px_bot_description
[0.776s] -- Up-to-date symlink: /home/px/arduino_ws/install/px_bot_description/share/ament_index/resource_index/parent_prefix_path/px_bot_description
[0.776s] -- Up-to-date symlink: /home/px/arduino_ws/install/px_bot_description/share/px_bot_description/environment/ament_prefix_path.sh
[0.776s] -- Up-to-date symlink: /home/px/arduino_ws/install/px_bot_description/share/px_bot_description/environment/ament_prefix_path.dsv
[0.777s] -- Up-to-date symlink: /home/px/arduino_ws/install/px_bot_description/share/px_bot_description/environment/path.sh
[0.777s] -- Up-to-date symlink: /home/px/arduino_ws/install/px_bot_description/share/px_bot_description/environment/path.dsv
[0.777s] -- Up-to-date symlink: /home/px/arduino_ws/install/px_bot_description/share/px_bot_description/local_setup.bash
[0.778s] -- Up-to-date symlink: /home/px/arduino_ws/install/px_bot_description/share/px_bot_description/local_setup.sh
[0.778s] -- Up-to-date symlink: /home/px/arduino_ws/install/px_bot_description/share/px_bot_description/local_setup.zsh
[0.778s] -- Up-to-date symlink: /home/px/arduino_ws/install/px_bot_description/share/px_bot_description/local_setup.dsv
[0.778s] -- Symlinking: /home/px/arduino_ws/install/px_bot_description/share/px_bot_description/package.dsv
[0.823s] -- Up-to-date symlink: /home/px/arduino_ws/install/px_bot_description/share/ament_index/resource_index/packages/px_bot_description
[0.823s] -- Up-to-date symlink: /home/px/arduino_ws/install/px_bot_description/share/px_bot_description/cmake/px_bot_descriptionConfig.cmake
[0.823s] -- Up-to-date symlink: /home/px/arduino_ws/install/px_bot_description/share/px_bot_description/cmake/px_bot_descriptionConfig-version.cmake
[0.824s] -- Up-to-date symlink: /home/px/arduino_ws/install/px_bot_description/share/px_bot_description/package.xml
[0.827s] Invoked command in '/home/px/arduino_ws/build/px_bot_description' returned '0': CMAKE_PREFIX_PATH=${CMAKE_PREFIX_PATH}:/home/px/arduino_ws/install/arduino_control:/opt/ros/humble /usr/bin/cmake --install /home/px/arduino_ws/build/px_bot_description
