[0.189s] DEBUG:colcon:Command line arguments: ['/usr/bin/colcon', 'build', '--symlink-install']
[0.190s] DEBUG:colcon:Parsed command line arguments: Namespace(log_base=None, log_level=None, verb_name='build', build_base='build', install_base='install', merge_install=False, symlink_install=True, test_result_base=None, continue_on_error=False, executor='parallel', parallel_workers=8, event_handlers=None, ignore_user_meta=False, metas=['./colcon.meta'], base_paths=['.'], packages_ignore=None, packages_ignore_regex=None, paths=None, packages_up_to=None, packages_up_to_regex=None, packages_above=None, packages_above_and_dependencies=None, packages_above_depth=None, packages_select_by_dep=None, packages_skip_by_dep=None, packages_skip_up_to=None, packages_select_build_failed=False, packages_skip_build_finished=False, packages_select_test_failures=False, packages_skip_test_passed=False, packages_select=None, packages_skip=None, packages_select_regex=None, packages_skip_regex=None, packages_start=None, packages_end=None, allow_overriding=[], cmake_args=None, cmake_target=None, cmake_target_skip_unavailable=False, cmake_clean_cache=False, cmake_clean_first=False, cmake_force_configure=False, ament_cmake_args=None, catkin_cmake_args=None, catkin_skip_building_tests=False, verb_parser=<colcon_defaults.argument_parser.defaults.DefaultArgumentsDecorator object at 0x7049689dae60>, verb_extension=<colcon_core.verb.build.BuildVerb object at 0x7049689da4d0>, main=<bound method BuildVerb.main of <colcon_core.verb.build.BuildVerb object at 0x7049689da4d0>>)
[0.579s] Level 1:colcon.colcon_core.package_discovery:discover_packages(colcon_meta) check parameters
[0.580s] Level 1:colcon.colcon_core.package_discovery:discover_packages(recursive) check parameters
[0.580s] Level 1:colcon.colcon_core.package_discovery:discover_packages(ignore) check parameters
[0.580s] Level 1:colcon.colcon_core.package_discovery:discover_packages(path) check parameters
[0.580s] Level 1:colcon.colcon_core.package_discovery:discover_packages(colcon_meta) discover
[0.580s] Level 1:colcon.colcon_core.package_discovery:discover_packages(recursive) discover
[0.580s] INFO:colcon.colcon_core.package_discovery:Crawling recursively for packages in '/home/px/arduino_ws'
[0.580s] Level 1:colcon.colcon_core.package_identification:_identify(.) by extensions ['ignore', 'ignore_ament_install']
[0.580s] Level 1:colcon.colcon_core.package_identification:_identify(.) by extension 'ignore'
[0.581s] Level 1:colcon.colcon_core.package_identification:_identify(.) by extension 'ignore_ament_install'
[0.581s] Level 1:colcon.colcon_core.package_identification:_identify(.) by extensions ['colcon_pkg']
[0.581s] Level 1:colcon.colcon_core.package_identification:_identify(.) by extension 'colcon_pkg'
[0.581s] Level 1:colcon.colcon_core.package_identification:_identify(.) by extensions ['colcon_meta']
[0.581s] Level 1:colcon.colcon_core.package_identification:_identify(.) by extension 'colcon_meta'
[0.581s] Level 1:colcon.colcon_core.package_identification:_identify(.) by extensions ['ros']
[0.581s] Level 1:colcon.colcon_core.package_identification:_identify(.) by extension 'ros'
[0.617s] Level 1:colcon.colcon_core.package_identification:_identify(.) by extensions ['cmake', 'python']
[0.617s] Level 1:colcon.colcon_core.package_identification:_identify(.) by extension 'cmake'
[0.617s] Level 1:colcon.colcon_core.package_identification:_identify(.) by extension 'python'
[0.618s] Level 1:colcon.colcon_core.package_identification:_identify(.) by extensions ['python_setup_py']
[0.618s] Level 1:colcon.colcon_core.package_identification:_identify(.) by extension 'python_setup_py'
[0.618s] Level 1:colcon.colcon_core.package_identification:_identify(build) by extensions ['ignore', 'ignore_ament_install']
[0.618s] Level 1:colcon.colcon_core.package_identification:_identify(build) by extension 'ignore'
[0.618s] Level 1:colcon.colcon_core.package_identification:_identify(build) ignored
[0.618s] Level 1:colcon.colcon_core.package_identification:_identify(install) by extensions ['ignore', 'ignore_ament_install']
[0.618s] Level 1:colcon.colcon_core.package_identification:_identify(install) by extension 'ignore'
[0.618s] Level 1:colcon.colcon_core.package_identification:_identify(install) ignored
[0.619s] Level 1:colcon.colcon_core.package_identification:_identify(log) by extensions ['ignore', 'ignore_ament_install']
[0.619s] Level 1:colcon.colcon_core.package_identification:_identify(log) by extension 'ignore'
[0.619s] Level 1:colcon.colcon_core.package_identification:_identify(log) ignored
[0.619s] Level 1:colcon.colcon_core.package_identification:_identify(src) by extensions ['ignore', 'ignore_ament_install']
[0.619s] Level 1:colcon.colcon_core.package_identification:_identify(src) by extension 'ignore'
[0.619s] Level 1:colcon.colcon_core.package_identification:_identify(src) by extension 'ignore_ament_install'
[0.619s] Level 1:colcon.colcon_core.package_identification:_identify(src) by extensions ['colcon_pkg']
[0.620s] Level 1:colcon.colcon_core.package_identification:_identify(src) by extension 'colcon_pkg'
[0.620s] Level 1:colcon.colcon_core.package_identification:_identify(src) by extensions ['colcon_meta']
[0.620s] Level 1:colcon.colcon_core.package_identification:_identify(src) by extension 'colcon_meta'
[0.620s] Level 1:colcon.colcon_core.package_identification:_identify(src) by extensions ['ros']
[0.620s] Level 1:colcon.colcon_core.package_identification:_identify(src) by extension 'ros'
[0.620s] Level 1:colcon.colcon_core.package_identification:_identify(src) by extensions ['cmake', 'python']
[0.620s] Level 1:colcon.colcon_core.package_identification:_identify(src) by extension 'cmake'
[0.620s] Level 1:colcon.colcon_core.package_identification:_identify(src) by extension 'python'
[0.620s] Level 1:colcon.colcon_core.package_identification:_identify(src) by extensions ['python_setup_py']
[0.620s] Level 1:colcon.colcon_core.package_identification:_identify(src) by extension 'python_setup_py'
[0.620s] Level 1:colcon.colcon_core.package_identification:_identify(src/arduino_control) by extensions ['ignore', 'ignore_ament_install']
[0.620s] Level 1:colcon.colcon_core.package_identification:_identify(src/arduino_control) by extension 'ignore'
[0.621s] Level 1:colcon.colcon_core.package_identification:_identify(src/arduino_control) by extension 'ignore_ament_install'
[0.621s] Level 1:colcon.colcon_core.package_identification:_identify(src/arduino_control) by extensions ['colcon_pkg']
[0.621s] Level 1:colcon.colcon_core.package_identification:_identify(src/arduino_control) by extension 'colcon_pkg'
[0.621s] Level 1:colcon.colcon_core.package_identification:_identify(src/arduino_control) by extensions ['colcon_meta']
[0.621s] Level 1:colcon.colcon_core.package_identification:_identify(src/arduino_control) by extension 'colcon_meta'
[0.621s] Level 1:colcon.colcon_core.package_identification:_identify(src/arduino_control) by extensions ['ros']
[0.621s] Level 1:colcon.colcon_core.package_identification:_identify(src/arduino_control) by extension 'ros'
[0.626s] DEBUG:colcon.colcon_core.package_identification:Package 'src/arduino_control' with type 'ros.ament_python' and name 'arduino_control'
[0.626s] Level 1:colcon.colcon_core.package_identification:_identify(src/my_robot_interfaces) by extensions ['ignore', 'ignore_ament_install']
[0.626s] Level 1:colcon.colcon_core.package_identification:_identify(src/my_robot_interfaces) by extension 'ignore'
[0.626s] Level 1:colcon.colcon_core.package_identification:_identify(src/my_robot_interfaces) by extension 'ignore_ament_install'
[0.626s] Level 1:colcon.colcon_core.package_identification:_identify(src/my_robot_interfaces) by extensions ['colcon_pkg']
[0.626s] Level 1:colcon.colcon_core.package_identification:_identify(src/my_robot_interfaces) by extension 'colcon_pkg'
[0.627s] Level 1:colcon.colcon_core.package_identification:_identify(src/my_robot_interfaces) by extensions ['colcon_meta']
[0.627s] Level 1:colcon.colcon_core.package_identification:_identify(src/my_robot_interfaces) by extension 'colcon_meta'
[0.627s] Level 1:colcon.colcon_core.package_identification:_identify(src/my_robot_interfaces) by extensions ['ros']
[0.627s] Level 1:colcon.colcon_core.package_identification:_identify(src/my_robot_interfaces) by extension 'ros'
[0.628s] DEBUG:colcon.colcon_core.package_identification:Package 'src/my_robot_interfaces' with type 'ros.ament_cmake' and name 'my_robot_interfaces'
[0.628s] Level 1:colcon.colcon_core.package_discovery:discover_packages(recursive) using defaults
[0.628s] Level 1:colcon.colcon_core.package_discovery:discover_packages(ignore) discover
[0.628s] Level 1:colcon.colcon_core.package_discovery:discover_packages(ignore) using defaults
[0.628s] Level 1:colcon.colcon_core.package_discovery:discover_packages(path) discover
[0.628s] Level 1:colcon.colcon_core.package_discovery:discover_packages(path) using defaults
[0.662s] Level 1:colcon.colcon_core.package_discovery:discover_packages(prefix_path) check parameters
[0.662s] Level 1:colcon.colcon_core.package_discovery:discover_packages(prefix_path) discover
[0.665s] DEBUG:colcon.colcon_installed_package_information.package_discovery:Found 1 installed packages in /home/px/ydlidar_ros2_ws/install
[0.666s] DEBUG:colcon.colcon_installed_package_information.package_discovery:Found 3 installed packages in /home/px/arduino_ws/install
[0.669s] DEBUG:colcon.colcon_installed_package_information.package_discovery:Found 407 installed packages in /opt/ros/humble
[0.673s] Level 1:colcon.colcon_core.package_discovery:discover_packages(prefix_path) using defaults
[0.751s] Level 5:colcon.colcon_core.verb:set package 'my_robot_interfaces' build argument 'cmake_args' from command line to 'None'
[0.751s] Level 5:colcon.colcon_core.verb:set package 'my_robot_interfaces' build argument 'cmake_target' from command line to 'None'
[0.751s] Level 5:colcon.colcon_core.verb:set package 'my_robot_interfaces' build argument 'cmake_target_skip_unavailable' from command line to 'False'
[0.751s] Level 5:colcon.colcon_core.verb:set package 'my_robot_interfaces' build argument 'cmake_clean_cache' from command line to 'False'
[0.751s] Level 5:colcon.colcon_core.verb:set package 'my_robot_interfaces' build argument 'cmake_clean_first' from command line to 'False'
[0.751s] Level 5:colcon.colcon_core.verb:set package 'my_robot_interfaces' build argument 'cmake_force_configure' from command line to 'False'
[0.751s] Level 5:colcon.colcon_core.verb:set package 'my_robot_interfaces' build argument 'ament_cmake_args' from command line to 'None'
[0.752s] Level 5:colcon.colcon_core.verb:set package 'my_robot_interfaces' build argument 'catkin_cmake_args' from command line to 'None'
[0.752s] Level 5:colcon.colcon_core.verb:set package 'my_robot_interfaces' build argument 'catkin_skip_building_tests' from command line to 'False'
[0.752s] DEBUG:colcon.colcon_core.verb:Building package 'my_robot_interfaces' with the following arguments: {'ament_cmake_args': None, 'build_base': '/home/px/arduino_ws/build/my_robot_interfaces', 'catkin_cmake_args': None, 'catkin_skip_building_tests': False, 'cmake_args': None, 'cmake_clean_cache': False, 'cmake_clean_first': False, 'cmake_force_configure': False, 'cmake_target': None, 'cmake_target_skip_unavailable': False, 'install_base': '/home/px/arduino_ws/install/my_robot_interfaces', 'merge_install': False, 'path': '/home/px/arduino_ws/src/my_robot_interfaces', 'symlink_install': True, 'test_result_base': None}
[0.752s] Level 5:colcon.colcon_core.verb:set package 'arduino_control' build argument 'cmake_args' from command line to 'None'
[0.752s] Level 5:colcon.colcon_core.verb:set package 'arduino_control' build argument 'cmake_target' from command line to 'None'
[0.752s] Level 5:colcon.colcon_core.verb:set package 'arduino_control' build argument 'cmake_target_skip_unavailable' from command line to 'False'
[0.752s] Level 5:colcon.colcon_core.verb:set package 'arduino_control' build argument 'cmake_clean_cache' from command line to 'False'
[0.752s] Level 5:colcon.colcon_core.verb:set package 'arduino_control' build argument 'cmake_clean_first' from command line to 'False'
[0.752s] Level 5:colcon.colcon_core.verb:set package 'arduino_control' build argument 'cmake_force_configure' from command line to 'False'
[0.752s] Level 5:colcon.colcon_core.verb:set package 'arduino_control' build argument 'ament_cmake_args' from command line to 'None'
[0.752s] Level 5:colcon.colcon_core.verb:set package 'arduino_control' build argument 'catkin_cmake_args' from command line to 'None'
[0.752s] Level 5:colcon.colcon_core.verb:set package 'arduino_control' build argument 'catkin_skip_building_tests' from command line to 'False'
[0.753s] DEBUG:colcon.colcon_core.verb:Building package 'arduino_control' with the following arguments: {'ament_cmake_args': None, 'build_base': '/home/px/arduino_ws/build/arduino_control', 'catkin_cmake_args': None, 'catkin_skip_building_tests': False, 'cmake_args': None, 'cmake_clean_cache': False, 'cmake_clean_first': False, 'cmake_force_configure': False, 'cmake_target': None, 'cmake_target_skip_unavailable': False, 'install_base': '/home/px/arduino_ws/install/arduino_control', 'merge_install': False, 'path': '/home/px/arduino_ws/src/arduino_control', 'symlink_install': True, 'test_result_base': None}
[0.753s] INFO:colcon.colcon_core.executor:Executing jobs using 'parallel' executor
[0.754s] DEBUG:colcon.colcon_parallel_executor.executor.parallel:run_until_complete
[0.755s] INFO:colcon.colcon_ros.task.ament_cmake.build:Building ROS package in '/home/px/arduino_ws/src/my_robot_interfaces' with build type 'ament_cmake'
[0.755s] INFO:colcon.colcon_cmake.task.cmake.build:Building CMake package in '/home/px/arduino_ws/src/my_robot_interfaces'
[0.760s] INFO:colcon.colcon_core.plugin_system:Skipping extension 'colcon_core.shell.bat': Not used on non-Windows systems
[0.760s] INFO:colcon.colcon_core.shell:Skip shell extension 'powershell' for command environment: Not usable outside of PowerShell
[0.761s] DEBUG:colcon.colcon_core.shell:Skip shell extension 'dsv' for command environment
[0.780s] DEBUG:colcon.colcon_core.event_handler.log_command:Invoking command in '/home/px/arduino_ws/build/my_robot_interfaces': CMAKE_PREFIX_PATH=${CMAKE_PREFIX_PATH}:/home/px/arduino_ws/install/py_launch_example:/home/px/arduino_ws/install/arduino_control:/opt/ros/humble /usr/bin/cmake --build /home/px/arduino_ws/build/my_robot_interfaces -- -j8 -l8
[1.579s] DEBUG:colcon.colcon_core.event_handler.log_command:Invoked command in '/home/px/arduino_ws/build/my_robot_interfaces' returned '0': CMAKE_PREFIX_PATH=${CMAKE_PREFIX_PATH}:/home/px/arduino_ws/install/py_launch_example:/home/px/arduino_ws/install/arduino_control:/opt/ros/humble /usr/bin/cmake --build /home/px/arduino_ws/build/my_robot_interfaces -- -j8 -l8
[1.909s] DEBUG:colcon.colcon_core.event_handler.log_command:Invoking command in '/home/px/arduino_ws/build/my_robot_interfaces': CMAKE_PREFIX_PATH=${CMAKE_PREFIX_PATH}:/home/px/arduino_ws/install/py_launch_example:/home/px/arduino_ws/install/arduino_control:/opt/ros/humble /usr/bin/cmake --install /home/px/arduino_ws/build/my_robot_interfaces
[2.062s] Level 1:colcon.colcon_core.environment:create_environment_scripts_only(my_robot_interfaces)
[2.063s] DEBUG:colcon.colcon_core.event_handler.log_command:Invoked command in '/home/px/arduino_ws/build/my_robot_interfaces' returned '0': CMAKE_PREFIX_PATH=${CMAKE_PREFIX_PATH}:/home/px/arduino_ws/install/py_launch_example:/home/px/arduino_ws/install/arduino_control:/opt/ros/humble /usr/bin/cmake --install /home/px/arduino_ws/build/my_robot_interfaces
[2.068s] Level 1:colcon.colcon_core.environment:checking '/home/px/arduino_ws/install/my_robot_interfaces' for CMake module files
[2.070s] Level 1:colcon.colcon_core.environment:checking '/home/px/arduino_ws/install/my_robot_interfaces' for CMake config files
[2.071s] Level 1:colcon.colcon_core.shell:create_environment_hook('my_robot_interfaces', 'cmake_prefix_path')
[2.071s] INFO:colcon.colcon_core.shell:Creating environment hook '/home/px/arduino_ws/install/my_robot_interfaces/share/my_robot_interfaces/hook/cmake_prefix_path.ps1'
[2.072s] INFO:colcon.colcon_core.shell:Creating environment descriptor '/home/px/arduino_ws/install/my_robot_interfaces/share/my_robot_interfaces/hook/cmake_prefix_path.dsv'
[2.073s] INFO:colcon.colcon_core.shell:Creating environment hook '/home/px/arduino_ws/install/my_robot_interfaces/share/my_robot_interfaces/hook/cmake_prefix_path.sh'
[2.075s] Level 1:colcon.colcon_core.environment:checking '/home/px/arduino_ws/install/my_robot_interfaces/lib'
[2.075s] Level 1:colcon.colcon_core.shell:create_environment_hook('my_robot_interfaces', 'ld_library_path_lib')
[2.076s] INFO:colcon.colcon_core.shell:Creating environment hook '/home/px/arduino_ws/install/my_robot_interfaces/share/my_robot_interfaces/hook/ld_library_path_lib.ps1'
[2.076s] INFO:colcon.colcon_core.shell:Creating environment descriptor '/home/px/arduino_ws/install/my_robot_interfaces/share/my_robot_interfaces/hook/ld_library_path_lib.dsv'
[2.077s] INFO:colcon.colcon_core.shell:Creating environment hook '/home/px/arduino_ws/install/my_robot_interfaces/share/my_robot_interfaces/hook/ld_library_path_lib.sh'
[2.077s] Level 1:colcon.colcon_core.environment:checking '/home/px/arduino_ws/install/my_robot_interfaces/bin'
[2.078s] Level 1:colcon.colcon_core.environment:checking '/home/px/arduino_ws/install/my_robot_interfaces/lib/pkgconfig/my_robot_interfaces.pc'
[2.078s] Level 1:colcon.colcon_core.environment:checking '/home/px/arduino_ws/install/my_robot_interfaces/lib/python3.10/site-packages'
[2.078s] Level 1:colcon.colcon_core.environment:checking '/home/px/arduino_ws/install/my_robot_interfaces/bin'
[2.079s] INFO:colcon.colcon_core.shell:Creating package script '/home/px/arduino_ws/install/my_robot_interfaces/share/my_robot_interfaces/package.ps1'
[2.080s] INFO:colcon.colcon_core.shell:Creating package descriptor '/home/px/arduino_ws/install/my_robot_interfaces/share/my_robot_interfaces/package.dsv'
[2.081s] INFO:colcon.colcon_core.shell:Creating package script '/home/px/arduino_ws/install/my_robot_interfaces/share/my_robot_interfaces/package.sh'
[2.082s] INFO:colcon.colcon_core.shell:Creating package script '/home/px/arduino_ws/install/my_robot_interfaces/share/my_robot_interfaces/package.bash'
[2.084s] INFO:colcon.colcon_core.shell:Creating package script '/home/px/arduino_ws/install/my_robot_interfaces/share/my_robot_interfaces/package.zsh'
[2.085s] Level 1:colcon.colcon_core.environment:create_file_with_runtime_dependencies(/home/px/arduino_ws/install/my_robot_interfaces/share/colcon-core/packages/my_robot_interfaces)
[2.385s] Level 1:colcon.colcon_core.environment:create_environment_scripts_only(my_robot_interfaces)
[2.386s] Level 1:colcon.colcon_core.environment:checking '/home/px/arduino_ws/install/my_robot_interfaces' for CMake module files
[2.387s] Level 1:colcon.colcon_core.environment:checking '/home/px/arduino_ws/install/my_robot_interfaces' for CMake config files
[2.388s] Level 1:colcon.colcon_core.shell:create_environment_hook('my_robot_interfaces', 'cmake_prefix_path')
[2.388s] INFO:colcon.colcon_core.shell:Creating environment hook '/home/px/arduino_ws/install/my_robot_interfaces/share/my_robot_interfaces/hook/cmake_prefix_path.ps1'
[2.389s] INFO:colcon.colcon_core.shell:Creating environment descriptor '/home/px/arduino_ws/install/my_robot_interfaces/share/my_robot_interfaces/hook/cmake_prefix_path.dsv'
[2.389s] INFO:colcon.colcon_core.shell:Creating environment hook '/home/px/arduino_ws/install/my_robot_interfaces/share/my_robot_interfaces/hook/cmake_prefix_path.sh'
[2.390s] Level 1:colcon.colcon_core.environment:checking '/home/px/arduino_ws/install/my_robot_interfaces/lib'
[2.390s] Level 1:colcon.colcon_core.shell:create_environment_hook('my_robot_interfaces', 'ld_library_path_lib')
[2.391s] INFO:colcon.colcon_core.shell:Creating environment hook '/home/px/arduino_ws/install/my_robot_interfaces/share/my_robot_interfaces/hook/ld_library_path_lib.ps1'
[2.391s] INFO:colcon.colcon_core.shell:Creating environment descriptor '/home/px/arduino_ws/install/my_robot_interfaces/share/my_robot_interfaces/hook/ld_library_path_lib.dsv'
[2.392s] INFO:colcon.colcon_core.shell:Creating environment hook '/home/px/arduino_ws/install/my_robot_interfaces/share/my_robot_interfaces/hook/ld_library_path_lib.sh'
[2.392s] Level 1:colcon.colcon_core.environment:checking '/home/px/arduino_ws/install/my_robot_interfaces/bin'
[2.392s] Level 1:colcon.colcon_core.environment:checking '/home/px/arduino_ws/install/my_robot_interfaces/lib/pkgconfig/my_robot_interfaces.pc'
[2.393s] Level 1:colcon.colcon_core.environment:checking '/home/px/arduino_ws/install/my_robot_interfaces/lib/python3.10/site-packages'
[2.393s] Level 1:colcon.colcon_core.environment:checking '/home/px/arduino_ws/install/my_robot_interfaces/bin'
[2.394s] INFO:colcon.colcon_core.shell:Creating package script '/home/px/arduino_ws/install/my_robot_interfaces/share/my_robot_interfaces/package.ps1'
[2.395s] INFO:colcon.colcon_core.shell:Creating package descriptor '/home/px/arduino_ws/install/my_robot_interfaces/share/my_robot_interfaces/package.dsv'
[2.395s] INFO:colcon.colcon_core.shell:Creating package script '/home/px/arduino_ws/install/my_robot_interfaces/share/my_robot_interfaces/package.sh'
[2.396s] INFO:colcon.colcon_core.shell:Creating package script '/home/px/arduino_ws/install/my_robot_interfaces/share/my_robot_interfaces/package.bash'
[2.397s] INFO:colcon.colcon_core.shell:Creating package script '/home/px/arduino_ws/install/my_robot_interfaces/share/my_robot_interfaces/package.zsh'
[2.397s] Level 1:colcon.colcon_core.environment:create_file_with_runtime_dependencies(/home/px/arduino_ws/install/my_robot_interfaces/share/colcon-core/packages/my_robot_interfaces)
[2.398s] INFO:colcon.colcon_ros.task.ament_python.build:Building ROS package in '/home/px/arduino_ws/src/arduino_control' with build type 'ament_python'
[2.398s] Level 1:colcon.colcon_core.shell:create_environment_hook('arduino_control', 'ament_prefix_path')
[2.399s] INFO:colcon.colcon_core.shell:Creating environment hook '/home/px/arduino_ws/install/arduino_control/share/arduino_control/hook/ament_prefix_path.ps1'
[2.400s] INFO:colcon.colcon_core.shell:Creating environment descriptor '/home/px/arduino_ws/install/arduino_control/share/arduino_control/hook/ament_prefix_path.dsv'
[2.401s] INFO:colcon.colcon_core.shell:Creating environment hook '/home/px/arduino_ws/install/arduino_control/share/arduino_control/hook/ament_prefix_path.sh'
[2.402s] INFO:colcon.colcon_core.shell:Skip shell extension 'powershell' for command environment: Not usable outside of PowerShell
[2.402s] DEBUG:colcon.colcon_core.shell:Skip shell extension 'dsv' for command environment
[2.962s] INFO:colcon.colcon_core.task.python.build:Building Python package in '/home/px/arduino_ws/src/arduino_control'
[2.962s] INFO:colcon.colcon_core.shell:Skip shell extension 'powershell' for command environment: Not usable outside of PowerShell
[2.962s] DEBUG:colcon.colcon_core.shell:Skip shell extension 'dsv' for command environment
[3.734s] DEBUG:colcon.colcon_core.event_handler.log_command:Invoking command in '/home/px/arduino_ws/build/arduino_control': PYTHONPATH=/home/px/arduino_ws/build/arduino_control/prefix_override:/home/px/arduino_ws/install/arduino_control/lib/python3.10/site-packages:${PYTHONPATH} /usr/bin/python3 -W ignore:setup.py install is deprecated setup.py develop --editable --build-directory /home/px/arduino_ws/build/arduino_control/build --no-deps symlink_data
[4.854s] Level 1:colcon.colcon_core.shell:create_environment_hook('arduino_control', 'pythonpath_develop')
[4.855s] INFO:colcon.colcon_core.shell:Creating environment hook '/home/px/arduino_ws/build/arduino_control/share/arduino_control/hook/pythonpath_develop.ps1'
[4.856s] DEBUG:colcon.colcon_core.event_handler.log_command:Invoked command in '/home/px/arduino_ws/build/arduino_control' returned '0': PYTHONPATH=/home/px/arduino_ws/build/arduino_control/prefix_override:/home/px/arduino_ws/install/arduino_control/lib/python3.10/site-packages:${PYTHONPATH} /usr/bin/python3 -W ignore:setup.py install is deprecated setup.py develop --editable --build-directory /home/px/arduino_ws/build/arduino_control/build --no-deps symlink_data
[4.857s] INFO:colcon.colcon_core.shell:Creating environment descriptor '/home/px/arduino_ws/build/arduino_control/share/arduino_control/hook/pythonpath_develop.dsv'
[4.857s] INFO:colcon.colcon_core.shell:Creating environment hook '/home/px/arduino_ws/build/arduino_control/share/arduino_control/hook/pythonpath_develop.sh'
[4.858s] Level 1:colcon.colcon_core.environment:checking '/home/px/arduino_ws/install/arduino_control' for CMake module files
[4.859s] Level 1:colcon.colcon_core.environment:checking '/home/px/arduino_ws/install/arduino_control' for CMake config files
[4.861s] Level 1:colcon.colcon_core.environment:checking '/home/px/arduino_ws/install/arduino_control/lib'
[4.861s] Level 1:colcon.colcon_core.environment:checking '/home/px/arduino_ws/install/arduino_control/bin'
[4.861s] Level 1:colcon.colcon_core.environment:checking '/home/px/arduino_ws/install/arduino_control/lib/pkgconfig/arduino_control.pc'
[4.862s] Level 1:colcon.colcon_core.environment:checking '/home/px/arduino_ws/install/arduino_control/lib/python3.10/site-packages'
[4.862s] Level 1:colcon.colcon_core.shell:create_environment_hook('arduino_control', 'pythonpath')
[4.862s] INFO:colcon.colcon_core.shell:Creating environment hook '/home/px/arduino_ws/install/arduino_control/share/arduino_control/hook/pythonpath.ps1'
[4.863s] INFO:colcon.colcon_core.shell:Creating environment descriptor '/home/px/arduino_ws/install/arduino_control/share/arduino_control/hook/pythonpath.dsv'
[4.863s] INFO:colcon.colcon_core.shell:Creating environment hook '/home/px/arduino_ws/install/arduino_control/share/arduino_control/hook/pythonpath.sh'
[4.864s] Level 1:colcon.colcon_core.environment:checking '/home/px/arduino_ws/install/arduino_control/bin'
[4.865s] Level 1:colcon.colcon_core.environment:create_environment_scripts_only(arduino_control)
[4.866s] INFO:colcon.colcon_core.shell:Creating package script '/home/px/arduino_ws/install/arduino_control/share/arduino_control/package.ps1'
[4.867s] INFO:colcon.colcon_core.shell:Creating package descriptor '/home/px/arduino_ws/install/arduino_control/share/arduino_control/package.dsv'
[4.868s] INFO:colcon.colcon_core.shell:Creating package script '/home/px/arduino_ws/install/arduino_control/share/arduino_control/package.sh'
[4.869s] INFO:colcon.colcon_core.shell:Creating package script '/home/px/arduino_ws/install/arduino_control/share/arduino_control/package.bash'
[4.870s] INFO:colcon.colcon_core.shell:Creating package script '/home/px/arduino_ws/install/arduino_control/share/arduino_control/package.zsh'
[4.870s] Level 1:colcon.colcon_core.environment:create_file_with_runtime_dependencies(/home/px/arduino_ws/install/arduino_control/share/colcon-core/packages/arduino_control)
[4.871s] DEBUG:colcon.colcon_parallel_executor.executor.parallel:closing loop
[4.871s] DEBUG:colcon.colcon_parallel_executor.executor.parallel:loop closed
[4.872s] DEBUG:colcon.colcon_parallel_executor.executor.parallel:run_until_complete finished with '0'
[4.872s] DEBUG:colcon.colcon_core.event_reactor:joining thread
[4.882s] INFO:colcon.colcon_core.plugin_system:Skipping extension 'colcon_notification.desktop_notification.terminal_notifier': Not used on non-Darwin systems
[4.882s] INFO:colcon.colcon_core.plugin_system:Skipping extension 'colcon_notification.desktop_notification.win32': Not used on non-Windows systems
[4.882s] INFO:colcon.colcon_notification.desktop_notification:Sending desktop notification using 'notify2'
[4.922s] DEBUG:colcon.colcon_core.event_reactor:joined thread
[4.923s] INFO:colcon.colcon_core.shell:Creating prefix script '/home/px/arduino_ws/install/local_setup.ps1'
[4.925s] INFO:colcon.colcon_core.shell:Creating prefix util module '/home/px/arduino_ws/install/_local_setup_util_ps1.py'
[4.929s] INFO:colcon.colcon_core.shell:Creating prefix chain script '/home/px/arduino_ws/install/setup.ps1'
[4.932s] INFO:colcon.colcon_core.shell:Creating prefix script '/home/px/arduino_ws/install/local_setup.sh'
[4.934s] INFO:colcon.colcon_core.shell:Creating prefix util module '/home/px/arduino_ws/install/_local_setup_util_sh.py'
[4.935s] INFO:colcon.colcon_core.shell:Creating prefix chain script '/home/px/arduino_ws/install/setup.sh'
[4.938s] INFO:colcon.colcon_core.shell:Creating prefix script '/home/px/arduino_ws/install/local_setup.bash'
[4.939s] INFO:colcon.colcon_core.shell:Creating prefix chain script '/home/px/arduino_ws/install/setup.bash'
[4.942s] INFO:colcon.colcon_core.shell:Creating prefix script '/home/px/arduino_ws/install/local_setup.zsh'
[4.943s] INFO:colcon.colcon_core.shell:Creating prefix chain script '/home/px/arduino_ws/install/setup.zsh'
