[0.158s] DEBUG:colcon:Command line arguments: ['/usr/bin/colcon', 'list', '-p', '--base-paths', '/home/px/arduino_ws']
[0.158s] DEBUG:colcon:Parsed command line arguments: Namespace(log_base=None, log_level=None, verb_name='list', build_base='build', ignore_user_meta=False, metas=['./colcon.meta'], base_paths=['/home/px/arduino_ws'], packages_ignore=None, packages_ignore_regex=None, paths=None, packages_up_to=None, packages_up_to_regex=None, packages_above=None, packages_above_and_dependencies=None, packages_above_depth=None, packages_select_by_dep=None, packages_skip_by_dep=None, packages_skip_up_to=None, packages_select_build_failed=False, packages_skip_build_finished=False, packages_select_test_failures=False, packages_skip_test_passed=False, packages_select=None, packages_skip=None, packages_select_regex=None, packages_skip_regex=None, packages_start=None, packages_end=None, allow_overriding=[], topological_order=False, names_only=False, paths_only=True, topological_graph=False, topological_graph_dot=False, topological_graph_density=False, topological_graph_legend=False, topological_graph_dot_cluster=False, topological_graph_dot_include_skipped=False, verb_parser=<colcon_defaults.argument_parser.defaults.DefaultArgumentsDecorator object at 0x72b52b343370>, verb_extension=<colcon_package_information.verb.list.ListVerb object at 0x72b52b342860>, main=<bound method ListVerb.main of <colcon_package_information.verb.list.ListVerb object at 0x72b52b342860>>)
[0.522s] Level 1:colcon.colcon_core.package_discovery:discover_packages(colcon_meta) check parameters
[0.522s] Level 1:colcon.colcon_core.package_discovery:discover_packages(recursive) check parameters
[0.522s] Level 1:colcon.colcon_core.package_discovery:discover_packages(ignore) check parameters
[0.522s] Level 1:colcon.colcon_core.package_discovery:discover_packages(path) check parameters
[0.522s] Level 1:colcon.colcon_core.package_discovery:discover_packages(recursive) discover
[0.522s] INFO:colcon.colcon_core.package_discovery:Crawling recursively for packages in '/home/px/arduino_ws'
[0.523s] Level 1:colcon.colcon_core.package_identification:_identify(/home/px/arduino_ws) by extensions ['ignore', 'ignore_ament_install']
[0.523s] Level 1:colcon.colcon_core.package_identification:_identify(/home/px/arduino_ws) by extension 'ignore'
[0.523s] Level 1:colcon.colcon_core.package_identification:_identify(/home/px/arduino_ws) by extension 'ignore_ament_install'
[0.523s] Level 1:colcon.colcon_core.package_identification:_identify(/home/px/arduino_ws) by extensions ['colcon_pkg']
[0.523s] Level 1:colcon.colcon_core.package_identification:_identify(/home/px/arduino_ws) by extension 'colcon_pkg'
[0.523s] Level 1:colcon.colcon_core.package_identification:_identify(/home/px/arduino_ws) by extensions ['colcon_meta']
[0.523s] Level 1:colcon.colcon_core.package_identification:_identify(/home/px/arduino_ws) by extension 'colcon_meta'
[0.523s] Level 1:colcon.colcon_core.package_identification:_identify(/home/px/arduino_ws) by extensions ['ros']
[0.523s] Level 1:colcon.colcon_core.package_identification:_identify(/home/px/arduino_ws) by extension 'ros'
[0.542s] Level 1:colcon.colcon_core.package_identification:_identify(/home/px/arduino_ws) by extensions ['cmake', 'python']
[0.542s] Level 1:colcon.colcon_core.package_identification:_identify(/home/px/arduino_ws) by extension 'cmake'
[0.542s] Level 1:colcon.colcon_core.package_identification:_identify(/home/px/arduino_ws) by extension 'python'
[0.543s] Level 1:colcon.colcon_core.package_identification:_identify(/home/px/arduino_ws) by extensions ['python_setup_py']
[0.543s] Level 1:colcon.colcon_core.package_identification:_identify(/home/px/arduino_ws) by extension 'python_setup_py'
[0.543s] Level 1:colcon.colcon_core.package_identification:_identify(/home/px/arduino_ws/build) by extensions ['ignore', 'ignore_ament_install']
[0.543s] Level 1:colcon.colcon_core.package_identification:_identify(/home/px/arduino_ws/build) by extension 'ignore'
[0.543s] Level 1:colcon.colcon_core.package_identification:_identify(/home/px/arduino_ws/build) ignored
[0.543s] Level 1:colcon.colcon_core.package_identification:_identify(/home/px/arduino_ws/install) by extensions ['ignore', 'ignore_ament_install']
[0.543s] Level 1:colcon.colcon_core.package_identification:_identify(/home/px/arduino_ws/install) by extension 'ignore'
[0.543s] Level 1:colcon.colcon_core.package_identification:_identify(/home/px/arduino_ws/install) ignored
[0.544s] Level 1:colcon.colcon_core.package_identification:_identify(/home/px/arduino_ws/log) by extensions ['ignore', 'ignore_ament_install']
[0.544s] Level 1:colcon.colcon_core.package_identification:_identify(/home/px/arduino_ws/log) by extension 'ignore'
[0.544s] Level 1:colcon.colcon_core.package_identification:_identify(/home/px/arduino_ws/log) ignored
[0.544s] Level 1:colcon.colcon_core.package_identification:_identify(/home/px/arduino_ws/src) by extensions ['ignore', 'ignore_ament_install']
[0.544s] Level 1:colcon.colcon_core.package_identification:_identify(/home/px/arduino_ws/src) by extension 'ignore'
[0.544s] Level 1:colcon.colcon_core.package_identification:_identify(/home/px/arduino_ws/src) by extension 'ignore_ament_install'
[0.544s] Level 1:colcon.colcon_core.package_identification:_identify(/home/px/arduino_ws/src) by extensions ['colcon_pkg']
[0.545s] Level 1:colcon.colcon_core.package_identification:_identify(/home/px/arduino_ws/src) by extension 'colcon_pkg'
[0.545s] Level 1:colcon.colcon_core.package_identification:_identify(/home/px/arduino_ws/src) by extensions ['colcon_meta']
[0.545s] Level 1:colcon.colcon_core.package_identification:_identify(/home/px/arduino_ws/src) by extension 'colcon_meta'
[0.545s] Level 1:colcon.colcon_core.package_identification:_identify(/home/px/arduino_ws/src) by extensions ['ros']
[0.545s] Level 1:colcon.colcon_core.package_identification:_identify(/home/px/arduino_ws/src) by extension 'ros'
[0.545s] Level 1:colcon.colcon_core.package_identification:_identify(/home/px/arduino_ws/src) by extensions ['cmake', 'python']
[0.545s] Level 1:colcon.colcon_core.package_identification:_identify(/home/px/arduino_ws/src) by extension 'cmake'
[0.545s] Level 1:colcon.colcon_core.package_identification:_identify(/home/px/arduino_ws/src) by extension 'python'
[0.545s] Level 1:colcon.colcon_core.package_identification:_identify(/home/px/arduino_ws/src) by extensions ['python_setup_py']
[0.545s] Level 1:colcon.colcon_core.package_identification:_identify(/home/px/arduino_ws/src) by extension 'python_setup_py'
[0.545s] Level 1:colcon.colcon_core.package_identification:_identify(/home/px/arduino_ws/src/arduino_control) by extensions ['ignore', 'ignore_ament_install']
[0.545s] Level 1:colcon.colcon_core.package_identification:_identify(/home/px/arduino_ws/src/arduino_control) by extension 'ignore'
[0.546s] Level 1:colcon.colcon_core.package_identification:_identify(/home/px/arduino_ws/src/arduino_control) by extension 'ignore_ament_install'
[0.546s] Level 1:colcon.colcon_core.package_identification:_identify(/home/px/arduino_ws/src/arduino_control) by extensions ['colcon_pkg']
[0.546s] Level 1:colcon.colcon_core.package_identification:_identify(/home/px/arduino_ws/src/arduino_control) by extension 'colcon_pkg'
[0.546s] Level 1:colcon.colcon_core.package_identification:_identify(/home/px/arduino_ws/src/arduino_control) by extensions ['colcon_meta']
[0.546s] Level 1:colcon.colcon_core.package_identification:_identify(/home/px/arduino_ws/src/arduino_control) by extension 'colcon_meta'
[0.546s] Level 1:colcon.colcon_core.package_identification:_identify(/home/px/arduino_ws/src/arduino_control) by extensions ['ros']
[0.546s] Level 1:colcon.colcon_core.package_identification:_identify(/home/px/arduino_ws/src/arduino_control) by extension 'ros'
[0.568s] DEBUG:colcon.colcon_core.package_identification:Package '/home/px/arduino_ws/src/arduino_control' with type 'ros.ament_python' and name 'arduino_control'
[0.568s] Level 1:colcon.colcon_core.package_identification:_identify(/home/px/arduino_ws/src/my_robot_interfaces) by extensions ['ignore', 'ignore_ament_install']
[0.568s] Level 1:colcon.colcon_core.package_identification:_identify(/home/px/arduino_ws/src/my_robot_interfaces) by extension 'ignore'
[0.568s] Level 1:colcon.colcon_core.package_identification:_identify(/home/px/arduino_ws/src/my_robot_interfaces) by extension 'ignore_ament_install'
[0.568s] Level 1:colcon.colcon_core.package_identification:_identify(/home/px/arduino_ws/src/my_robot_interfaces) by extensions ['colcon_pkg']
[0.568s] Level 1:colcon.colcon_core.package_identification:_identify(/home/px/arduino_ws/src/my_robot_interfaces) by extension 'colcon_pkg'
[0.568s] Level 1:colcon.colcon_core.package_identification:_identify(/home/px/arduino_ws/src/my_robot_interfaces) by extensions ['colcon_meta']
[0.568s] Level 1:colcon.colcon_core.package_identification:_identify(/home/px/arduino_ws/src/my_robot_interfaces) by extension 'colcon_meta'
[0.569s] Level 1:colcon.colcon_core.package_identification:_identify(/home/px/arduino_ws/src/my_robot_interfaces) by extensions ['ros']
[0.569s] Level 1:colcon.colcon_core.package_identification:_identify(/home/px/arduino_ws/src/my_robot_interfaces) by extension 'ros'
[0.570s] DEBUG:colcon.colcon_core.package_identification:Package '/home/px/arduino_ws/src/my_robot_interfaces' with type 'ros.ament_cmake' and name 'my_robot_interfaces'
[0.570s] Level 1:colcon.colcon_core.package_identification:_identify(/home/px/arduino_ws/src/px_bot_description) by extensions ['ignore', 'ignore_ament_install']
[0.570s] Level 1:colcon.colcon_core.package_identification:_identify(/home/px/arduino_ws/src/px_bot_description) by extension 'ignore'
[0.570s] Level 1:colcon.colcon_core.package_identification:_identify(/home/px/arduino_ws/src/px_bot_description) by extension 'ignore_ament_install'
[0.570s] Level 1:colcon.colcon_core.package_identification:_identify(/home/px/arduino_ws/src/px_bot_description) by extensions ['colcon_pkg']
[0.570s] Level 1:colcon.colcon_core.package_identification:_identify(/home/px/arduino_ws/src/px_bot_description) by extension 'colcon_pkg'
[0.571s] Level 1:colcon.colcon_core.package_identification:_identify(/home/px/arduino_ws/src/px_bot_description) by extensions ['colcon_meta']
[0.571s] Level 1:colcon.colcon_core.package_identification:_identify(/home/px/arduino_ws/src/px_bot_description) by extension 'colcon_meta'
[0.571s] Level 1:colcon.colcon_core.package_identification:_identify(/home/px/arduino_ws/src/px_bot_description) by extensions ['ros']
[0.571s] Level 1:colcon.colcon_core.package_identification:_identify(/home/px/arduino_ws/src/px_bot_description) by extension 'ros'
[0.572s] DEBUG:colcon.colcon_core.package_identification:Package '/home/px/arduino_ws/src/px_bot_description' with type 'ros.ament_cmake' and name 'px_bot_description'
[0.572s] Level 1:colcon.colcon_core.package_discovery:discover_packages(recursive) using defaults
