[1.776s] Invoking command in '/home/px/arduino_ws/build/arduino_control': PYTHONPATH=/home/px/arduino_ws/build/arduino_control/prefix_override:/home/px/arduino_ws/install/arduino_control/lib/python3.10/site-packages:${PYTHONPATH} /usr/bin/python3 setup.py develop --editable --build-directory /home/px/arduino_ws/build/arduino_control/build --no-deps install_data
[2.273s] running develop
[2.620s] running egg_info
[2.621s] writing arduino_control.egg-info/PKG-INFO
[2.621s] writing dependency_links to arduino_control.egg-info/dependency_links.txt
[2.621s] writing entry points to arduino_control.egg-info/entry_points.txt
[2.621s] writing requirements to arduino_control.egg-info/requires.txt
[2.622s] writing top-level names to arduino_control.egg-info/top_level.txt
[2.624s] reading manifest file 'arduino_control.egg-info/SOURCES.txt'
[2.626s] writing manifest file 'arduino_control.egg-info/SOURCES.txt'
[2.628s] running build_ext
[2.628s] Creating /home/px/arduino_ws/install/arduino_control/lib/python3.10/site-packages/arduino-control.egg-link (link to .)
[2.629s] Installing autonomous_control script to /home/px/arduino_ws/install/arduino_control/lib/arduino_control
[2.629s] Installing find_obstacle script to /home/px/arduino_ws/install/arduino_control/lib/arduino_control
[2.630s] Installing joystick script to /home/px/arduino_ws/install/arduino_control/lib/arduino_control
[2.630s] Installing joystick_control script to /home/px/arduino_ws/install/arduino_control/lib/arduino_control
[2.630s] Installing lidar script to /home/px/arduino_ws/install/arduino_control/lib/arduino_control
[2.630s] Installing locomotion_control script to /home/px/arduino_ws/install/arduino_control/lib/arduino_control
[2.631s] Installing minimal_publisher script to /home/px/arduino_ws/install/arduino_control/lib/arduino_control
[2.631s] Installing obstacle_avoidance script to /home/px/arduino_ws/install/arduino_control/lib/arduino_control
[2.631s] Installing realsense script to /home/px/arduino_ws/install/arduino_control/lib/arduino_control
[2.632s] 
[2.632s] Installed /home/px/arduino_ws/build/arduino_control
[2.632s] running install_data
[2.682s] Invoked command in '/home/px/arduino_ws/build/arduino_control' returned '0': PYTHONPATH=/home/px/arduino_ws/build/arduino_control/prefix_override:/home/px/arduino_ws/install/arduino_control/lib/python3.10/site-packages:${PYTHONPATH} /usr/bin/python3 setup.py develop --editable --build-directory /home/px/arduino_ws/build/arduino_control/build --no-deps install_data
