[0.021s] Invoking command in '/home/px/arduino_ws/build/my_robot_interfaces': /usr/bin/cmake --build /home/px/arduino_ws/build/my_robot_interfaces -- -j8 -l8
[0.072s] -- Found ament_cmake: 1.3.8 (/opt/ros/humble/share/ament_cmake/cmake)
[0.307s] -- Override CMake install command with custom implementation using symlinks instead of copying resources
[0.318s] -- Found geometry_msgs: 4.2.3 (/opt/ros/humble/share/geometry_msgs/cmake)
[0.367s] -- Found rosidl_generator_c: 3.1.5 (/opt/ros/humble/share/rosidl_generator_c/cmake)
[0.371s] -- Found rosidl_adapter: 3.1.5 (/opt/ros/humble/share/rosidl_adapter/cmake)
[0.381s] -- Found rosidl_generator_cpp: 3.1.5 (/opt/ros/humble/share/rosidl_generator_cpp/cmake)
[0.399s] [31mCMake Error at /opt/ros/humble/share/rosidl_typesupport_c/cmake/get_used_typesupports.cmake:35 (message):
[0.399s]   No 'rosidl_typesupport_c' found
[0.399s] Call Stack (most recent call first):
[0.399s]   /opt/ros/humble/share/rosidl_typesupport_c/cmake/rosidl_typesupport_c-extras.cmake:8 (get_used_typesupports)
[0.400s]   /opt/ros/humble/share/rosidl_typesupport_c/cmake/rosidl_typesupport_cConfig.cmake:41 (include)
[0.400s]   /opt/ros/humble/share/builtin_interfaces/cmake/ament_cmake_export_dependencies-extras.cmake:21 (find_package)
[0.400s]   /opt/ros/humble/share/builtin_interfaces/cmake/builtin_interfacesConfig.cmake:41 (include)
[0.400s]   /opt/ros/humble/share/std_msgs/cmake/ament_cmake_export_dependencies-extras.cmake:21 (find_package)
[0.400s]   /opt/ros/humble/share/std_msgs/cmake/std_msgsConfig.cmake:41 (include)
[0.400s]   /opt/ros/humble/share/geometry_msgs/cmake/ament_cmake_export_dependencies-extras.cmake:21 (find_package)
[0.400s]   /opt/ros/humble/share/geometry_msgs/cmake/geometry_msgsConfig.cmake:41 (include)
[0.400s]   CMakeLists.txt:13 (find_package)
[0.400s] 
[0.400s] [0m
[0.400s] -- Configuring incomplete, errors occurred!
[0.401s] See also "/home/px/arduino_ws/build/my_robot_interfaces/CMakeFiles/CMakeOutput.log".
[0.405s] gmake: *** [Makefile:2691: cmake_check_build_system] Error 1
[0.408s] Invoked command in '/home/px/arduino_ws/build/my_robot_interfaces' returned '2': /usr/bin/cmake --build /home/px/arduino_ws/build/my_robot_interfaces -- -j8 -l8
