[1.267s] Invoking command in '/home/px/arduino_ws/build/arduino_control': CMAKE_PREFIX_PATH=/home/px/arduino_ws/install/my_robot_interfaces:/home/px/arduino_ws/install/px_bot_description:/home/px/ydlidar_ros2_ws/install/ydlidar_ros2_driver PYTHONPATH=/home/px/arduino_ws/build/arduino_control/prefix_override:/home/px/arduino_ws/install/arduino_control/lib/python3.10/site-packages:${PYTHONPATH} /usr/bin/python3 -W ignore:setup.py install is deprecated setup.py develop --editable --build-directory /home/px/arduino_ws/build/arduino_control/build --no-deps symlink_data
[1.815s] running develop
[2.186s] running egg_info
[2.186s] writing arduino_control.egg-info/PKG-INFO
[2.187s] writing dependency_links to arduino_control.egg-info/dependency_links.txt
[2.187s] writing entry points to arduino_control.egg-info/entry_points.txt
[2.187s] writing requirements to arduino_control.egg-info/requires.txt
[2.188s] writing top-level names to arduino_control.egg-info/top_level.txt
[2.191s] reading manifest file 'arduino_control.egg-info/SOURCES.txt'
[2.193s] writing manifest file 'arduino_control.egg-info/SOURCES.txt'
[2.195s] running build_ext
[2.196s] Creating /home/px/arduino_ws/install/arduino_control/lib/python3.10/site-packages/arduino-control.egg-link (link to .)
[2.197s] Installing autonomous_control script to /home/px/arduino_ws/install/arduino_control/lib/arduino_control
[2.197s] Installing fibonacci_action_server script to /home/px/arduino_ws/install/arduino_control/lib/arduino_control
[2.197s] Installing find_obstacle script to /home/px/arduino_ws/install/arduino_control/lib/arduino_control
[2.197s] Installing fruit_harvest script to /home/px/arduino_ws/install/arduino_control/lib/arduino_control
[2.198s] Installing imu script to /home/px/arduino_ws/install/arduino_control/lib/arduino_control
[2.198s] Installing joystick script to /home/px/arduino_ws/install/arduino_control/lib/arduino_control
[2.198s] Installing joystick_control script to /home/px/arduino_ws/install/arduino_control/lib/arduino_control
[2.198s] Installing lidar script to /home/px/arduino_ws/install/arduino_control/lib/arduino_control
[2.198s] Installing locomotion_control script to /home/px/arduino_ws/install/arduino_control/lib/arduino_control
[2.198s] Installing minimal_publisher script to /home/px/arduino_ws/install/arduino_control/lib/arduino_control
[2.198s] Installing obstacle_avoidance script to /home/px/arduino_ws/install/arduino_control/lib/arduino_control
[2.199s] Installing realsense script to /home/px/arduino_ws/install/arduino_control/lib/arduino_control
[2.199s] 
[2.199s] Installed /home/px/arduino_ws/build/arduino_control
[2.199s] running symlink_data
[2.251s] Invoked command in '/home/px/arduino_ws/build/arduino_control' returned '0': CMAKE_PREFIX_PATH=/home/px/arduino_ws/install/my_robot_interfaces:/home/px/arduino_ws/install/px_bot_description:/home/px/ydlidar_ros2_ws/install/ydlidar_ros2_driver PYTHONPATH=/home/px/arduino_ws/build/arduino_control/prefix_override:/home/px/arduino_ws/install/arduino_control/lib/python3.10/site-packages:${PYTHONPATH} /usr/bin/python3 -W ignore:setup.py install is deprecated setup.py develop --editable --build-directory /home/px/arduino_ws/build/arduino_control/build --no-deps symlink_data
