[0.236s] DEBUG:colcon:Command line arguments: ['/usr/bin/colcon', 'build', '--symlink-install']
[0.236s] DEBUG:colcon:Parsed command line arguments: Namespace(log_base=None, log_level=None, verb_name='build', build_base='build', install_base='install', merge_install=False, symlink_install=True, test_result_base=None, continue_on_error=False, executor='parallel', parallel_workers=8, event_handlers=None, ignore_user_meta=False, metas=['./colcon.meta'], base_paths=['.'], packages_ignore=None, packages_ignore_regex=None, paths=None, packages_up_to=None, packages_up_to_regex=None, packages_above=None, packages_above_and_dependencies=None, packages_above_depth=None, packages_select_by_dep=None, packages_skip_by_dep=None, packages_skip_up_to=None, packages_select_build_failed=False, packages_skip_build_finished=False, packages_select_test_failures=False, packages_skip_test_passed=False, packages_select=None, packages_skip=None, packages_select_regex=None, packages_skip_regex=None, packages_start=None, packages_end=None, allow_overriding=[], cmake_args=None, cmake_target=None, cmake_target_skip_unavailable=False, cmake_clean_cache=False, cmake_clean_first=False, cmake_force_configure=False, ament_cmake_args=None, catkin_cmake_args=None, catkin_skip_building_tests=False, mixin_files=None, mixin=None, verb_parser=<colcon_mixin.mixin.mixin_argument.MixinArgumentDecorator object at 0x7bc874864760>, verb_extension=<colcon_core.verb.build.BuildVerb object at 0x7bc874864250>, main=<bound method BuildVerb.main of <colcon_core.verb.build.BuildVerb object at 0x7bc874864250>>, mixin_verb=('build',))
[0.606s] Level 1:colcon.colcon_core.package_discovery:discover_packages(colcon_meta) check parameters
[0.606s] Level 1:colcon.colcon_core.package_discovery:discover_packages(recursive) check parameters
[0.606s] Level 1:colcon.colcon_core.package_discovery:discover_packages(ignore) check parameters
[0.606s] Level 1:colcon.colcon_core.package_discovery:discover_packages(path) check parameters
[0.606s] Level 1:colcon.colcon_core.package_discovery:discover_packages(colcon_meta) discover
[0.606s] Level 1:colcon.colcon_core.package_discovery:discover_packages(recursive) discover
[0.607s] INFO:colcon.colcon_core.package_discovery:Crawling recursively for packages in '/home/px/arduino_ws'
[0.607s] Level 1:colcon.colcon_core.package_identification:_identify(.) by extensions ['ignore', 'ignore_ament_install']
[0.607s] Level 1:colcon.colcon_core.package_identification:_identify(.) by extension 'ignore'
[0.607s] Level 1:colcon.colcon_core.package_identification:_identify(.) by extension 'ignore_ament_install'
[0.607s] Level 1:colcon.colcon_core.package_identification:_identify(.) by extensions ['colcon_pkg']
[0.607s] Level 1:colcon.colcon_core.package_identification:_identify(.) by extension 'colcon_pkg'
[0.607s] Level 1:colcon.colcon_core.package_identification:_identify(.) by extensions ['colcon_meta']
[0.607s] Level 1:colcon.colcon_core.package_identification:_identify(.) by extension 'colcon_meta'
[0.607s] Level 1:colcon.colcon_core.package_identification:_identify(.) by extensions ['ros']
[0.607s] Level 1:colcon.colcon_core.package_identification:_identify(.) by extension 'ros'
[0.658s] Level 1:colcon.colcon_core.package_identification:_identify(.) by extensions ['cmake', 'python']
[0.659s] Level 1:colcon.colcon_core.package_identification:_identify(.) by extension 'cmake'
[0.659s] Level 1:colcon.colcon_core.package_identification:_identify(.) by extension 'python'
[0.659s] Level 1:colcon.colcon_core.package_identification:_identify(.) by extensions ['python_setup_py']
[0.659s] Level 1:colcon.colcon_core.package_identification:_identify(.) by extension 'python_setup_py'
[0.659s] Level 1:colcon.colcon_core.package_identification:_identify(build) by extensions ['ignore', 'ignore_ament_install']
[0.659s] Level 1:colcon.colcon_core.package_identification:_identify(build) by extension 'ignore'
[0.659s] Level 1:colcon.colcon_core.package_identification:_identify(build) ignored
[0.659s] Level 1:colcon.colcon_core.package_identification:_identify(install) by extensions ['ignore', 'ignore_ament_install']
[0.659s] Level 1:colcon.colcon_core.package_identification:_identify(install) by extension 'ignore'
[0.660s] Level 1:colcon.colcon_core.package_identification:_identify(install) ignored
[0.660s] Level 1:colcon.colcon_core.package_identification:_identify(log) by extensions ['ignore', 'ignore_ament_install']
[0.660s] Level 1:colcon.colcon_core.package_identification:_identify(log) by extension 'ignore'
[0.660s] Level 1:colcon.colcon_core.package_identification:_identify(log) ignored
[0.660s] Level 1:colcon.colcon_core.package_identification:_identify(src) by extensions ['ignore', 'ignore_ament_install']
[0.660s] Level 1:colcon.colcon_core.package_identification:_identify(src) by extension 'ignore'
[0.660s] Level 1:colcon.colcon_core.package_identification:_identify(src) by extension 'ignore_ament_install'
[0.660s] Level 1:colcon.colcon_core.package_identification:_identify(src) by extensions ['colcon_pkg']
[0.660s] Level 1:colcon.colcon_core.package_identification:_identify(src) by extension 'colcon_pkg'
[0.660s] Level 1:colcon.colcon_core.package_identification:_identify(src) by extensions ['colcon_meta']
[0.660s] Level 1:colcon.colcon_core.package_identification:_identify(src) by extension 'colcon_meta'
[0.660s] Level 1:colcon.colcon_core.package_identification:_identify(src) by extensions ['ros']
[0.660s] Level 1:colcon.colcon_core.package_identification:_identify(src) by extension 'ros'
[0.661s] Level 1:colcon.colcon_core.package_identification:_identify(src) by extensions ['cmake', 'python']
[0.661s] Level 1:colcon.colcon_core.package_identification:_identify(src) by extension 'cmake'
[0.661s] Level 1:colcon.colcon_core.package_identification:_identify(src) by extension 'python'
[0.661s] Level 1:colcon.colcon_core.package_identification:_identify(src) by extensions ['python_setup_py']
[0.661s] Level 1:colcon.colcon_core.package_identification:_identify(src) by extension 'python_setup_py'
[0.661s] Level 1:colcon.colcon_core.package_identification:_identify(src/arduino_control) by extensions ['ignore', 'ignore_ament_install']
[0.661s] Level 1:colcon.colcon_core.package_identification:_identify(src/arduino_control) by extension 'ignore'
[0.661s] Level 1:colcon.colcon_core.package_identification:_identify(src/arduino_control) by extension 'ignore_ament_install'
[0.661s] Level 1:colcon.colcon_core.package_identification:_identify(src/arduino_control) by extensions ['colcon_pkg']
[0.661s] Level 1:colcon.colcon_core.package_identification:_identify(src/arduino_control) by extension 'colcon_pkg'
[0.661s] Level 1:colcon.colcon_core.package_identification:_identify(src/arduino_control) by extensions ['colcon_meta']
[0.661s] Level 1:colcon.colcon_core.package_identification:_identify(src/arduino_control) by extension 'colcon_meta'
[0.661s] Level 1:colcon.colcon_core.package_identification:_identify(src/arduino_control) by extensions ['ros']
[0.661s] Level 1:colcon.colcon_core.package_identification:_identify(src/arduino_control) by extension 'ros'
[0.665s] DEBUG:colcon.colcon_core.package_identification:Package 'src/arduino_control' with type 'ros.ament_python' and name 'arduino_control'
[0.665s] Level 1:colcon.colcon_core.package_identification:_identify(src/my_robot_interfaces) by extensions ['ignore', 'ignore_ament_install']
[0.665s] Level 1:colcon.colcon_core.package_identification:_identify(src/my_robot_interfaces) by extension 'ignore'
[0.665s] Level 1:colcon.colcon_core.package_identification:_identify(src/my_robot_interfaces) by extension 'ignore_ament_install'
[0.666s] Level 1:colcon.colcon_core.package_identification:_identify(src/my_robot_interfaces) by extensions ['colcon_pkg']
[0.666s] Level 1:colcon.colcon_core.package_identification:_identify(src/my_robot_interfaces) by extension 'colcon_pkg'
[0.666s] Level 1:colcon.colcon_core.package_identification:_identify(src/my_robot_interfaces) by extensions ['colcon_meta']
[0.666s] Level 1:colcon.colcon_core.package_identification:_identify(src/my_robot_interfaces) by extension 'colcon_meta'
[0.666s] Level 1:colcon.colcon_core.package_identification:_identify(src/my_robot_interfaces) by extensions ['ros']
[0.666s] Level 1:colcon.colcon_core.package_identification:_identify(src/my_robot_interfaces) by extension 'ros'
[0.667s] DEBUG:colcon.colcon_core.package_identification:Package 'src/my_robot_interfaces' with type 'ros.ament_cmake' and name 'my_robot_interfaces'
[0.667s] Level 1:colcon.colcon_core.package_identification:_identify(src/px_bot_description) by extensions ['ignore', 'ignore_ament_install']
[0.667s] Level 1:colcon.colcon_core.package_identification:_identify(src/px_bot_description) by extension 'ignore'
[0.667s] Level 1:colcon.colcon_core.package_identification:_identify(src/px_bot_description) by extension 'ignore_ament_install'
[0.667s] Level 1:colcon.colcon_core.package_identification:_identify(src/px_bot_description) by extensions ['colcon_pkg']
[0.667s] Level 1:colcon.colcon_core.package_identification:_identify(src/px_bot_description) by extension 'colcon_pkg'
[0.667s] Level 1:colcon.colcon_core.package_identification:_identify(src/px_bot_description) by extensions ['colcon_meta']
[0.667s] Level 1:colcon.colcon_core.package_identification:_identify(src/px_bot_description) by extension 'colcon_meta'
[0.667s] Level 1:colcon.colcon_core.package_identification:_identify(src/px_bot_description) by extensions ['ros']
[0.668s] Level 1:colcon.colcon_core.package_identification:_identify(src/px_bot_description) by extension 'ros'
[0.668s] DEBUG:colcon.colcon_core.package_identification:Package 'src/px_bot_description' with type 'ros.ament_cmake' and name 'px_bot_description'
[0.668s] Level 1:colcon.colcon_core.package_identification:_identify(src/simulation) by extensions ['ignore', 'ignore_ament_install']
[0.668s] Level 1:colcon.colcon_core.package_identification:_identify(src/simulation) by extension 'ignore'
[0.669s] Level 1:colcon.colcon_core.package_identification:_identify(src/simulation) by extension 'ignore_ament_install'
[0.669s] Level 1:colcon.colcon_core.package_identification:_identify(src/simulation) by extensions ['colcon_pkg']
[0.669s] Level 1:colcon.colcon_core.package_identification:_identify(src/simulation) by extension 'colcon_pkg'
[0.669s] Level 1:colcon.colcon_core.package_identification:_identify(src/simulation) by extensions ['colcon_meta']
[0.669s] Level 1:colcon.colcon_core.package_identification:_identify(src/simulation) by extension 'colcon_meta'
[0.669s] Level 1:colcon.colcon_core.package_identification:_identify(src/simulation) by extensions ['ros']
[0.669s] Level 1:colcon.colcon_core.package_identification:_identify(src/simulation) by extension 'ros'
[0.670s] DEBUG:colcon.colcon_core.package_identification:Package 'src/simulation' with type 'ros.ament_python' and name 'simulation'
[0.670s] Level 1:colcon.colcon_core.package_discovery:discover_packages(recursive) using defaults
[0.670s] Level 1:colcon.colcon_core.package_discovery:discover_packages(ignore) discover
[0.670s] Level 1:colcon.colcon_core.package_discovery:discover_packages(ignore) using defaults
[0.670s] Level 1:colcon.colcon_core.package_discovery:discover_packages(path) discover
[0.670s] Level 1:colcon.colcon_core.package_discovery:discover_packages(path) using defaults
[0.704s] Level 1:colcon.colcon_core.package_discovery:discover_packages(prefix_path) check parameters
[0.704s] Level 1:colcon.colcon_core.package_discovery:discover_packages(prefix_path) discover
[0.728s] DEBUG:colcon.colcon_installed_package_information.package_discovery:Found 1 installed packages in /home/px/ydlidar_ros2_ws/install
[0.728s] DEBUG:colcon.colcon_installed_package_information.package_discovery:Found 4 installed packages in /home/px/arduino_ws/install
[0.731s] DEBUG:colcon.colcon_installed_package_information.package_discovery:Found 409 installed packages in /opt/ros/humble
[0.735s] Level 1:colcon.colcon_core.package_discovery:discover_packages(prefix_path) using defaults
[0.894s] Level 5:colcon.colcon_core.verb:set package 'my_robot_interfaces' build argument 'cmake_args' from command line to 'None'
[0.894s] Level 5:colcon.colcon_core.verb:set package 'my_robot_interfaces' build argument 'cmake_target' from command line to 'None'
[0.894s] Level 5:colcon.colcon_core.verb:set package 'my_robot_interfaces' build argument 'cmake_target_skip_unavailable' from command line to 'False'
[0.894s] Level 5:colcon.colcon_core.verb:set package 'my_robot_interfaces' build argument 'cmake_clean_cache' from command line to 'False'
[0.894s] Level 5:colcon.colcon_core.verb:set package 'my_robot_interfaces' build argument 'cmake_clean_first' from command line to 'False'
[0.894s] Level 5:colcon.colcon_core.verb:set package 'my_robot_interfaces' build argument 'cmake_force_configure' from command line to 'False'
[0.894s] Level 5:colcon.colcon_core.verb:set package 'my_robot_interfaces' build argument 'ament_cmake_args' from command line to 'None'
[0.895s] Level 5:colcon.colcon_core.verb:set package 'my_robot_interfaces' build argument 'catkin_cmake_args' from command line to 'None'
[0.895s] Level 5:colcon.colcon_core.verb:set package 'my_robot_interfaces' build argument 'catkin_skip_building_tests' from command line to 'False'
[0.895s] DEBUG:colcon.colcon_core.verb:Building package 'my_robot_interfaces' with the following arguments: {'ament_cmake_args': None, 'build_base': '/home/px/arduino_ws/build/my_robot_interfaces', 'catkin_cmake_args': None, 'catkin_skip_building_tests': False, 'cmake_args': None, 'cmake_clean_cache': False, 'cmake_clean_first': False, 'cmake_force_configure': False, 'cmake_target': None, 'cmake_target_skip_unavailable': False, 'install_base': '/home/px/arduino_ws/install/my_robot_interfaces', 'merge_install': False, 'path': '/home/px/arduino_ws/src/my_robot_interfaces', 'symlink_install': True, 'test_result_base': None}
[0.895s] Level 5:colcon.colcon_core.verb:set package 'px_bot_description' build argument 'cmake_args' from command line to 'None'
[0.895s] Level 5:colcon.colcon_core.verb:set package 'px_bot_description' build argument 'cmake_target' from command line to 'None'
[0.895s] Level 5:colcon.colcon_core.verb:set package 'px_bot_description' build argument 'cmake_target_skip_unavailable' from command line to 'False'
[0.895s] Level 5:colcon.colcon_core.verb:set package 'px_bot_description' build argument 'cmake_clean_cache' from command line to 'False'
[0.895s] Level 5:colcon.colcon_core.verb:set package 'px_bot_description' build argument 'cmake_clean_first' from command line to 'False'
[0.895s] Level 5:colcon.colcon_core.verb:set package 'px_bot_description' build argument 'cmake_force_configure' from command line to 'False'
[0.895s] Level 5:colcon.colcon_core.verb:set package 'px_bot_description' build argument 'ament_cmake_args' from command line to 'None'
[0.895s] Level 5:colcon.colcon_core.verb:set package 'px_bot_description' build argument 'catkin_cmake_args' from command line to 'None'
[0.895s] Level 5:colcon.colcon_core.verb:set package 'px_bot_description' build argument 'catkin_skip_building_tests' from command line to 'False'
[0.895s] DEBUG:colcon.colcon_core.verb:Building package 'px_bot_description' with the following arguments: {'ament_cmake_args': None, 'build_base': '/home/px/arduino_ws/build/px_bot_description', 'catkin_cmake_args': None, 'catkin_skip_building_tests': False, 'cmake_args': None, 'cmake_clean_cache': False, 'cmake_clean_first': False, 'cmake_force_configure': False, 'cmake_target': None, 'cmake_target_skip_unavailable': False, 'install_base': '/home/px/arduino_ws/install/px_bot_description', 'merge_install': False, 'path': '/home/px/arduino_ws/src/px_bot_description', 'symlink_install': True, 'test_result_base': None}
[0.896s] Level 5:colcon.colcon_core.verb:set package 'simulation' build argument 'cmake_args' from command line to 'None'
[0.896s] Level 5:colcon.colcon_core.verb:set package 'simulation' build argument 'cmake_target' from command line to 'None'
[0.896s] Level 5:colcon.colcon_core.verb:set package 'simulation' build argument 'cmake_target_skip_unavailable' from command line to 'False'
[0.896s] Level 5:colcon.colcon_core.verb:set package 'simulation' build argument 'cmake_clean_cache' from command line to 'False'
[0.896s] Level 5:colcon.colcon_core.verb:set package 'simulation' build argument 'cmake_clean_first' from command line to 'False'
[0.896s] Level 5:colcon.colcon_core.verb:set package 'simulation' build argument 'cmake_force_configure' from command line to 'False'
[0.896s] Level 5:colcon.colcon_core.verb:set package 'simulation' build argument 'ament_cmake_args' from command line to 'None'
[0.896s] Level 5:colcon.colcon_core.verb:set package 'simulation' build argument 'catkin_cmake_args' from command line to 'None'
[0.896s] Level 5:colcon.colcon_core.verb:set package 'simulation' build argument 'catkin_skip_building_tests' from command line to 'False'
[0.896s] DEBUG:colcon.colcon_core.verb:Building package 'simulation' with the following arguments: {'ament_cmake_args': None, 'build_base': '/home/px/arduino_ws/build/simulation', 'catkin_cmake_args': None, 'catkin_skip_building_tests': False, 'cmake_args': None, 'cmake_clean_cache': False, 'cmake_clean_first': False, 'cmake_force_configure': False, 'cmake_target': None, 'cmake_target_skip_unavailable': False, 'install_base': '/home/px/arduino_ws/install/simulation', 'merge_install': False, 'path': '/home/px/arduino_ws/src/simulation', 'symlink_install': True, 'test_result_base': None}
[0.897s] Level 5:colcon.colcon_core.verb:set package 'arduino_control' build argument 'cmake_args' from command line to 'None'
[0.897s] Level 5:colcon.colcon_core.verb:set package 'arduino_control' build argument 'cmake_target' from command line to 'None'
[0.897s] Level 5:colcon.colcon_core.verb:set package 'arduino_control' build argument 'cmake_target_skip_unavailable' from command line to 'False'
[0.897s] Level 5:colcon.colcon_core.verb:set package 'arduino_control' build argument 'cmake_clean_cache' from command line to 'False'
[0.897s] Level 5:colcon.colcon_core.verb:set package 'arduino_control' build argument 'cmake_clean_first' from command line to 'False'
[0.897s] Level 5:colcon.colcon_core.verb:set package 'arduino_control' build argument 'cmake_force_configure' from command line to 'False'
[0.897s] Level 5:colcon.colcon_core.verb:set package 'arduino_control' build argument 'ament_cmake_args' from command line to 'None'
[0.897s] Level 5:colcon.colcon_core.verb:set package 'arduino_control' build argument 'catkin_cmake_args' from command line to 'None'
[0.897s] Level 5:colcon.colcon_core.verb:set package 'arduino_control' build argument 'catkin_skip_building_tests' from command line to 'False'
[0.897s] DEBUG:colcon.colcon_core.verb:Building package 'arduino_control' with the following arguments: {'ament_cmake_args': None, 'build_base': '/home/px/arduino_ws/build/arduino_control', 'catkin_cmake_args': None, 'catkin_skip_building_tests': False, 'cmake_args': None, 'cmake_clean_cache': False, 'cmake_clean_first': False, 'cmake_force_configure': False, 'cmake_target': None, 'cmake_target_skip_unavailable': False, 'install_base': '/home/px/arduino_ws/install/arduino_control', 'merge_install': False, 'path': '/home/px/arduino_ws/src/arduino_control', 'symlink_install': True, 'test_result_base': None}
[0.897s] INFO:colcon.colcon_core.executor:Executing jobs using 'parallel' executor
[0.934s] DEBUG:colcon.colcon_parallel_executor.executor.parallel:run_until_complete
[0.934s] INFO:colcon.colcon_ros.task.ament_cmake.build:Building ROS package in '/home/px/arduino_ws/src/my_robot_interfaces' with build type 'ament_cmake'
[0.934s] INFO:colcon.colcon_cmake.task.cmake.build:Building CMake package in '/home/px/arduino_ws/src/my_robot_interfaces'
[0.938s] INFO:colcon.colcon_core.plugin_system:Skipping extension 'colcon_core.shell.bat': Not used on non-Windows systems
[0.938s] INFO:colcon.colcon_core.shell:Skip shell extension 'powershell' for command environment: Not usable outside of PowerShell
[0.938s] DEBUG:colcon.colcon_core.shell:Skip shell extension 'dsv' for command environment
[0.962s] INFO:colcon.colcon_ros.task.ament_cmake.build:Building ROS package in '/home/px/arduino_ws/src/px_bot_description' with build type 'ament_cmake'
[0.962s] INFO:colcon.colcon_cmake.task.cmake.build:Building CMake package in '/home/px/arduino_ws/src/px_bot_description'
[0.963s] INFO:colcon.colcon_core.shell:Skip shell extension 'powershell' for command environment: Not usable outside of PowerShell
[0.963s] DEBUG:colcon.colcon_core.shell:Skip shell extension 'dsv' for command environment
[0.995s] INFO:colcon.colcon_ros.task.ament_python.build:Building ROS package in '/home/px/arduino_ws/src/simulation' with build type 'ament_python'
[0.996s] Level 1:colcon.colcon_core.shell:create_environment_hook('simulation', 'ament_prefix_path')
[0.997s] INFO:colcon.colcon_core.shell:Creating environment hook '/home/px/arduino_ws/install/simulation/share/simulation/hook/ament_prefix_path.ps1'
[0.998s] INFO:colcon.colcon_core.shell:Creating environment descriptor '/home/px/arduino_ws/install/simulation/share/simulation/hook/ament_prefix_path.dsv'
[1.001s] INFO:colcon.colcon_core.shell:Creating environment hook '/home/px/arduino_ws/install/simulation/share/simulation/hook/ament_prefix_path.sh'
[1.006s] INFO:colcon.colcon_core.shell:Skip shell extension 'powershell' for command environment: Not usable outside of PowerShell
[1.006s] DEBUG:colcon.colcon_core.shell:Skip shell extension 'dsv' for command environment
[1.030s] DEBUG:colcon.colcon_core.event_handler.log_command:Invoking command in '/home/px/arduino_ws/build/my_robot_interfaces': CMAKE_PREFIX_PATH=${CMAKE_PREFIX_PATH}:/home/px/arduino_ws/install/simulation:/home/px/arduino_ws/install/arduino_control:/opt/ros/humble /usr/bin/cmake --build /home/px/arduino_ws/build/my_robot_interfaces -- -j8 -l8
[1.096s] DEBUG:colcon.colcon_core.event_handler.log_command:Invoking command in '/home/px/arduino_ws/build/px_bot_description': CMAKE_PREFIX_PATH=${CMAKE_PREFIX_PATH}:/home/px/arduino_ws/install/simulation:/home/px/arduino_ws/install/arduino_control:/opt/ros/humble /usr/bin/cmake --build /home/px/arduino_ws/build/px_bot_description -- -j8 -l8
[1.685s] INFO:colcon.colcon_core.task.python.build:Building Python package in '/home/px/arduino_ws/src/simulation'
[1.686s] INFO:colcon.colcon_core.shell:Skip shell extension 'powershell' for command environment: Not usable outside of PowerShell
[1.686s] DEBUG:colcon.colcon_core.shell:Skip shell extension 'dsv' for command environment
[1.708s] DEBUG:colcon.colcon_core.event_handler.log_command:Invoked command in '/home/px/arduino_ws/build/px_bot_description' returned '0': CMAKE_PREFIX_PATH=${CMAKE_PREFIX_PATH}:/home/px/arduino_ws/install/simulation:/home/px/arduino_ws/install/arduino_control:/opt/ros/humble /usr/bin/cmake --build /home/px/arduino_ws/build/px_bot_description -- -j8 -l8
[1.784s] DEBUG:colcon.colcon_core.event_handler.log_command:Invoking command in '/home/px/arduino_ws/build/px_bot_description': CMAKE_PREFIX_PATH=${CMAKE_PREFIX_PATH}:/home/px/arduino_ws/install/simulation:/home/px/arduino_ws/install/arduino_control:/opt/ros/humble /usr/bin/cmake --install /home/px/arduino_ws/build/px_bot_description
[1.875s] Level 1:colcon.colcon_core.environment:create_environment_scripts_only(px_bot_description)
[1.877s] DEBUG:colcon.colcon_core.event_handler.log_command:Invoked command in '/home/px/arduino_ws/build/px_bot_description' returned '0': CMAKE_PREFIX_PATH=${CMAKE_PREFIX_PATH}:/home/px/arduino_ws/install/simulation:/home/px/arduino_ws/install/arduino_control:/opt/ros/humble /usr/bin/cmake --install /home/px/arduino_ws/build/px_bot_description
[1.881s] Level 1:colcon.colcon_core.environment:checking '/home/px/arduino_ws/install/px_bot_description' for CMake module files
[1.882s] Level 1:colcon.colcon_core.environment:checking '/home/px/arduino_ws/install/px_bot_description' for CMake config files
[1.883s] Level 1:colcon.colcon_core.shell:create_environment_hook('px_bot_description', 'cmake_prefix_path')
[1.883s] INFO:colcon.colcon_core.shell:Creating environment hook '/home/px/arduino_ws/install/px_bot_description/share/px_bot_description/hook/cmake_prefix_path.ps1'
[1.883s] INFO:colcon.colcon_core.shell:Creating environment descriptor '/home/px/arduino_ws/install/px_bot_description/share/px_bot_description/hook/cmake_prefix_path.dsv'
[1.884s] INFO:colcon.colcon_core.shell:Creating environment hook '/home/px/arduino_ws/install/px_bot_description/share/px_bot_description/hook/cmake_prefix_path.sh'
[1.885s] Level 1:colcon.colcon_core.environment:checking '/home/px/arduino_ws/install/px_bot_description/bin'
[1.885s] Level 1:colcon.colcon_core.environment:checking '/home/px/arduino_ws/install/px_bot_description/lib/pkgconfig/px_bot_description.pc'
[1.885s] Level 1:colcon.colcon_core.environment:checking '/home/px/arduino_ws/install/px_bot_description/lib/python3.10/site-packages'
[1.886s] Level 1:colcon.colcon_core.environment:checking '/home/px/arduino_ws/install/px_bot_description/bin'
[1.886s] INFO:colcon.colcon_core.shell:Creating package script '/home/px/arduino_ws/install/px_bot_description/share/px_bot_description/package.ps1'
[1.892s] INFO:colcon.colcon_core.shell:Creating package descriptor '/home/px/arduino_ws/install/px_bot_description/share/px_bot_description/package.dsv'
[1.893s] INFO:colcon.colcon_core.shell:Creating package script '/home/px/arduino_ws/install/px_bot_description/share/px_bot_description/package.sh'
[1.894s] INFO:colcon.colcon_core.shell:Creating package script '/home/px/arduino_ws/install/px_bot_description/share/px_bot_description/package.bash'
[1.896s] INFO:colcon.colcon_core.shell:Creating package script '/home/px/arduino_ws/install/px_bot_description/share/px_bot_description/package.zsh'
[1.898s] Level 1:colcon.colcon_core.environment:create_file_with_runtime_dependencies(/home/px/arduino_ws/install/px_bot_description/share/colcon-core/packages/px_bot_description)
[2.017s] Level 1:colcon.colcon_core.environment:create_environment_scripts_only(px_bot_description)
[2.017s] Level 1:colcon.colcon_core.environment:checking '/home/px/arduino_ws/install/px_bot_description' for CMake module files
[2.018s] Level 1:colcon.colcon_core.environment:checking '/home/px/arduino_ws/install/px_bot_description' for CMake config files
[2.018s] Level 1:colcon.colcon_core.shell:create_environment_hook('px_bot_description', 'cmake_prefix_path')
[2.019s] INFO:colcon.colcon_core.shell:Creating environment hook '/home/px/arduino_ws/install/px_bot_description/share/px_bot_description/hook/cmake_prefix_path.ps1'
[2.019s] INFO:colcon.colcon_core.shell:Creating environment descriptor '/home/px/arduino_ws/install/px_bot_description/share/px_bot_description/hook/cmake_prefix_path.dsv'
[2.020s] INFO:colcon.colcon_core.shell:Creating environment hook '/home/px/arduino_ws/install/px_bot_description/share/px_bot_description/hook/cmake_prefix_path.sh'
[2.020s] Level 1:colcon.colcon_core.environment:checking '/home/px/arduino_ws/install/px_bot_description/bin'
[2.021s] Level 1:colcon.colcon_core.environment:checking '/home/px/arduino_ws/install/px_bot_description/lib/pkgconfig/px_bot_description.pc'
[2.021s] Level 1:colcon.colcon_core.environment:checking '/home/px/arduino_ws/install/px_bot_description/lib/python3.10/site-packages'
[2.021s] Level 1:colcon.colcon_core.environment:checking '/home/px/arduino_ws/install/px_bot_description/bin'
[2.022s] INFO:colcon.colcon_core.shell:Creating package script '/home/px/arduino_ws/install/px_bot_description/share/px_bot_description/package.ps1'
[2.022s] INFO:colcon.colcon_core.shell:Creating package descriptor '/home/px/arduino_ws/install/px_bot_description/share/px_bot_description/package.dsv'
[2.023s] INFO:colcon.colcon_core.shell:Creating package script '/home/px/arduino_ws/install/px_bot_description/share/px_bot_description/package.sh'
[2.024s] INFO:colcon.colcon_core.shell:Creating package script '/home/px/arduino_ws/install/px_bot_description/share/px_bot_description/package.bash'
[2.024s] INFO:colcon.colcon_core.shell:Creating package script '/home/px/arduino_ws/install/px_bot_description/share/px_bot_description/package.zsh'
[2.025s] Level 1:colcon.colcon_core.environment:create_file_with_runtime_dependencies(/home/px/arduino_ws/install/px_bot_description/share/colcon-core/packages/px_bot_description)
[2.817s] DEBUG:colcon.colcon_core.event_handler.log_command:Invoking command in '/home/px/arduino_ws/build/simulation': PYTHONPATH=/home/px/arduino_ws/build/simulation/prefix_override:/home/px/arduino_ws/install/simulation/lib/python3.10/site-packages:${PYTHONPATH} /usr/bin/python3 -W ignore:setup.py install is deprecated setup.py develop --editable --build-directory /home/px/arduino_ws/build/simulation/build --no-deps symlink_data
[3.861s] DEBUG:colcon.colcon_core.event_handler.log_command:Invoked command in '/home/px/arduino_ws/build/my_robot_interfaces' returned '0': CMAKE_PREFIX_PATH=${CMAKE_PREFIX_PATH}:/home/px/arduino_ws/install/simulation:/home/px/arduino_ws/install/arduino_control:/opt/ros/humble /usr/bin/cmake --build /home/px/arduino_ws/build/my_robot_interfaces -- -j8 -l8
[3.897s] Level 1:colcon.colcon_core.shell:create_environment_hook('simulation', 'pythonpath_develop')
[3.898s] INFO:colcon.colcon_core.shell:Creating environment hook '/home/px/arduino_ws/build/simulation/share/simulation/hook/pythonpath_develop.ps1'
[3.899s] DEBUG:colcon.colcon_core.event_handler.log_command:Invoked command in '/home/px/arduino_ws/build/simulation' returned '0': PYTHONPATH=/home/px/arduino_ws/build/simulation/prefix_override:/home/px/arduino_ws/install/simulation/lib/python3.10/site-packages:${PYTHONPATH} /usr/bin/python3 -W ignore:setup.py install is deprecated setup.py develop --editable --build-directory /home/px/arduino_ws/build/simulation/build --no-deps symlink_data
[3.900s] INFO:colcon.colcon_core.shell:Creating environment descriptor '/home/px/arduino_ws/build/simulation/share/simulation/hook/pythonpath_develop.dsv'
[3.900s] INFO:colcon.colcon_core.shell:Creating environment hook '/home/px/arduino_ws/build/simulation/share/simulation/hook/pythonpath_develop.sh'
[3.901s] Level 1:colcon.colcon_core.environment:checking '/home/px/arduino_ws/install/simulation' for CMake module files
[3.902s] Level 1:colcon.colcon_core.environment:checking '/home/px/arduino_ws/install/simulation' for CMake config files
[3.903s] Level 1:colcon.colcon_core.environment:checking '/home/px/arduino_ws/install/simulation/lib'
[3.903s] Level 1:colcon.colcon_core.environment:checking '/home/px/arduino_ws/install/simulation/bin'
[3.903s] Level 1:colcon.colcon_core.environment:checking '/home/px/arduino_ws/install/simulation/lib/pkgconfig/simulation.pc'
[3.903s] Level 1:colcon.colcon_core.environment:checking '/home/px/arduino_ws/install/simulation/lib/python3.10/site-packages'
[3.904s] Level 1:colcon.colcon_core.shell:create_environment_hook('simulation', 'pythonpath')
[3.904s] INFO:colcon.colcon_core.shell:Creating environment hook '/home/px/arduino_ws/install/simulation/share/simulation/hook/pythonpath.ps1'
[3.904s] INFO:colcon.colcon_core.shell:Creating environment descriptor '/home/px/arduino_ws/install/simulation/share/simulation/hook/pythonpath.dsv'
[3.905s] INFO:colcon.colcon_core.shell:Creating environment hook '/home/px/arduino_ws/install/simulation/share/simulation/hook/pythonpath.sh'
[3.905s] Level 1:colcon.colcon_core.environment:checking '/home/px/arduino_ws/install/simulation/bin'
[3.906s] Level 1:colcon.colcon_core.environment:create_environment_scripts_only(simulation)
[3.906s] INFO:colcon.colcon_core.shell:Creating package script '/home/px/arduino_ws/install/simulation/share/simulation/package.ps1'
[3.912s] INFO:colcon.colcon_core.shell:Creating package descriptor '/home/px/arduino_ws/install/simulation/share/simulation/package.dsv'
[3.914s] INFO:colcon.colcon_core.shell:Creating package script '/home/px/arduino_ws/install/simulation/share/simulation/package.sh'
[3.915s] INFO:colcon.colcon_core.shell:Creating package script '/home/px/arduino_ws/install/simulation/share/simulation/package.bash'
[3.915s] INFO:colcon.colcon_core.shell:Creating package script '/home/px/arduino_ws/install/simulation/share/simulation/package.zsh'
[3.916s] Level 1:colcon.colcon_core.environment:create_file_with_runtime_dependencies(/home/px/arduino_ws/install/simulation/share/colcon-core/packages/simulation)
[5.220s] DEBUG:colcon.colcon_core.event_handler.log_command:Invoking command in '/home/px/arduino_ws/build/my_robot_interfaces': CMAKE_PREFIX_PATH=${CMAKE_PREFIX_PATH}:/home/px/arduino_ws/install/simulation:/home/px/arduino_ws/install/arduino_control:/opt/ros/humble /usr/bin/cmake --install /home/px/arduino_ws/build/my_robot_interfaces
[5.572s] Level 1:colcon.colcon_core.environment:create_environment_scripts_only(my_robot_interfaces)
[5.572s] Level 1:colcon.colcon_core.environment:checking '/home/px/arduino_ws/install/my_robot_interfaces' for CMake module files
[5.573s] Level 1:colcon.colcon_core.environment:checking '/home/px/arduino_ws/install/my_robot_interfaces' for CMake config files
[5.574s] Level 1:colcon.colcon_core.shell:create_environment_hook('my_robot_interfaces', 'cmake_prefix_path')
[5.575s] INFO:colcon.colcon_core.shell:Creating environment hook '/home/px/arduino_ws/install/my_robot_interfaces/share/my_robot_interfaces/hook/cmake_prefix_path.ps1'
[5.576s] INFO:colcon.colcon_core.shell:Creating environment descriptor '/home/px/arduino_ws/install/my_robot_interfaces/share/my_robot_interfaces/hook/cmake_prefix_path.dsv'
[5.576s] INFO:colcon.colcon_core.shell:Creating environment hook '/home/px/arduino_ws/install/my_robot_interfaces/share/my_robot_interfaces/hook/cmake_prefix_path.sh'
[5.577s] Level 1:colcon.colcon_core.environment:checking '/home/px/arduino_ws/install/my_robot_interfaces/lib'
[5.577s] Level 1:colcon.colcon_core.shell:create_environment_hook('my_robot_interfaces', 'ld_library_path_lib')
[5.578s] INFO:colcon.colcon_core.shell:Creating environment hook '/home/px/arduino_ws/install/my_robot_interfaces/share/my_robot_interfaces/hook/ld_library_path_lib.ps1'
[5.578s] DEBUG:colcon.colcon_core.event_handler.log_command:Invoked command in '/home/px/arduino_ws/build/my_robot_interfaces' returned '0': CMAKE_PREFIX_PATH=${CMAKE_PREFIX_PATH}:/home/px/arduino_ws/install/simulation:/home/px/arduino_ws/install/arduino_control:/opt/ros/humble /usr/bin/cmake --install /home/px/arduino_ws/build/my_robot_interfaces
[5.579s] INFO:colcon.colcon_core.shell:Creating environment descriptor '/home/px/arduino_ws/install/my_robot_interfaces/share/my_robot_interfaces/hook/ld_library_path_lib.dsv'
[5.580s] INFO:colcon.colcon_core.shell:Creating environment hook '/home/px/arduino_ws/install/my_robot_interfaces/share/my_robot_interfaces/hook/ld_library_path_lib.sh'
[5.580s] Level 1:colcon.colcon_core.environment:checking '/home/px/arduino_ws/install/my_robot_interfaces/bin'
[5.580s] Level 1:colcon.colcon_core.environment:checking '/home/px/arduino_ws/install/my_robot_interfaces/lib/pkgconfig/my_robot_interfaces.pc'
[5.581s] Level 1:colcon.colcon_core.environment:checking '/home/px/arduino_ws/install/my_robot_interfaces/lib/python3.10/site-packages'
[5.581s] Level 1:colcon.colcon_core.environment:checking '/home/px/arduino_ws/install/my_robot_interfaces/bin'
[5.582s] INFO:colcon.colcon_core.shell:Creating package script '/home/px/arduino_ws/install/my_robot_interfaces/share/my_robot_interfaces/package.ps1'
[5.582s] INFO:colcon.colcon_core.shell:Creating package descriptor '/home/px/arduino_ws/install/my_robot_interfaces/share/my_robot_interfaces/package.dsv'
[5.583s] INFO:colcon.colcon_core.shell:Creating package script '/home/px/arduino_ws/install/my_robot_interfaces/share/my_robot_interfaces/package.sh'
[5.583s] INFO:colcon.colcon_core.shell:Creating package script '/home/px/arduino_ws/install/my_robot_interfaces/share/my_robot_interfaces/package.bash'
[5.583s] INFO:colcon.colcon_core.shell:Creating package script '/home/px/arduino_ws/install/my_robot_interfaces/share/my_robot_interfaces/package.zsh'
[5.584s] Level 1:colcon.colcon_core.environment:create_file_with_runtime_dependencies(/home/px/arduino_ws/install/my_robot_interfaces/share/colcon-core/packages/my_robot_interfaces)
[7.034s] Level 1:colcon.colcon_core.environment:create_environment_scripts_only(my_robot_interfaces)
[7.034s] Level 1:colcon.colcon_core.environment:checking '/home/px/arduino_ws/install/my_robot_interfaces' for CMake module files
[7.035s] Level 1:colcon.colcon_core.environment:checking '/home/px/arduino_ws/install/my_robot_interfaces' for CMake config files
[7.036s] Level 1:colcon.colcon_core.shell:create_environment_hook('my_robot_interfaces', 'cmake_prefix_path')
[7.036s] INFO:colcon.colcon_core.shell:Creating environment hook '/home/px/arduino_ws/install/my_robot_interfaces/share/my_robot_interfaces/hook/cmake_prefix_path.ps1'
[7.037s] INFO:colcon.colcon_core.shell:Creating environment descriptor '/home/px/arduino_ws/install/my_robot_interfaces/share/my_robot_interfaces/hook/cmake_prefix_path.dsv'
[7.037s] INFO:colcon.colcon_core.shell:Creating environment hook '/home/px/arduino_ws/install/my_robot_interfaces/share/my_robot_interfaces/hook/cmake_prefix_path.sh'
[7.038s] Level 1:colcon.colcon_core.environment:checking '/home/px/arduino_ws/install/my_robot_interfaces/lib'
[7.038s] Level 1:colcon.colcon_core.shell:create_environment_hook('my_robot_interfaces', 'ld_library_path_lib')
[7.038s] INFO:colcon.colcon_core.shell:Creating environment hook '/home/px/arduino_ws/install/my_robot_interfaces/share/my_robot_interfaces/hook/ld_library_path_lib.ps1'
[7.038s] INFO:colcon.colcon_core.shell:Creating environment descriptor '/home/px/arduino_ws/install/my_robot_interfaces/share/my_robot_interfaces/hook/ld_library_path_lib.dsv'
[7.039s] INFO:colcon.colcon_core.shell:Creating environment hook '/home/px/arduino_ws/install/my_robot_interfaces/share/my_robot_interfaces/hook/ld_library_path_lib.sh'
[7.039s] Level 1:colcon.colcon_core.environment:checking '/home/px/arduino_ws/install/my_robot_interfaces/bin'
[7.039s] Level 1:colcon.colcon_core.environment:checking '/home/px/arduino_ws/install/my_robot_interfaces/lib/pkgconfig/my_robot_interfaces.pc'
[7.040s] Level 1:colcon.colcon_core.environment:checking '/home/px/arduino_ws/install/my_robot_interfaces/lib/python3.10/site-packages'
[7.040s] Level 1:colcon.colcon_core.environment:checking '/home/px/arduino_ws/install/my_robot_interfaces/bin'
[7.040s] INFO:colcon.colcon_core.shell:Creating package script '/home/px/arduino_ws/install/my_robot_interfaces/share/my_robot_interfaces/package.ps1'
[7.041s] INFO:colcon.colcon_core.shell:Creating package descriptor '/home/px/arduino_ws/install/my_robot_interfaces/share/my_robot_interfaces/package.dsv'
[7.045s] INFO:colcon.colcon_core.shell:Creating package script '/home/px/arduino_ws/install/my_robot_interfaces/share/my_robot_interfaces/package.sh'
[7.046s] INFO:colcon.colcon_core.shell:Creating package script '/home/px/arduino_ws/install/my_robot_interfaces/share/my_robot_interfaces/package.bash'
[7.046s] INFO:colcon.colcon_core.shell:Creating package script '/home/px/arduino_ws/install/my_robot_interfaces/share/my_robot_interfaces/package.zsh'
[7.047s] Level 1:colcon.colcon_core.environment:create_file_with_runtime_dependencies(/home/px/arduino_ws/install/my_robot_interfaces/share/colcon-core/packages/my_robot_interfaces)
[7.048s] INFO:colcon.colcon_ros.task.ament_python.build:Building ROS package in '/home/px/arduino_ws/src/arduino_control' with build type 'ament_python'
[7.048s] Level 1:colcon.colcon_core.shell:create_environment_hook('arduino_control', 'ament_prefix_path')
[7.048s] INFO:colcon.colcon_core.shell:Creating environment hook '/home/px/arduino_ws/install/arduino_control/share/arduino_control/hook/ament_prefix_path.ps1'
[7.049s] INFO:colcon.colcon_core.shell:Creating environment descriptor '/home/px/arduino_ws/install/arduino_control/share/arduino_control/hook/ament_prefix_path.dsv'
[7.050s] INFO:colcon.colcon_core.shell:Creating environment hook '/home/px/arduino_ws/install/arduino_control/share/arduino_control/hook/ament_prefix_path.sh'
[7.050s] INFO:colcon.colcon_core.shell:Skip shell extension 'powershell' for command environment: Not usable outside of PowerShell
[7.050s] DEBUG:colcon.colcon_core.shell:Skip shell extension 'dsv' for command environment
[7.670s] INFO:colcon.colcon_core.task.python.build:Building Python package in '/home/px/arduino_ws/src/arduino_control'
[7.671s] INFO:colcon.colcon_core.shell:Skip shell extension 'powershell' for command environment: Not usable outside of PowerShell
[7.671s] DEBUG:colcon.colcon_core.shell:Skip shell extension 'dsv' for command environment
[8.448s] DEBUG:colcon.colcon_core.event_handler.log_command:Invoking command in '/home/px/arduino_ws/build/arduino_control': CMAKE_PREFIX_PATH=/home/px/arduino_ws/install/my_robot_interfaces:/home/px/arduino_ws/install/px_bot_description:/home/px/ydlidar_ros2_ws/install/ydlidar_ros2_driver PYTHONPATH=/home/px/arduino_ws/build/arduino_control/prefix_override:/home/px/arduino_ws/install/arduino_control/lib/python3.10/site-packages:${PYTHONPATH} /usr/bin/python3 -W ignore:setup.py install is deprecated setup.py develop --editable --build-directory /home/px/arduino_ws/build/arduino_control/build --no-deps symlink_data
[9.486s] Level 1:colcon.colcon_core.shell:create_environment_hook('arduino_control', 'pythonpath_develop')
[9.487s] INFO:colcon.colcon_core.shell:Creating environment hook '/home/px/arduino_ws/build/arduino_control/share/arduino_control/hook/pythonpath_develop.ps1'
[9.487s] INFO:colcon.colcon_core.shell:Creating environment descriptor '/home/px/arduino_ws/build/arduino_control/share/arduino_control/hook/pythonpath_develop.dsv'
[9.488s] INFO:colcon.colcon_core.shell:Creating environment hook '/home/px/arduino_ws/build/arduino_control/share/arduino_control/hook/pythonpath_develop.sh'
[9.489s] Level 1:colcon.colcon_core.environment:checking '/home/px/arduino_ws/install/arduino_control' for CMake module files
[9.490s] Level 1:colcon.colcon_core.environment:checking '/home/px/arduino_ws/install/arduino_control' for CMake config files
[9.491s] DEBUG:colcon.colcon_core.event_handler.log_command:Invoked command in '/home/px/arduino_ws/build/arduino_control' returned '0': CMAKE_PREFIX_PATH=/home/px/arduino_ws/install/my_robot_interfaces:/home/px/arduino_ws/install/px_bot_description:/home/px/ydlidar_ros2_ws/install/ydlidar_ros2_driver PYTHONPATH=/home/px/arduino_ws/build/arduino_control/prefix_override:/home/px/arduino_ws/install/arduino_control/lib/python3.10/site-packages:${PYTHONPATH} /usr/bin/python3 -W ignore:setup.py install is deprecated setup.py develop --editable --build-directory /home/px/arduino_ws/build/arduino_control/build --no-deps symlink_data
[9.492s] Level 1:colcon.colcon_core.environment:checking '/home/px/arduino_ws/install/arduino_control/lib'
[9.492s] Level 1:colcon.colcon_core.environment:checking '/home/px/arduino_ws/install/arduino_control/bin'
[9.492s] Level 1:colcon.colcon_core.environment:checking '/home/px/arduino_ws/install/arduino_control/lib/pkgconfig/arduino_control.pc'
[9.492s] Level 1:colcon.colcon_core.environment:checking '/home/px/arduino_ws/install/arduino_control/lib/python3.10/site-packages'
[9.492s] Level 1:colcon.colcon_core.shell:create_environment_hook('arduino_control', 'pythonpath')
[9.492s] INFO:colcon.colcon_core.shell:Creating environment hook '/home/px/arduino_ws/install/arduino_control/share/arduino_control/hook/pythonpath.ps1'
[9.493s] INFO:colcon.colcon_core.shell:Creating environment descriptor '/home/px/arduino_ws/install/arduino_control/share/arduino_control/hook/pythonpath.dsv'
[9.493s] INFO:colcon.colcon_core.shell:Creating environment hook '/home/px/arduino_ws/install/arduino_control/share/arduino_control/hook/pythonpath.sh'
[9.494s] Level 1:colcon.colcon_core.environment:checking '/home/px/arduino_ws/install/arduino_control/bin'
[9.494s] Level 1:colcon.colcon_core.environment:create_environment_scripts_only(arduino_control)
[9.495s] INFO:colcon.colcon_core.shell:Creating package script '/home/px/arduino_ws/install/arduino_control/share/arduino_control/package.ps1'
[9.495s] INFO:colcon.colcon_core.shell:Creating package descriptor '/home/px/arduino_ws/install/arduino_control/share/arduino_control/package.dsv'
[9.496s] INFO:colcon.colcon_core.shell:Creating package script '/home/px/arduino_ws/install/arduino_control/share/arduino_control/package.sh'
[9.496s] INFO:colcon.colcon_core.shell:Creating package script '/home/px/arduino_ws/install/arduino_control/share/arduino_control/package.bash'
[9.497s] INFO:colcon.colcon_core.shell:Creating package script '/home/px/arduino_ws/install/arduino_control/share/arduino_control/package.zsh'
[9.497s] Level 1:colcon.colcon_core.environment:create_file_with_runtime_dependencies(/home/px/arduino_ws/install/arduino_control/share/colcon-core/packages/arduino_control)
[9.499s] DEBUG:colcon.colcon_parallel_executor.executor.parallel:closing loop
[9.499s] DEBUG:colcon.colcon_parallel_executor.executor.parallel:loop closed
[9.499s] DEBUG:colcon.colcon_parallel_executor.executor.parallel:run_until_complete finished with '0'
[9.499s] DEBUG:colcon.colcon_core.event_reactor:joining thread
[9.510s] INFO:colcon.colcon_core.plugin_system:Skipping extension 'colcon_notification.desktop_notification.terminal_notifier': Not used on non-Darwin systems
[9.510s] INFO:colcon.colcon_core.plugin_system:Skipping extension 'colcon_notification.desktop_notification.win32': Not used on non-Windows systems
[9.510s] INFO:colcon.colcon_notification.desktop_notification:Sending desktop notification using 'notify2'
[9.548s] DEBUG:colcon.colcon_core.event_reactor:joined thread
[9.549s] INFO:colcon.colcon_core.shell:Creating prefix script '/home/px/arduino_ws/install/local_setup.ps1'
[9.559s] INFO:colcon.colcon_core.shell:Creating prefix util module '/home/px/arduino_ws/install/_local_setup_util_ps1.py'
[9.561s] INFO:colcon.colcon_core.shell:Creating prefix chain script '/home/px/arduino_ws/install/setup.ps1'
[9.563s] INFO:colcon.colcon_core.shell:Creating prefix script '/home/px/arduino_ws/install/local_setup.sh'
[9.564s] INFO:colcon.colcon_core.shell:Creating prefix util module '/home/px/arduino_ws/install/_local_setup_util_sh.py'
[9.565s] INFO:colcon.colcon_core.shell:Creating prefix chain script '/home/px/arduino_ws/install/setup.sh'
[9.568s] INFO:colcon.colcon_core.shell:Creating prefix script '/home/px/arduino_ws/install/local_setup.bash'
[9.575s] INFO:colcon.colcon_core.shell:Creating prefix chain script '/home/px/arduino_ws/install/setup.bash'
[9.582s] INFO:colcon.colcon_core.shell:Creating prefix script '/home/px/arduino_ws/install/local_setup.zsh'
[9.594s] INFO:colcon.colcon_core.shell:Creating prefix chain script '/home/px/arduino_ws/install/setup.zsh'
