[1.878s] Invoking command in '/home/px/arduino_ws/build/arduino_control': PYTHONPATH=/home/px/arduino_ws/build/arduino_control/prefix_override:/home/px/arduino_ws/install/arduino_control/lib/python3.10/site-packages:${PYTHONPATH} /usr/bin/python3 setup.py develop --editable --build-directory /home/px/arduino_ws/build/arduino_control/build --no-deps install_data
[2.353s] running develop
[2.658s] running egg_info
[2.658s] writing arduino_control.egg-info/PKG-INFO
[2.658s] writing dependency_links to arduino_control.egg-info/dependency_links.txt
[2.658s] writing entry points to arduino_control.egg-info/entry_points.txt
[2.658s] writing requirements to arduino_control.egg-info/requires.txt
[2.659s] writing top-level names to arduino_control.egg-info/top_level.txt
[2.661s] reading manifest file 'arduino_control.egg-info/SOURCES.txt'
[2.662s] writing manifest file 'arduino_control.egg-info/SOURCES.txt'
[2.664s] running build_ext
[2.664s] Creating /home/px/arduino_ws/install/arduino_control/lib/python3.10/site-packages/arduino-control.egg-link (link to .)
[2.665s] Installing joystick script to /home/px/arduino_ws/install/arduino_control/lib/arduino_control
[2.666s] Installing joystick_control script to /home/px/arduino_ws/install/arduino_control/lib/arduino_control
[2.666s] Installing lidar script to /home/px/arduino_ws/install/arduino_control/lib/arduino_control
[2.666s] Installing locomotion_control script to /home/px/arduino_ws/install/arduino_control/lib/arduino_control
[2.666s] Installing minimal_publisher script to /home/px/arduino_ws/install/arduino_control/lib/arduino_control
[2.666s] Installing obstacle_avoidance script to /home/px/arduino_ws/install/arduino_control/lib/arduino_control
[2.667s] Installing realsense script to /home/px/arduino_ws/install/arduino_control/lib/arduino_control
[2.667s] 
[2.667s] Installed /home/px/arduino_ws/build/arduino_control
[2.667s] running install_data
[2.710s] Invoked command in '/home/px/arduino_ws/build/arduino_control' returned '0': PYTHONPATH=/home/px/arduino_ws/build/arduino_control/prefix_override:/home/px/arduino_ws/install/arduino_control/lib/python3.10/site-packages:${PYTHONPATH} /usr/bin/python3 setup.py develop --editable --build-directory /home/px/arduino_ws/build/arduino_control/build --no-deps install_data
