[0.226s] Invoking command in '/home/px/arduino_ws/build/my_robot_interfaces': /usr/bin/cmake /home/px/arduino_ws/src/my_robot_interfaces -DAMENT_CMAKE_SYMLINK_INSTALL=1 -DCMAKE_INSTALL_PREFIX=/home/px/arduino_ws/install/my_robot_interfaces
[0.244s] -- Found ament_cmake: 1.3.8 (/opt/ros/humble/share/ament_cmake/cmake)
[0.453s] -- Override CMake install command with custom implementation using symlinks instead of copying resources
[0.463s] -- Found geometry_msgs: 4.2.3 (/opt/ros/humble/share/geometry_msgs/cmake)
[0.503s] -- Found rosidl_generator_c: 3.1.5 (/opt/ros/humble/share/rosidl_generator_c/cmake)
[0.507s] -- Found rosidl_adapter: 3.1.5 (/opt/ros/humble/share/rosidl_adapter/cmake)
[0.515s] -- Found rosidl_generator_cpp: 3.1.5 (/opt/ros/humble/share/rosidl_generator_cpp/cmake)
[0.531s] [31mCMake Error at /opt/ros/humble/share/rosidl_typesupport_c/cmake/get_used_typesupports.cmake:35 (message):
[0.531s]   No 'rosidl_typesupport_c' found
[0.531s] Call Stack (most recent call first):
[0.531s]   /opt/ros/humble/share/rosidl_typesupport_c/cmake/rosidl_typesupport_c-extras.cmake:8 (get_used_typesupports)
[0.531s]   /opt/ros/humble/share/rosidl_typesupport_c/cmake/rosidl_typesupport_cConfig.cmake:41 (include)
[0.532s]   /opt/ros/humble/share/builtin_interfaces/cmake/ament_cmake_export_dependencies-extras.cmake:21 (find_package)
[0.532s]   /opt/ros/humble/share/builtin_interfaces/cmake/builtin_interfacesConfig.cmake:41 (include)
[0.532s]   /opt/ros/humble/share/std_msgs/cmake/ament_cmake_export_dependencies-extras.cmake:21 (find_package)
[0.532s]   /opt/ros/humble/share/std_msgs/cmake/std_msgsConfig.cmake:41 (include)
[0.532s]   /opt/ros/humble/share/geometry_msgs/cmake/ament_cmake_export_dependencies-extras.cmake:21 (find_package)
[0.532s]   /opt/ros/humble/share/geometry_msgs/cmake/geometry_msgsConfig.cmake:41 (include)
[0.532s]   CMakeLists.txt:13 (find_package)
[0.532s] 
[0.532s] [0m
[0.532s] -- Configuring incomplete, errors occurred!
[0.533s] See also "/home/px/arduino_ws/build/my_robot_interfaces/CMakeFiles/CMakeOutput.log".
[0.747s] Invoked command in '/home/px/arduino_ws/build/my_robot_interfaces' returned '1': /usr/bin/cmake /home/px/arduino_ws/src/my_robot_interfaces -DAMENT_CMAKE_SYMLINK_INSTALL=1 -DCMAKE_INSTALL_PREFIX=/home/px/arduino_ws/install/my_robot_interfaces
