[1.356s] Invoking command in '/home/px/arduino_ws/build/arduino_control': CMAKE_PREFIX_PATH=/home/px/arduino_ws/install/my_robot_interfaces:/home/px/arduino_ws/install/px_bot_description:/home/px/ydlidar_ros2_ws/install/ydlidar_ros2_driver PYTHONPATH=/home/px/arduino_ws/build/arduino_control/prefix_override:/home/px/arduino_ws/install/arduino_control/lib/python3.10/site-packages:${PYTHONPATH} /usr/bin/python3 -W ignore:setup.py install is deprecated setup.py develop --editable --build-directory /home/px/arduino_ws/build/arduino_control/build --no-deps symlink_data
[1.872s] running develop
[2.218s] running egg_info
[2.219s] writing arduino_control.egg-info/PKG-INFO
[2.219s] writing dependency_links to arduino_control.egg-info/dependency_links.txt
[2.219s] writing entry points to arduino_control.egg-info/entry_points.txt
[2.220s] writing requirements to arduino_control.egg-info/requires.txt
[2.220s] writing top-level names to arduino_control.egg-info/top_level.txt
[2.223s] reading manifest file 'arduino_control.egg-info/SOURCES.txt'
[2.225s] writing manifest file 'arduino_control.egg-info/SOURCES.txt'
[2.228s] running build_ext
[2.229s] Creating /home/px/arduino_ws/install/arduino_control/lib/python3.10/site-packages/arduino-control.egg-link (link to .)
[2.230s] Installing autonomous_control script to /home/px/arduino_ws/install/arduino_control/lib/arduino_control
[2.230s] Installing detection_node script to /home/px/arduino_ws/install/arduino_control/lib/arduino_control
[2.230s] Installing find_obstacle script to /home/px/arduino_ws/install/arduino_control/lib/arduino_control
[2.230s] Installing fruit_harvest script to /home/px/arduino_ws/install/arduino_control/lib/arduino_control
[2.231s] Installing harvest_fruit script to /home/px/arduino_ws/install/arduino_control/lib/arduino_control
[2.231s] Installing imu script to /home/px/arduino_ws/install/arduino_control/lib/arduino_control
[2.231s] Installing joystick script to /home/px/arduino_ws/install/arduino_control/lib/arduino_control
[2.231s] Installing joystick_control script to /home/px/arduino_ws/install/arduino_control/lib/arduino_control
[2.231s] Installing lidar script to /home/px/arduino_ws/install/arduino_control/lib/arduino_control
[2.231s] Installing locomotion_control script to /home/px/arduino_ws/install/arduino_control/lib/arduino_control
[2.231s] Installing minimal_publisher script to /home/px/arduino_ws/install/arduino_control/lib/arduino_control
[2.231s] Installing obstacle_avoidance script to /home/px/arduino_ws/install/arduino_control/lib/arduino_control
[2.232s] Installing realsense script to /home/px/arduino_ws/install/arduino_control/lib/arduino_control
[2.232s] Installing realsense_imu script to /home/px/arduino_ws/install/arduino_control/lib/arduino_control
[2.232s] 
[2.232s] Installed /home/px/arduino_ws/build/arduino_control
[2.232s] running symlink_data
[2.283s] Invoked command in '/home/px/arduino_ws/build/arduino_control' returned '0': CMAKE_PREFIX_PATH=/home/px/arduino_ws/install/my_robot_interfaces:/home/px/arduino_ws/install/px_bot_description:/home/px/ydlidar_ros2_ws/install/ydlidar_ros2_driver PYTHONPATH=/home/px/arduino_ws/build/arduino_control/prefix_override:/home/px/arduino_ws/install/arduino_control/lib/python3.10/site-packages:${PYTHONPATH} /usr/bin/python3 -W ignore:setup.py install is deprecated setup.py develop --editable --build-directory /home/px/arduino_ws/build/arduino_control/build --no-deps symlink_data
