[1.832s] Invoking command in '/home/px/arduino_ws/build/arduino_control': PYTHONPATH=/home/px/arduino_ws/build/arduino_control/prefix_override:/home/px/arduino_ws/install/arduino_control/lib/python3.10/site-packages:${PYTHONPATH} /usr/bin/python3 setup.py develop --editable --build-directory /home/px/arduino_ws/build/arduino_control/build --no-deps install_data
[2.488s] running develop
[2.797s] running egg_info
[2.798s] writing arduino_control.egg-info/PKG-INFO
[2.798s] writing dependency_links to arduino_control.egg-info/dependency_links.txt
[2.798s] writing entry points to arduino_control.egg-info/entry_points.txt
[2.798s] writing requirements to arduino_control.egg-info/requires.txt
[2.799s] writing top-level names to arduino_control.egg-info/top_level.txt
[2.802s] reading manifest file 'arduino_control.egg-info/SOURCES.txt'
[2.803s] writing manifest file 'arduino_control.egg-info/SOURCES.txt'
[2.805s] running build_ext
[2.805s] Creating /home/px/arduino_ws/install/arduino_control/lib/python3.10/site-packages/arduino-control.egg-link (link to .)
[2.807s] Installing joystick script to /home/px/arduino_ws/install/arduino_control/lib/arduino_control
[2.807s] Installing joystick_control script to /home/px/arduino_ws/install/arduino_control/lib/arduino_control
[2.807s] Installing lidar script to /home/px/arduino_ws/install/arduino_control/lib/arduino_control
[2.808s] Installing locomotion_control script to /home/px/arduino_ws/install/arduino_control/lib/arduino_control
[2.808s] Installing minimal_publisher script to /home/px/arduino_ws/install/arduino_control/lib/arduino_control
[2.808s] Installing obstacle_avoidance script to /home/px/arduino_ws/install/arduino_control/lib/arduino_control
[2.808s] Installing realsense script to /home/px/arduino_ws/install/arduino_control/lib/arduino_control
[2.809s] 
[2.809s] Installed /home/px/arduino_ws/build/arduino_control
[2.809s] running install_data
[2.864s] Invoked command in '/home/px/arduino_ws/build/arduino_control' returned '0': PYTHONPATH=/home/px/arduino_ws/build/arduino_control/prefix_override:/home/px/arduino_ws/install/arduino_control/lib/python3.10/site-packages:${PYTHONPATH} /usr/bin/python3 setup.py develop --editable --build-directory /home/px/arduino_ws/build/arduino_control/build --no-deps install_data
