[1.170s] Invoking command in '/home/px/arduino_ws/build/arduino_control': PYTHONPATH=/home/px/arduino_ws/build/arduino_control/prefix_override:/home/px/arduino_ws/install/arduino_control/lib/python3.10/site-packages:${PYTHONPATH} /usr/bin/python3 -W ignore:setup.py install is deprecated setup.py develop --editable --build-directory /home/px/arduino_ws/build/arduino_control/build --no-deps symlink_data
[1.681s] running develop
[2.034s] running egg_info
[2.034s] writing arduino_control.egg-info/PKG-INFO
[2.034s] writing dependency_links to arduino_control.egg-info/dependency_links.txt
[2.035s] writing entry points to arduino_control.egg-info/entry_points.txt
[2.035s] writing requirements to arduino_control.egg-info/requires.txt
[2.035s] writing top-level names to arduino_control.egg-info/top_level.txt
[2.039s] reading manifest file 'arduino_control.egg-info/SOURCES.txt'
[2.040s] writing manifest file 'arduino_control.egg-info/SOURCES.txt'
[2.043s] running build_ext
[2.043s] Creating /home/px/arduino_ws/install/arduino_control/lib/python3.10/site-packages/arduino-control.egg-link (link to .)
[2.044s] Installing autonomous_control script to /home/px/arduino_ws/install/arduino_control/lib/arduino_control
[2.044s] Installing find_obstacle script to /home/px/arduino_ws/install/arduino_control/lib/arduino_control
[2.045s] Installing joystick script to /home/px/arduino_ws/install/arduino_control/lib/arduino_control
[2.045s] Installing joystick_control script to /home/px/arduino_ws/install/arduino_control/lib/arduino_control
[2.045s] Installing lidar script to /home/px/arduino_ws/install/arduino_control/lib/arduino_control
[2.046s] Installing locomotion_control script to /home/px/arduino_ws/install/arduino_control/lib/arduino_control
[2.046s] Installing minimal_publisher script to /home/px/arduino_ws/install/arduino_control/lib/arduino_control
[2.046s] Installing obstacle_avoidance script to /home/px/arduino_ws/install/arduino_control/lib/arduino_control
[2.046s] Installing realsense script to /home/px/arduino_ws/install/arduino_control/lib/arduino_control
[2.047s] 
[2.047s] Installed /home/px/arduino_ws/build/arduino_control
[2.047s] running symlink_data
[2.096s] Invoked command in '/home/px/arduino_ws/build/arduino_control' returned '0': PYTHONPATH=/home/px/arduino_ws/build/arduino_control/prefix_override:/home/px/arduino_ws/install/arduino_control/lib/python3.10/site-packages:${PYTHONPATH} /usr/bin/python3 -W ignore:setup.py install is deprecated setup.py develop --editable --build-directory /home/px/arduino_ws/build/arduino_control/build --no-deps symlink_data
