running develop
Removing /home/px/arduino_ws/install/py_launch_example/lib/python3.10/site-packages/py-launch-example.egg-link (link to .)
running egg_info
writing ../../build/py_launch_example/py_launch_example.egg-info/PKG-INFO
writing dependency_links to ../../build/py_launch_example/py_launch_example.egg-info/dependency_links.txt
writing entry points to ../../build/py_launch_example/py_launch_example.egg-info/entry_points.txt
writing requirements to ../../build/py_launch_example/py_launch_example.egg-info/requires.txt
writing top-level names to ../../build/py_launch_example/py_launch_example.egg-info/top_level.txt
reading manifest file '../../build/py_launch_example/py_launch_example.egg-info/SOURCES.txt'
writing manifest file '../../build/py_launch_example/py_launch_example.egg-info/SOURCES.txt'
running build
running build_py
creating /home/px/arduino_ws/build/py_launch_example/build
creating /home/px/arduino_ws/build/py_launch_example/build/lib
creating /home/px/arduino_ws/build/py_launch_example/build/lib/py_launch_example
copying py_launch_example/__init__.py -> /home/px/arduino_ws/build/py_launch_example/build/lib/py_launch_example
running install
running install_lib
creating /home/px/arduino_ws/install/py_launch_example/lib/python3.10/site-packages/py_launch_example
copying /home/px/arduino_ws/build/py_launch_example/build/lib/py_launch_example/__init__.py -> /home/px/arduino_ws/install/py_launch_example/lib/python3.10/site-packages/py_launch_example
byte-compiling /home/px/arduino_ws/install/py_launch_example/lib/python3.10/site-packages/py_launch_example/__init__.py to __init__.cpython-310.pyc
running install_data
running install_egg_info
Copying ../../build/py_launch_example/py_launch_example.egg-info to /home/px/arduino_ws/install/py_launch_example/lib/python3.10/site-packages/py_launch_example-0.0.0-py3.10.egg-info
running install_scripts
writing list of installed files to '/home/px/arduino_ws/build/py_launch_example/install.log'
