[1.411s] Invoking command in '/home/px/arduino_ws/build/py_launch_example': PYTHONPATH=/home/px/arduino_ws/build/py_launch_example/prefix_override:/home/px/arduino_ws/install/py_launch_example/lib/python3.10/site-packages:${PYTHONPATH} /usr/bin/python3 setup.py develop --uninstall --editable --build-directory /home/px/arduino_ws/build/py_launch_example/build
[1.871s] running develop
[2.148s] Removing /home/px/arduino_ws/install/py_launch_example/lib/python3.10/site-packages/py-launch-example.egg-link (link to .)
[2.200s] Invoked command in '/home/px/arduino_ws/build/py_launch_example' returned '0': PYTHONPATH=/home/px/arduino_ws/build/py_launch_example/prefix_override:/home/px/arduino_ws/install/py_launch_example/lib/python3.10/site-packages:${PYTHONPATH} /usr/bin/python3 setup.py develop --uninstall --editable --build-directory /home/px/arduino_ws/build/py_launch_example/build
[2.203s] Invoking command in '/home/px/arduino_ws/src/py_launch_example': PYTHONPATH=/home/px/arduino_ws/build/py_launch_example/prefix_override:/home/px/arduino_ws/install/py_launch_example/lib/python3.10/site-packages:${PYTHONPATH} /usr/bin/python3 setup.py egg_info --egg-base ../../build/py_launch_example build --build-base /home/px/arduino_ws/build/py_launch_example/build install --record /home/px/arduino_ws/build/py_launch_example/install.log --single-version-externally-managed
[2.697s] running egg_info
[2.698s] writing ../../build/py_launch_example/py_launch_example.egg-info/PKG-INFO
[2.699s] writing dependency_links to ../../build/py_launch_example/py_launch_example.egg-info/dependency_links.txt
[2.699s] writing entry points to ../../build/py_launch_example/py_launch_example.egg-info/entry_points.txt
[2.699s] writing requirements to ../../build/py_launch_example/py_launch_example.egg-info/requires.txt
[2.699s] writing top-level names to ../../build/py_launch_example/py_launch_example.egg-info/top_level.txt
[2.704s] reading manifest file '../../build/py_launch_example/py_launch_example.egg-info/SOURCES.txt'
[2.706s] writing manifest file '../../build/py_launch_example/py_launch_example.egg-info/SOURCES.txt'
[2.706s] running build
[2.706s] running build_py
[2.706s] creating /home/px/arduino_ws/build/py_launch_example/build
[2.706s] creating /home/px/arduino_ws/build/py_launch_example/build/lib
[2.706s] creating /home/px/arduino_ws/build/py_launch_example/build/lib/py_launch_example
[2.707s] copying py_launch_example/__init__.py -> /home/px/arduino_ws/build/py_launch_example/build/lib/py_launch_example
[2.707s] running install
[2.707s] running install_lib
[2.709s] creating /home/px/arduino_ws/install/py_launch_example/lib/python3.10/site-packages/py_launch_example
[2.709s] copying /home/px/arduino_ws/build/py_launch_example/build/lib/py_launch_example/__init__.py -> /home/px/arduino_ws/install/py_launch_example/lib/python3.10/site-packages/py_launch_example
[2.710s] byte-compiling /home/px/arduino_ws/install/py_launch_example/lib/python3.10/site-packages/py_launch_example/__init__.py to __init__.cpython-310.pyc
[2.711s] running install_data
[2.712s] running install_egg_info
[2.716s] Copying ../../build/py_launch_example/py_launch_example.egg-info to /home/px/arduino_ws/install/py_launch_example/lib/python3.10/site-packages/py_launch_example-0.0.0-py3.10.egg-info
[2.718s] running install_scripts
[2.755s] writing list of installed files to '/home/px/arduino_ws/build/py_launch_example/install.log'
[2.802s] Invoked command in '/home/px/arduino_ws/src/py_launch_example' returned '0': PYTHONPATH=/home/px/arduino_ws/build/py_launch_example/prefix_override:/home/px/arduino_ws/install/py_launch_example/lib/python3.10/site-packages:${PYTHONPATH} /usr/bin/python3 setup.py egg_info --egg-base ../../build/py_launch_example build --build-base /home/px/arduino_ws/build/py_launch_example/build install --record /home/px/arduino_ws/build/py_launch_example/install.log --single-version-externally-managed
