[1.400s] Invoking command in '/home/px/arduino_ws/build/arduino_control': CMAKE_PREFIX_PATH=/home/px/arduino_ws/install/my_robot_interfaces:/home/px/arduino_ws/install/px_bot_description:/home/px/ydlidar_ros2_ws/install/ydlidar_ros2_driver PYTHONPATH=/home/px/arduino_ws/build/arduino_control/prefix_override:/home/px/arduino_ws/install/arduino_control/lib/python3.10/site-packages:${PYTHONPATH} /usr/bin/python3 -W ignore:setup.py install is deprecated setup.py develop --editable --build-directory /home/px/arduino_ws/build/arduino_control/build --no-deps symlink_data
[1.992s] running develop
[2.366s] running egg_info
[2.367s] writing arduino_control.egg-info/PKG-INFO
[2.368s] writing dependency_links to arduino_control.egg-info/dependency_links.txt
[2.368s] writing entry points to arduino_control.egg-info/entry_points.txt
[2.368s] writing requirements to arduino_control.egg-info/requires.txt
[2.368s] writing top-level names to arduino_control.egg-info/top_level.txt
[2.372s] reading manifest file 'arduino_control.egg-info/SOURCES.txt'
[2.375s] writing manifest file 'arduino_control.egg-info/SOURCES.txt'
[2.387s] running build_ext
[2.387s] Creating /home/px/arduino_ws/install/arduino_control/lib/python3.10/site-packages/arduino-control.egg-link (link to .)
[2.389s] Installing autonomous_control script to /home/px/arduino_ws/install/arduino_control/lib/arduino_control
[2.389s] Installing detection_node script to /home/px/arduino_ws/install/arduino_control/lib/arduino_control
[2.389s] Installing fibonacci_action_server script to /home/px/arduino_ws/install/arduino_control/lib/arduino_control
[2.389s] Installing find_obstacle script to /home/px/arduino_ws/install/arduino_control/lib/arduino_control
[2.389s] Installing fruit_harvest script to /home/px/arduino_ws/install/arduino_control/lib/arduino_control
[2.390s] Installing harvest_fruit script to /home/px/arduino_ws/install/arduino_control/lib/arduino_control
[2.390s] Installing imu script to /home/px/arduino_ws/install/arduino_control/lib/arduino_control
[2.390s] Installing joystick script to /home/px/arduino_ws/install/arduino_control/lib/arduino_control
[2.390s] Installing joystick_control script to /home/px/arduino_ws/install/arduino_control/lib/arduino_control
[2.390s] Installing lidar script to /home/px/arduino_ws/install/arduino_control/lib/arduino_control
[2.390s] Installing locomotion_control script to /home/px/arduino_ws/install/arduino_control/lib/arduino_control
[2.390s] Installing minimal_publisher script to /home/px/arduino_ws/install/arduino_control/lib/arduino_control
[2.390s] Installing obstacle_avoidance script to /home/px/arduino_ws/install/arduino_control/lib/arduino_control
[2.390s] Installing realsense script to /home/px/arduino_ws/install/arduino_control/lib/arduino_control
[2.391s] Installing realsense_detection script to /home/px/arduino_ws/install/arduino_control/lib/arduino_control
[2.391s] Installing realsense_imu script to /home/px/arduino_ws/install/arduino_control/lib/arduino_control
[2.391s] 
[2.391s] Installed /home/px/arduino_ws/build/arduino_control
[2.391s] running symlink_data
[2.443s] Invoked command in '/home/px/arduino_ws/build/arduino_control' returned '0': CMAKE_PREFIX_PATH=/home/px/arduino_ws/install/my_robot_interfaces:/home/px/arduino_ws/install/px_bot_description:/home/px/ydlidar_ros2_ws/install/ydlidar_ros2_driver PYTHONPATH=/home/px/arduino_ws/build/arduino_control/prefix_override:/home/px/arduino_ws/install/arduino_control/lib/python3.10/site-packages:${PYTHONPATH} /usr/bin/python3 -W ignore:setup.py install is deprecated setup.py develop --editable --build-directory /home/px/arduino_ws/build/arduino_control/build --no-deps symlink_data
