[1.666s] Invoking command in '/home/px/arduino_ws/src/py_launch_example': PYTHONPATH=/home/px/arduino_ws/build/py_launch_example/prefix_override:/home/px/arduino_ws/install/py_launch_example/lib/python3.10/site-packages:${PYTHONPATH} /usr/bin/python3 setup.py egg_info --egg-base ../../build/py_launch_example build --build-base /home/px/arduino_ws/build/py_launch_example/build install --record /home/px/arduino_ws/build/py_launch_example/install.log --single-version-externally-managed
[2.090s] running egg_info
[2.091s] writing ../../build/py_launch_example/py_launch_example.egg-info/PKG-INFO
[2.091s] writing dependency_links to ../../build/py_launch_example/py_launch_example.egg-info/dependency_links.txt
[2.091s] writing entry points to ../../build/py_launch_example/py_launch_example.egg-info/entry_points.txt
[2.091s] writing requirements to ../../build/py_launch_example/py_launch_example.egg-info/requires.txt
[2.091s] writing top-level names to ../../build/py_launch_example/py_launch_example.egg-info/top_level.txt
[2.094s] reading manifest file '../../build/py_launch_example/py_launch_example.egg-info/SOURCES.txt'
[2.095s] writing manifest file '../../build/py_launch_example/py_launch_example.egg-info/SOURCES.txt'
[2.095s] running build
[2.095s] running build_py
[2.096s] running install
[2.096s] running install_lib
[2.097s] running install_data
[2.098s] running install_egg_info
[2.101s] removing '/home/px/arduino_ws/install/py_launch_example/lib/python3.10/site-packages/py_launch_example-0.0.0-py3.10.egg-info' (and everything under it)
[2.101s] Copying ../../build/py_launch_example/py_launch_example.egg-info to /home/px/arduino_ws/install/py_launch_example/lib/python3.10/site-packages/py_launch_example-0.0.0-py3.10.egg-info
[2.102s] running install_scripts
[2.141s] writing list of installed files to '/home/px/arduino_ws/build/py_launch_example/install.log'
[2.275s] Invoked command in '/home/px/arduino_ws/src/py_launch_example' returned '0': PYTHONPATH=/home/px/arduino_ws/build/py_launch_example/prefix_override:/home/px/arduino_ws/install/py_launch_example/lib/python3.10/site-packages:${PYTHONPATH} /usr/bin/python3 setup.py egg_info --egg-base ../../build/py_launch_example build --build-base /home/px/arduino_ws/build/py_launch_example/build install --record /home/px/arduino_ws/build/py_launch_example/install.log --single-version-externally-managed
