-- The C compiler identification is GNU 11.4.0
-- The CXX compiler identification is GNU 11.4.0
-- Detecting C compiler ABI info
-- Detecting C compiler ABI info - done
-- Check for working C compiler: /usr/bin/cc - skipped
-- Detecting C compile features
-- Detecting C compile features - done
-- Detecting CXX compiler ABI info
-- Detecting CXX compiler ABI info - done
-- Check for working CXX compiler: /usr/bin/c++ - skipped
-- Detecting CXX compile features
-- Detecting CXX compile features - done
-- Found ament_cmake: 1.3.8 (/opt/ros/humble/share/ament_cmake/cmake)
-- Found Python3: /usr/bin/python3 (found version "3.10.12") found components: Interpreter 
-- Override CMake install command with custom implementation using symlinks instead of copying resources
-- Found ament_lint_auto: 0.12.10 (/opt/ros/humble/share/ament_lint_auto/cmake)
-- Added test 'flake8' to check Python code syntax and style conventions
-- Added test 'lint_cmake' to check CMake code style
-- Added test 'pep257' to check Python code against some of the docstring style conventions in PEP 257
-- Added test 'xmllint' to check XML markup files
-- Configuring done
-- Generating done
-- Build files have been written to: /home/px/arduino_ws/build/px_bot_description
-- Install configuration: ""
-- Execute custom install script
-- Symlinking: /home/px/arduino_ws/install/px_bot_description/share/px_bot_description/src/description/px_bot_description.urdf
-- Symlinking: /home/px/arduino_ws/install/px_bot_description/share/px_bot_description/launch/display.launch.py
-- Symlinking: /home/px/arduino_ws/install/px_bot_description/share/px_bot_description/rviz/urdf_config.rviz
-- Symlinking: /home/px/arduino_ws/install/px_bot_description/share/ament_index/resource_index/package_run_dependencies/px_bot_description
-- Symlinking: /home/px/arduino_ws/install/px_bot_description/share/ament_index/resource_index/parent_prefix_path/px_bot_description
-- Symlinking: /home/px/arduino_ws/install/px_bot_description/share/px_bot_description/environment/ament_prefix_path.sh
-- Symlinking: /home/px/arduino_ws/install/px_bot_description/share/px_bot_description/environment/ament_prefix_path.dsv
-- Symlinking: /home/px/arduino_ws/install/px_bot_description/share/px_bot_description/environment/path.sh
-- Symlinking: /home/px/arduino_ws/install/px_bot_description/share/px_bot_description/environment/path.dsv
-- Symlinking: /home/px/arduino_ws/install/px_bot_description/share/px_bot_description/local_setup.bash
-- Symlinking: /home/px/arduino_ws/install/px_bot_description/share/px_bot_description/local_setup.sh
-- Symlinking: /home/px/arduino_ws/install/px_bot_description/share/px_bot_description/local_setup.zsh
-- Symlinking: /home/px/arduino_ws/install/px_bot_description/share/px_bot_description/local_setup.dsv
-- Symlinking: /home/px/arduino_ws/install/px_bot_description/share/px_bot_description/package.dsv
-- Symlinking: /home/px/arduino_ws/install/px_bot_description/share/ament_index/resource_index/packages/px_bot_description
-- Symlinking: /home/px/arduino_ws/install/px_bot_description/share/px_bot_description/cmake/px_bot_descriptionConfig.cmake
-- Symlinking: /home/px/arduino_ws/install/px_bot_description/share/px_bot_description/cmake/px_bot_descriptionConfig-version.cmake
-- Symlinking: /home/px/arduino_ws/install/px_bot_description/share/px_bot_description/package.xml
