[1.310s] Invoking command in '/home/px/arduino_ws/src/py_launch_example': PYTHONPATH=/home/px/arduino_ws/build/py_launch_example/prefix_override:/home/px/arduino_ws/install/py_launch_example/lib/python3.10/site-packages:${PYTHONPATH} /usr/bin/python3 setup.py egg_info --egg-base ../../build/py_launch_example build --build-base /home/px/arduino_ws/build/py_launch_example/build install --record /home/px/arduino_ws/build/py_launch_example/install.log --single-version-externally-managed
[1.706s] running egg_info
[1.707s] writing ../../build/py_launch_example/py_launch_example.egg-info/PKG-INFO
[1.707s] writing dependency_links to ../../build/py_launch_example/py_launch_example.egg-info/dependency_links.txt
[1.708s] writing entry points to ../../build/py_launch_example/py_launch_example.egg-info/entry_points.txt
[1.708s] writing requirements to ../../build/py_launch_example/py_launch_example.egg-info/requires.txt
[1.708s] writing top-level names to ../../build/py_launch_example/py_launch_example.egg-info/top_level.txt
[1.710s] reading manifest file '../../build/py_launch_example/py_launch_example.egg-info/SOURCES.txt'
[1.712s] writing manifest file '../../build/py_launch_example/py_launch_example.egg-info/SOURCES.txt'
[1.712s] running build
[1.712s] running build_py
[1.712s] running install
[1.712s] running install_lib
[1.714s] running install_data
[1.715s] running install_egg_info
[1.718s] removing '/home/px/arduino_ws/install/py_launch_example/lib/python3.10/site-packages/py_launch_example-0.0.0-py3.10.egg-info' (and everything under it)
[1.718s] Copying ../../build/py_launch_example/py_launch_example.egg-info to /home/px/arduino_ws/install/py_launch_example/lib/python3.10/site-packages/py_launch_example-0.0.0-py3.10.egg-info
[1.719s] running install_scripts
[1.750s] writing list of installed files to '/home/px/arduino_ws/build/py_launch_example/install.log'
[1.786s] Invoked command in '/home/px/arduino_ws/src/py_launch_example' returned '0': PYTHONPATH=/home/px/arduino_ws/build/py_launch_example/prefix_override:/home/px/arduino_ws/install/py_launch_example/lib/python3.10/site-packages:${PYTHONPATH} /usr/bin/python3 setup.py egg_info --egg-base ../../build/py_launch_example build --build-base /home/px/arduino_ws/build/py_launch_example/build install --record /home/px/arduino_ws/build/py_launch_example/install.log --single-version-externally-managed
