[2.118s] Invoking command in '/home/px/arduino_ws/build/arduino_control': PYTHONPATH=/home/px/arduino_ws/build/arduino_control/prefix_override:/home/px/arduino_ws/install/arduino_control/lib/python3.10/site-packages:${PYTHONPATH} /usr/bin/python3 -W ignore:setup.py install is deprecated setup.py develop --editable --build-directory /home/px/arduino_ws/build/arduino_control/build --no-deps symlink_data
[2.975s] running develop
[3.606s] running egg_info
[3.607s] writing arduino_control.egg-info/PKG-INFO
[3.607s] writing dependency_links to arduino_control.egg-info/dependency_links.txt
[3.608s] writing entry points to arduino_control.egg-info/entry_points.txt
[3.608s] writing requirements to arduino_control.egg-info/requires.txt
[3.608s] writing top-level names to arduino_control.egg-info/top_level.txt
[3.614s] reading manifest file 'arduino_control.egg-info/SOURCES.txt'
[3.617s] writing manifest file 'arduino_control.egg-info/SOURCES.txt'
[3.622s] running build_ext
[3.623s] Creating /home/px/arduino_ws/install/arduino_control/lib/python3.10/site-packages/arduino-control.egg-link (link to .)
[3.625s] Installing autonomous_control script to /home/px/arduino_ws/install/arduino_control/lib/arduino_control
[3.626s] Installing find_obstacle script to /home/px/arduino_ws/install/arduino_control/lib/arduino_control
[3.626s] Installing fruit_harvest script to /home/px/arduino_ws/install/arduino_control/lib/arduino_control
[3.626s] Installing imu script to /home/px/arduino_ws/install/arduino_control/lib/arduino_control
[3.627s] Installing joystick script to /home/px/arduino_ws/install/arduino_control/lib/arduino_control
[3.627s] Installing joystick_control script to /home/px/arduino_ws/install/arduino_control/lib/arduino_control
[3.627s] Installing lidar script to /home/px/arduino_ws/install/arduino_control/lib/arduino_control
[3.627s] Installing locomotion_control script to /home/px/arduino_ws/install/arduino_control/lib/arduino_control
[3.628s] Installing minimal_publisher script to /home/px/arduino_ws/install/arduino_control/lib/arduino_control
[3.628s] Installing obstacle_avoidance script to /home/px/arduino_ws/install/arduino_control/lib/arduino_control
[3.628s] Installing realsense script to /home/px/arduino_ws/install/arduino_control/lib/arduino_control
[3.628s] 
[3.628s] Installed /home/px/arduino_ws/build/arduino_control
[3.629s] running symlink_data
[3.712s] Invoked command in '/home/px/arduino_ws/build/arduino_control' returned '0': PYTHONPATH=/home/px/arduino_ws/build/arduino_control/prefix_override:/home/px/arduino_ws/install/arduino_control/lib/python3.10/site-packages:${PYTHONPATH} /usr/bin/python3 -W ignore:setup.py install is deprecated setup.py develop --editable --build-directory /home/px/arduino_ws/build/arduino_control/build --no-deps symlink_data
