[1.463s] Invoking command in '/home/px/arduino_ws/build/py_launch_example': PYTHONPATH=/home/px/arduino_ws/build/py_launch_example/prefix_override:/home/px/arduino_ws/install/py_launch_example/lib/python3.10/site-packages:${PYTHONPATH} /usr/bin/python3 setup.py develop --uninstall --editable --build-directory /home/px/arduino_ws/build/py_launch_example/build
[1.934s] running develop
[2.219s] Removing /home/px/arduino_ws/install/py_launch_example/lib/python3.10/site-packages/py-launch-example.egg-link (link to .)
[2.276s] Invoked command in '/home/px/arduino_ws/build/py_launch_example' returned '0': PYTHONPATH=/home/px/arduino_ws/build/py_launch_example/prefix_override:/home/px/arduino_ws/install/py_launch_example/lib/python3.10/site-packages:${PYTHONPATH} /usr/bin/python3 setup.py develop --uninstall --editable --build-directory /home/px/arduino_ws/build/py_launch_example/build
[2.278s] Invoking command in '/home/px/arduino_ws/src/py_launch_example': PYTHONPATH=/home/px/arduino_ws/build/py_launch_example/prefix_override:/home/px/arduino_ws/install/py_launch_example/lib/python3.10/site-packages:${PYTHONPATH} /usr/bin/python3 setup.py egg_info --egg-base ../../build/py_launch_example build --build-base /home/px/arduino_ws/build/py_launch_example/build install --record /home/px/arduino_ws/build/py_launch_example/install.log --single-version-externally-managed
[2.744s] running egg_info
[2.745s] writing ../../build/py_launch_example/py_launch_example.egg-info/PKG-INFO
[2.746s] writing dependency_links to ../../build/py_launch_example/py_launch_example.egg-info/dependency_links.txt
[2.746s] writing entry points to ../../build/py_launch_example/py_launch_example.egg-info/entry_points.txt
[2.746s] writing requirements to ../../build/py_launch_example/py_launch_example.egg-info/requires.txt
[2.746s] writing top-level names to ../../build/py_launch_example/py_launch_example.egg-info/top_level.txt
[2.749s] reading manifest file '../../build/py_launch_example/py_launch_example.egg-info/SOURCES.txt'
[2.751s] writing manifest file '../../build/py_launch_example/py_launch_example.egg-info/SOURCES.txt'
[2.751s] running build
[2.751s] running build_py
[2.751s] running install
[2.752s] running install_lib
[2.753s] creating /home/px/arduino_ws/install/py_launch_example/lib/python3.10/site-packages/py_launch_example
[2.753s] copying /home/px/arduino_ws/build/py_launch_example/build/lib/py_launch_example/__init__.py -> /home/px/arduino_ws/install/py_launch_example/lib/python3.10/site-packages/py_launch_example
[2.754s] byte-compiling /home/px/arduino_ws/install/py_launch_example/lib/python3.10/site-packages/py_launch_example/__init__.py to __init__.cpython-310.pyc
[2.755s] running install_data
[2.756s] running install_egg_info
[2.759s] Copying ../../build/py_launch_example/py_launch_example.egg-info to /home/px/arduino_ws/install/py_launch_example/lib/python3.10/site-packages/py_launch_example-0.0.0-py3.10.egg-info
[2.761s] running install_scripts
[2.797s] writing list of installed files to '/home/px/arduino_ws/build/py_launch_example/install.log'
[2.861s] Invoked command in '/home/px/arduino_ws/src/py_launch_example' returned '0': PYTHONPATH=/home/px/arduino_ws/build/py_launch_example/prefix_override:/home/px/arduino_ws/install/py_launch_example/lib/python3.10/site-packages:${PYTHONPATH} /usr/bin/python3 setup.py egg_info --egg-base ../../build/py_launch_example build --build-base /home/px/arduino_ws/build/py_launch_example/build install --record /home/px/arduino_ws/build/py_launch_example/install.log --single-version-externally-managed
