[1.503s] Invoking command in '/home/px/arduino_ws/build/arduino_control': PYTHONPATH=/home/px/arduino_ws/build/arduino_control/prefix_override:/home/px/arduino_ws/install/arduino_control/lib/python3.10/site-packages:${PYTHONPATH} /usr/bin/python3 setup.py develop --editable --build-directory /home/px/arduino_ws/build/arduino_control/build --no-deps install_data
[1.969s] running develop
[2.318s] running egg_info
[2.319s] creating arduino_control.egg-info
[2.320s] writing arduino_control.egg-info/PKG-INFO
[2.320s] writing dependency_links to arduino_control.egg-info/dependency_links.txt
[2.321s] writing entry points to arduino_control.egg-info/entry_points.txt
[2.321s] writing requirements to arduino_control.egg-info/requires.txt
[2.322s] writing top-level names to arduino_control.egg-info/top_level.txt
[2.323s] writing manifest file 'arduino_control.egg-info/SOURCES.txt'
[2.323s] reading manifest file 'arduino_control.egg-info/SOURCES.txt'
[2.324s] writing manifest file 'arduino_control.egg-info/SOURCES.txt'
[2.325s] running build_ext
[2.326s] Creating /home/px/arduino_ws/install/arduino_control/lib/python3.10/site-packages/arduino-control.egg-link (link to .)
[2.327s] Installing joystick script to /home/px/arduino_ws/install/arduino_control/lib/arduino_control
[2.328s] Installing joystick_control script to /home/px/arduino_ws/install/arduino_control/lib/arduino_control
[2.328s] Installing lidar script to /home/px/arduino_ws/install/arduino_control/lib/arduino_control
[2.329s] Installing locomotion_control script to /home/px/arduino_ws/install/arduino_control/lib/arduino_control
[2.329s] Installing minimal_publisher script to /home/px/arduino_ws/install/arduino_control/lib/arduino_control
[2.329s] Installing obstacle_avoidance script to /home/px/arduino_ws/install/arduino_control/lib/arduino_control
[2.329s] Installing realsense script to /home/px/arduino_ws/install/arduino_control/lib/arduino_control
[2.330s] 
[2.330s] Installed /home/px/arduino_ws/build/arduino_control
[2.330s] running install_data
[2.330s] creating /home/px/arduino_ws/install/arduino_control/share/ament_index
[2.330s] creating /home/px/arduino_ws/install/arduino_control/share/ament_index/resource_index
[2.330s] creating /home/px/arduino_ws/install/arduino_control/share/ament_index/resource_index/packages
[2.330s] copying resource/arduino_control -> /home/px/arduino_ws/install/arduino_control/share/ament_index/resource_index/packages
[2.330s] copying package.xml -> /home/px/arduino_ws/install/arduino_control/share/arduino_control
[2.330s] creating /home/px/arduino_ws/install/arduino_control/share/arduino_control/launch
[2.330s] copying launch/arduino_control_launch.py -> /home/px/arduino_ws/install/arduino_control/share/arduino_control/launch
[2.389s] Invoked command in '/home/px/arduino_ws/build/arduino_control' returned '0': PYTHONPATH=/home/px/arduino_ws/build/arduino_control/prefix_override:/home/px/arduino_ws/install/arduino_control/lib/python3.10/site-packages:${PYTHONPATH} /usr/bin/python3 setup.py develop --editable --build-directory /home/px/arduino_ws/build/arduino_control/build --no-deps install_data
