[1.892s] Invoking command in '/home/px/arduino_ws/build/arduino_control': PYTHONPATH=/home/px/arduino_ws/build/arduino_control/prefix_override:/home/px/arduino_ws/install/arduino_control/lib/python3.10/site-packages:${PYTHONPATH} /usr/bin/python3 setup.py develop --editable --build-directory /home/px/arduino_ws/build/arduino_control/build --no-deps install_data
[2.393s] running develop
[2.746s] running egg_info
[2.746s] writing arduino_control.egg-info/PKG-INFO
[2.746s] writing dependency_links to arduino_control.egg-info/dependency_links.txt
[2.747s] writing entry points to arduino_control.egg-info/entry_points.txt
[2.747s] writing requirements to arduino_control.egg-info/requires.txt
[2.747s] writing top-level names to arduino_control.egg-info/top_level.txt
[2.750s] reading manifest file 'arduino_control.egg-info/SOURCES.txt'
[2.751s] writing manifest file 'arduino_control.egg-info/SOURCES.txt'
[2.754s] running build_ext
[2.754s] Creating /home/px/arduino_ws/install/arduino_control/lib/python3.10/site-packages/arduino-control.egg-link (link to .)
[2.755s] Installing autonomous_control script to /home/px/arduino_ws/install/arduino_control/lib/arduino_control
[2.756s] Installing find_obstacle script to /home/px/arduino_ws/install/arduino_control/lib/arduino_control
[2.756s] Installing joystick script to /home/px/arduino_ws/install/arduino_control/lib/arduino_control
[2.756s] Installing joystick_control script to /home/px/arduino_ws/install/arduino_control/lib/arduino_control
[2.756s] Installing lidar script to /home/px/arduino_ws/install/arduino_control/lib/arduino_control
[2.756s] Installing locomotion_control script to /home/px/arduino_ws/install/arduino_control/lib/arduino_control
[2.756s] Installing minimal_publisher script to /home/px/arduino_ws/install/arduino_control/lib/arduino_control
[2.756s] Installing obstacle_avoidance script to /home/px/arduino_ws/install/arduino_control/lib/arduino_control
[2.757s] Installing realsense script to /home/px/arduino_ws/install/arduino_control/lib/arduino_control
[2.757s] 
[2.757s] Installed /home/px/arduino_ws/build/arduino_control
[2.757s] running install_data
[2.757s] copying launch/arduino_control_launch.py -> /home/px/arduino_ws/install/arduino_control/share/arduino_control/launch
[2.806s] Invoked command in '/home/px/arduino_ws/build/arduino_control' returned '0': PYTHONPATH=/home/px/arduino_ws/build/arduino_control/prefix_override:/home/px/arduino_ws/install/arduino_control/lib/python3.10/site-packages:${PYTHONPATH} /usr/bin/python3 setup.py develop --editable --build-directory /home/px/arduino_ws/build/arduino_control/build --no-deps install_data
