[1.377s] Invoking command in '/home/px/arduino_ws/build/arduino_control': PYTHONPATH=/home/px/arduino_ws/build/arduino_control/prefix_override:/home/px/arduino_ws/install/arduino_control/lib/python3.10/site-packages:${PYTHONPATH} /usr/bin/python3 setup.py develop --editable --build-directory /home/px/arduino_ws/build/arduino_control/build --no-deps install_data
[1.824s] running develop
[2.124s] running egg_info
[2.124s] writing arduino_control.egg-info/PKG-INFO
[2.124s] writing dependency_links to arduino_control.egg-info/dependency_links.txt
[2.125s] writing entry points to arduino_control.egg-info/entry_points.txt
[2.125s] writing requirements to arduino_control.egg-info/requires.txt
[2.125s] writing top-level names to arduino_control.egg-info/top_level.txt
[2.128s] reading manifest file 'arduino_control.egg-info/SOURCES.txt'
[2.129s] writing manifest file 'arduino_control.egg-info/SOURCES.txt'
[2.131s] running build_ext
[2.132s] Creating /home/px/arduino_ws/install/arduino_control/lib/python3.10/site-packages/arduino-control.egg-link (link to .)
[2.133s] Installing arduino_control_node script to /home/px/arduino_ws/install/arduino_control/lib/arduino_control
[2.133s] Installing lidar script to /home/px/arduino_ws/install/arduino_control/lib/arduino_control
[2.134s] Installing minimal_publisher script to /home/px/arduino_ws/install/arduino_control/lib/arduino_control
[2.134s] Installing realsense script to /home/px/arduino_ws/install/arduino_control/lib/arduino_control
[2.134s] 
[2.134s] Installed /home/px/arduino_ws/build/arduino_control
[2.134s] running install_data
[2.184s] Invoked command in '/home/px/arduino_ws/build/arduino_control' returned '0': PYTHONPATH=/home/px/arduino_ws/build/arduino_control/prefix_override:/home/px/arduino_ws/install/arduino_control/lib/python3.10/site-packages:${PYTHONPATH} /usr/bin/python3 setup.py develop --editable --build-directory /home/px/arduino_ws/build/arduino_control/build --no-deps install_data
