[1.749s] Invoking command in '/home/px/arduino_ws/build/arduino_control': PYTHONPATH=/home/px/arduino_ws/build/arduino_control/prefix_override:/home/px/arduino_ws/install/arduino_control/lib/python3.10/site-packages:${PYTHONPATH} /usr/bin/python3 setup.py develop --editable --build-directory /home/px/arduino_ws/build/arduino_control/build --no-deps install_data
[2.164s] running develop
[2.420s] running egg_info
[2.420s] writing arduino_control.egg-info/PKG-INFO
[2.420s] writing dependency_links to arduino_control.egg-info/dependency_links.txt
[2.420s] writing entry points to arduino_control.egg-info/entry_points.txt
[2.421s] writing requirements to arduino_control.egg-info/requires.txt
[2.421s] writing top-level names to arduino_control.egg-info/top_level.txt
[2.424s] reading manifest file 'arduino_control.egg-info/SOURCES.txt'
[2.425s] writing manifest file 'arduino_control.egg-info/SOURCES.txt'
[2.427s] running build_ext
[2.427s] Creating /home/px/arduino_ws/install/arduino_control/lib/python3.10/site-packages/arduino-control.egg-link (link to .)
[2.429s] Installing arduino_control_node script to /home/px/arduino_ws/install/arduino_control/lib/arduino_control
[2.429s] Installing lidar script to /home/px/arduino_ws/install/arduino_control/lib/arduino_control
[2.429s] Installing minimal_publisher script to /home/px/arduino_ws/install/arduino_control/lib/arduino_control
[2.429s] Installing realsense script to /home/px/arduino_ws/install/arduino_control/lib/arduino_control
[2.430s] 
[2.430s] Installed /home/px/arduino_ws/build/arduino_control
[2.430s] running install_data
[2.468s] Invoked command in '/home/px/arduino_ws/build/arduino_control' returned '0': PYTHONPATH=/home/px/arduino_ws/build/arduino_control/prefix_override:/home/px/arduino_ws/install/arduino_control/lib/python3.10/site-packages:${PYTHONPATH} /usr/bin/python3 setup.py develop --editable --build-directory /home/px/arduino_ws/build/arduino_control/build --no-deps install_data
