[1.685s] DEBUG:colcon:Command line arguments: ['/usr/bin/colcon', 'build', '--symlink-install']
[1.685s] DEBUG:colcon:Parsed command line arguments: Namespace(log_base=None, log_level=None, verb_name='build', build_base='build', install_base='install', merge_install=False, symlink_install=True, test_result_base=None, continue_on_error=False, executor='parallel', parallel_workers=8, event_handlers=None, ignore_user_meta=False, metas=['./colcon.meta'], base_paths=['.'], packages_ignore=None, packages_ignore_regex=None, paths=None, packages_up_to=None, packages_up_to_regex=None, packages_above=None, packages_above_and_dependencies=None, packages_above_depth=None, packages_select_by_dep=None, packages_skip_by_dep=None, packages_skip_up_to=None, packages_select_build_failed=False, packages_skip_build_finished=False, packages_select_test_failures=False, packages_skip_test_passed=False, packages_select=None, packages_skip=None, packages_select_regex=None, packages_skip_regex=None, packages_start=None, packages_end=None, allow_overriding=[], cmake_args=None, cmake_target=None, cmake_target_skip_unavailable=False, cmake_clean_cache=False, cmake_clean_first=False, cmake_force_configure=False, ament_cmake_args=None, catkin_cmake_args=None, catkin_skip_building_tests=False, verb_parser=<colcon_defaults.argument_parser.defaults.DefaultArgumentsDecorator object at 0x7abd781d6800>, verb_extension=<colcon_core.verb.build.BuildVerb object at 0x7abd781d7040>, main=<bound method BuildVerb.main of <colcon_core.verb.build.BuildVerb object at 0x7abd781d7040>>)
[1.759s] Level 1:colcon.colcon_core.package_discovery:discover_packages(colcon_meta) check parameters
[1.760s] Level 1:colcon.colcon_core.package_discovery:discover_packages(recursive) check parameters
[1.760s] Level 1:colcon.colcon_core.package_discovery:discover_packages(ignore) check parameters
[1.760s] Level 1:colcon.colcon_core.package_discovery:discover_packages(path) check parameters
[1.760s] Level 1:colcon.colcon_core.package_discovery:discover_packages(colcon_meta) discover
[1.760s] Level 1:colcon.colcon_core.package_discovery:discover_packages(recursive) discover
[1.760s] INFO:colcon.colcon_core.package_discovery:Crawling recursively for packages in '/home/px/arduino_ws'
[1.760s] Level 1:colcon.colcon_core.package_identification:_identify(.) by extensions ['ignore', 'ignore_ament_install']
[1.760s] Level 1:colcon.colcon_core.package_identification:_identify(.) by extension 'ignore'
[1.760s] Level 1:colcon.colcon_core.package_identification:_identify(.) by extension 'ignore_ament_install'
[1.760s] Level 1:colcon.colcon_core.package_identification:_identify(.) by extensions ['colcon_pkg']
[1.760s] Level 1:colcon.colcon_core.package_identification:_identify(.) by extension 'colcon_pkg'
[1.761s] Level 1:colcon.colcon_core.package_identification:_identify(.) by extensions ['colcon_meta']
[1.761s] Level 1:colcon.colcon_core.package_identification:_identify(.) by extension 'colcon_meta'
[1.761s] Level 1:colcon.colcon_core.package_identification:_identify(.) by extensions ['ros']
[1.761s] Level 1:colcon.colcon_core.package_identification:_identify(.) by extension 'ros'
[1.778s] Level 1:colcon.colcon_core.package_identification:_identify(.) by extensions ['cmake', 'python']
[1.778s] Level 1:colcon.colcon_core.package_identification:_identify(.) by extension 'cmake'
[1.778s] Level 1:colcon.colcon_core.package_identification:_identify(.) by extension 'python'
[1.778s] Level 1:colcon.colcon_core.package_identification:_identify(.) by extensions ['python_setup_py']
[1.778s] Level 1:colcon.colcon_core.package_identification:_identify(.) by extension 'python_setup_py'
[1.778s] Level 1:colcon.colcon_core.package_identification:_identify(build) by extensions ['ignore', 'ignore_ament_install']
[1.778s] Level 1:colcon.colcon_core.package_identification:_identify(build) by extension 'ignore'
[1.779s] Level 1:colcon.colcon_core.package_identification:_identify(build) ignored
[1.779s] Level 1:colcon.colcon_core.package_identification:_identify(install) by extensions ['ignore', 'ignore_ament_install']
[1.779s] Level 1:colcon.colcon_core.package_identification:_identify(install) by extension 'ignore'
[1.779s] Level 1:colcon.colcon_core.package_identification:_identify(install) ignored
[1.779s] Level 1:colcon.colcon_core.package_identification:_identify(log) by extensions ['ignore', 'ignore_ament_install']
[1.779s] Level 1:colcon.colcon_core.package_identification:_identify(log) by extension 'ignore'
[1.779s] Level 1:colcon.colcon_core.package_identification:_identify(log) ignored
[1.779s] Level 1:colcon.colcon_core.package_identification:_identify(src) by extensions ['ignore', 'ignore_ament_install']
[1.780s] Level 1:colcon.colcon_core.package_identification:_identify(src) by extension 'ignore'
[1.780s] Level 1:colcon.colcon_core.package_identification:_identify(src) by extension 'ignore_ament_install'
[1.780s] Level 1:colcon.colcon_core.package_identification:_identify(src) by extensions ['colcon_pkg']
[1.780s] Level 1:colcon.colcon_core.package_identification:_identify(src) by extension 'colcon_pkg'
[1.780s] Level 1:colcon.colcon_core.package_identification:_identify(src) by extensions ['colcon_meta']
[1.780s] Level 1:colcon.colcon_core.package_identification:_identify(src) by extension 'colcon_meta'
[1.780s] Level 1:colcon.colcon_core.package_identification:_identify(src) by extensions ['ros']
[1.780s] Level 1:colcon.colcon_core.package_identification:_identify(src) by extension 'ros'
[1.780s] Level 1:colcon.colcon_core.package_identification:_identify(src) by extensions ['cmake', 'python']
[1.780s] Level 1:colcon.colcon_core.package_identification:_identify(src) by extension 'cmake'
[1.780s] Level 1:colcon.colcon_core.package_identification:_identify(src) by extension 'python'
[1.780s] Level 1:colcon.colcon_core.package_identification:_identify(src) by extensions ['python_setup_py']
[1.780s] Level 1:colcon.colcon_core.package_identification:_identify(src) by extension 'python_setup_py'
[1.781s] Level 1:colcon.colcon_core.package_identification:_identify(src/arduino_control) by extensions ['ignore', 'ignore_ament_install']
[1.781s] Level 1:colcon.colcon_core.package_identification:_identify(src/arduino_control) by extension 'ignore'
[1.781s] Level 1:colcon.colcon_core.package_identification:_identify(src/arduino_control) by extension 'ignore_ament_install'
[1.781s] Level 1:colcon.colcon_core.package_identification:_identify(src/arduino_control) by extensions ['colcon_pkg']
[1.781s] Level 1:colcon.colcon_core.package_identification:_identify(src/arduino_control) by extension 'colcon_pkg'
[1.781s] Level 1:colcon.colcon_core.package_identification:_identify(src/arduino_control) by extensions ['colcon_meta']
[1.781s] Level 1:colcon.colcon_core.package_identification:_identify(src/arduino_control) by extension 'colcon_meta'
[1.781s] Level 1:colcon.colcon_core.package_identification:_identify(src/arduino_control) by extensions ['ros']
[1.781s] Level 1:colcon.colcon_core.package_identification:_identify(src/arduino_control) by extension 'ros'
[1.785s] DEBUG:colcon.colcon_core.package_identification:Package 'src/arduino_control' with type 'ros.ament_python' and name 'arduino_control'
[1.785s] Level 1:colcon.colcon_core.package_identification:_identify(src/my_robot_interfaces) by extensions ['ignore', 'ignore_ament_install']
[1.785s] Level 1:colcon.colcon_core.package_identification:_identify(src/my_robot_interfaces) by extension 'ignore'
[1.785s] Level 1:colcon.colcon_core.package_identification:_identify(src/my_robot_interfaces) by extension 'ignore_ament_install'
[1.785s] Level 1:colcon.colcon_core.package_identification:_identify(src/my_robot_interfaces) by extensions ['colcon_pkg']
[1.785s] Level 1:colcon.colcon_core.package_identification:_identify(src/my_robot_interfaces) by extension 'colcon_pkg'
[1.786s] Level 1:colcon.colcon_core.package_identification:_identify(src/my_robot_interfaces) by extensions ['colcon_meta']
[1.786s] Level 1:colcon.colcon_core.package_identification:_identify(src/my_robot_interfaces) by extension 'colcon_meta'
[1.786s] Level 1:colcon.colcon_core.package_identification:_identify(src/my_robot_interfaces) by extensions ['ros']
[1.786s] Level 1:colcon.colcon_core.package_identification:_identify(src/my_robot_interfaces) by extension 'ros'
[1.787s] DEBUG:colcon.colcon_core.package_identification:Package 'src/my_robot_interfaces' with type 'ros.ament_cmake' and name 'my_robot_interfaces'
[1.787s] Level 1:colcon.colcon_core.package_identification:_identify(src/py_launch_example) by extensions ['ignore', 'ignore_ament_install']
[1.787s] Level 1:colcon.colcon_core.package_identification:_identify(src/py_launch_example) by extension 'ignore'
[1.787s] Level 1:colcon.colcon_core.package_identification:_identify(src/py_launch_example) by extension 'ignore_ament_install'
[1.787s] Level 1:colcon.colcon_core.package_identification:_identify(src/py_launch_example) by extensions ['colcon_pkg']
[1.787s] Level 1:colcon.colcon_core.package_identification:_identify(src/py_launch_example) by extension 'colcon_pkg'
[1.787s] Level 1:colcon.colcon_core.package_identification:_identify(src/py_launch_example) by extensions ['colcon_meta']
[1.787s] Level 1:colcon.colcon_core.package_identification:_identify(src/py_launch_example) by extension 'colcon_meta'
[1.787s] Level 1:colcon.colcon_core.package_identification:_identify(src/py_launch_example) by extensions ['ros']
[1.788s] Level 1:colcon.colcon_core.package_identification:_identify(src/py_launch_example) by extension 'ros'
[1.788s] DEBUG:colcon.colcon_core.package_identification:Package 'src/py_launch_example' with type 'ros.ament_python' and name 'py_launch_example'
[1.788s] Level 1:colcon.colcon_core.package_discovery:discover_packages(recursive) using defaults
[1.788s] Level 1:colcon.colcon_core.package_discovery:discover_packages(ignore) discover
[1.788s] Level 1:colcon.colcon_core.package_discovery:discover_packages(ignore) using defaults
[1.789s] Level 1:colcon.colcon_core.package_discovery:discover_packages(path) discover
[1.789s] Level 1:colcon.colcon_core.package_discovery:discover_packages(path) using defaults
[1.938s] Level 1:colcon.colcon_core.package_discovery:discover_packages(prefix_path) check parameters
[1.938s] Level 1:colcon.colcon_core.package_discovery:discover_packages(prefix_path) discover
[1.987s] DEBUG:colcon.colcon_installed_package_information.package_discovery:Found 3 installed packages in /home/px/arduino_ws/install
[2.024s] DEBUG:colcon.colcon_installed_package_information.package_discovery:Found 1 installed packages in /home/px/ydlidar_ros2_ws/install
[2.052s] DEBUG:colcon.colcon_installed_package_information.package_discovery:Found 407 installed packages in /opt/ros/humble
[2.055s] Level 1:colcon.colcon_core.package_discovery:discover_packages(prefix_path) using defaults
[2.225s] Level 5:colcon.colcon_core.verb:set package 'my_robot_interfaces' build argument 'cmake_args' from command line to 'None'
[2.225s] Level 5:colcon.colcon_core.verb:set package 'my_robot_interfaces' build argument 'cmake_target' from command line to 'None'
[2.225s] Level 5:colcon.colcon_core.verb:set package 'my_robot_interfaces' build argument 'cmake_target_skip_unavailable' from command line to 'False'
[2.225s] Level 5:colcon.colcon_core.verb:set package 'my_robot_interfaces' build argument 'cmake_clean_cache' from command line to 'False'
[2.225s] Level 5:colcon.colcon_core.verb:set package 'my_robot_interfaces' build argument 'cmake_clean_first' from command line to 'False'
[2.225s] Level 5:colcon.colcon_core.verb:set package 'my_robot_interfaces' build argument 'cmake_force_configure' from command line to 'False'
[2.225s] Level 5:colcon.colcon_core.verb:set package 'my_robot_interfaces' build argument 'ament_cmake_args' from command line to 'None'
[2.225s] Level 5:colcon.colcon_core.verb:set package 'my_robot_interfaces' build argument 'catkin_cmake_args' from command line to 'None'
[2.225s] Level 5:colcon.colcon_core.verb:set package 'my_robot_interfaces' build argument 'catkin_skip_building_tests' from command line to 'False'
[2.225s] DEBUG:colcon.colcon_core.verb:Building package 'my_robot_interfaces' with the following arguments: {'ament_cmake_args': None, 'build_base': '/home/px/arduino_ws/build/my_robot_interfaces', 'catkin_cmake_args': None, 'catkin_skip_building_tests': False, 'cmake_args': None, 'cmake_clean_cache': False, 'cmake_clean_first': False, 'cmake_force_configure': False, 'cmake_target': None, 'cmake_target_skip_unavailable': False, 'install_base': '/home/px/arduino_ws/install/my_robot_interfaces', 'merge_install': False, 'path': '/home/px/arduino_ws/src/my_robot_interfaces', 'symlink_install': True, 'test_result_base': None}
[2.250s] Level 5:colcon.colcon_core.verb:set package 'py_launch_example' build argument 'cmake_args' from command line to 'None'
[2.250s] Level 5:colcon.colcon_core.verb:set package 'py_launch_example' build argument 'cmake_target' from command line to 'None'
[2.250s] Level 5:colcon.colcon_core.verb:set package 'py_launch_example' build argument 'cmake_target_skip_unavailable' from command line to 'False'
[2.250s] Level 5:colcon.colcon_core.verb:set package 'py_launch_example' build argument 'cmake_clean_cache' from command line to 'False'
[2.250s] Level 5:colcon.colcon_core.verb:set package 'py_launch_example' build argument 'cmake_clean_first' from command line to 'False'
[2.250s] Level 5:colcon.colcon_core.verb:set package 'py_launch_example' build argument 'cmake_force_configure' from command line to 'False'
[2.250s] Level 5:colcon.colcon_core.verb:set package 'py_launch_example' build argument 'ament_cmake_args' from command line to 'None'
[2.250s] Level 5:colcon.colcon_core.verb:set package 'py_launch_example' build argument 'catkin_cmake_args' from command line to 'None'
[2.250s] Level 5:colcon.colcon_core.verb:set package 'py_launch_example' build argument 'catkin_skip_building_tests' from command line to 'False'
[2.251s] DEBUG:colcon.colcon_core.verb:Building package 'py_launch_example' with the following arguments: {'ament_cmake_args': None, 'build_base': '/home/px/arduino_ws/build/py_launch_example', 'catkin_cmake_args': None, 'catkin_skip_building_tests': False, 'cmake_args': None, 'cmake_clean_cache': False, 'cmake_clean_first': False, 'cmake_force_configure': False, 'cmake_target': None, 'cmake_target_skip_unavailable': False, 'install_base': '/home/px/arduino_ws/install/py_launch_example', 'merge_install': False, 'path': '/home/px/arduino_ws/src/py_launch_example', 'symlink_install': True, 'test_result_base': None}
[2.277s] Level 5:colcon.colcon_core.verb:set package 'arduino_control' build argument 'cmake_args' from command line to 'None'
[2.277s] Level 5:colcon.colcon_core.verb:set package 'arduino_control' build argument 'cmake_target' from command line to 'None'
[2.277s] Level 5:colcon.colcon_core.verb:set package 'arduino_control' build argument 'cmake_target_skip_unavailable' from command line to 'False'
[2.277s] Level 5:colcon.colcon_core.verb:set package 'arduino_control' build argument 'cmake_clean_cache' from command line to 'False'
[2.277s] Level 5:colcon.colcon_core.verb:set package 'arduino_control' build argument 'cmake_clean_first' from command line to 'False'
[2.277s] Level 5:colcon.colcon_core.verb:set package 'arduino_control' build argument 'cmake_force_configure' from command line to 'False'
[2.277s] Level 5:colcon.colcon_core.verb:set package 'arduino_control' build argument 'ament_cmake_args' from command line to 'None'
[2.277s] Level 5:colcon.colcon_core.verb:set package 'arduino_control' build argument 'catkin_cmake_args' from command line to 'None'
[2.277s] Level 5:colcon.colcon_core.verb:set package 'arduino_control' build argument 'catkin_skip_building_tests' from command line to 'False'
[2.277s] DEBUG:colcon.colcon_core.verb:Building package 'arduino_control' with the following arguments: {'ament_cmake_args': None, 'build_base': '/home/px/arduino_ws/build/arduino_control', 'catkin_cmake_args': None, 'catkin_skip_building_tests': False, 'cmake_args': None, 'cmake_clean_cache': False, 'cmake_clean_first': False, 'cmake_force_configure': False, 'cmake_target': None, 'cmake_target_skip_unavailable': False, 'install_base': '/home/px/arduino_ws/install/arduino_control', 'merge_install': False, 'path': '/home/px/arduino_ws/src/arduino_control', 'symlink_install': True, 'test_result_base': None}
[2.310s] INFO:colcon.colcon_core.executor:Executing jobs using 'parallel' executor
[2.346s] DEBUG:colcon.colcon_parallel_executor.executor.parallel:run_until_complete
[2.347s] INFO:colcon.colcon_ros.task.ament_cmake.build:Building ROS package in '/home/px/arduino_ws/src/my_robot_interfaces' with build type 'ament_cmake'
[2.347s] INFO:colcon.colcon_cmake.task.cmake.build:Building CMake package in '/home/px/arduino_ws/src/my_robot_interfaces'
[2.407s] INFO:colcon.colcon_core.plugin_system:Skipping extension 'colcon_core.shell.bat': Not used on non-Windows systems
[2.407s] INFO:colcon.colcon_core.shell:Skip shell extension 'powershell' for command environment: Not usable outside of PowerShell
[2.408s] DEBUG:colcon.colcon_core.shell:Skip shell extension 'dsv' for command environment
[2.558s] INFO:colcon.colcon_ros.task.ament_python.build:Building ROS package in '/home/px/arduino_ws/src/py_launch_example' with build type 'ament_python'
[2.558s] Level 1:colcon.colcon_core.shell:create_environment_hook('py_launch_example', 'ament_prefix_path')
[2.591s] INFO:colcon.colcon_core.shell:Creating environment hook '/home/px/arduino_ws/install/py_launch_example/share/py_launch_example/hook/ament_prefix_path.ps1'
[2.592s] INFO:colcon.colcon_core.shell:Creating environment descriptor '/home/px/arduino_ws/install/py_launch_example/share/py_launch_example/hook/ament_prefix_path.dsv'
[2.593s] INFO:colcon.colcon_core.shell:Creating environment hook '/home/px/arduino_ws/install/py_launch_example/share/py_launch_example/hook/ament_prefix_path.sh'
[2.620s] INFO:colcon.colcon_core.shell:Skip shell extension 'powershell' for command environment: Not usable outside of PowerShell
[2.620s] DEBUG:colcon.colcon_core.shell:Skip shell extension 'dsv' for command environment
[2.734s] DEBUG:colcon.colcon_core.event_handler.log_command:Invoking command in '/home/px/arduino_ws/build/my_robot_interfaces': CMAKE_PREFIX_PATH=${CMAKE_PREFIX_PATH}:/home/px/arduino_ws/install/py_launch_example:/home/px/arduino_ws/install/arduino_control:/opt/ros/humble /usr/bin/cmake --build /home/px/arduino_ws/build/my_robot_interfaces -- -j8 -l8
[3.287s] INFO:colcon.colcon_core.task.python.build:Building Python package in '/home/px/arduino_ws/src/py_launch_example'
[3.337s] INFO:colcon.colcon_core.shell:Skip shell extension 'powershell' for command environment: Not usable outside of PowerShell
[3.338s] DEBUG:colcon.colcon_core.shell:Skip shell extension 'dsv' for command environment
[3.478s] DEBUG:colcon.colcon_core.event_handler.log_command:Invoked command in '/home/px/arduino_ws/build/my_robot_interfaces' returned '0': CMAKE_PREFIX_PATH=${CMAKE_PREFIX_PATH}:/home/px/arduino_ws/install/py_launch_example:/home/px/arduino_ws/install/arduino_control:/opt/ros/humble /usr/bin/cmake --build /home/px/arduino_ws/build/my_robot_interfaces -- -j8 -l8
[3.716s] DEBUG:colcon.colcon_core.event_handler.log_command:Invoking command in '/home/px/arduino_ws/build/my_robot_interfaces': CMAKE_PREFIX_PATH=${CMAKE_PREFIX_PATH}:/home/px/arduino_ws/install/py_launch_example:/home/px/arduino_ws/install/arduino_control:/opt/ros/humble /usr/bin/cmake --install /home/px/arduino_ws/build/my_robot_interfaces
[3.867s] Level 1:colcon.colcon_core.environment:create_environment_scripts_only(my_robot_interfaces)
[3.869s] DEBUG:colcon.colcon_core.event_handler.log_command:Invoked command in '/home/px/arduino_ws/build/my_robot_interfaces' returned '0': CMAKE_PREFIX_PATH=${CMAKE_PREFIX_PATH}:/home/px/arduino_ws/install/py_launch_example:/home/px/arduino_ws/install/arduino_control:/opt/ros/humble /usr/bin/cmake --install /home/px/arduino_ws/build/my_robot_interfaces
[3.903s] Level 1:colcon.colcon_core.environment:checking '/home/px/arduino_ws/install/my_robot_interfaces' for CMake module files
[3.904s] Level 1:colcon.colcon_core.environment:checking '/home/px/arduino_ws/install/my_robot_interfaces' for CMake config files
[3.904s] Level 1:colcon.colcon_core.shell:create_environment_hook('my_robot_interfaces', 'cmake_prefix_path')
[3.931s] INFO:colcon.colcon_core.shell:Creating environment hook '/home/px/arduino_ws/install/my_robot_interfaces/share/my_robot_interfaces/hook/cmake_prefix_path.ps1'
[3.932s] INFO:colcon.colcon_core.shell:Creating environment descriptor '/home/px/arduino_ws/install/my_robot_interfaces/share/my_robot_interfaces/hook/cmake_prefix_path.dsv'
[3.932s] INFO:colcon.colcon_core.shell:Creating environment hook '/home/px/arduino_ws/install/my_robot_interfaces/share/my_robot_interfaces/hook/cmake_prefix_path.sh'
[3.933s] Level 1:colcon.colcon_core.environment:checking '/home/px/arduino_ws/install/my_robot_interfaces/lib'
[3.934s] Level 1:colcon.colcon_core.shell:create_environment_hook('my_robot_interfaces', 'ld_library_path_lib')
[3.961s] INFO:colcon.colcon_core.shell:Creating environment hook '/home/px/arduino_ws/install/my_robot_interfaces/share/my_robot_interfaces/hook/ld_library_path_lib.ps1'
[3.962s] INFO:colcon.colcon_core.shell:Creating environment descriptor '/home/px/arduino_ws/install/my_robot_interfaces/share/my_robot_interfaces/hook/ld_library_path_lib.dsv'
[3.963s] INFO:colcon.colcon_core.shell:Creating environment hook '/home/px/arduino_ws/install/my_robot_interfaces/share/my_robot_interfaces/hook/ld_library_path_lib.sh'
[3.964s] Level 1:colcon.colcon_core.environment:checking '/home/px/arduino_ws/install/my_robot_interfaces/bin'
[3.964s] Level 1:colcon.colcon_core.environment:checking '/home/px/arduino_ws/install/my_robot_interfaces/lib/pkgconfig/my_robot_interfaces.pc'
[3.965s] Level 1:colcon.colcon_core.environment:checking '/home/px/arduino_ws/install/my_robot_interfaces/lib/python3.10/site-packages'
[3.965s] Level 1:colcon.colcon_core.environment:checking '/home/px/arduino_ws/install/my_robot_interfaces/bin'
[3.994s] INFO:colcon.colcon_core.shell:Creating package script '/home/px/arduino_ws/install/my_robot_interfaces/share/my_robot_interfaces/package.ps1'
[3.996s] INFO:colcon.colcon_core.shell:Creating package descriptor '/home/px/arduino_ws/install/my_robot_interfaces/share/my_robot_interfaces/package.dsv'
[3.997s] INFO:colcon.colcon_core.shell:Creating package script '/home/px/arduino_ws/install/my_robot_interfaces/share/my_robot_interfaces/package.sh'
[3.998s] INFO:colcon.colcon_core.shell:Creating package script '/home/px/arduino_ws/install/my_robot_interfaces/share/my_robot_interfaces/package.bash'
[3.999s] INFO:colcon.colcon_core.shell:Creating package script '/home/px/arduino_ws/install/my_robot_interfaces/share/my_robot_interfaces/package.zsh'
[4.000s] Level 1:colcon.colcon_core.environment:create_file_with_runtime_dependencies(/home/px/arduino_ws/install/my_robot_interfaces/share/colcon-core/packages/my_robot_interfaces)
[4.146s] DEBUG:colcon.colcon_core.event_handler.log_command:Invoking command in '/home/px/arduino_ws/build/py_launch_example': PYTHONPATH=/home/px/arduino_ws/build/py_launch_example/prefix_override:/home/px/arduino_ws/install/py_launch_example/lib/python3.10/site-packages:${PYTHONPATH} /usr/bin/python3 setup.py develop --editable --build-directory /home/px/arduino_ws/build/py_launch_example/build --no-deps install_data
[4.225s] Level 1:colcon.colcon_core.environment:create_environment_scripts_only(my_robot_interfaces)
[4.256s] Level 1:colcon.colcon_core.environment:checking '/home/px/arduino_ws/install/my_robot_interfaces' for CMake module files
[4.257s] Level 1:colcon.colcon_core.environment:checking '/home/px/arduino_ws/install/my_robot_interfaces' for CMake config files
[4.258s] Level 1:colcon.colcon_core.shell:create_environment_hook('my_robot_interfaces', 'cmake_prefix_path')
[4.311s] INFO:colcon.colcon_core.shell:Creating environment hook '/home/px/arduino_ws/install/my_robot_interfaces/share/my_robot_interfaces/hook/cmake_prefix_path.ps1'
[4.313s] INFO:colcon.colcon_core.shell:Creating environment descriptor '/home/px/arduino_ws/install/my_robot_interfaces/share/my_robot_interfaces/hook/cmake_prefix_path.dsv'
[4.313s] INFO:colcon.colcon_core.shell:Creating environment hook '/home/px/arduino_ws/install/my_robot_interfaces/share/my_robot_interfaces/hook/cmake_prefix_path.sh'
[4.314s] Level 1:colcon.colcon_core.environment:checking '/home/px/arduino_ws/install/my_robot_interfaces/lib'
[4.315s] Level 1:colcon.colcon_core.shell:create_environment_hook('my_robot_interfaces', 'ld_library_path_lib')
[4.366s] INFO:colcon.colcon_core.shell:Creating environment hook '/home/px/arduino_ws/install/my_robot_interfaces/share/my_robot_interfaces/hook/ld_library_path_lib.ps1'
[4.368s] INFO:colcon.colcon_core.shell:Creating environment descriptor '/home/px/arduino_ws/install/my_robot_interfaces/share/my_robot_interfaces/hook/ld_library_path_lib.dsv'
[4.370s] INFO:colcon.colcon_core.shell:Creating environment hook '/home/px/arduino_ws/install/my_robot_interfaces/share/my_robot_interfaces/hook/ld_library_path_lib.sh'
[4.371s] Level 1:colcon.colcon_core.environment:checking '/home/px/arduino_ws/install/my_robot_interfaces/bin'
[4.372s] Level 1:colcon.colcon_core.environment:checking '/home/px/arduino_ws/install/my_robot_interfaces/lib/pkgconfig/my_robot_interfaces.pc'
[4.373s] Level 1:colcon.colcon_core.environment:checking '/home/px/arduino_ws/install/my_robot_interfaces/lib/python3.10/site-packages'
[4.374s] Level 1:colcon.colcon_core.environment:checking '/home/px/arduino_ws/install/my_robot_interfaces/bin'
[4.428s] INFO:colcon.colcon_core.shell:Creating package script '/home/px/arduino_ws/install/my_robot_interfaces/share/my_robot_interfaces/package.ps1'
[4.430s] INFO:colcon.colcon_core.shell:Creating package descriptor '/home/px/arduino_ws/install/my_robot_interfaces/share/my_robot_interfaces/package.dsv'
[4.431s] INFO:colcon.colcon_core.shell:Creating package script '/home/px/arduino_ws/install/my_robot_interfaces/share/my_robot_interfaces/package.sh'
[4.432s] INFO:colcon.colcon_core.shell:Creating package script '/home/px/arduino_ws/install/my_robot_interfaces/share/my_robot_interfaces/package.bash'
[4.432s] INFO:colcon.colcon_core.shell:Creating package script '/home/px/arduino_ws/install/my_robot_interfaces/share/my_robot_interfaces/package.zsh'
[4.433s] Level 1:colcon.colcon_core.environment:create_file_with_runtime_dependencies(/home/px/arduino_ws/install/my_robot_interfaces/share/colcon-core/packages/my_robot_interfaces)
[4.434s] INFO:colcon.colcon_ros.task.ament_python.build:Building ROS package in '/home/px/arduino_ws/src/arduino_control' with build type 'ament_python'
[4.434s] Level 1:colcon.colcon_core.shell:create_environment_hook('arduino_control', 'ament_prefix_path')
[4.505s] INFO:colcon.colcon_core.shell:Creating environment hook '/home/px/arduino_ws/install/arduino_control/share/arduino_control/hook/ament_prefix_path.ps1'
[4.506s] INFO:colcon.colcon_core.shell:Creating environment descriptor '/home/px/arduino_ws/install/arduino_control/share/arduino_control/hook/ament_prefix_path.dsv'
[4.507s] INFO:colcon.colcon_core.shell:Creating environment hook '/home/px/arduino_ws/install/arduino_control/share/arduino_control/hook/ament_prefix_path.sh'
[4.558s] INFO:colcon.colcon_core.shell:Skip shell extension 'powershell' for command environment: Not usable outside of PowerShell
[4.558s] DEBUG:colcon.colcon_core.shell:Skip shell extension 'dsv' for command environment
[5.395s] INFO:colcon.colcon_core.task.python.build:Building Python package in '/home/px/arduino_ws/src/arduino_control'
[5.436s] INFO:colcon.colcon_core.shell:Skip shell extension 'powershell' for command environment: Not usable outside of PowerShell
[5.437s] DEBUG:colcon.colcon_core.shell:Skip shell extension 'dsv' for command environment
[5.636s] Level 1:colcon.colcon_core.shell:create_environment_hook('py_launch_example', 'pythonpath_develop')
[5.638s] DEBUG:colcon.colcon_core.event_handler.log_command:Invoked command in '/home/px/arduino_ws/build/py_launch_example' returned '0': PYTHONPATH=/home/px/arduino_ws/build/py_launch_example/prefix_override:/home/px/arduino_ws/install/py_launch_example/lib/python3.10/site-packages:${PYTHONPATH} /usr/bin/python3 setup.py develop --editable --build-directory /home/px/arduino_ws/build/py_launch_example/build --no-deps install_data
[5.684s] INFO:colcon.colcon_core.shell:Creating environment hook '/home/px/arduino_ws/build/py_launch_example/share/py_launch_example/hook/pythonpath_develop.ps1'
[5.686s] INFO:colcon.colcon_core.shell:Creating environment descriptor '/home/px/arduino_ws/build/py_launch_example/share/py_launch_example/hook/pythonpath_develop.dsv'
[5.686s] INFO:colcon.colcon_core.shell:Creating environment hook '/home/px/arduino_ws/build/py_launch_example/share/py_launch_example/hook/pythonpath_develop.sh'
[5.717s] Level 1:colcon.colcon_core.environment:checking '/home/px/arduino_ws/install/py_launch_example' for CMake module files
[5.718s] Level 1:colcon.colcon_core.environment:checking '/home/px/arduino_ws/install/py_launch_example' for CMake config files
[5.718s] Level 1:colcon.colcon_core.environment:checking '/home/px/arduino_ws/install/py_launch_example/lib'
[5.719s] Level 1:colcon.colcon_core.environment:checking '/home/px/arduino_ws/install/py_launch_example/bin'
[5.719s] Level 1:colcon.colcon_core.environment:checking '/home/px/arduino_ws/install/py_launch_example/lib/pkgconfig/py_launch_example.pc'
[5.719s] Level 1:colcon.colcon_core.environment:checking '/home/px/arduino_ws/install/py_launch_example/lib/python3.10/site-packages'
[5.719s] Level 1:colcon.colcon_core.shell:create_environment_hook('py_launch_example', 'pythonpath')
[5.758s] INFO:colcon.colcon_core.shell:Creating environment hook '/home/px/arduino_ws/install/py_launch_example/share/py_launch_example/hook/pythonpath.ps1'
[5.759s] INFO:colcon.colcon_core.shell:Creating environment descriptor '/home/px/arduino_ws/install/py_launch_example/share/py_launch_example/hook/pythonpath.dsv'
[5.761s] INFO:colcon.colcon_core.shell:Creating environment hook '/home/px/arduino_ws/install/py_launch_example/share/py_launch_example/hook/pythonpath.sh'
[5.762s] Level 1:colcon.colcon_core.environment:checking '/home/px/arduino_ws/install/py_launch_example/bin'
[5.762s] Level 1:colcon.colcon_core.environment:create_environment_scripts_only(py_launch_example)
[5.814s] INFO:colcon.colcon_core.shell:Creating package script '/home/px/arduino_ws/install/py_launch_example/share/py_launch_example/package.ps1'
[5.816s] INFO:colcon.colcon_core.shell:Creating package descriptor '/home/px/arduino_ws/install/py_launch_example/share/py_launch_example/package.dsv'
[5.817s] INFO:colcon.colcon_core.shell:Creating package script '/home/px/arduino_ws/install/py_launch_example/share/py_launch_example/package.sh'
[5.818s] INFO:colcon.colcon_core.shell:Creating package script '/home/px/arduino_ws/install/py_launch_example/share/py_launch_example/package.bash'
[5.819s] INFO:colcon.colcon_core.shell:Creating package script '/home/px/arduino_ws/install/py_launch_example/share/py_launch_example/package.zsh'
[5.819s] Level 1:colcon.colcon_core.environment:create_file_with_runtime_dependencies(/home/px/arduino_ws/install/py_launch_example/share/colcon-core/packages/py_launch_example)
[6.692s] DEBUG:colcon.colcon_core.event_handler.log_command:Invoking command in '/home/px/arduino_ws/build/arduino_control': PYTHONPATH=/home/px/arduino_ws/build/arduino_control/prefix_override:/home/px/arduino_ws/install/arduino_control/lib/python3.10/site-packages:${PYTHONPATH} /usr/bin/python3 setup.py develop --editable --build-directory /home/px/arduino_ws/build/arduino_control/build --no-deps install_data
[7.535s] Level 1:colcon.colcon_core.shell:create_environment_hook('arduino_control', 'pythonpath_develop')
[7.536s] DEBUG:colcon.colcon_core.event_handler.log_command:Invoked command in '/home/px/arduino_ws/build/arduino_control' returned '0': PYTHONPATH=/home/px/arduino_ws/build/arduino_control/prefix_override:/home/px/arduino_ws/install/arduino_control/lib/python3.10/site-packages:${PYTHONPATH} /usr/bin/python3 setup.py develop --editable --build-directory /home/px/arduino_ws/build/arduino_control/build --no-deps install_data
[7.580s] INFO:colcon.colcon_core.shell:Creating environment hook '/home/px/arduino_ws/build/arduino_control/share/arduino_control/hook/pythonpath_develop.ps1'
[7.581s] INFO:colcon.colcon_core.shell:Creating environment descriptor '/home/px/arduino_ws/build/arduino_control/share/arduino_control/hook/pythonpath_develop.dsv'
[7.582s] INFO:colcon.colcon_core.shell:Creating environment hook '/home/px/arduino_ws/build/arduino_control/share/arduino_control/hook/pythonpath_develop.sh'
[7.615s] Level 1:colcon.colcon_core.environment:checking '/home/px/arduino_ws/install/arduino_control' for CMake module files
[7.615s] Level 1:colcon.colcon_core.environment:checking '/home/px/arduino_ws/install/arduino_control' for CMake config files
[7.616s] Level 1:colcon.colcon_core.environment:checking '/home/px/arduino_ws/install/arduino_control/lib'
[7.616s] Level 1:colcon.colcon_core.environment:checking '/home/px/arduino_ws/install/arduino_control/bin'
[7.616s] Level 1:colcon.colcon_core.environment:checking '/home/px/arduino_ws/install/arduino_control/lib/pkgconfig/arduino_control.pc'
[7.617s] Level 1:colcon.colcon_core.environment:checking '/home/px/arduino_ws/install/arduino_control/lib/python3.10/site-packages'
[7.617s] Level 1:colcon.colcon_core.shell:create_environment_hook('arduino_control', 'pythonpath')
[7.643s] INFO:colcon.colcon_core.shell:Creating environment hook '/home/px/arduino_ws/install/arduino_control/share/arduino_control/hook/pythonpath.ps1'
[7.644s] INFO:colcon.colcon_core.shell:Creating environment descriptor '/home/px/arduino_ws/install/arduino_control/share/arduino_control/hook/pythonpath.dsv'
[7.644s] INFO:colcon.colcon_core.shell:Creating environment hook '/home/px/arduino_ws/install/arduino_control/share/arduino_control/hook/pythonpath.sh'
[7.645s] Level 1:colcon.colcon_core.environment:checking '/home/px/arduino_ws/install/arduino_control/bin'
[7.645s] Level 1:colcon.colcon_core.environment:create_environment_scripts_only(arduino_control)
[7.670s] INFO:colcon.colcon_core.shell:Creating package script '/home/px/arduino_ws/install/arduino_control/share/arduino_control/package.ps1'
[7.671s] INFO:colcon.colcon_core.shell:Creating package descriptor '/home/px/arduino_ws/install/arduino_control/share/arduino_control/package.dsv'
[7.671s] INFO:colcon.colcon_core.shell:Creating package script '/home/px/arduino_ws/install/arduino_control/share/arduino_control/package.sh'
[7.672s] INFO:colcon.colcon_core.shell:Creating package script '/home/px/arduino_ws/install/arduino_control/share/arduino_control/package.bash'
[7.672s] INFO:colcon.colcon_core.shell:Creating package script '/home/px/arduino_ws/install/arduino_control/share/arduino_control/package.zsh'
[7.673s] Level 1:colcon.colcon_core.environment:create_file_with_runtime_dependencies(/home/px/arduino_ws/install/arduino_control/share/colcon-core/packages/arduino_control)
[7.673s] DEBUG:colcon.colcon_parallel_executor.executor.parallel:closing loop
[7.674s] DEBUG:colcon.colcon_parallel_executor.executor.parallel:loop closed
[7.674s] DEBUG:colcon.colcon_parallel_executor.executor.parallel:run_until_complete finished with '0'
[7.674s] DEBUG:colcon.colcon_core.event_reactor:joining thread
[7.710s] INFO:colcon.colcon_core.plugin_system:Skipping extension 'colcon_notification.desktop_notification.terminal_notifier': Not used on non-Darwin systems
[7.710s] INFO:colcon.colcon_core.plugin_system:Skipping extension 'colcon_notification.desktop_notification.win32': Not used on non-Windows systems
[7.710s] INFO:colcon.colcon_notification.desktop_notification:Sending desktop notification using 'notify2'
[7.730s] DEBUG:colcon.colcon_core.event_reactor:joined thread
[7.770s] INFO:colcon.colcon_core.shell:Creating prefix script '/home/px/arduino_ws/install/local_setup.ps1'
[7.772s] INFO:colcon.colcon_core.shell:Creating prefix util module '/home/px/arduino_ws/install/_local_setup_util_ps1.py'
[7.774s] INFO:colcon.colcon_core.shell:Creating prefix chain script '/home/px/arduino_ws/install/setup.ps1'
[7.808s] INFO:colcon.colcon_core.shell:Creating prefix script '/home/px/arduino_ws/install/local_setup.sh'
[7.808s] INFO:colcon.colcon_core.shell:Creating prefix util module '/home/px/arduino_ws/install/_local_setup_util_sh.py'
[7.809s] INFO:colcon.colcon_core.shell:Creating prefix chain script '/home/px/arduino_ws/install/setup.sh'
[7.842s] INFO:colcon.colcon_core.shell:Creating prefix script '/home/px/arduino_ws/install/local_setup.bash'
[7.843s] INFO:colcon.colcon_core.shell:Creating prefix chain script '/home/px/arduino_ws/install/setup.bash'
[7.878s] INFO:colcon.colcon_core.shell:Creating prefix script '/home/px/arduino_ws/install/local_setup.zsh'
[7.879s] INFO:colcon.colcon_core.shell:Creating prefix chain script '/home/px/arduino_ws/install/setup.zsh'
