[1.801s] Invoking command in '/home/px/arduino_ws/build/arduino_control': PYTHONPATH=/home/px/arduino_ws/build/arduino_control/prefix_override:/home/px/arduino_ws/install/arduino_control/lib/python3.10/site-packages:${PYTHONPATH} /usr/bin/python3 setup.py develop --editable --build-directory /home/px/arduino_ws/build/arduino_control/build --no-deps install_data
[2.258s] running develop
[2.555s] running egg_info
[2.555s] writing arduino_control.egg-info/PKG-INFO
[2.555s] writing dependency_links to arduino_control.egg-info/dependency_links.txt
[2.556s] writing entry points to arduino_control.egg-info/entry_points.txt
[2.556s] writing requirements to arduino_control.egg-info/requires.txt
[2.556s] writing top-level names to arduino_control.egg-info/top_level.txt
[2.559s] reading manifest file 'arduino_control.egg-info/SOURCES.txt'
[2.560s] writing manifest file 'arduino_control.egg-info/SOURCES.txt'
[2.562s] running build_ext
[2.562s] Creating /home/px/arduino_ws/install/arduino_control/lib/python3.10/site-packages/arduino-control.egg-link (link to .)
[2.563s] Installing joystick script to /home/px/arduino_ws/install/arduino_control/lib/arduino_control
[2.563s] Installing joystick_control script to /home/px/arduino_ws/install/arduino_control/lib/arduino_control
[2.564s] Installing lidar script to /home/px/arduino_ws/install/arduino_control/lib/arduino_control
[2.564s] Installing locomotion_control script to /home/px/arduino_ws/install/arduino_control/lib/arduino_control
[2.564s] Installing minimal_publisher script to /home/px/arduino_ws/install/arduino_control/lib/arduino_control
[2.564s] Installing obstacle_avoidance script to /home/px/arduino_ws/install/arduino_control/lib/arduino_control
[2.564s] Installing realsense script to /home/px/arduino_ws/install/arduino_control/lib/arduino_control
[2.564s] 
[2.564s] Installed /home/px/arduino_ws/build/arduino_control
[2.564s] running install_data
[2.610s] Invoked command in '/home/px/arduino_ws/build/arduino_control' returned '0': PYTHONPATH=/home/px/arduino_ws/build/arduino_control/prefix_override:/home/px/arduino_ws/install/arduino_control/lib/python3.10/site-packages:${PYTHONPATH} /usr/bin/python3 setup.py develop --editable --build-directory /home/px/arduino_ws/build/arduino_control/build --no-deps install_data
