[1.725s] DEBUG:colcon:Command line arguments: ['/usr/bin/colcon', 'build', '--symlink-install']
[1.725s] DEBUG:colcon:Parsed command line arguments: Namespace(log_base=None, log_level=None, verb_name='build', build_base='build', install_base='install', merge_install=False, symlink_install=True, test_result_base=None, continue_on_error=False, executor='parallel', parallel_workers=8, event_handlers=None, ignore_user_meta=False, metas=['./colcon.meta'], base_paths=['.'], packages_ignore=None, packages_ignore_regex=None, paths=None, packages_up_to=None, packages_up_to_regex=None, packages_above=None, packages_above_and_dependencies=None, packages_above_depth=None, packages_select_by_dep=None, packages_skip_by_dep=None, packages_skip_up_to=None, packages_select_build_failed=False, packages_skip_build_finished=False, packages_select_test_failures=False, packages_skip_test_passed=False, packages_select=None, packages_skip=None, packages_select_regex=None, packages_skip_regex=None, packages_start=None, packages_end=None, allow_overriding=[], cmake_args=None, cmake_target=None, cmake_target_skip_unavailable=False, cmake_clean_cache=False, cmake_clean_first=False, cmake_force_configure=False, ament_cmake_args=None, catkin_cmake_args=None, catkin_skip_building_tests=False, verb_parser=<colcon_defaults.argument_parser.defaults.DefaultArgumentsDecorator object at 0x7d87a1b86830>, verb_extension=<colcon_core.verb.build.BuildVerb object at 0x7d87a1b87070>, main=<bound method BuildVerb.main of <colcon_core.verb.build.BuildVerb object at 0x7d87a1b87070>>)
[1.805s] Level 1:colcon.colcon_core.package_discovery:discover_packages(colcon_meta) check parameters
[1.805s] Level 1:colcon.colcon_core.package_discovery:discover_packages(recursive) check parameters
[1.805s] Level 1:colcon.colcon_core.package_discovery:discover_packages(ignore) check parameters
[1.805s] Level 1:colcon.colcon_core.package_discovery:discover_packages(path) check parameters
[1.805s] Level 1:colcon.colcon_core.package_discovery:discover_packages(colcon_meta) discover
[1.805s] Level 1:colcon.colcon_core.package_discovery:discover_packages(recursive) discover
[1.805s] INFO:colcon.colcon_core.package_discovery:Crawling recursively for packages in '/home/px/arduino_ws'
[1.806s] Level 1:colcon.colcon_core.package_identification:_identify(.) by extensions ['ignore', 'ignore_ament_install']
[1.806s] Level 1:colcon.colcon_core.package_identification:_identify(.) by extension 'ignore'
[1.806s] Level 1:colcon.colcon_core.package_identification:_identify(.) by extension 'ignore_ament_install'
[1.806s] Level 1:colcon.colcon_core.package_identification:_identify(.) by extensions ['colcon_pkg']
[1.806s] Level 1:colcon.colcon_core.package_identification:_identify(.) by extension 'colcon_pkg'
[1.806s] Level 1:colcon.colcon_core.package_identification:_identify(.) by extensions ['colcon_meta']
[1.806s] Level 1:colcon.colcon_core.package_identification:_identify(.) by extension 'colcon_meta'
[1.806s] Level 1:colcon.colcon_core.package_identification:_identify(.) by extensions ['ros']
[1.806s] Level 1:colcon.colcon_core.package_identification:_identify(.) by extension 'ros'
[1.825s] Level 1:colcon.colcon_core.package_identification:_identify(.) by extensions ['cmake', 'python']
[1.825s] Level 1:colcon.colcon_core.package_identification:_identify(.) by extension 'cmake'
[1.825s] Level 1:colcon.colcon_core.package_identification:_identify(.) by extension 'python'
[1.825s] Level 1:colcon.colcon_core.package_identification:_identify(.) by extensions ['python_setup_py']
[1.825s] Level 1:colcon.colcon_core.package_identification:_identify(.) by extension 'python_setup_py'
[1.826s] Level 1:colcon.colcon_core.package_identification:_identify(build) by extensions ['ignore', 'ignore_ament_install']
[1.826s] Level 1:colcon.colcon_core.package_identification:_identify(build) by extension 'ignore'
[1.826s] Level 1:colcon.colcon_core.package_identification:_identify(build) ignored
[1.826s] Level 1:colcon.colcon_core.package_identification:_identify(install) by extensions ['ignore', 'ignore_ament_install']
[1.826s] Level 1:colcon.colcon_core.package_identification:_identify(install) by extension 'ignore'
[1.826s] Level 1:colcon.colcon_core.package_identification:_identify(install) ignored
[1.826s] Level 1:colcon.colcon_core.package_identification:_identify(log) by extensions ['ignore', 'ignore_ament_install']
[1.827s] Level 1:colcon.colcon_core.package_identification:_identify(log) by extension 'ignore'
[1.827s] Level 1:colcon.colcon_core.package_identification:_identify(log) ignored
[1.827s] Level 1:colcon.colcon_core.package_identification:_identify(src) by extensions ['ignore', 'ignore_ament_install']
[1.827s] Level 1:colcon.colcon_core.package_identification:_identify(src) by extension 'ignore'
[1.827s] Level 1:colcon.colcon_core.package_identification:_identify(src) by extension 'ignore_ament_install'
[1.827s] Level 1:colcon.colcon_core.package_identification:_identify(src) by extensions ['colcon_pkg']
[1.827s] Level 1:colcon.colcon_core.package_identification:_identify(src) by extension 'colcon_pkg'
[1.827s] Level 1:colcon.colcon_core.package_identification:_identify(src) by extensions ['colcon_meta']
[1.827s] Level 1:colcon.colcon_core.package_identification:_identify(src) by extension 'colcon_meta'
[1.827s] Level 1:colcon.colcon_core.package_identification:_identify(src) by extensions ['ros']
[1.827s] Level 1:colcon.colcon_core.package_identification:_identify(src) by extension 'ros'
[1.827s] Level 1:colcon.colcon_core.package_identification:_identify(src) by extensions ['cmake', 'python']
[1.828s] Level 1:colcon.colcon_core.package_identification:_identify(src) by extension 'cmake'
[1.828s] Level 1:colcon.colcon_core.package_identification:_identify(src) by extension 'python'
[1.828s] Level 1:colcon.colcon_core.package_identification:_identify(src) by extensions ['python_setup_py']
[1.828s] Level 1:colcon.colcon_core.package_identification:_identify(src) by extension 'python_setup_py'
[1.828s] Level 1:colcon.colcon_core.package_identification:_identify(src/arduino_control) by extensions ['ignore', 'ignore_ament_install']
[1.828s] Level 1:colcon.colcon_core.package_identification:_identify(src/arduino_control) by extension 'ignore'
[1.828s] Level 1:colcon.colcon_core.package_identification:_identify(src/arduino_control) by extension 'ignore_ament_install'
[1.828s] Level 1:colcon.colcon_core.package_identification:_identify(src/arduino_control) by extensions ['colcon_pkg']
[1.828s] Level 1:colcon.colcon_core.package_identification:_identify(src/arduino_control) by extension 'colcon_pkg'
[1.828s] Level 1:colcon.colcon_core.package_identification:_identify(src/arduino_control) by extensions ['colcon_meta']
[1.828s] Level 1:colcon.colcon_core.package_identification:_identify(src/arduino_control) by extension 'colcon_meta'
[1.828s] Level 1:colcon.colcon_core.package_identification:_identify(src/arduino_control) by extensions ['ros']
[1.828s] Level 1:colcon.colcon_core.package_identification:_identify(src/arduino_control) by extension 'ros'
[1.832s] DEBUG:colcon.colcon_core.package_identification:Package 'src/arduino_control' with type 'ros.ament_python' and name 'arduino_control'
[1.832s] Level 1:colcon.colcon_core.package_identification:_identify(src/my_robot_interfaces) by extensions ['ignore', 'ignore_ament_install']
[1.832s] Level 1:colcon.colcon_core.package_identification:_identify(src/my_robot_interfaces) by extension 'ignore'
[1.833s] Level 1:colcon.colcon_core.package_identification:_identify(src/my_robot_interfaces) by extension 'ignore_ament_install'
[1.833s] Level 1:colcon.colcon_core.package_identification:_identify(src/my_robot_interfaces) by extensions ['colcon_pkg']
[1.833s] Level 1:colcon.colcon_core.package_identification:_identify(src/my_robot_interfaces) by extension 'colcon_pkg'
[1.833s] Level 1:colcon.colcon_core.package_identification:_identify(src/my_robot_interfaces) by extensions ['colcon_meta']
[1.833s] Level 1:colcon.colcon_core.package_identification:_identify(src/my_robot_interfaces) by extension 'colcon_meta'
[1.833s] Level 1:colcon.colcon_core.package_identification:_identify(src/my_robot_interfaces) by extensions ['ros']
[1.833s] Level 1:colcon.colcon_core.package_identification:_identify(src/my_robot_interfaces) by extension 'ros'
[1.834s] DEBUG:colcon.colcon_core.package_identification:Package 'src/my_robot_interfaces' with type 'ros.ament_cmake' and name 'my_robot_interfaces'
[1.834s] Level 1:colcon.colcon_core.package_identification:_identify(src/py_launch_example) by extensions ['ignore', 'ignore_ament_install']
[1.834s] Level 1:colcon.colcon_core.package_identification:_identify(src/py_launch_example) by extension 'ignore'
[1.834s] Level 1:colcon.colcon_core.package_identification:_identify(src/py_launch_example) by extension 'ignore_ament_install'
[1.834s] Level 1:colcon.colcon_core.package_identification:_identify(src/py_launch_example) by extensions ['colcon_pkg']
[1.834s] Level 1:colcon.colcon_core.package_identification:_identify(src/py_launch_example) by extension 'colcon_pkg'
[1.835s] Level 1:colcon.colcon_core.package_identification:_identify(src/py_launch_example) by extensions ['colcon_meta']
[1.835s] Level 1:colcon.colcon_core.package_identification:_identify(src/py_launch_example) by extension 'colcon_meta'
[1.835s] Level 1:colcon.colcon_core.package_identification:_identify(src/py_launch_example) by extensions ['ros']
[1.835s] Level 1:colcon.colcon_core.package_identification:_identify(src/py_launch_example) by extension 'ros'
[1.835s] DEBUG:colcon.colcon_core.package_identification:Package 'src/py_launch_example' with type 'ros.ament_python' and name 'py_launch_example'
[1.835s] Level 1:colcon.colcon_core.package_discovery:discover_packages(recursive) using defaults
[1.835s] Level 1:colcon.colcon_core.package_discovery:discover_packages(ignore) discover
[1.836s] Level 1:colcon.colcon_core.package_discovery:discover_packages(ignore) using defaults
[1.836s] Level 1:colcon.colcon_core.package_discovery:discover_packages(path) discover
[1.836s] Level 1:colcon.colcon_core.package_discovery:discover_packages(path) using defaults
[1.990s] Level 1:colcon.colcon_core.package_discovery:discover_packages(prefix_path) check parameters
[1.990s] Level 1:colcon.colcon_core.package_discovery:discover_packages(prefix_path) discover
[2.043s] DEBUG:colcon.colcon_installed_package_information.package_discovery:Found 1 installed packages in /home/px/ydlidar_ros2_ws/install
[2.081s] DEBUG:colcon.colcon_installed_package_information.package_discovery:Found 3 installed packages in /home/px/arduino_ws/install
[2.110s] DEBUG:colcon.colcon_installed_package_information.package_discovery:Found 407 installed packages in /opt/ros/humble
[2.113s] Level 1:colcon.colcon_core.package_discovery:discover_packages(prefix_path) using defaults
[2.288s] Level 5:colcon.colcon_core.verb:set package 'my_robot_interfaces' build argument 'cmake_args' from command line to 'None'
[2.288s] Level 5:colcon.colcon_core.verb:set package 'my_robot_interfaces' build argument 'cmake_target' from command line to 'None'
[2.288s] Level 5:colcon.colcon_core.verb:set package 'my_robot_interfaces' build argument 'cmake_target_skip_unavailable' from command line to 'False'
[2.288s] Level 5:colcon.colcon_core.verb:set package 'my_robot_interfaces' build argument 'cmake_clean_cache' from command line to 'False'
[2.288s] Level 5:colcon.colcon_core.verb:set package 'my_robot_interfaces' build argument 'cmake_clean_first' from command line to 'False'
[2.288s] Level 5:colcon.colcon_core.verb:set package 'my_robot_interfaces' build argument 'cmake_force_configure' from command line to 'False'
[2.288s] Level 5:colcon.colcon_core.verb:set package 'my_robot_interfaces' build argument 'ament_cmake_args' from command line to 'None'
[2.288s] Level 5:colcon.colcon_core.verb:set package 'my_robot_interfaces' build argument 'catkin_cmake_args' from command line to 'None'
[2.288s] Level 5:colcon.colcon_core.verb:set package 'my_robot_interfaces' build argument 'catkin_skip_building_tests' from command line to 'False'
[2.288s] DEBUG:colcon.colcon_core.verb:Building package 'my_robot_interfaces' with the following arguments: {'ament_cmake_args': None, 'build_base': '/home/px/arduino_ws/build/my_robot_interfaces', 'catkin_cmake_args': None, 'catkin_skip_building_tests': False, 'cmake_args': None, 'cmake_clean_cache': False, 'cmake_clean_first': False, 'cmake_force_configure': False, 'cmake_target': None, 'cmake_target_skip_unavailable': False, 'install_base': '/home/px/arduino_ws/install/my_robot_interfaces', 'merge_install': False, 'path': '/home/px/arduino_ws/src/my_robot_interfaces', 'symlink_install': True, 'test_result_base': None}
[2.316s] Level 5:colcon.colcon_core.verb:set package 'py_launch_example' build argument 'cmake_args' from command line to 'None'
[2.316s] Level 5:colcon.colcon_core.verb:set package 'py_launch_example' build argument 'cmake_target' from command line to 'None'
[2.316s] Level 5:colcon.colcon_core.verb:set package 'py_launch_example' build argument 'cmake_target_skip_unavailable' from command line to 'False'
[2.316s] Level 5:colcon.colcon_core.verb:set package 'py_launch_example' build argument 'cmake_clean_cache' from command line to 'False'
[2.316s] Level 5:colcon.colcon_core.verb:set package 'py_launch_example' build argument 'cmake_clean_first' from command line to 'False'
[2.316s] Level 5:colcon.colcon_core.verb:set package 'py_launch_example' build argument 'cmake_force_configure' from command line to 'False'
[2.316s] Level 5:colcon.colcon_core.verb:set package 'py_launch_example' build argument 'ament_cmake_args' from command line to 'None'
[2.316s] Level 5:colcon.colcon_core.verb:set package 'py_launch_example' build argument 'catkin_cmake_args' from command line to 'None'
[2.316s] Level 5:colcon.colcon_core.verb:set package 'py_launch_example' build argument 'catkin_skip_building_tests' from command line to 'False'
[2.316s] DEBUG:colcon.colcon_core.verb:Building package 'py_launch_example' with the following arguments: {'ament_cmake_args': None, 'build_base': '/home/px/arduino_ws/build/py_launch_example', 'catkin_cmake_args': None, 'catkin_skip_building_tests': False, 'cmake_args': None, 'cmake_clean_cache': False, 'cmake_clean_first': False, 'cmake_force_configure': False, 'cmake_target': None, 'cmake_target_skip_unavailable': False, 'install_base': '/home/px/arduino_ws/install/py_launch_example', 'merge_install': False, 'path': '/home/px/arduino_ws/src/py_launch_example', 'symlink_install': True, 'test_result_base': None}
[2.343s] Level 5:colcon.colcon_core.verb:set package 'arduino_control' build argument 'cmake_args' from command line to 'None'
[2.343s] Level 5:colcon.colcon_core.verb:set package 'arduino_control' build argument 'cmake_target' from command line to 'None'
[2.343s] Level 5:colcon.colcon_core.verb:set package 'arduino_control' build argument 'cmake_target_skip_unavailable' from command line to 'False'
[2.343s] Level 5:colcon.colcon_core.verb:set package 'arduino_control' build argument 'cmake_clean_cache' from command line to 'False'
[2.343s] Level 5:colcon.colcon_core.verb:set package 'arduino_control' build argument 'cmake_clean_first' from command line to 'False'
[2.343s] Level 5:colcon.colcon_core.verb:set package 'arduino_control' build argument 'cmake_force_configure' from command line to 'False'
[2.343s] Level 5:colcon.colcon_core.verb:set package 'arduino_control' build argument 'ament_cmake_args' from command line to 'None'
[2.343s] Level 5:colcon.colcon_core.verb:set package 'arduino_control' build argument 'catkin_cmake_args' from command line to 'None'
[2.343s] Level 5:colcon.colcon_core.verb:set package 'arduino_control' build argument 'catkin_skip_building_tests' from command line to 'False'
[2.343s] DEBUG:colcon.colcon_core.verb:Building package 'arduino_control' with the following arguments: {'ament_cmake_args': None, 'build_base': '/home/px/arduino_ws/build/arduino_control', 'catkin_cmake_args': None, 'catkin_skip_building_tests': False, 'cmake_args': None, 'cmake_clean_cache': False, 'cmake_clean_first': False, 'cmake_force_configure': False, 'cmake_target': None, 'cmake_target_skip_unavailable': False, 'install_base': '/home/px/arduino_ws/install/arduino_control', 'merge_install': False, 'path': '/home/px/arduino_ws/src/arduino_control', 'symlink_install': True, 'test_result_base': None}
[2.374s] INFO:colcon.colcon_core.executor:Executing jobs using 'parallel' executor
[2.404s] DEBUG:colcon.colcon_parallel_executor.executor.parallel:run_until_complete
[2.404s] INFO:colcon.colcon_ros.task.ament_cmake.build:Building ROS package in '/home/px/arduino_ws/src/my_robot_interfaces' with build type 'ament_cmake'
[2.405s] INFO:colcon.colcon_cmake.task.cmake.build:Building CMake package in '/home/px/arduino_ws/src/my_robot_interfaces'
[2.440s] INFO:colcon.colcon_core.plugin_system:Skipping extension 'colcon_core.shell.bat': Not used on non-Windows systems
[2.440s] INFO:colcon.colcon_core.shell:Skip shell extension 'powershell' for command environment: Not usable outside of PowerShell
[2.440s] DEBUG:colcon.colcon_core.shell:Skip shell extension 'dsv' for command environment
[2.567s] INFO:colcon.colcon_ros.task.ament_python.build:Building ROS package in '/home/px/arduino_ws/src/py_launch_example' with build type 'ament_python'
[2.567s] Level 1:colcon.colcon_core.shell:create_environment_hook('py_launch_example', 'ament_prefix_path')
[2.598s] INFO:colcon.colcon_core.shell:Creating environment hook '/home/px/arduino_ws/install/py_launch_example/share/py_launch_example/hook/ament_prefix_path.ps1'
[2.599s] INFO:colcon.colcon_core.shell:Creating environment descriptor '/home/px/arduino_ws/install/py_launch_example/share/py_launch_example/hook/ament_prefix_path.dsv'
[2.600s] INFO:colcon.colcon_core.shell:Creating environment hook '/home/px/arduino_ws/install/py_launch_example/share/py_launch_example/hook/ament_prefix_path.sh'
[2.637s] INFO:colcon.colcon_core.shell:Skip shell extension 'powershell' for command environment: Not usable outside of PowerShell
[2.637s] DEBUG:colcon.colcon_core.shell:Skip shell extension 'dsv' for command environment
[2.765s] DEBUG:colcon.colcon_core.event_handler.log_command:Invoking command in '/home/px/arduino_ws/build/my_robot_interfaces': CMAKE_PREFIX_PATH=${CMAKE_PREFIX_PATH}:/home/px/arduino_ws/install/py_launch_example:/home/px/arduino_ws/install/arduino_control:/opt/ros/humble /usr/bin/cmake --build /home/px/arduino_ws/build/my_robot_interfaces -- -j8 -l8
[3.293s] INFO:colcon.colcon_core.task.python.build:Building Python package in '/home/px/arduino_ws/src/py_launch_example'
[3.329s] INFO:colcon.colcon_core.shell:Skip shell extension 'powershell' for command environment: Not usable outside of PowerShell
[3.329s] DEBUG:colcon.colcon_core.shell:Skip shell extension 'dsv' for command environment
[3.467s] DEBUG:colcon.colcon_core.event_handler.log_command:Invoked command in '/home/px/arduino_ws/build/my_robot_interfaces' returned '0': CMAKE_PREFIX_PATH=${CMAKE_PREFIX_PATH}:/home/px/arduino_ws/install/py_launch_example:/home/px/arduino_ws/install/arduino_control:/opt/ros/humble /usr/bin/cmake --build /home/px/arduino_ws/build/my_robot_interfaces -- -j8 -l8
[3.661s] DEBUG:colcon.colcon_core.event_handler.log_command:Invoking command in '/home/px/arduino_ws/build/my_robot_interfaces': CMAKE_PREFIX_PATH=${CMAKE_PREFIX_PATH}:/home/px/arduino_ws/install/py_launch_example:/home/px/arduino_ws/install/arduino_control:/opt/ros/humble /usr/bin/cmake --install /home/px/arduino_ws/build/my_robot_interfaces
[3.784s] Level 1:colcon.colcon_core.environment:create_environment_scripts_only(my_robot_interfaces)
[3.785s] DEBUG:colcon.colcon_core.event_handler.log_command:Invoked command in '/home/px/arduino_ws/build/my_robot_interfaces' returned '0': CMAKE_PREFIX_PATH=${CMAKE_PREFIX_PATH}:/home/px/arduino_ws/install/py_launch_example:/home/px/arduino_ws/install/arduino_control:/opt/ros/humble /usr/bin/cmake --install /home/px/arduino_ws/build/my_robot_interfaces
[3.817s] Level 1:colcon.colcon_core.environment:checking '/home/px/arduino_ws/install/my_robot_interfaces' for CMake module files
[3.818s] Level 1:colcon.colcon_core.environment:checking '/home/px/arduino_ws/install/my_robot_interfaces' for CMake config files
[3.818s] Level 1:colcon.colcon_core.shell:create_environment_hook('my_robot_interfaces', 'cmake_prefix_path')
[3.849s] INFO:colcon.colcon_core.shell:Creating environment hook '/home/px/arduino_ws/install/my_robot_interfaces/share/my_robot_interfaces/hook/cmake_prefix_path.ps1'
[3.849s] INFO:colcon.colcon_core.shell:Creating environment descriptor '/home/px/arduino_ws/install/my_robot_interfaces/share/my_robot_interfaces/hook/cmake_prefix_path.dsv'
[3.850s] INFO:colcon.colcon_core.shell:Creating environment hook '/home/px/arduino_ws/install/my_robot_interfaces/share/my_robot_interfaces/hook/cmake_prefix_path.sh'
[3.851s] Level 1:colcon.colcon_core.environment:checking '/home/px/arduino_ws/install/my_robot_interfaces/lib'
[3.851s] Level 1:colcon.colcon_core.shell:create_environment_hook('my_robot_interfaces', 'ld_library_path_lib')
[3.878s] INFO:colcon.colcon_core.shell:Creating environment hook '/home/px/arduino_ws/install/my_robot_interfaces/share/my_robot_interfaces/hook/ld_library_path_lib.ps1'
[3.879s] INFO:colcon.colcon_core.shell:Creating environment descriptor '/home/px/arduino_ws/install/my_robot_interfaces/share/my_robot_interfaces/hook/ld_library_path_lib.dsv'
[3.879s] INFO:colcon.colcon_core.shell:Creating environment hook '/home/px/arduino_ws/install/my_robot_interfaces/share/my_robot_interfaces/hook/ld_library_path_lib.sh'
[3.880s] Level 1:colcon.colcon_core.environment:checking '/home/px/arduino_ws/install/my_robot_interfaces/bin'
[3.880s] Level 1:colcon.colcon_core.environment:checking '/home/px/arduino_ws/install/my_robot_interfaces/lib/pkgconfig/my_robot_interfaces.pc'
[3.880s] Level 1:colcon.colcon_core.environment:checking '/home/px/arduino_ws/install/my_robot_interfaces/lib/python3.10/site-packages'
[3.880s] Level 1:colcon.colcon_core.environment:checking '/home/px/arduino_ws/install/my_robot_interfaces/bin'
[3.907s] INFO:colcon.colcon_core.shell:Creating package script '/home/px/arduino_ws/install/my_robot_interfaces/share/my_robot_interfaces/package.ps1'
[3.909s] INFO:colcon.colcon_core.shell:Creating package descriptor '/home/px/arduino_ws/install/my_robot_interfaces/share/my_robot_interfaces/package.dsv'
[3.910s] INFO:colcon.colcon_core.shell:Creating package script '/home/px/arduino_ws/install/my_robot_interfaces/share/my_robot_interfaces/package.sh'
[3.912s] INFO:colcon.colcon_core.shell:Creating package script '/home/px/arduino_ws/install/my_robot_interfaces/share/my_robot_interfaces/package.bash'
[3.913s] INFO:colcon.colcon_core.shell:Creating package script '/home/px/arduino_ws/install/my_robot_interfaces/share/my_robot_interfaces/package.zsh'
[3.914s] Level 1:colcon.colcon_core.environment:create_file_with_runtime_dependencies(/home/px/arduino_ws/install/my_robot_interfaces/share/colcon-core/packages/my_robot_interfaces)
[4.132s] Level 1:colcon.colcon_core.environment:create_environment_scripts_only(my_robot_interfaces)
[4.162s] Level 1:colcon.colcon_core.environment:checking '/home/px/arduino_ws/install/my_robot_interfaces' for CMake module files
[4.163s] Level 1:colcon.colcon_core.environment:checking '/home/px/arduino_ws/install/my_robot_interfaces' for CMake config files
[4.164s] Level 1:colcon.colcon_core.shell:create_environment_hook('my_robot_interfaces', 'cmake_prefix_path')
[4.191s] INFO:colcon.colcon_core.shell:Creating environment hook '/home/px/arduino_ws/install/my_robot_interfaces/share/my_robot_interfaces/hook/cmake_prefix_path.ps1'
[4.192s] INFO:colcon.colcon_core.shell:Creating environment descriptor '/home/px/arduino_ws/install/my_robot_interfaces/share/my_robot_interfaces/hook/cmake_prefix_path.dsv'
[4.192s] INFO:colcon.colcon_core.shell:Creating environment hook '/home/px/arduino_ws/install/my_robot_interfaces/share/my_robot_interfaces/hook/cmake_prefix_path.sh'
[4.193s] Level 1:colcon.colcon_core.environment:checking '/home/px/arduino_ws/install/my_robot_interfaces/lib'
[4.193s] Level 1:colcon.colcon_core.shell:create_environment_hook('my_robot_interfaces', 'ld_library_path_lib')
[4.220s] INFO:colcon.colcon_core.shell:Creating environment hook '/home/px/arduino_ws/install/my_robot_interfaces/share/my_robot_interfaces/hook/ld_library_path_lib.ps1'
[4.221s] INFO:colcon.colcon_core.shell:Creating environment descriptor '/home/px/arduino_ws/install/my_robot_interfaces/share/my_robot_interfaces/hook/ld_library_path_lib.dsv'
[4.221s] INFO:colcon.colcon_core.shell:Creating environment hook '/home/px/arduino_ws/install/my_robot_interfaces/share/my_robot_interfaces/hook/ld_library_path_lib.sh'
[4.222s] Level 1:colcon.colcon_core.environment:checking '/home/px/arduino_ws/install/my_robot_interfaces/bin'
[4.222s] Level 1:colcon.colcon_core.environment:checking '/home/px/arduino_ws/install/my_robot_interfaces/lib/pkgconfig/my_robot_interfaces.pc'
[4.222s] Level 1:colcon.colcon_core.environment:checking '/home/px/arduino_ws/install/my_robot_interfaces/lib/python3.10/site-packages'
[4.223s] Level 1:colcon.colcon_core.environment:checking '/home/px/arduino_ws/install/my_robot_interfaces/bin'
[4.250s] INFO:colcon.colcon_core.shell:Creating package script '/home/px/arduino_ws/install/my_robot_interfaces/share/my_robot_interfaces/package.ps1'
[4.251s] INFO:colcon.colcon_core.shell:Creating package descriptor '/home/px/arduino_ws/install/my_robot_interfaces/share/my_robot_interfaces/package.dsv'
[4.252s] INFO:colcon.colcon_core.shell:Creating package script '/home/px/arduino_ws/install/my_robot_interfaces/share/my_robot_interfaces/package.sh'
[4.253s] INFO:colcon.colcon_core.shell:Creating package script '/home/px/arduino_ws/install/my_robot_interfaces/share/my_robot_interfaces/package.bash'
[4.253s] INFO:colcon.colcon_core.shell:Creating package script '/home/px/arduino_ws/install/my_robot_interfaces/share/my_robot_interfaces/package.zsh'
[4.254s] Level 1:colcon.colcon_core.environment:create_file_with_runtime_dependencies(/home/px/arduino_ws/install/my_robot_interfaces/share/colcon-core/packages/my_robot_interfaces)
[4.255s] INFO:colcon.colcon_ros.task.ament_python.build:Building ROS package in '/home/px/arduino_ws/src/arduino_control' with build type 'ament_python'
[4.255s] Level 1:colcon.colcon_core.shell:create_environment_hook('arduino_control', 'ament_prefix_path')
[4.284s] INFO:colcon.colcon_core.shell:Creating environment hook '/home/px/arduino_ws/install/arduino_control/share/arduino_control/hook/ament_prefix_path.ps1'
[4.284s] INFO:colcon.colcon_core.shell:Creating environment descriptor '/home/px/arduino_ws/install/arduino_control/share/arduino_control/hook/ament_prefix_path.dsv'
[4.285s] INFO:colcon.colcon_core.shell:Creating environment hook '/home/px/arduino_ws/install/arduino_control/share/arduino_control/hook/ament_prefix_path.sh'
[4.315s] INFO:colcon.colcon_core.shell:Skip shell extension 'powershell' for command environment: Not usable outside of PowerShell
[4.315s] DEBUG:colcon.colcon_core.shell:Skip shell extension 'dsv' for command environment
[4.446s] DEBUG:colcon.colcon_core.event_handler.log_command:Invoking command in '/home/px/arduino_ws/build/py_launch_example': PYTHONPATH=/home/px/arduino_ws/build/py_launch_example/prefix_override:/home/px/arduino_ws/install/py_launch_example/lib/python3.10/site-packages:${PYTHONPATH} /usr/bin/python3 setup.py develop --editable --build-directory /home/px/arduino_ws/build/py_launch_example/build --no-deps install_data
[5.039s] INFO:colcon.colcon_core.task.python.build:Building Python package in '/home/px/arduino_ws/src/arduino_control'
[5.075s] INFO:colcon.colcon_core.shell:Skip shell extension 'powershell' for command environment: Not usable outside of PowerShell
[5.075s] DEBUG:colcon.colcon_core.shell:Skip shell extension 'dsv' for command environment
[5.537s] Level 1:colcon.colcon_core.shell:create_environment_hook('py_launch_example', 'pythonpath_develop')
[5.538s] DEBUG:colcon.colcon_core.event_handler.log_command:Invoked command in '/home/px/arduino_ws/build/py_launch_example' returned '0': PYTHONPATH=/home/px/arduino_ws/build/py_launch_example/prefix_override:/home/px/arduino_ws/install/py_launch_example/lib/python3.10/site-packages:${PYTHONPATH} /usr/bin/python3 setup.py develop --editable --build-directory /home/px/arduino_ws/build/py_launch_example/build --no-deps install_data
[5.589s] INFO:colcon.colcon_core.shell:Creating environment hook '/home/px/arduino_ws/build/py_launch_example/share/py_launch_example/hook/pythonpath_develop.ps1'
[5.590s] INFO:colcon.colcon_core.shell:Creating environment descriptor '/home/px/arduino_ws/build/py_launch_example/share/py_launch_example/hook/pythonpath_develop.dsv'
[5.590s] INFO:colcon.colcon_core.shell:Creating environment hook '/home/px/arduino_ws/build/py_launch_example/share/py_launch_example/hook/pythonpath_develop.sh'
[5.639s] Level 1:colcon.colcon_core.environment:checking '/home/px/arduino_ws/install/py_launch_example' for CMake module files
[5.641s] Level 1:colcon.colcon_core.environment:checking '/home/px/arduino_ws/install/py_launch_example' for CMake config files
[5.642s] Level 1:colcon.colcon_core.environment:checking '/home/px/arduino_ws/install/py_launch_example/lib'
[5.642s] Level 1:colcon.colcon_core.environment:checking '/home/px/arduino_ws/install/py_launch_example/bin'
[5.642s] Level 1:colcon.colcon_core.environment:checking '/home/px/arduino_ws/install/py_launch_example/lib/pkgconfig/py_launch_example.pc'
[5.643s] Level 1:colcon.colcon_core.environment:checking '/home/px/arduino_ws/install/py_launch_example/lib/python3.10/site-packages'
[5.643s] Level 1:colcon.colcon_core.shell:create_environment_hook('py_launch_example', 'pythonpath')
[5.692s] INFO:colcon.colcon_core.shell:Creating environment hook '/home/px/arduino_ws/install/py_launch_example/share/py_launch_example/hook/pythonpath.ps1'
[5.693s] INFO:colcon.colcon_core.shell:Creating environment descriptor '/home/px/arduino_ws/install/py_launch_example/share/py_launch_example/hook/pythonpath.dsv'
[5.693s] INFO:colcon.colcon_core.shell:Creating environment hook '/home/px/arduino_ws/install/py_launch_example/share/py_launch_example/hook/pythonpath.sh'
[5.695s] Level 1:colcon.colcon_core.environment:checking '/home/px/arduino_ws/install/py_launch_example/bin'
[5.695s] Level 1:colcon.colcon_core.environment:create_environment_scripts_only(py_launch_example)
[5.735s] INFO:colcon.colcon_core.shell:Creating package script '/home/px/arduino_ws/install/py_launch_example/share/py_launch_example/package.ps1'
[5.737s] INFO:colcon.colcon_core.shell:Creating package descriptor '/home/px/arduino_ws/install/py_launch_example/share/py_launch_example/package.dsv'
[5.737s] INFO:colcon.colcon_core.shell:Creating package script '/home/px/arduino_ws/install/py_launch_example/share/py_launch_example/package.sh'
[5.738s] INFO:colcon.colcon_core.shell:Creating package script '/home/px/arduino_ws/install/py_launch_example/share/py_launch_example/package.bash'
[5.739s] INFO:colcon.colcon_core.shell:Creating package script '/home/px/arduino_ws/install/py_launch_example/share/py_launch_example/package.zsh'
[5.739s] Level 1:colcon.colcon_core.environment:create_file_with_runtime_dependencies(/home/px/arduino_ws/install/py_launch_example/share/colcon-core/packages/py_launch_example)
[5.989s] DEBUG:colcon.colcon_core.event_handler.log_command:Invoking command in '/home/px/arduino_ws/build/arduino_control': PYTHONPATH=/home/px/arduino_ws/build/arduino_control/prefix_override:/home/px/arduino_ws/install/arduino_control/lib/python3.10/site-packages:${PYTHONPATH} /usr/bin/python3 setup.py develop --editable --build-directory /home/px/arduino_ws/build/arduino_control/build --no-deps install_data
[6.911s] Level 1:colcon.colcon_core.shell:create_environment_hook('arduino_control', 'pythonpath_develop')
[6.912s] DEBUG:colcon.colcon_core.event_handler.log_command:Invoked command in '/home/px/arduino_ws/build/arduino_control' returned '0': PYTHONPATH=/home/px/arduino_ws/build/arduino_control/prefix_override:/home/px/arduino_ws/install/arduino_control/lib/python3.10/site-packages:${PYTHONPATH} /usr/bin/python3 setup.py develop --editable --build-directory /home/px/arduino_ws/build/arduino_control/build --no-deps install_data
[6.962s] INFO:colcon.colcon_core.shell:Creating environment hook '/home/px/arduino_ws/build/arduino_control/share/arduino_control/hook/pythonpath_develop.ps1'
[6.963s] INFO:colcon.colcon_core.shell:Creating environment descriptor '/home/px/arduino_ws/build/arduino_control/share/arduino_control/hook/pythonpath_develop.dsv'
[6.964s] INFO:colcon.colcon_core.shell:Creating environment hook '/home/px/arduino_ws/build/arduino_control/share/arduino_control/hook/pythonpath_develop.sh'
[6.996s] Level 1:colcon.colcon_core.environment:checking '/home/px/arduino_ws/install/arduino_control' for CMake module files
[6.996s] Level 1:colcon.colcon_core.environment:checking '/home/px/arduino_ws/install/arduino_control' for CMake config files
[6.997s] Level 1:colcon.colcon_core.environment:checking '/home/px/arduino_ws/install/arduino_control/lib'
[6.997s] Level 1:colcon.colcon_core.environment:checking '/home/px/arduino_ws/install/arduino_control/bin'
[6.997s] Level 1:colcon.colcon_core.environment:checking '/home/px/arduino_ws/install/arduino_control/lib/pkgconfig/arduino_control.pc'
[6.998s] Level 1:colcon.colcon_core.environment:checking '/home/px/arduino_ws/install/arduino_control/lib/python3.10/site-packages'
[6.998s] Level 1:colcon.colcon_core.shell:create_environment_hook('arduino_control', 'pythonpath')
[7.026s] INFO:colcon.colcon_core.shell:Creating environment hook '/home/px/arduino_ws/install/arduino_control/share/arduino_control/hook/pythonpath.ps1'
[7.026s] INFO:colcon.colcon_core.shell:Creating environment descriptor '/home/px/arduino_ws/install/arduino_control/share/arduino_control/hook/pythonpath.dsv'
[7.027s] INFO:colcon.colcon_core.shell:Creating environment hook '/home/px/arduino_ws/install/arduino_control/share/arduino_control/hook/pythonpath.sh'
[7.028s] Level 1:colcon.colcon_core.environment:checking '/home/px/arduino_ws/install/arduino_control/bin'
[7.028s] Level 1:colcon.colcon_core.environment:create_environment_scripts_only(arduino_control)
[7.058s] INFO:colcon.colcon_core.shell:Creating package script '/home/px/arduino_ws/install/arduino_control/share/arduino_control/package.ps1'
[7.059s] INFO:colcon.colcon_core.shell:Creating package descriptor '/home/px/arduino_ws/install/arduino_control/share/arduino_control/package.dsv'
[7.060s] INFO:colcon.colcon_core.shell:Creating package script '/home/px/arduino_ws/install/arduino_control/share/arduino_control/package.sh'
[7.060s] INFO:colcon.colcon_core.shell:Creating package script '/home/px/arduino_ws/install/arduino_control/share/arduino_control/package.bash'
[7.061s] INFO:colcon.colcon_core.shell:Creating package script '/home/px/arduino_ws/install/arduino_control/share/arduino_control/package.zsh'
[7.061s] Level 1:colcon.colcon_core.environment:create_file_with_runtime_dependencies(/home/px/arduino_ws/install/arduino_control/share/colcon-core/packages/arduino_control)
[7.062s] DEBUG:colcon.colcon_parallel_executor.executor.parallel:closing loop
[7.062s] DEBUG:colcon.colcon_parallel_executor.executor.parallel:loop closed
[7.062s] DEBUG:colcon.colcon_parallel_executor.executor.parallel:run_until_complete finished with '0'
[7.062s] DEBUG:colcon.colcon_core.event_reactor:joining thread
[7.104s] INFO:colcon.colcon_core.plugin_system:Skipping extension 'colcon_notification.desktop_notification.terminal_notifier': Not used on non-Darwin systems
[7.105s] INFO:colcon.colcon_core.plugin_system:Skipping extension 'colcon_notification.desktop_notification.win32': Not used on non-Windows systems
[7.105s] INFO:colcon.colcon_notification.desktop_notification:Sending desktop notification using 'notify2'
[7.145s] DEBUG:colcon.colcon_core.event_reactor:joined thread
[7.176s] INFO:colcon.colcon_core.shell:Creating prefix script '/home/px/arduino_ws/install/local_setup.ps1'
[7.178s] INFO:colcon.colcon_core.shell:Creating prefix util module '/home/px/arduino_ws/install/_local_setup_util_ps1.py'
[7.181s] INFO:colcon.colcon_core.shell:Creating prefix chain script '/home/px/arduino_ws/install/setup.ps1'
[7.212s] INFO:colcon.colcon_core.shell:Creating prefix script '/home/px/arduino_ws/install/local_setup.sh'
[7.213s] INFO:colcon.colcon_core.shell:Creating prefix util module '/home/px/arduino_ws/install/_local_setup_util_sh.py'
[7.214s] INFO:colcon.colcon_core.shell:Creating prefix chain script '/home/px/arduino_ws/install/setup.sh'
[7.243s] INFO:colcon.colcon_core.shell:Creating prefix script '/home/px/arduino_ws/install/local_setup.bash'
[7.244s] INFO:colcon.colcon_core.shell:Creating prefix chain script '/home/px/arduino_ws/install/setup.bash'
[7.272s] INFO:colcon.colcon_core.shell:Creating prefix script '/home/px/arduino_ws/install/local_setup.zsh'
[7.273s] INFO:colcon.colcon_core.shell:Creating prefix chain script '/home/px/arduino_ws/install/setup.zsh'
