[1.989s] Invoking command in '/home/px/arduino_ws/build/arduino_control': PYTHONPATH=/home/px/arduino_ws/build/arduino_control/prefix_override:/home/px/arduino_ws/install/arduino_control/lib/python3.10/site-packages:${PYTHONPATH} /usr/bin/python3 setup.py develop --editable --build-directory /home/px/arduino_ws/build/arduino_control/build --no-deps install_data
[2.452s] running develop
[2.760s] running egg_info
[2.761s] writing arduino_control.egg-info/PKG-INFO
[2.761s] writing dependency_links to arduino_control.egg-info/dependency_links.txt
[2.761s] writing entry points to arduino_control.egg-info/entry_points.txt
[2.761s] writing requirements to arduino_control.egg-info/requires.txt
[2.761s] writing top-level names to arduino_control.egg-info/top_level.txt
[2.764s] reading manifest file 'arduino_control.egg-info/SOURCES.txt'
[2.766s] writing manifest file 'arduino_control.egg-info/SOURCES.txt'
[2.768s] running build_ext
[2.768s] Creating /home/px/arduino_ws/install/arduino_control/lib/python3.10/site-packages/arduino-control.egg-link (link to .)
[2.769s] Installing joystick script to /home/px/arduino_ws/install/arduino_control/lib/arduino_control
[2.769s] Installing joystick_control script to /home/px/arduino_ws/install/arduino_control/lib/arduino_control
[2.770s] Installing lidar script to /home/px/arduino_ws/install/arduino_control/lib/arduino_control
[2.770s] Installing locomotion_control script to /home/px/arduino_ws/install/arduino_control/lib/arduino_control
[2.770s] Installing minimal_publisher script to /home/px/arduino_ws/install/arduino_control/lib/arduino_control
[2.770s] Installing obstacle_avoidance script to /home/px/arduino_ws/install/arduino_control/lib/arduino_control
[2.770s] Installing realsense script to /home/px/arduino_ws/install/arduino_control/lib/arduino_control
[2.770s] 
[2.771s] Installed /home/px/arduino_ws/build/arduino_control
[2.771s] running install_data
[2.816s] Invoked command in '/home/px/arduino_ws/build/arduino_control' returned '0': PYTHONPATH=/home/px/arduino_ws/build/arduino_control/prefix_override:/home/px/arduino_ws/install/arduino_control/lib/python3.10/site-packages:${PYTHONPATH} /usr/bin/python3 setup.py develop --editable --build-directory /home/px/arduino_ws/build/arduino_control/build --no-deps install_data
