[1.698s] Invoking command in '/home/px/arduino_ws/build/arduino_control': CMAKE_PREFIX_PATH=/home/px/arduino_ws/install/my_robot_interfaces:/home/px/ydlidar_ros2_ws/install/ydlidar_ros2_driver:/home/px/arduino_ws/install/tutorial_interfaces LD_LIBRARY_PATH=/home/px/arduino_ws/install/my_robot_interfaces/lib:/home/px/arduino_ws/install/tutorial_interfaces/lib:/opt/ros/humble/opt/rviz_ogre_vendor/lib:/opt/ros/humble/lib/x86_64-linux-gnu:/opt/ros/humble/lib PYTHONPATH=/home/px/arduino_ws/build/arduino_control/prefix_override:/home/px/arduino_ws/install/arduino_control/lib/python3.10/site-packages:${PYTHONPATH} /usr/bin/python3 setup.py develop --editable --build-directory /home/px/arduino_ws/build/arduino_control/build --no-deps install_data
[2.175s] running develop
[2.516s] running egg_info
[2.517s] creating arduino_control.egg-info
[2.517s] writing arduino_control.egg-info/PKG-INFO
[2.517s] writing dependency_links to arduino_control.egg-info/dependency_links.txt
[2.517s] writing entry points to arduino_control.egg-info/entry_points.txt
[2.517s] writing requirements to arduino_control.egg-info/requires.txt
[2.518s] writing top-level names to arduino_control.egg-info/top_level.txt
[2.518s] writing manifest file 'arduino_control.egg-info/SOURCES.txt'
[2.520s] reading manifest file 'arduino_control.egg-info/SOURCES.txt'
[2.521s] writing manifest file 'arduino_control.egg-info/SOURCES.txt'
[2.524s] running build_ext
[2.524s] Creating /home/px/arduino_ws/install/arduino_control/lib/python3.10/site-packages/arduino-control.egg-link (link to .)
[2.525s] Installing arduino_control_node script to /home/px/arduino_ws/install/arduino_control/lib/arduino_control
[2.526s] Installing lidar script to /home/px/arduino_ws/install/arduino_control/lib/arduino_control
[2.526s] Installing minimal_publisher script to /home/px/arduino_ws/install/arduino_control/lib/arduino_control
[2.527s] Installing realsense script to /home/px/arduino_ws/install/arduino_control/lib/arduino_control
[2.527s] 
[2.527s] Installed /home/px/arduino_ws/build/arduino_control
[2.527s] running install_data
[2.528s] creating /home/px/arduino_ws/install/arduino_control/share/ament_index
[2.528s] creating /home/px/arduino_ws/install/arduino_control/share/ament_index/resource_index
[2.528s] creating /home/px/arduino_ws/install/arduino_control/share/ament_index/resource_index/packages
[2.528s] copying resource/arduino_control -> /home/px/arduino_ws/install/arduino_control/share/ament_index/resource_index/packages
[2.529s] copying package.xml -> /home/px/arduino_ws/install/arduino_control/share/arduino_control
[2.529s] creating /home/px/arduino_ws/install/arduino_control/share/arduino_control/launch
[2.529s] copying launch/arduino_control_launch.py -> /home/px/arduino_ws/install/arduino_control/share/arduino_control/launch
[2.589s] Invoked command in '/home/px/arduino_ws/build/arduino_control' returned '0': CMAKE_PREFIX_PATH=/home/px/arduino_ws/install/my_robot_interfaces:/home/px/ydlidar_ros2_ws/install/ydlidar_ros2_driver:/home/px/arduino_ws/install/tutorial_interfaces LD_LIBRARY_PATH=/home/px/arduino_ws/install/my_robot_interfaces/lib:/home/px/arduino_ws/install/tutorial_interfaces/lib:/opt/ros/humble/opt/rviz_ogre_vendor/lib:/opt/ros/humble/lib/x86_64-linux-gnu:/opt/ros/humble/lib PYTHONPATH=/home/px/arduino_ws/build/arduino_control/prefix_override:/home/px/arduino_ws/install/arduino_control/lib/python3.10/site-packages:${PYTHONPATH} /usr/bin/python3 setup.py develop --editable --build-directory /home/px/arduino_ws/build/arduino_control/build --no-deps install_data
