[1.201s] Invoking command in '/home/px/arduino_ws/src/arduino_control': AMENT_PREFIX_PATH=/home/px/arduino_ws/install/my_robot_interfaces:${AMENT_PREFIX_PATH} PYTHONPATH=/home/px/arduino_ws/build/arduino_control/prefix_override:/home/px/arduino_ws/install/arduino_control/lib/python3.10/site-packages:/home/px/arduino_ws/install/my_robot_interfaces/local/lib/python3.10/dist-packages:${PYTHONPATH} /usr/bin/python3 setup.py egg_info --egg-base ../../build/arduino_control build --build-base /home/px/arduino_ws/build/arduino_control/build install --record /home/px/arduino_ws/build/arduino_control/install.log --single-version-externally-managed
[1.580s] running egg_info
[1.581s] writing ../../build/arduino_control/arduino_control.egg-info/PKG-INFO
[1.581s] writing dependency_links to ../../build/arduino_control/arduino_control.egg-info/dependency_links.txt
[1.581s] writing entry points to ../../build/arduino_control/arduino_control.egg-info/entry_points.txt
[1.581s] writing requirements to ../../build/arduino_control/arduino_control.egg-info/requires.txt
[1.582s] writing top-level names to ../../build/arduino_control/arduino_control.egg-info/top_level.txt
[1.584s] reading manifest file '../../build/arduino_control/arduino_control.egg-info/SOURCES.txt'
[1.585s] adding license file 'LICENSE'
[1.586s] writing manifest file '../../build/arduino_control/arduino_control.egg-info/SOURCES.txt'
[1.586s] running build
[1.586s] running build_py
[1.587s] running install
[1.587s] running install_lib
[1.589s] running install_data
[1.590s] running install_egg_info
[1.592s] removing '/home/px/arduino_ws/install/arduino_control/lib/python3.10/site-packages/arduino_control-0.0.0-py3.10.egg-info' (and everything under it)
[1.593s] Copying ../../build/arduino_control/arduino_control.egg-info to /home/px/arduino_ws/install/arduino_control/lib/python3.10/site-packages/arduino_control-0.0.0-py3.10.egg-info
[1.594s] running install_scripts
[1.624s] Installing arduino_control_node script to /home/px/arduino_ws/install/arduino_control/lib/arduino_control
[1.624s] Installing lidar script to /home/px/arduino_ws/install/arduino_control/lib/arduino_control
[1.624s] Installing minimal_publisher script to /home/px/arduino_ws/install/arduino_control/lib/arduino_control
[1.624s] Installing realsense script to /home/px/arduino_ws/install/arduino_control/lib/arduino_control
[1.624s] writing list of installed files to '/home/px/arduino_ws/build/arduino_control/install.log'
[1.655s] Invoked command in '/home/px/arduino_ws/src/arduino_control' returned '0': AMENT_PREFIX_PATH=/home/px/arduino_ws/install/my_robot_interfaces:${AMENT_PREFIX_PATH} PYTHONPATH=/home/px/arduino_ws/build/arduino_control/prefix_override:/home/px/arduino_ws/install/arduino_control/lib/python3.10/site-packages:/home/px/arduino_ws/install/my_robot_interfaces/local/lib/python3.10/dist-packages:${PYTHONPATH} /usr/bin/python3 setup.py egg_info --egg-base ../../build/arduino_control build --build-base /home/px/arduino_ws/build/arduino_control/build install --record /home/px/arduino_ws/build/arduino_control/install.log --single-version-externally-managed
