[2.429s] Invoking command in '/home/px/arduino_ws/build/arduino_control': PYTHONPATH=/home/px/arduino_ws/build/arduino_control/prefix_override:/home/px/arduino_ws/install/arduino_control/lib/python3.10/site-packages:${PYTHONPATH} /usr/bin/python3 setup.py develop --editable --build-directory /home/px/arduino_ws/build/arduino_control/build --no-deps install_data
[3.284s] running develop
[3.680s] running egg_info
[3.680s] writing arduino_control.egg-info/PKG-INFO
[3.680s] writing dependency_links to arduino_control.egg-info/dependency_links.txt
[3.680s] writing entry points to arduino_control.egg-info/entry_points.txt
[3.681s] writing requirements to arduino_control.egg-info/requires.txt
[3.681s] writing top-level names to arduino_control.egg-info/top_level.txt
[3.683s] reading manifest file 'arduino_control.egg-info/SOURCES.txt'
[3.684s] writing manifest file 'arduino_control.egg-info/SOURCES.txt'
[3.687s] running build_ext
[3.687s] Creating /home/px/arduino_ws/install/arduino_control/lib/python3.10/site-packages/arduino-control.egg-link (link to .)
[3.688s] Installing joystick script to /home/px/arduino_ws/install/arduino_control/lib/arduino_control
[3.688s] Installing joystick_control script to /home/px/arduino_ws/install/arduino_control/lib/arduino_control
[3.688s] Installing lidar script to /home/px/arduino_ws/install/arduino_control/lib/arduino_control
[3.689s] Installing locomotion_control script to /home/px/arduino_ws/install/arduino_control/lib/arduino_control
[3.689s] Installing minimal_publisher script to /home/px/arduino_ws/install/arduino_control/lib/arduino_control
[3.689s] Installing obstacle_avoidance script to /home/px/arduino_ws/install/arduino_control/lib/arduino_control
[3.689s] Installing realsense script to /home/px/arduino_ws/install/arduino_control/lib/arduino_control
[3.689s] 
[3.690s] Installed /home/px/arduino_ws/build/arduino_control
[3.690s] running install_data
[3.743s] Invoked command in '/home/px/arduino_ws/build/arduino_control' returned '0': PYTHONPATH=/home/px/arduino_ws/build/arduino_control/prefix_override:/home/px/arduino_ws/install/arduino_control/lib/python3.10/site-packages:${PYTHONPATH} /usr/bin/python3 setup.py develop --editable --build-directory /home/px/arduino_ws/build/arduino_control/build --no-deps install_data
